biovid: 2 classes
storing name: TSM_biovid2_RGB_resnet50_shift8_blockres_avg_segment16_e50_lr1e-04_val1_gp30
creating folder log/TSM_biovid2_RGB_resnet50_shift8_blockres_avg_segment16_e50_lr1e-04_val1_gp30
creating folder checkpoint/TSM_biovid2_RGB_resnet50_shift8_blockres_avg_segment16_e50_lr1e-04_val1_gp30

    Initializing TSN with base model: resnet50.
    TSN Configurations:
        input_modality:     RGB
        num_segments:       16
        new_length:         1
        consensus_module:   avg
        dropout_ratio:      0.5
        img_feature_dim:    256
            
=> base model: resnet50
Adding temporal shift...
=> n_segment per stage: [16, 16, 16, 16]
=> Processing stage with 3 blocks residual
=> Using fold div: 8
=> Using fold div: 8
=> Using fold div: 8
=> Processing stage with 4 blocks residual
=> Using fold div: 8
=> Using fold div: 8
=> Using fold div: 8
=> Using fold div: 8
=> Processing stage with 6 blocks residual
=> Using fold div: 8
=> Using fold div: 8
=> Using fold div: 8
=> Using fold div: 8
=> Using fold div: 8
=> Using fold div: 8
=> Processing stage with 3 blocks residual
=> Using fold div: 8
=> Using fold div: 8
=> Using fold div: 8
generating training list of 86 subjects...
video clips:3440
validating BioVid with subject: 071313_m_41
video clips:40
group: first_conv_weight has 1 params, lr_mult: 1, decay_mult: 1
group: first_conv_bias has 0 params, lr_mult: 2, decay_mult: 0
group: normal_weight has 52 params, lr_mult: 1, decay_mult: 1
group: normal_bias has 0 params, lr_mult: 2, decay_mult: 0
group: BN scale/shift has 2 params, lr_mult: 1, decay_mult: 0
group: custom_ops has 0 params, lr_mult: 1, decay_mult: 1
group: lr5_weight has 1 params, lr_mult: 5, decay_mult: 1
group: lr10_bias has 1 params, lr_mult: 10, decay_mult: 0
Freezing BatchNorm2D except the first one.
Epoch: [0][0/215], lr: 0.00010	Time 15.486 (15.486)	Data 7.642 (7.642)	Loss 0.6910 (0.6910)	Prec@1 56.250 (56.250)	Prec@5 56.250 (56.250)
Epoch: [0][20/215], lr: 0.00010	Time 0.535 (1.226)	Data 0.000 (0.364)	Loss 0.6838 (0.6963)	Prec@1 56.250 (48.214)	Prec@5 56.250 (48.214)
Epoch: [0][40/215], lr: 0.00010	Time 0.521 (1.049)	Data 0.000 (0.388)	Loss 0.8828 (0.7275)	Prec@1 50.000 (48.933)	Prec@5 50.000 (48.933)
Epoch: [0][60/215], lr: 0.00010	Time 0.548 (1.054)	Data 0.000 (0.451)	Loss 0.6582 (0.7261)	Prec@1 62.500 (50.717)	Prec@5 62.500 (50.717)
Epoch: [0][80/215], lr: 0.00010	Time 0.520 (1.008)	Data 0.000 (0.430)	Loss 0.6876 (0.7345)	Prec@1 56.250 (51.003)	Prec@5 56.250 (51.003)
Epoch: [0][100/215], lr: 0.00010	Time 0.525 (0.999)	Data 0.000 (0.440)	Loss 0.7057 (0.7272)	Prec@1 50.000 (51.114)	Prec@5 50.000 (51.114)
Epoch: [0][120/215], lr: 0.00010	Time 0.518 (0.990)	Data 0.000 (0.446)	Loss 0.6656 (0.7209)	Prec@1 56.250 (51.446)	Prec@5 56.250 (51.446)
Epoch: [0][140/215], lr: 0.00010	Time 0.520 (0.978)	Data 0.000 (0.455)	Loss 0.6893 (0.7164)	Prec@1 50.000 (51.995)	Prec@5 50.000 (51.995)
Epoch: [0][160/215], lr: 0.00010	Time 0.523 (0.986)	Data 0.000 (0.479)	Loss 0.6799 (0.7141)	Prec@1 62.500 (52.057)	Prec@5 62.500 (52.057)
Epoch: [0][180/215], lr: 0.00010	Time 0.524 (1.008)	Data 0.000 (0.513)	Loss 0.7148 (0.7114)	Prec@1 31.250 (51.727)	Prec@5 31.250 (51.727)
Epoch: [0][200/215], lr: 0.00010	Time 0.518 (1.026)	Data 0.000 (0.536)	Loss 0.7109 (0.7092)	Prec@1 56.250 (52.239)	Prec@5 56.250 (52.239)
Test: [0/3]	Time 9.571 (9.571)	Loss 0.6220 (0.6220)	Prec@1 100.000 (100.000)	Prec@5 100.000 (100.000)
Testing Results: Prec@1 50.000 Prec@5 50.000 Loss 0.68726
Best Prec@1: 50.000

Freezing BatchNorm2D except the first one.
Epoch: [1][0/215], lr: 0.00010	Time 7.799 (7.799)	Data 7.536 (7.536)	Loss 0.7131 (0.7131)	Prec@1 31.250 (31.250)	Prec@5 31.250 (31.250)
Epoch: [1][20/215], lr: 0.00010	Time 0.526 (1.059)	Data 0.000 (0.569)	Loss 0.7158 (0.6918)	Prec@1 50.000 (52.976)	Prec@5 50.000 (52.976)
Epoch: [1][40/215], lr: 0.00010	Time 2.752 (0.960)	Data 2.505 (0.472)	Loss 0.6785 (0.6943)	Prec@1 62.500 (51.524)	Prec@5 62.500 (51.524)
Epoch: [1][60/215], lr: 0.00010	Time 6.343 (1.003)	Data 6.089 (0.522)	Loss 0.6943 (0.6937)	Prec@1 56.250 (51.332)	Prec@5 56.250 (51.332)
Epoch: [1][80/215], lr: 0.00010	Time 0.520 (1.089)	Data 0.000 (0.604)	Loss 0.6864 (0.6931)	Prec@1 56.250 (52.006)	Prec@5 56.250 (52.006)
Epoch: [1][100/215], lr: 0.00010	Time 9.469 (1.178)	Data 9.223 (0.699)	Loss 0.7219 (0.6920)	Prec@1 37.500 (52.537)	Prec@5 37.500 (52.537)
Epoch: [1][120/215], lr: 0.00010	Time 0.521 (1.179)	Data 0.000 (0.697)	Loss 0.6777 (0.6920)	Prec@1 50.000 (52.324)	Prec@5 50.000 (52.324)
Epoch: [1][140/215], lr: 0.00010	Time 0.520 (1.211)	Data 0.000 (0.729)	Loss 0.6931 (0.6923)	Prec@1 43.750 (51.950)	Prec@5 43.750 (51.950)
Epoch: [1][160/215], lr: 0.00010	Time 0.520 (1.180)	Data 0.000 (0.696)	Loss 0.6848 (0.6916)	Prec@1 56.250 (52.252)	Prec@5 56.250 (52.252)
Epoch: [1][180/215], lr: 0.00010	Time 0.519 (1.183)	Data 0.000 (0.699)	Loss 0.6887 (0.6907)	Prec@1 50.000 (52.901)	Prec@5 50.000 (52.901)
Epoch: [1][200/215], lr: 0.00010	Time 0.522 (1.169)	Data 0.000 (0.685)	Loss 0.6821 (0.6899)	Prec@1 62.500 (53.327)	Prec@5 62.500 (53.327)
Test: [0/3]	Time 2.729 (2.729)	Loss 0.5774 (0.5774)	Prec@1 100.000 (100.000)	Prec@5 100.000 (100.000)
Testing Results: Prec@1 50.000 Prec@5 50.000 Loss 0.68280
Best Prec@1: 50.000

Freezing BatchNorm2D except the first one.
Epoch: [2][0/215], lr: 0.00010	Time 6.923 (6.923)	Data 6.661 (6.661)	Loss 0.6775 (0.6775)	Prec@1 62.500 (62.500)	Prec@5 62.500 (62.500)
Epoch: [2][20/215], lr: 0.00010	Time 0.527 (1.120)	Data 0.000 (0.703)	Loss 0.7090 (0.6883)	Prec@1 37.500 (52.679)	Prec@5 37.500 (52.679)
Epoch: [2][40/215], lr: 0.00010	Time 0.521 (1.161)	Data 0.000 (0.732)	Loss 0.6445 (0.6885)	Prec@1 62.500 (53.506)	Prec@5 62.500 (53.506)
Epoch: [2][60/215], lr: 0.00010	Time 0.517 (1.093)	Data 0.000 (0.650)	Loss 0.6833 (0.6890)	Prec@1 68.750 (53.176)	Prec@5 68.750 (53.176)
Epoch: [2][80/215], lr: 0.00010	Time 0.513 (1.018)	Data 0.000 (0.576)	Loss 0.6332 (0.6884)	Prec@1 75.000 (53.472)	Prec@5 75.000 (53.472)
Epoch: [2][100/215], lr: 0.00010	Time 0.521 (0.998)	Data 0.000 (0.553)	Loss 0.7279 (0.6908)	Prec@1 37.500 (52.970)	Prec@5 37.500 (52.970)
Epoch: [2][120/215], lr: 0.00010	Time 0.527 (1.009)	Data 0.000 (0.560)	Loss 0.7796 (0.6884)	Prec@1 31.250 (53.564)	Prec@5 31.250 (53.564)
Epoch: [2][140/215], lr: 0.00010	Time 0.521 (1.008)	Data 0.000 (0.554)	Loss 0.6833 (0.6894)	Prec@1 50.000 (53.546)	Prec@5 50.000 (53.546)
Epoch: [2][160/215], lr: 0.00010	Time 0.523 (0.991)	Data 0.000 (0.537)	Loss 0.7517 (0.6900)	Prec@1 31.250 (53.377)	Prec@5 31.250 (53.377)
Epoch: [2][180/215], lr: 0.00010	Time 0.502 (0.974)	Data 0.000 (0.519)	Loss 0.6840 (0.6896)	Prec@1 62.500 (53.453)	Prec@5 62.500 (53.453)
Epoch: [2][200/215], lr: 0.00010	Time 0.526 (0.967)	Data 0.000 (0.511)	Loss 0.6712 (0.6890)	Prec@1 62.500 (53.483)	Prec@5 62.500 (53.483)
Test: [0/3]	Time 2.433 (2.433)	Loss 0.5577 (0.5577)	Prec@1 100.000 (100.000)	Prec@5 100.000 (100.000)
Testing Results: Prec@1 50.000 Prec@5 50.000 Loss 0.66929
Best Prec@1: 50.000

Freezing BatchNorm2D except the first one.
Epoch: [3][0/215], lr: 0.00010	Time 5.696 (5.696)	Data 5.423 (5.423)	Loss 0.7151 (0.7151)	Prec@1 31.250 (31.250)	Prec@5 31.250 (31.250)
Epoch: [3][20/215], lr: 0.00010	Time 0.530 (0.941)	Data 0.000 (0.501)	Loss 0.7003 (0.7000)	Prec@1 56.250 (49.702)	Prec@5 56.250 (49.702)
Epoch: [3][40/215], lr: 0.00010	Time 1.264 (0.840)	Data 1.026 (0.393)	Loss 0.6721 (0.6913)	Prec@1 50.000 (52.134)	Prec@5 50.000 (52.134)
Epoch: [3][60/215], lr: 0.00010	Time 0.514 (0.820)	Data 0.000 (0.369)	Loss 0.7331 (0.6990)	Prec@1 43.750 (52.357)	Prec@5 43.750 (52.357)
Epoch: [3][80/215], lr: 0.00010	Time 1.230 (0.792)	Data 0.990 (0.340)	Loss 0.7009 (0.6983)	Prec@1 43.750 (51.698)	Prec@5 43.750 (51.698)
Epoch: [3][100/215], lr: 0.00010	Time 0.523 (0.779)	Data 0.000 (0.325)	Loss 0.6827 (0.6952)	Prec@1 50.000 (51.918)	Prec@5 50.000 (51.918)
Epoch: [3][120/215], lr: 0.00010	Time 1.335 (0.783)	Data 1.097 (0.338)	Loss 0.7639 (0.6978)	Prec@1 43.750 (51.705)	Prec@5 43.750 (51.705)
Epoch: [3][140/215], lr: 0.00010	Time 0.532 (0.777)	Data 0.000 (0.331)	Loss 0.6589 (0.6936)	Prec@1 62.500 (52.970)	Prec@5 62.500 (52.970)
Epoch: [3][160/215], lr: 0.00010	Time 2.808 (0.789)	Data 2.550 (0.343)	Loss 0.6440 (0.6928)	Prec@1 62.500 (53.106)	Prec@5 62.500 (53.106)
Epoch: [3][180/215], lr: 0.00010	Time 0.564 (0.780)	Data 0.000 (0.333)	Loss 0.7530 (0.6912)	Prec@1 56.250 (53.349)	Prec@5 56.250 (53.349)
Epoch: [3][200/215], lr: 0.00010	Time 2.898 (0.790)	Data 2.651 (0.344)	Loss 0.6726 (0.6893)	Prec@1 62.500 (54.042)	Prec@5 62.500 (54.042)
Test: [0/3]	Time 2.588 (2.588)	Loss 0.4445 (0.4445)	Prec@1 100.000 (100.000)	Prec@5 100.000 (100.000)
Testing Results: Prec@1 50.000 Prec@5 50.000 Loss 0.68718
Best Prec@1: 50.000

Freezing BatchNorm2D except the first one.
Epoch: [4][0/215], lr: 0.00010	Time 6.306 (6.306)	Data 6.045 (6.045)	Loss 0.6739 (0.6739)	Prec@1 62.500 (62.500)	Prec@5 62.500 (62.500)
Epoch: [4][20/215], lr: 0.00010	Time 0.519 (0.951)	Data 0.000 (0.487)	Loss 0.7393 (0.6875)	Prec@1 43.750 (55.655)	Prec@5 43.750 (55.655)
Epoch: [4][40/215], lr: 0.00010	Time 2.515 (0.871)	Data 2.263 (0.411)	Loss 0.7033 (0.6857)	Prec@1 43.750 (56.860)	Prec@5 43.750 (56.860)
Epoch: [4][60/215], lr: 0.00010	Time 0.528 (0.829)	Data 0.000 (0.353)	Loss 0.6210 (0.6819)	Prec@1 81.250 (56.865)	Prec@5 81.250 (56.865)
Epoch: [4][80/215], lr: 0.00010	Time 1.750 (0.807)	Data 1.496 (0.327)	Loss 0.5756 (0.6842)	Prec@1 75.000 (55.941)	Prec@5 75.000 (55.941)
Epoch: [4][100/215], lr: 0.00010	Time 0.530 (0.786)	Data 0.000 (0.306)	Loss 0.6498 (0.6819)	Prec@1 68.750 (56.498)	Prec@5 68.750 (56.498)
Epoch: [4][120/215], lr: 0.00010	Time 1.582 (0.776)	Data 1.338 (0.298)	Loss 0.6712 (0.6807)	Prec@1 56.250 (56.870)	Prec@5 56.250 (56.870)
Epoch: [4][140/215], lr: 0.00010	Time 0.533 (0.761)	Data 0.000 (0.285)	Loss 0.6456 (0.6774)	Prec@1 68.750 (57.757)	Prec@5 68.750 (57.757)
Epoch: [4][160/215], lr: 0.00010	Time 0.599 (0.757)	Data 0.355 (0.286)	Loss 0.6266 (0.6753)	Prec@1 50.000 (57.609)	Prec@5 50.000 (57.609)
Epoch: [4][180/215], lr: 0.00010	Time 0.531 (0.760)	Data 0.000 (0.290)	Loss 0.6515 (0.6748)	Prec@1 56.250 (57.666)	Prec@5 56.250 (57.666)
Epoch: [4][200/215], lr: 0.00010	Time 0.530 (0.755)	Data 0.000 (0.283)	Loss 0.7349 (0.6742)	Prec@1 56.250 (57.743)	Prec@5 56.250 (57.743)
Test: [0/3]	Time 2.460 (2.460)	Loss 0.4416 (0.4416)	Prec@1 100.000 (100.000)	Prec@5 100.000 (100.000)
Testing Results: Prec@1 50.000 Prec@5 50.000 Loss 0.65009
Best Prec@1: 50.000

Freezing BatchNorm2D except the first one.
Epoch: [5][0/215], lr: 0.00010	Time 5.521 (5.521)	Data 5.238 (5.238)	Loss 0.6117 (0.6117)	Prec@1 68.750 (68.750)	Prec@5 68.750 (68.750)
Epoch: [5][20/215], lr: 0.00010	Time 0.529 (0.871)	Data 0.000 (0.384)	Loss 0.7342 (0.6669)	Prec@1 43.750 (63.393)	Prec@5 43.750 (63.393)
Epoch: [5][40/215], lr: 0.00010	Time 2.006 (0.801)	Data 1.734 (0.313)	Loss 0.7110 (0.6804)	Prec@1 50.000 (58.994)	Prec@5 50.000 (58.994)
Epoch: [5][60/215], lr: 0.00010	Time 0.521 (0.761)	Data 0.000 (0.283)	Loss 0.6348 (0.6798)	Prec@1 68.750 (58.402)	Prec@5 68.750 (58.402)
Epoch: [5][80/215], lr: 0.00010	Time 1.172 (0.756)	Data 0.932 (0.281)	Loss 0.5914 (0.6801)	Prec@1 75.000 (58.102)	Prec@5 75.000 (58.102)
Epoch: [5][100/215], lr: 0.00010	Time 0.528 (0.777)	Data 0.000 (0.314)	Loss 0.6613 (0.6792)	Prec@1 75.000 (58.230)	Prec@5 75.000 (58.230)
Epoch: [5][120/215], lr: 0.00010	Time 0.825 (0.766)	Data 0.584 (0.306)	Loss 0.6601 (0.6801)	Prec@1 75.000 (57.903)	Prec@5 75.000 (57.903)
Epoch: [5][140/215], lr: 0.00010	Time 0.530 (0.785)	Data 0.000 (0.323)	Loss 0.7038 (0.6804)	Prec@1 56.250 (57.447)	Prec@5 56.250 (57.447)
Epoch: [5][160/215], lr: 0.00010	Time 1.981 (0.784)	Data 1.707 (0.318)	Loss 0.6380 (0.6807)	Prec@1 68.750 (56.832)	Prec@5 68.750 (56.832)
Epoch: [5][180/215], lr: 0.00010	Time 0.528 (0.793)	Data 0.000 (0.329)	Loss 0.6419 (0.6793)	Prec@1 56.250 (56.872)	Prec@5 56.250 (56.872)
Epoch: [5][200/215], lr: 0.00010	Time 0.899 (0.790)	Data 0.655 (0.329)	Loss 0.6271 (0.6761)	Prec@1 56.250 (57.432)	Prec@5 56.250 (57.432)
Test: [0/3]	Time 2.742 (2.742)	Loss 0.2492 (0.2492)	Prec@1 100.000 (100.000)	Prec@5 100.000 (100.000)
Testing Results: Prec@1 50.000 Prec@5 50.000 Loss 0.77625
Best Prec@1: 50.000

Freezing BatchNorm2D except the first one.
Epoch: [6][0/215], lr: 0.00010	Time 6.872 (6.872)	Data 6.622 (6.622)	Loss 0.7202 (0.7202)	Prec@1 62.500 (62.500)	Prec@5 62.500 (62.500)
Epoch: [6][20/215], lr: 0.00010	Time 0.630 (0.929)	Data 0.391 (0.475)	Loss 0.6721 (0.6908)	Prec@1 56.250 (58.333)	Prec@5 56.250 (58.333)
Epoch: [6][40/215], lr: 0.00010	Time 5.020 (1.061)	Data 4.772 (0.598)	Loss 0.8071 (0.6916)	Prec@1 37.500 (57.012)	Prec@5 37.500 (57.012)
Epoch: [6][60/215], lr: 0.00010	Time 0.524 (1.010)	Data 0.000 (0.536)	Loss 0.6796 (0.6889)	Prec@1 50.000 (56.148)	Prec@5 50.000 (56.148)
Epoch: [6][80/215], lr: 0.00010	Time 1.545 (1.010)	Data 1.306 (0.534)	Loss 0.6557 (0.6852)	Prec@1 62.500 (56.636)	Prec@5 62.500 (56.636)
Epoch: [6][100/215], lr: 0.00010	Time 0.521 (0.993)	Data 0.000 (0.522)	Loss 0.8240 (0.6863)	Prec@1 43.750 (56.498)	Prec@5 43.750 (56.498)
Epoch: [6][120/215], lr: 0.00010	Time 0.597 (0.976)	Data 0.353 (0.507)	Loss 0.6624 (0.6830)	Prec@1 68.750 (57.231)	Prec@5 68.750 (57.231)
Epoch: [6][140/215], lr: 0.00010	Time 0.519 (0.954)	Data 0.000 (0.489)	Loss 0.6141 (0.6833)	Prec@1 68.750 (57.535)	Prec@5 68.750 (57.535)
Epoch: [6][160/215], lr: 0.00010	Time 0.518 (0.959)	Data 0.000 (0.501)	Loss 0.6522 (0.6809)	Prec@1 68.750 (57.803)	Prec@5 68.750 (57.803)
Epoch: [6][180/215], lr: 0.00010	Time 0.521 (0.962)	Data 0.000 (0.504)	Loss 0.6748 (0.6817)	Prec@1 50.000 (57.597)	Prec@5 50.000 (57.597)
Epoch: [6][200/215], lr: 0.00010	Time 0.525 (0.962)	Data 0.000 (0.502)	Loss 0.6846 (0.6804)	Prec@1 56.250 (57.743)	Prec@5 56.250 (57.743)
Test: [0/3]	Time 2.902 (2.902)	Loss 0.4644 (0.4644)	Prec@1 100.000 (100.000)	Prec@5 100.000 (100.000)
Testing Results: Prec@1 50.000 Prec@5 50.000 Loss 0.65484
Best Prec@1: 50.000

Freezing BatchNorm2D except the first one.
Epoch: [7][0/215], lr: 0.00010	Time 7.965 (7.965)	Data 7.716 (7.716)	Loss 0.5837 (0.5837)	Prec@1 75.000 (75.000)	Prec@5 75.000 (75.000)
Epoch: [7][20/215], lr: 0.00010	Time 0.547 (1.135)	Data 0.000 (0.673)	Loss 0.5325 (0.6646)	Prec@1 68.750 (60.714)	Prec@5 68.750 (60.714)
Epoch: [7][40/215], lr: 0.00010	Time 0.530 (0.944)	Data 0.000 (0.462)	Loss 0.6728 (0.6631)	Prec@1 56.250 (59.451)	Prec@5 56.250 (59.451)
Epoch: [7][60/215], lr: 0.00010	Time 0.525 (0.864)	Data 0.000 (0.385)	Loss 0.7414 (0.6734)	Prec@1 50.000 (57.992)	Prec@5 50.000 (57.992)
Epoch: [7][80/215], lr: 0.00010	Time 0.529 (0.824)	Data 0.000 (0.348)	Loss 0.6603 (0.6690)	Prec@1 50.000 (58.102)	Prec@5 50.000 (58.102)
Epoch: [7][100/215], lr: 0.00010	Time 0.553 (0.804)	Data 0.000 (0.329)	Loss 0.6466 (0.6728)	Prec@1 75.000 (58.416)	Prec@5 75.000 (58.416)
Epoch: [7][120/215], lr: 0.00010	Time 0.478 (0.784)	Data 0.000 (0.303)	Loss 0.6357 (0.6716)	Prec@1 68.750 (57.955)	Prec@5 68.750 (57.955)
Epoch: [7][140/215], lr: 0.00010	Time 0.562 (0.785)	Data 0.000 (0.303)	Loss 0.6601 (0.6726)	Prec@1 50.000 (57.491)	Prec@5 50.000 (57.491)
Epoch: [7][160/215], lr: 0.00010	Time 0.530 (0.776)	Data 0.000 (0.292)	Loss 0.7205 (0.6732)	Prec@1 37.500 (56.988)	Prec@5 37.500 (56.988)
Epoch: [7][180/215], lr: 0.00010	Time 0.522 (0.783)	Data 0.000 (0.302)	Loss 0.7121 (0.6718)	Prec@1 31.250 (57.251)	Prec@5 31.250 (57.251)
Epoch: [7][200/215], lr: 0.00010	Time 0.520 (0.820)	Data 0.000 (0.343)	Loss 0.6891 (0.6715)	Prec@1 62.500 (57.649)	Prec@5 62.500 (57.649)
Test: [0/3]	Time 2.635 (2.635)	Loss 0.4962 (0.4962)	Prec@1 100.000 (100.000)	Prec@5 100.000 (100.000)
Testing Results: Prec@1 55.000 Prec@5 55.000 Loss 0.63512
Best Prec@1: 55.000

Freezing BatchNorm2D except the first one.
Epoch: [8][0/215], lr: 0.00010	Time 5.690 (5.690)	Data 5.430 (5.430)	Loss 0.6854 (0.6854)	Prec@1 50.000 (50.000)	Prec@5 50.000 (50.000)
Epoch: [8][20/215], lr: 0.00010	Time 1.144 (0.956)	Data 0.871 (0.503)	Loss 0.6683 (0.6718)	Prec@1 62.500 (57.738)	Prec@5 62.500 (57.738)
Epoch: [8][40/215], lr: 0.00010	Time 2.331 (0.863)	Data 2.083 (0.394)	Loss 0.7024 (0.6697)	Prec@1 56.250 (57.774)	Prec@5 56.250 (57.774)
Epoch: [8][60/215], lr: 0.00010	Time 0.531 (0.812)	Data 0.000 (0.336)	Loss 0.6555 (0.6653)	Prec@1 56.250 (58.299)	Prec@5 56.250 (58.299)
Epoch: [8][80/215], lr: 0.00010	Time 1.609 (0.797)	Data 1.335 (0.316)	Loss 0.6030 (0.6707)	Prec@1 62.500 (57.099)	Prec@5 62.500 (57.099)
Epoch: [8][100/215], lr: 0.00010	Time 0.541 (0.783)	Data 0.000 (0.296)	Loss 0.7285 (0.6724)	Prec@1 43.750 (56.807)	Prec@5 43.750 (56.807)
Epoch: [8][120/215], lr: 0.00010	Time 1.164 (0.760)	Data 0.895 (0.271)	Loss 0.6555 (0.6684)	Prec@1 62.500 (57.076)	Prec@5 62.500 (57.076)
Epoch: [8][140/215], lr: 0.00010	Time 0.533 (0.736)	Data 0.000 (0.243)	Loss 0.5594 (0.6634)	Prec@1 62.500 (57.979)	Prec@5 62.500 (57.979)
Epoch: [8][160/215], lr: 0.00010	Time 1.156 (0.721)	Data 0.912 (0.227)	Loss 0.6004 (0.6605)	Prec@1 81.250 (58.812)	Prec@5 81.250 (58.812)
Epoch: [8][180/215], lr: 0.00010	Time 0.474 (0.711)	Data 0.000 (0.217)	Loss 0.6739 (0.6578)	Prec@1 62.500 (59.323)	Prec@5 62.500 (59.323)
Epoch: [8][200/215], lr: 0.00010	Time 1.250 (0.703)	Data 0.974 (0.208)	Loss 0.6665 (0.6598)	Prec@1 62.500 (58.986)	Prec@5 62.500 (58.986)
Test: [0/3]	Time 2.628 (2.628)	Loss 0.6719 (0.6719)	Prec@1 62.500 (62.500)	Prec@5 62.500 (62.500)
Testing Results: Prec@1 77.500 Prec@5 77.500 Loss 0.62455
Best Prec@1: 77.500

Freezing BatchNorm2D except the first one.
Epoch: [9][0/215], lr: 0.00010	Time 5.712 (5.712)	Data 5.392 (5.392)	Loss 0.6049 (0.6049)	Prec@1 68.750 (68.750)	Prec@5 68.750 (68.750)
Epoch: [9][20/215], lr: 0.00010	Time 0.524 (0.886)	Data 0.000 (0.424)	Loss 0.6375 (0.6691)	Prec@1 68.750 (55.952)	Prec@5 68.750 (55.952)
Epoch: [9][40/215], lr: 0.00010	Time 3.998 (0.866)	Data 3.746 (0.406)	Loss 0.6724 (0.6823)	Prec@1 50.000 (54.116)	Prec@5 50.000 (54.116)
Epoch: [9][60/215], lr: 0.00010	Time 0.540 (0.845)	Data 0.000 (0.371)	Loss 0.5226 (0.6815)	Prec@1 87.500 (54.918)	Prec@5 87.500 (54.918)
Epoch: [9][80/215], lr: 0.00010	Time 1.987 (0.863)	Data 1.746 (0.386)	Loss 0.6691 (0.6812)	Prec@1 81.250 (55.015)	Prec@5 81.250 (55.015)
Epoch: [9][100/215], lr: 0.00010	Time 0.523 (0.885)	Data 0.000 (0.406)	Loss 0.6859 (0.6762)	Prec@1 56.250 (55.755)	Prec@5 56.250 (55.755)
Epoch: [9][120/215], lr: 0.00010	Time 3.305 (0.900)	Data 3.047 (0.424)	Loss 0.5725 (0.6751)	Prec@1 68.750 (55.733)	Prec@5 68.750 (55.733)
Epoch: [9][140/215], lr: 0.00010	Time 0.519 (0.986)	Data 0.000 (0.509)	Loss 0.6030 (0.6710)	Prec@1 68.750 (56.915)	Prec@5 68.750 (56.915)
Epoch: [9][160/215], lr: 0.00010	Time 0.518 (1.046)	Data 0.000 (0.567)	Loss 0.6498 (0.6698)	Prec@1 56.250 (57.143)	Prec@5 56.250 (57.143)
Epoch: [9][180/215], lr: 0.00010	Time 7.574 (1.113)	Data 7.328 (0.636)	Loss 0.7114 (0.6675)	Prec@1 50.000 (57.424)	Prec@5 50.000 (57.424)
Epoch: [9][200/215], lr: 0.00010	Time 0.524 (1.106)	Data 0.000 (0.627)	Loss 0.7069 (0.6669)	Prec@1 56.250 (57.587)	Prec@5 56.250 (57.587)
Test: [0/3]	Time 4.473 (4.473)	Loss 0.4601 (0.4601)	Prec@1 100.000 (100.000)	Prec@5 100.000 (100.000)
Testing Results: Prec@1 55.000 Prec@5 55.000 Loss 0.63187
Best Prec@1: 77.500

Freezing BatchNorm2D except the first one.
Epoch: [10][0/215], lr: 0.00010	Time 11.388 (11.388)	Data 11.126 (11.126)	Loss 0.6439 (0.6439)	Prec@1 56.250 (56.250)	Prec@5 56.250 (56.250)
Epoch: [10][20/215], lr: 0.00010	Time 0.518 (1.458)	Data 0.000 (0.986)	Loss 0.6432 (0.6490)	Prec@1 62.500 (61.310)	Prec@5 62.500 (61.310)
Epoch: [10][40/215], lr: 0.00010	Time 0.636 (1.060)	Data 0.392 (0.582)	Loss 0.7104 (0.6552)	Prec@1 43.750 (60.823)	Prec@5 43.750 (60.823)
Epoch: [10][60/215], lr: 0.00010	Time 0.522 (1.092)	Data 0.000 (0.615)	Loss 0.7437 (0.6538)	Prec@1 37.500 (59.426)	Prec@5 37.500 (59.426)
Epoch: [10][80/215], lr: 0.00010	Time 0.529 (1.020)	Data 0.000 (0.542)	Loss 0.7443 (0.6541)	Prec@1 56.250 (59.028)	Prec@5 56.250 (59.028)
Epoch: [10][100/215], lr: 0.00010	Time 0.542 (0.974)	Data 0.000 (0.491)	Loss 0.6591 (0.6520)	Prec@1 43.750 (59.592)	Prec@5 43.750 (59.592)
Epoch: [10][120/215], lr: 0.00010	Time 0.527 (0.974)	Data 0.000 (0.490)	Loss 0.6397 (0.6520)	Prec@1 62.500 (59.762)	Prec@5 62.500 (59.762)
Epoch: [10][140/215], lr: 0.00010	Time 0.525 (0.941)	Data 0.000 (0.456)	Loss 0.6491 (0.6519)	Prec@1 68.750 (59.353)	Prec@5 68.750 (59.353)
Epoch: [10][160/215], lr: 0.00010	Time 0.524 (0.920)	Data 0.000 (0.437)	Loss 0.6873 (0.6532)	Prec@1 43.750 (59.239)	Prec@5 43.750 (59.239)
Epoch: [10][180/215], lr: 0.00010	Time 0.519 (0.901)	Data 0.000 (0.424)	Loss 0.5793 (0.6535)	Prec@1 62.500 (59.151)	Prec@5 62.500 (59.151)
Epoch: [10][200/215], lr: 0.00010	Time 0.517 (0.907)	Data 0.000 (0.431)	Loss 0.6707 (0.6543)	Prec@1 50.000 (59.297)	Prec@5 50.000 (59.297)
Test: [0/3]	Time 2.807 (2.807)	Loss 0.7438 (0.7438)	Prec@1 31.250 (31.250)	Prec@5 31.250 (31.250)
Testing Results: Prec@1 65.000 Prec@5 65.000 Loss 0.59980
Best Prec@1: 77.500

Freezing BatchNorm2D except the first one.
Epoch: [11][0/215], lr: 0.00010	Time 6.200 (6.200)	Data 5.919 (5.919)	Loss 0.6348 (0.6348)	Prec@1 62.500 (62.500)	Prec@5 62.500 (62.500)
Epoch: [11][20/215], lr: 0.00010	Time 0.519 (1.026)	Data 0.000 (0.580)	Loss 0.6286 (0.6188)	Prec@1 56.250 (63.393)	Prec@5 56.250 (63.393)
Epoch: [11][40/215], lr: 0.00010	Time 3.173 (0.945)	Data 2.918 (0.479)	Loss 0.5305 (0.6321)	Prec@1 75.000 (63.720)	Prec@5 75.000 (63.720)
Epoch: [11][60/215], lr: 0.00010	Time 0.516 (0.861)	Data 0.000 (0.383)	Loss 0.6449 (0.6449)	Prec@1 75.000 (61.373)	Prec@5 75.000 (61.373)
Epoch: [11][80/215], lr: 0.00010	Time 1.516 (0.849)	Data 1.278 (0.369)	Loss 0.6596 (0.6493)	Prec@1 62.500 (60.494)	Prec@5 62.500 (60.494)
Epoch: [11][100/215], lr: 0.00010	Time 0.522 (0.815)	Data 0.000 (0.332)	Loss 0.7088 (0.6511)	Prec@1 56.250 (60.025)	Prec@5 56.250 (60.025)
Epoch: [11][120/215], lr: 0.00010	Time 1.596 (0.794)	Data 1.356 (0.313)	Loss 0.6212 (0.6469)	Prec@1 62.500 (60.537)	Prec@5 62.500 (60.537)
Epoch: [11][140/215], lr: 0.00010	Time 0.526 (0.824)	Data 0.000 (0.344)	Loss 0.7265 (0.6507)	Prec@1 50.000 (60.372)	Prec@5 50.000 (60.372)
Epoch: [11][160/215], lr: 0.00010	Time 0.521 (0.839)	Data 0.000 (0.361)	Loss 0.7001 (0.6525)	Prec@1 62.500 (60.326)	Prec@5 62.500 (60.326)
Epoch: [11][180/215], lr: 0.00010	Time 0.528 (0.849)	Data 0.000 (0.372)	Loss 0.7073 (0.6537)	Prec@1 62.500 (60.152)	Prec@5 62.500 (60.152)
Epoch: [11][200/215], lr: 0.00010	Time 0.945 (0.841)	Data 0.707 (0.365)	Loss 0.6980 (0.6542)	Prec@1 37.500 (60.075)	Prec@5 37.500 (60.075)
Test: [0/3]	Time 2.821 (2.821)	Loss 0.5084 (0.5084)	Prec@1 100.000 (100.000)	Prec@5 100.000 (100.000)
Testing Results: Prec@1 77.500 Prec@5 77.500 Loss 0.58701
Best Prec@1: 77.500

Freezing BatchNorm2D except the first one.
Epoch: [12][0/215], lr: 0.00010	Time 6.741 (6.741)	Data 6.492 (6.492)	Loss 0.5176 (0.5176)	Prec@1 81.250 (81.250)	Prec@5 81.250 (81.250)
Epoch: [12][20/215], lr: 0.00010	Time 0.525 (1.182)	Data 0.000 (0.695)	Loss 0.5988 (0.6367)	Prec@1 62.500 (61.012)	Prec@5 62.500 (61.012)
Epoch: [12][40/215], lr: 0.00010	Time 3.911 (1.075)	Data 3.652 (0.591)	Loss 0.5726 (0.6438)	Prec@1 75.000 (60.976)	Prec@5 75.000 (60.976)
Epoch: [12][60/215], lr: 0.00010	Time 0.526 (1.008)	Data 0.000 (0.523)	Loss 0.7947 (0.6402)	Prec@1 50.000 (61.783)	Prec@5 50.000 (61.783)
Epoch: [12][80/215], lr: 0.00010	Time 8.530 (1.072)	Data 8.279 (0.588)	Loss 0.5715 (0.6463)	Prec@1 62.500 (60.417)	Prec@5 62.500 (60.417)
Epoch: [12][100/215], lr: 0.00010	Time 0.531 (1.064)	Data 0.000 (0.583)	Loss 0.6285 (0.6451)	Prec@1 62.500 (60.210)	Prec@5 62.500 (60.210)
Epoch: [12][120/215], lr: 0.00010	Time 0.518 (1.034)	Data 0.096 (0.553)	Loss 0.6035 (0.6447)	Prec@1 62.500 (60.640)	Prec@5 62.500 (60.640)
Epoch: [12][140/215], lr: 0.00010	Time 0.520 (1.069)	Data 0.000 (0.589)	Loss 0.6772 (0.6454)	Prec@1 62.500 (60.018)	Prec@5 62.500 (60.018)
Epoch: [12][160/215], lr: 0.00010	Time 2.184 (1.055)	Data 1.942 (0.575)	Loss 0.5997 (0.6426)	Prec@1 62.500 (60.559)	Prec@5 62.500 (60.559)
Epoch: [12][180/215], lr: 0.00010	Time 0.517 (1.061)	Data 0.000 (0.581)	Loss 0.6732 (0.6447)	Prec@1 62.500 (60.221)	Prec@5 62.500 (60.221)
Epoch: [12][200/215], lr: 0.00010	Time 0.674 (1.095)	Data 0.436 (0.618)	Loss 0.7775 (0.6446)	Prec@1 25.000 (59.888)	Prec@5 25.000 (59.888)
Test: [0/3]	Time 4.327 (4.327)	Loss 0.7377 (0.7377)	Prec@1 18.750 (18.750)	Prec@5 18.750 (18.750)
Testing Results: Prec@1 62.500 Prec@5 62.500 Loss 0.61748
Best Prec@1: 77.500

Freezing BatchNorm2D except the first one.
Epoch: [13][0/215], lr: 0.00010	Time 6.480 (6.480)	Data 6.233 (6.233)	Loss 0.6527 (0.6527)	Prec@1 56.250 (56.250)	Prec@5 56.250 (56.250)
Epoch: [13][20/215], lr: 0.00010	Time 0.522 (1.436)	Data 0.000 (0.978)	Loss 0.6749 (0.6288)	Prec@1 56.250 (61.012)	Prec@5 56.250 (61.012)
Epoch: [13][40/215], lr: 0.00010	Time 0.521 (1.291)	Data 0.000 (0.835)	Loss 0.5018 (0.6195)	Prec@1 81.250 (62.348)	Prec@5 81.250 (62.348)
Epoch: [13][60/215], lr: 0.00010	Time 0.523 (1.200)	Data 0.000 (0.735)	Loss 0.6194 (0.6183)	Prec@1 56.250 (61.885)	Prec@5 56.250 (61.885)
Epoch: [13][80/215], lr: 0.00010	Time 0.492 (1.148)	Data 0.000 (0.682)	Loss 0.6858 (0.6196)	Prec@1 68.750 (62.423)	Prec@5 68.750 (62.423)
Epoch: [13][100/215], lr: 0.00010	Time 0.507 (1.095)	Data 0.000 (0.626)	Loss 0.7140 (0.6237)	Prec@1 43.750 (61.757)	Prec@5 43.750 (61.757)
Epoch: [13][120/215], lr: 0.00010	Time 0.522 (1.055)	Data 0.000 (0.588)	Loss 0.7483 (0.6295)	Prec@1 31.250 (60.899)	Prec@5 31.250 (60.899)
Epoch: [13][140/215], lr: 0.00010	Time 0.562 (1.035)	Data 0.000 (0.570)	Loss 0.6069 (0.6315)	Prec@1 62.500 (61.348)	Prec@5 62.500 (61.348)
Epoch: [13][160/215], lr: 0.00010	Time 0.522 (1.016)	Data 0.000 (0.546)	Loss 0.5438 (0.6300)	Prec@1 75.000 (61.801)	Prec@5 75.000 (61.801)
Epoch: [13][180/215], lr: 0.00010	Time 0.555 (0.998)	Data 0.000 (0.526)	Loss 0.7409 (0.6318)	Prec@1 56.250 (61.775)	Prec@5 56.250 (61.775)
Epoch: [13][200/215], lr: 0.00010	Time 0.525 (0.976)	Data 0.000 (0.503)	Loss 0.6106 (0.6333)	Prec@1 81.250 (61.567)	Prec@5 81.250 (61.567)
Test: [0/3]	Time 2.765 (2.765)	Loss 0.3857 (0.3857)	Prec@1 100.000 (100.000)	Prec@5 100.000 (100.000)
Testing Results: Prec@1 75.000 Prec@5 75.000 Loss 0.52842
Best Prec@1: 77.500

Freezing BatchNorm2D except the first one.
Epoch: [14][0/215], lr: 0.00010	Time 5.363 (5.363)	Data 5.108 (5.108)	Loss 0.5342 (0.5342)	Prec@1 81.250 (81.250)	Prec@5 81.250 (81.250)
Epoch: [14][20/215], lr: 0.00010	Time 0.529 (0.863)	Data 0.000 (0.412)	Loss 0.6493 (0.6658)	Prec@1 50.000 (58.333)	Prec@5 50.000 (58.333)
Epoch: [14][40/215], lr: 0.00010	Time 1.340 (0.746)	Data 1.074 (0.285)	Loss 0.6397 (0.6473)	Prec@1 62.500 (60.518)	Prec@5 62.500 (60.518)
Epoch: [14][60/215], lr: 0.00010	Time 0.465 (0.731)	Data 0.000 (0.280)	Loss 0.5777 (0.6445)	Prec@1 62.500 (61.373)	Prec@5 62.500 (61.373)
Epoch: [14][80/215], lr: 0.00010	Time 1.233 (0.728)	Data 0.991 (0.273)	Loss 0.8733 (0.6435)	Prec@1 25.000 (61.265)	Prec@5 25.000 (61.265)
Epoch: [14][100/215], lr: 0.00010	Time 0.523 (0.738)	Data 0.000 (0.280)	Loss 0.5280 (0.6366)	Prec@1 75.000 (62.438)	Prec@5 75.000 (62.438)
Epoch: [14][120/215], lr: 0.00010	Time 0.522 (0.742)	Data 0.000 (0.278)	Loss 0.9360 (0.6346)	Prec@1 50.000 (62.190)	Prec@5 50.000 (62.190)
Epoch: [14][140/215], lr: 0.00010	Time 0.528 (0.746)	Data 0.000 (0.280)	Loss 0.5407 (0.6357)	Prec@1 75.000 (62.012)	Prec@5 75.000 (62.012)
Epoch: [14][160/215], lr: 0.00010	Time 0.535 (0.738)	Data 0.000 (0.272)	Loss 0.7218 (0.6384)	Prec@1 62.500 (61.724)	Prec@5 62.500 (61.724)
Epoch: [14][180/215], lr: 0.00010	Time 0.539 (0.734)	Data 0.000 (0.265)	Loss 0.6853 (0.6363)	Prec@1 56.250 (62.155)	Prec@5 56.250 (62.155)
Epoch: [14][200/215], lr: 0.00010	Time 1.626 (0.748)	Data 1.385 (0.277)	Loss 0.6158 (0.6348)	Prec@1 56.250 (62.282)	Prec@5 56.250 (62.282)
Test: [0/3]	Time 2.807 (2.807)	Loss 0.7111 (0.7111)	Prec@1 31.250 (31.250)	Prec@5 31.250 (31.250)
Testing Results: Prec@1 67.500 Prec@5 67.500 Loss 0.61888
Best Prec@1: 77.500

Freezing BatchNorm2D except the first one.
Epoch: [15][0/215], lr: 0.00010	Time 5.413 (5.413)	Data 5.090 (5.090)	Loss 0.5779 (0.5779)	Prec@1 75.000 (75.000)	Prec@5 75.000 (75.000)
Epoch: [15][20/215], lr: 0.00010	Time 0.520 (0.856)	Data 0.000 (0.376)	Loss 0.6252 (0.6145)	Prec@1 62.500 (65.179)	Prec@5 62.500 (65.179)
Epoch: [15][40/215], lr: 0.00010	Time 1.246 (0.793)	Data 0.963 (0.323)	Loss 0.6034 (0.6295)	Prec@1 68.750 (62.348)	Prec@5 68.750 (62.348)
Epoch: [15][60/215], lr: 0.00010	Time 0.528 (0.751)	Data 0.000 (0.277)	Loss 0.6221 (0.6312)	Prec@1 50.000 (61.373)	Prec@5 50.000 (61.373)
Epoch: [15][80/215], lr: 0.00010	Time 1.929 (0.731)	Data 1.669 (0.259)	Loss 0.5577 (0.6210)	Prec@1 81.250 (63.889)	Prec@5 81.250 (63.889)
Epoch: [15][100/215], lr: 0.00010	Time 0.534 (0.725)	Data 0.000 (0.249)	Loss 0.6298 (0.6196)	Prec@1 62.500 (63.985)	Prec@5 62.500 (63.985)
Epoch: [15][120/215], lr: 0.00010	Time 0.490 (0.706)	Data 0.190 (0.227)	Loss 0.7044 (0.6194)	Prec@1 62.500 (63.946)	Prec@5 62.500 (63.946)
Epoch: [15][140/215], lr: 0.00010	Time 0.573 (0.704)	Data 0.000 (0.227)	Loss 0.5993 (0.6217)	Prec@1 62.500 (63.475)	Prec@5 62.500 (63.475)
Epoch: [15][160/215], lr: 0.00010	Time 0.535 (0.699)	Data 0.000 (0.220)	Loss 0.5789 (0.6180)	Prec@1 50.000 (63.742)	Prec@5 50.000 (63.742)
Epoch: [15][180/215], lr: 0.00010	Time 0.598 (0.690)	Data 0.000 (0.211)	Loss 0.4344 (0.6185)	Prec@1 87.500 (63.536)	Prec@5 87.500 (63.536)
Epoch: [15][200/215], lr: 0.00010	Time 0.525 (0.682)	Data 0.000 (0.201)	Loss 0.5964 (0.6174)	Prec@1 68.750 (63.588)	Prec@5 68.750 (63.588)
Test: [0/3]	Time 2.387 (2.387)	Loss 0.5810 (0.5810)	Prec@1 100.000 (100.000)	Prec@5 100.000 (100.000)
Testing Results: Prec@1 97.500 Prec@5 97.500 Loss 0.55412
Best Prec@1: 97.500

Freezing BatchNorm2D except the first one.
Epoch: [16][0/215], lr: 0.00010	Time 4.408 (4.408)	Data 3.989 (3.989)	Loss 0.5668 (0.5668)	Prec@1 81.250 (81.250)	Prec@5 81.250 (81.250)
Epoch: [16][20/215], lr: 0.00010	Time 0.537 (0.741)	Data 0.000 (0.230)	Loss 0.6414 (0.5933)	Prec@1 56.250 (64.286)	Prec@5 56.250 (64.286)
Epoch: [16][40/215], lr: 0.00010	Time 0.908 (0.666)	Data 0.643 (0.166)	Loss 0.6104 (0.5991)	Prec@1 68.750 (64.939)	Prec@5 68.750 (64.939)
Epoch: [16][60/215], lr: 0.00010	Time 0.536 (0.649)	Data 0.000 (0.149)	Loss 0.7342 (0.6086)	Prec@1 62.500 (64.857)	Prec@5 62.500 (64.857)
Epoch: [16][80/215], lr: 0.00010	Time 0.929 (0.645)	Data 0.649 (0.159)	Loss 0.5863 (0.6079)	Prec@1 62.500 (64.429)	Prec@5 62.500 (64.429)
Epoch: [16][100/215], lr: 0.00010	Time 0.493 (0.637)	Data 0.000 (0.152)	Loss 0.5866 (0.6082)	Prec@1 68.750 (64.542)	Prec@5 68.750 (64.542)
Epoch: [16][120/215], lr: 0.00010	Time 0.991 (0.634)	Data 0.748 (0.149)	Loss 0.5345 (0.6008)	Prec@1 75.000 (65.651)	Prec@5 75.000 (65.651)
Epoch: [16][140/215], lr: 0.00010	Time 0.517 (0.627)	Data 0.172 (0.141)	Loss 0.6507 (0.6020)	Prec@1 50.000 (64.982)	Prec@5 50.000 (64.982)
Epoch: [16][160/215], lr: 0.00010	Time 0.585 (0.622)	Data 0.157 (0.141)	Loss 0.6665 (0.6027)	Prec@1 50.000 (64.829)	Prec@5 50.000 (64.829)
Epoch: [16][180/215], lr: 0.00010	Time 0.689 (0.624)	Data 0.446 (0.147)	Loss 0.6399 (0.5983)	Prec@1 62.500 (65.331)	Prec@5 62.500 (65.331)
Epoch: [16][200/215], lr: 0.00010	Time 0.513 (0.618)	Data 0.200 (0.138)	Loss 0.6754 (0.6023)	Prec@1 56.250 (64.583)	Prec@5 56.250 (64.583)
Test: [0/3]	Time 2.436 (2.436)	Loss 0.9421 (0.9421)	Prec@1 0.000 (0.000)	Prec@5 0.000 (0.000)
Testing Results: Prec@1 50.000 Prec@5 50.000 Loss 0.59903
Best Prec@1: 97.500

Freezing BatchNorm2D except the first one.
Epoch: [17][0/215], lr: 0.00010	Time 4.540 (4.540)	Data 4.227 (4.227)	Loss 0.5901 (0.5901)	Prec@1 62.500 (62.500)	Prec@5 62.500 (62.500)
Epoch: [17][20/215], lr: 0.00010	Time 0.536 (0.770)	Data 0.001 (0.251)	Loss 0.7376 (0.5991)	Prec@1 43.750 (65.476)	Prec@5 43.750 (65.476)
Epoch: [17][40/215], lr: 0.00010	Time 0.542 (0.684)	Data 0.285 (0.168)	Loss 0.6430 (0.6010)	Prec@1 56.250 (64.939)	Prec@5 56.250 (64.939)
Epoch: [17][60/215], lr: 0.00010	Time 0.455 (0.640)	Data 0.000 (0.118)	Loss 0.6290 (0.6036)	Prec@1 75.000 (64.652)	Prec@5 75.000 (64.652)
Epoch: [17][80/215], lr: 0.00010	Time 0.735 (0.626)	Data 0.483 (0.107)	Loss 0.5417 (0.6076)	Prec@1 75.000 (64.660)	Prec@5 75.000 (64.660)
Epoch: [17][100/215], lr: 0.00010	Time 0.537 (0.613)	Data 0.000 (0.095)	Loss 0.5504 (0.6033)	Prec@1 68.750 (64.851)	Prec@5 68.750 (64.851)
Epoch: [17][120/215], lr: 0.00010	Time 0.600 (0.604)	Data 0.168 (0.086)	Loss 0.5894 (0.6008)	Prec@1 62.500 (64.721)	Prec@5 62.500 (64.721)
Epoch: [17][140/215], lr: 0.00010	Time 0.516 (0.597)	Data 0.063 (0.077)	Loss 0.5653 (0.6024)	Prec@1 56.250 (64.495)	Prec@5 56.250 (64.495)
Epoch: [17][160/215], lr: 0.00010	Time 0.853 (0.598)	Data 0.588 (0.082)	Loss 0.6193 (0.6031)	Prec@1 56.250 (64.557)	Prec@5 56.250 (64.557)
Epoch: [17][180/215], lr: 0.00010	Time 0.547 (0.596)	Data 0.000 (0.081)	Loss 0.4935 (0.6027)	Prec@1 68.750 (64.572)	Prec@5 68.750 (64.572)
Epoch: [17][200/215], lr: 0.00010	Time 0.426 (0.595)	Data 0.000 (0.084)	Loss 0.6531 (0.5994)	Prec@1 62.500 (65.205)	Prec@5 62.500 (65.205)
Test: [0/3]	Time 2.629 (2.629)	Loss 0.6343 (0.6343)	Prec@1 81.250 (81.250)	Prec@5 81.250 (81.250)
Testing Results: Prec@1 90.000 Prec@5 90.000 Loss 0.55095
Best Prec@1: 97.500

Freezing BatchNorm2D except the first one.
Epoch: [18][0/215], lr: 0.00010	Time 4.431 (4.431)	Data 4.045 (4.045)	Loss 0.5119 (0.5119)	Prec@1 75.000 (75.000)	Prec@5 75.000 (75.000)
Epoch: [18][20/215], lr: 0.00010	Time 0.528 (0.792)	Data 0.000 (0.310)	Loss 0.5579 (0.5790)	Prec@1 62.500 (69.345)	Prec@5 62.500 (69.345)
Epoch: [18][40/215], lr: 0.00010	Time 1.271 (0.697)	Data 1.031 (0.202)	Loss 0.5131 (0.5984)	Prec@1 81.250 (68.140)	Prec@5 81.250 (68.140)
Epoch: [18][60/215], lr: 0.00010	Time 0.544 (0.649)	Data 0.000 (0.145)	Loss 0.7917 (0.6017)	Prec@1 50.000 (65.779)	Prec@5 50.000 (65.779)
Epoch: [18][80/215], lr: 0.00010	Time 0.529 (0.633)	Data 0.282 (0.131)	Loss 0.6093 (0.6118)	Prec@1 75.000 (64.043)	Prec@5 75.000 (64.043)
Epoch: [18][100/215], lr: 0.00010	Time 0.551 (0.618)	Data 0.000 (0.112)	Loss 0.4467 (0.6102)	Prec@1 87.500 (63.552)	Prec@5 87.500 (63.552)
Epoch: [18][120/215], lr: 0.00010	Time 0.545 (0.611)	Data 0.234 (0.104)	Loss 0.4973 (0.6078)	Prec@1 68.750 (64.153)	Prec@5 68.750 (64.153)
Epoch: [18][140/215], lr: 0.00010	Time 0.580 (0.605)	Data 0.000 (0.089)	Loss 0.6244 (0.6091)	Prec@1 68.750 (64.273)	Prec@5 68.750 (64.273)
Epoch: [18][160/215], lr: 0.00010	Time 0.572 (0.598)	Data 0.000 (0.079)	Loss 0.5485 (0.6071)	Prec@1 68.750 (64.402)	Prec@5 68.750 (64.402)
Epoch: [18][180/215], lr: 0.00010	Time 0.569 (0.593)	Data 0.000 (0.071)	Loss 0.4802 (0.6022)	Prec@1 62.500 (64.814)	Prec@5 62.500 (64.814)
Epoch: [18][200/215], lr: 0.00010	Time 0.435 (0.589)	Data 0.000 (0.065)	Loss 0.5664 (0.6015)	Prec@1 56.250 (64.770)	Prec@5 56.250 (64.770)
Test: [0/3]	Time 2.439 (2.439)	Loss 0.3649 (0.3649)	Prec@1 100.000 (100.000)	Prec@5 100.000 (100.000)
Testing Results: Prec@1 87.500 Prec@5 87.500 Loss 0.45518
Best Prec@1: 97.500

Freezing BatchNorm2D except the first one.
Epoch: [19][0/215], lr: 0.00010	Time 4.069 (4.069)	Data 3.704 (3.704)	Loss 0.5817 (0.5817)	Prec@1 68.750 (68.750)	Prec@5 68.750 (68.750)
Epoch: [19][20/215], lr: 0.00010	Time 0.636 (0.729)	Data 0.000 (0.194)	Loss 0.4913 (0.5831)	Prec@1 68.750 (66.071)	Prec@5 68.750 (66.071)
Epoch: [19][40/215], lr: 0.00010	Time 0.537 (0.645)	Data 0.000 (0.099)	Loss 0.5207 (0.6125)	Prec@1 87.500 (64.177)	Prec@5 87.500 (64.177)
Epoch: [19][60/215], lr: 0.00010	Time 0.599 (0.619)	Data 0.000 (0.067)	Loss 0.4747 (0.6125)	Prec@1 68.750 (63.115)	Prec@5 68.750 (63.115)
Epoch: [19][80/215], lr: 0.00010	Time 0.547 (0.604)	Data 0.000 (0.050)	Loss 0.5520 (0.5975)	Prec@1 68.750 (63.812)	Prec@5 68.750 (63.812)
Epoch: [19][100/215], lr: 0.00010	Time 0.620 (0.596)	Data 0.000 (0.040)	Loss 0.6077 (0.5928)	Prec@1 62.500 (64.790)	Prec@5 62.500 (64.790)
Epoch: [19][120/215], lr: 0.00010	Time 0.466 (0.588)	Data 0.000 (0.034)	Loss 0.6530 (0.5917)	Prec@1 68.750 (65.134)	Prec@5 68.750 (65.134)
Epoch: [19][140/215], lr: 0.00010	Time 0.466 (0.583)	Data 0.000 (0.029)	Loss 0.7000 (0.5930)	Prec@1 43.750 (64.982)	Prec@5 43.750 (64.982)
Epoch: [19][160/215], lr: 0.00010	Time 0.548 (0.580)	Data 0.000 (0.025)	Loss 0.6022 (0.5984)	Prec@1 62.500 (64.208)	Prec@5 62.500 (64.208)
Epoch: [19][180/215], lr: 0.00010	Time 0.526 (0.577)	Data 0.000 (0.023)	Loss 0.6753 (0.6010)	Prec@1 56.250 (64.123)	Prec@5 56.250 (64.123)
Epoch: [19][200/215], lr: 0.00010	Time 0.560 (0.575)	Data 0.000 (0.020)	Loss 0.5425 (0.5979)	Prec@1 62.500 (64.179)	Prec@5 62.500 (64.179)
Test: [0/3]	Time 2.423 (2.423)	Loss 1.0344 (1.0344)	Prec@1 0.000 (0.000)	Prec@5 0.000 (0.000)
Testing Results: Prec@1 50.000 Prec@5 50.000 Loss 0.59265
Best Prec@1: 97.500

Freezing BatchNorm2D except the first one.
Epoch: [20][0/215], lr: 0.00001	Time 3.947 (3.947)	Data 3.623 (3.623)	Loss 0.6736 (0.6736)	Prec@1 56.250 (56.250)	Prec@5 56.250 (56.250)
Epoch: [20][20/215], lr: 0.00001	Time 0.577 (0.712)	Data 0.000 (0.176)	Loss 0.5606 (0.6386)	Prec@1 56.250 (59.524)	Prec@5 56.250 (59.524)
Epoch: [20][40/215], lr: 0.00001	Time 0.553 (0.641)	Data 0.000 (0.090)	Loss 0.4289 (0.6009)	Prec@1 81.250 (63.110)	Prec@5 81.250 (63.110)
Epoch: [20][60/215], lr: 0.00001	Time 0.723 (0.618)	Data 0.000 (0.061)	Loss 0.4983 (0.5896)	Prec@1 81.250 (64.344)	Prec@5 81.250 (64.344)
Epoch: [20][80/215], lr: 0.00001	Time 0.547 (0.601)	Data 0.000 (0.046)	Loss 0.5966 (0.5871)	Prec@1 68.750 (64.892)	Prec@5 68.750 (64.892)
Epoch: [20][100/215], lr: 0.00001	Time 0.491 (0.590)	Data 0.000 (0.037)	Loss 0.5579 (0.5800)	Prec@1 68.750 (65.594)	Prec@5 68.750 (65.594)
Epoch: [20][120/215], lr: 0.00001	Time 0.470 (0.584)	Data 0.000 (0.031)	Loss 0.4546 (0.5734)	Prec@1 75.000 (65.961)	Prec@5 75.000 (65.961)
Epoch: [20][140/215], lr: 0.00001	Time 0.536 (0.581)	Data 0.000 (0.026)	Loss 0.6433 (0.5751)	Prec@1 56.250 (65.869)	Prec@5 56.250 (65.869)
Epoch: [20][160/215], lr: 0.00001	Time 0.391 (0.578)	Data 0.000 (0.023)	Loss 0.6003 (0.5745)	Prec@1 68.750 (66.421)	Prec@5 68.750 (66.421)
Epoch: [20][180/215], lr: 0.00001	Time 0.560 (0.575)	Data 0.000 (0.021)	Loss 0.5654 (0.5765)	Prec@1 68.750 (65.953)	Prec@5 68.750 (65.953)
Epoch: [20][200/215], lr: 0.00001	Time 0.533 (0.573)	Data 0.000 (0.019)	Loss 0.5818 (0.5773)	Prec@1 68.750 (66.294)	Prec@5 68.750 (66.294)
Test: [0/3]	Time 2.450 (2.450)	Loss 0.5764 (0.5764)	Prec@1 100.000 (100.000)	Prec@5 100.000 (100.000)
Testing Results: Prec@1 100.000 Prec@5 100.000 Loss 0.42231
Best Prec@1: 100.000

Freezing BatchNorm2D except the first one.
Epoch: [21][0/215], lr: 0.00001	Time 4.242 (4.242)	Data 3.919 (3.919)	Loss 0.5002 (0.5002)	Prec@1 62.500 (62.500)	Prec@5 62.500 (62.500)
Epoch: [21][20/215], lr: 0.00001	Time 0.499 (0.739)	Data 0.000 (0.187)	Loss 0.6050 (0.5819)	Prec@1 75.000 (66.667)	Prec@5 75.000 (66.667)
Epoch: [21][40/215], lr: 0.00001	Time 0.612 (0.656)	Data 0.001 (0.096)	Loss 0.5349 (0.5693)	Prec@1 68.750 (67.835)	Prec@5 68.750 (67.835)
Epoch: [21][60/215], lr: 0.00001	Time 0.534 (0.624)	Data 0.000 (0.064)	Loss 0.6494 (0.5734)	Prec@1 75.000 (67.316)	Prec@5 75.000 (67.316)
Epoch: [21][80/215], lr: 0.00001	Time 0.528 (0.607)	Data 0.000 (0.049)	Loss 0.5166 (0.5671)	Prec@1 81.250 (67.901)	Prec@5 81.250 (67.901)
Epoch: [21][100/215], lr: 0.00001	Time 0.514 (0.596)	Data 0.000 (0.039)	Loss 0.5064 (0.5616)	Prec@1 75.000 (68.688)	Prec@5 75.000 (68.688)
Epoch: [21][120/215], lr: 0.00001	Time 0.573 (0.589)	Data 0.000 (0.033)	Loss 0.4438 (0.5625)	Prec@1 75.000 (67.872)	Prec@5 75.000 (67.872)
Epoch: [21][140/215], lr: 0.00001	Time 0.597 (0.583)	Data 0.000 (0.028)	Loss 0.7765 (0.5601)	Prec@1 62.500 (67.996)	Prec@5 62.500 (67.996)
Epoch: [21][160/215], lr: 0.00001	Time 0.526 (0.578)	Data 0.000 (0.025)	Loss 0.6317 (0.5607)	Prec@1 68.750 (67.857)	Prec@5 68.750 (67.857)
Epoch: [21][180/215], lr: 0.00001	Time 0.522 (0.575)	Data 0.000 (0.024)	Loss 0.4310 (0.5611)	Prec@1 81.250 (67.887)	Prec@5 81.250 (67.887)
Epoch: [21][200/215], lr: 0.00001	Time 0.513 (0.576)	Data 0.000 (0.027)	Loss 0.7232 (0.5601)	Prec@1 43.750 (68.066)	Prec@5 43.750 (68.066)
Test: [0/3]	Time 2.409 (2.409)	Loss 0.6496 (0.6496)	Prec@1 68.750 (68.750)	Prec@5 68.750 (68.750)
Testing Results: Prec@1 82.500 Prec@5 82.500 Loss 0.38854
Best Prec@1: 100.000

Freezing BatchNorm2D except the first one.
Epoch: [22][0/215], lr: 0.00001	Time 4.058 (4.058)	Data 3.750 (3.750)	Loss 0.5365 (0.5365)	Prec@1 68.750 (68.750)	Prec@5 68.750 (68.750)
Epoch: [22][20/215], lr: 0.00001	Time 0.526 (0.757)	Data 0.000 (0.274)	Loss 0.5794 (0.5168)	Prec@1 75.000 (70.833)	Prec@5 75.000 (70.833)
Epoch: [22][40/215], lr: 0.00001	Time 0.509 (0.666)	Data 0.000 (0.154)	Loss 0.5714 (0.5317)	Prec@1 62.500 (70.427)	Prec@5 62.500 (70.427)
Epoch: [22][60/215], lr: 0.00001	Time 0.565 (0.631)	Data 0.000 (0.104)	Loss 0.4736 (0.5443)	Prec@1 75.000 (69.160)	Prec@5 75.000 (69.160)
Epoch: [22][80/215], lr: 0.00001	Time 0.623 (0.614)	Data 0.000 (0.078)	Loss 0.4393 (0.5463)	Prec@1 68.750 (68.827)	Prec@5 68.750 (68.827)
Epoch: [22][100/215], lr: 0.00001	Time 0.496 (0.602)	Data 0.000 (0.063)	Loss 0.5146 (0.5486)	Prec@1 62.500 (68.812)	Prec@5 62.500 (68.812)
Epoch: [22][120/215], lr: 0.00001	Time 0.505 (0.593)	Data 0.000 (0.052)	Loss 0.5726 (0.5491)	Prec@1 62.500 (68.853)	Prec@5 62.500 (68.853)
Epoch: [22][140/215], lr: 0.00001	Time 0.594 (0.587)	Data 0.000 (0.045)	Loss 0.5978 (0.5441)	Prec@1 50.000 (68.617)	Prec@5 50.000 (68.617)
Epoch: [22][160/215], lr: 0.00001	Time 0.525 (0.582)	Data 0.000 (0.039)	Loss 0.6445 (0.5407)	Prec@1 62.500 (68.711)	Prec@5 62.500 (68.711)
Epoch: [22][180/215], lr: 0.00001	Time 0.589 (0.578)	Data 0.000 (0.035)	Loss 0.4009 (0.5422)	Prec@1 75.000 (68.750)	Prec@5 75.000 (68.750)
Epoch: [22][200/215], lr: 0.00001	Time 0.527 (0.576)	Data 0.000 (0.032)	Loss 0.5990 (0.5470)	Prec@1 56.250 (68.377)	Prec@5 56.250 (68.377)
Test: [0/3]	Time 2.408 (2.408)	Loss 0.7708 (0.7708)	Prec@1 25.000 (25.000)	Prec@5 25.000 (25.000)
Testing Results: Prec@1 62.500 Prec@5 62.500 Loss 0.44239
Best Prec@1: 100.000

Freezing BatchNorm2D except the first one.
Epoch: [23][0/215], lr: 0.00001	Time 4.150 (4.150)	Data 3.772 (3.772)	Loss 0.3961 (0.3961)	Prec@1 93.750 (93.750)	Prec@5 93.750 (93.750)
Epoch: [23][20/215], lr: 0.00001	Time 0.540 (0.726)	Data 0.000 (0.180)	Loss 0.4822 (0.5274)	Prec@1 56.250 (71.429)	Prec@5 56.250 (71.429)
Epoch: [23][40/215], lr: 0.00001	Time 0.535 (0.648)	Data 0.000 (0.092)	Loss 0.6431 (0.5391)	Prec@1 62.500 (69.665)	Prec@5 62.500 (69.665)
Epoch: [23][60/215], lr: 0.00001	Time 0.537 (0.615)	Data 0.000 (0.062)	Loss 0.4549 (0.5463)	Prec@1 81.250 (69.057)	Prec@5 81.250 (69.057)
Epoch: [23][80/215], lr: 0.00001	Time 0.557 (0.599)	Data 0.265 (0.055)	Loss 0.5127 (0.5486)	Prec@1 75.000 (69.290)	Prec@5 75.000 (69.290)
Epoch: [23][100/215], lr: 0.00001	Time 0.491 (0.593)	Data 0.000 (0.049)	Loss 0.4402 (0.5531)	Prec@1 75.000 (68.441)	Prec@5 75.000 (68.441)
Epoch: [23][120/215], lr: 0.00001	Time 0.602 (0.589)	Data 0.000 (0.048)	Loss 0.5434 (0.5507)	Prec@1 81.250 (69.163)	Prec@5 81.250 (69.163)
Epoch: [23][140/215], lr: 0.00001	Time 0.558 (0.589)	Data 0.000 (0.056)	Loss 0.4909 (0.5530)	Prec@1 75.000 (69.637)	Prec@5 75.000 (69.637)
Epoch: [23][160/215], lr: 0.00001	Time 1.072 (0.597)	Data 0.775 (0.071)	Loss 0.5184 (0.5495)	Prec@1 81.250 (70.186)	Prec@5 81.250 (70.186)
Epoch: [23][180/215], lr: 0.00001	Time 0.525 (0.600)	Data 0.000 (0.080)	Loss 0.4861 (0.5484)	Prec@1 68.750 (70.097)	Prec@5 68.750 (70.097)
Epoch: [23][200/215], lr: 0.00001	Time 0.526 (0.630)	Data 0.000 (0.116)	Loss 0.6153 (0.5485)	Prec@1 75.000 (70.025)	Prec@5 75.000 (70.025)
Test: [0/3]	Time 4.666 (4.666)	Loss 0.7214 (0.7214)	Prec@1 37.500 (37.500)	Prec@5 37.500 (37.500)
Testing Results: Prec@1 70.000 Prec@5 70.000 Loss 0.41184
Best Prec@1: 100.000

Freezing BatchNorm2D except the first one.
Epoch: [24][0/215], lr: 0.00001	Time 8.120 (8.120)	Data 7.871 (7.871)	Loss 0.4537 (0.4537)	Prec@1 75.000 (75.000)	Prec@5 75.000 (75.000)
Epoch: [24][20/215], lr: 0.00001	Time 0.521 (1.953)	Data 0.000 (1.506)	Loss 0.5029 (0.5692)	Prec@1 87.500 (65.774)	Prec@5 87.500 (65.774)
Epoch: [24][40/215], lr: 0.00001	Time 0.520 (1.573)	Data 0.000 (1.117)	Loss 0.5629 (0.5576)	Prec@1 62.500 (66.921)	Prec@5 62.500 (66.921)
Epoch: [24][60/215], lr: 0.00001	Time 0.515 (1.483)	Data 0.000 (1.040)	Loss 0.5537 (0.5562)	Prec@1 62.500 (66.496)	Prec@5 62.500 (66.496)
Epoch: [24][80/215], lr: 0.00001	Time 0.516 (1.509)	Data 0.000 (1.064)	Loss 0.5020 (0.5585)	Prec@1 75.000 (66.744)	Prec@5 75.000 (66.744)
Epoch: [24][100/215], lr: 0.00001	Time 0.519 (1.743)	Data 0.000 (1.301)	Loss 0.5063 (0.5514)	Prec@1 68.750 (67.265)	Prec@5 68.750 (67.265)
Epoch: [24][120/215], lr: 0.00001	Time 0.515 (1.844)	Data 0.000 (1.400)	Loss 0.4693 (0.5468)	Prec@1 75.000 (67.872)	Prec@5 75.000 (67.872)
Epoch: [24][140/215], lr: 0.00001	Time 0.513 (1.838)	Data 0.000 (1.391)	Loss 0.6701 (0.5432)	Prec@1 62.500 (68.174)	Prec@5 62.500 (68.174)
Epoch: [24][160/215], lr: 0.00001	Time 0.520 (1.780)	Data 0.000 (1.331)	Loss 0.7225 (0.5397)	Prec@1 56.250 (68.750)	Prec@5 56.250 (68.750)
Epoch: [24][180/215], lr: 0.00001	Time 0.521 (1.793)	Data 0.000 (1.345)	Loss 0.8308 (0.5449)	Prec@1 43.750 (68.681)	Prec@5 43.750 (68.681)
Epoch: [24][200/215], lr: 0.00001	Time 0.517 (1.795)	Data 0.000 (1.345)	Loss 0.5972 (0.5413)	Prec@1 62.500 (68.657)	Prec@5 62.500 (68.657)
Test: [0/3]	Time 3.374 (3.374)	Loss 0.6258 (0.6258)	Prec@1 75.000 (75.000)	Prec@5 75.000 (75.000)
Testing Results: Prec@1 87.500 Prec@5 87.500 Loss 0.39041
Best Prec@1: 100.000

Freezing BatchNorm2D except the first one.
Epoch: [25][0/215], lr: 0.00001	Time 20.097 (20.097)	Data 19.758 (19.758)	Loss 0.4357 (0.4357)	Prec@1 81.250 (81.250)	Prec@5 81.250 (81.250)
Epoch: [25][20/215], lr: 0.00001	Time 0.925 (1.839)	Data 0.685 (1.367)	Loss 0.5954 (0.5186)	Prec@1 50.000 (67.262)	Prec@5 50.000 (67.262)
Epoch: [25][40/215], lr: 0.00001	Time 0.520 (1.534)	Data 0.000 (1.056)	Loss 0.5440 (0.5406)	Prec@1 68.750 (66.768)	Prec@5 68.750 (66.768)
Epoch: [25][60/215], lr: 0.00001	Time 4.543 (1.397)	Data 4.290 (0.921)	Loss 0.5779 (0.5404)	Prec@1 68.750 (68.443)	Prec@5 68.750 (68.443)
Epoch: [25][80/215], lr: 0.00001	Time 0.526 (1.299)	Data 0.000 (0.825)	Loss 0.4142 (0.5425)	Prec@1 75.000 (66.975)	Prec@5 75.000 (66.975)
Epoch: [25][100/215], lr: 0.00001	Time 0.546 (1.364)	Data 0.000 (0.899)	Loss 0.4211 (0.5431)	Prec@1 87.500 (67.450)	Prec@5 87.500 (67.450)
Epoch: [25][120/215], lr: 0.00001	Time 0.519 (1.300)	Data 0.000 (0.833)	Loss 0.3598 (0.5369)	Prec@1 81.250 (68.285)	Prec@5 81.250 (68.285)
Epoch: [25][140/215], lr: 0.00001	Time 0.520 (1.331)	Data 0.000 (0.867)	Loss 0.6870 (0.5381)	Prec@1 50.000 (68.307)	Prec@5 50.000 (68.307)
Epoch: [25][160/215], lr: 0.00001	Time 0.523 (1.296)	Data 0.000 (0.829)	Loss 0.6136 (0.5428)	Prec@1 62.500 (67.780)	Prec@5 62.500 (67.780)
Epoch: [25][180/215], lr: 0.00001	Time 0.518 (1.330)	Data 0.000 (0.861)	Loss 0.4488 (0.5408)	Prec@1 87.500 (68.439)	Prec@5 87.500 (68.439)
Epoch: [25][200/215], lr: 0.00001	Time 0.518 (1.304)	Data 0.000 (0.833)	Loss 0.6278 (0.5396)	Prec@1 50.000 (68.377)	Prec@5 50.000 (68.377)
Test: [0/3]	Time 3.015 (3.015)	Loss 0.8486 (0.8486)	Prec@1 25.000 (25.000)	Prec@5 25.000 (25.000)
Testing Results: Prec@1 62.500 Prec@5 62.500 Loss 0.46567
Best Prec@1: 100.000

Freezing BatchNorm2D except the first one.
Epoch: [26][0/215], lr: 0.00001	Time 6.917 (6.917)	Data 6.667 (6.667)	Loss 0.6231 (0.6231)	Prec@1 62.500 (62.500)	Prec@5 62.500 (62.500)
Epoch: [26][20/215], lr: 0.00001	Time 0.526 (1.371)	Data 0.000 (0.913)	Loss 0.6988 (0.5427)	Prec@1 62.500 (69.345)	Prec@5 62.500 (69.345)
Epoch: [26][40/215], lr: 0.00001	Time 4.192 (1.301)	Data 3.939 (0.830)	Loss 0.5575 (0.5439)	Prec@1 68.750 (68.598)	Prec@5 68.750 (68.598)
Epoch: [26][60/215], lr: 0.00001	Time 0.543 (1.116)	Data 0.000 (0.636)	Loss 0.4990 (0.5228)	Prec@1 75.000 (69.980)	Prec@5 75.000 (69.980)
Epoch: [26][80/215], lr: 0.00001	Time 2.364 (1.038)	Data 2.108 (0.557)	Loss 0.4910 (0.5256)	Prec@1 68.750 (69.985)	Prec@5 68.750 (69.985)
Epoch: [26][100/215], lr: 0.00001	Time 0.523 (1.036)	Data 0.000 (0.556)	Loss 0.5347 (0.5298)	Prec@1 68.750 (69.307)	Prec@5 68.750 (69.307)
Epoch: [26][120/215], lr: 0.00001	Time 4.203 (1.015)	Data 3.947 (0.534)	Loss 0.5231 (0.5287)	Prec@1 68.750 (69.628)	Prec@5 68.750 (69.628)
Epoch: [26][140/215], lr: 0.00001	Time 0.547 (0.963)	Data 0.000 (0.479)	Loss 0.5692 (0.5287)	Prec@1 68.750 (69.858)	Prec@5 68.750 (69.858)
Epoch: [26][160/215], lr: 0.00001	Time 2.219 (0.955)	Data 1.942 (0.477)	Loss 0.4884 (0.5355)	Prec@1 56.250 (69.449)	Prec@5 56.250 (69.449)
Epoch: [26][180/215], lr: 0.00001	Time 0.536 (0.944)	Data 0.000 (0.465)	Loss 0.5186 (0.5381)	Prec@1 81.250 (69.441)	Prec@5 81.250 (69.441)
Epoch: [26][200/215], lr: 0.00001	Time 2.263 (0.927)	Data 2.011 (0.447)	Loss 0.7286 (0.5426)	Prec@1 75.000 (69.154)	Prec@5 75.000 (69.154)
Test: [0/3]	Time 2.657 (2.657)	Loss 0.7799 (0.7799)	Prec@1 31.250 (31.250)	Prec@5 31.250 (31.250)
Testing Results: Prec@1 65.000 Prec@5 65.000 Loss 0.45433
Best Prec@1: 100.000

Freezing BatchNorm2D except the first one.
Epoch: [27][0/215], lr: 0.00001	Time 6.251 (6.251)	Data 5.998 (5.998)	Loss 0.4225 (0.4225)	Prec@1 75.000 (75.000)	Prec@5 75.000 (75.000)
Epoch: [27][20/215], lr: 0.00001	Time 0.529 (0.910)	Data 0.000 (0.446)	Loss 0.6114 (0.5451)	Prec@1 62.500 (68.452)	Prec@5 62.500 (68.452)
Epoch: [27][40/215], lr: 0.00001	Time 0.927 (0.800)	Data 0.672 (0.337)	Loss 0.5460 (0.5540)	Prec@1 62.500 (68.140)	Prec@5 62.500 (68.140)
Epoch: [27][60/215], lr: 0.00001	Time 0.524 (0.782)	Data 0.000 (0.311)	Loss 0.6322 (0.5507)	Prec@1 50.000 (69.365)	Prec@5 50.000 (69.365)
Epoch: [27][80/215], lr: 0.00001	Time 2.972 (0.791)	Data 2.721 (0.319)	Loss 0.4349 (0.5465)	Prec@1 81.250 (69.907)	Prec@5 81.250 (69.907)
Epoch: [27][100/215], lr: 0.00001	Time 0.539 (0.778)	Data 0.000 (0.305)	Loss 0.4821 (0.5447)	Prec@1 75.000 (69.740)	Prec@5 75.000 (69.740)
Epoch: [27][120/215], lr: 0.00001	Time 1.447 (0.777)	Data 1.207 (0.305)	Loss 0.8481 (0.5441)	Prec@1 56.250 (69.628)	Prec@5 56.250 (69.628)
Epoch: [27][140/215], lr: 0.00001	Time 0.613 (0.788)	Data 0.000 (0.315)	Loss 0.5203 (0.5429)	Prec@1 68.750 (69.637)	Prec@5 68.750 (69.637)
Epoch: [27][160/215], lr: 0.00001	Time 0.535 (0.796)	Data 0.000 (0.320)	Loss 0.5904 (0.5412)	Prec@1 56.250 (69.449)	Prec@5 56.250 (69.449)
Epoch: [27][180/215], lr: 0.00001	Time 0.529 (0.795)	Data 0.000 (0.318)	Loss 0.5756 (0.5408)	Prec@1 56.250 (69.337)	Prec@5 56.250 (69.337)
Epoch: [27][200/215], lr: 0.00001	Time 0.563 (0.804)	Data 0.000 (0.329)	Loss 0.4827 (0.5395)	Prec@1 75.000 (69.216)	Prec@5 75.000 (69.216)
Test: [0/3]	Time 2.479 (2.479)	Loss 0.7627 (0.7627)	Prec@1 31.250 (31.250)	Prec@5 31.250 (31.250)
Testing Results: Prec@1 65.000 Prec@5 65.000 Loss 0.43091
Best Prec@1: 100.000

Freezing BatchNorm2D except the first one.
Epoch: [28][0/215], lr: 0.00001	Time 5.182 (5.182)	Data 4.916 (4.916)	Loss 0.4921 (0.4921)	Prec@1 81.250 (81.250)	Prec@5 81.250 (81.250)
Epoch: [28][20/215], lr: 0.00001	Time 0.520 (1.801)	Data 0.000 (1.341)	Loss 0.4355 (0.5265)	Prec@1 81.250 (70.238)	Prec@5 81.250 (70.238)
Epoch: [28][40/215], lr: 0.00001	Time 0.522 (1.539)	Data 0.000 (1.077)	Loss 0.3606 (0.5401)	Prec@1 87.500 (67.835)	Prec@5 87.500 (67.835)
Epoch: [28][60/215], lr: 0.00001	Time 0.528 (1.931)	Data 0.000 (1.465)	Loss 0.5146 (0.5434)	Prec@1 75.000 (67.930)	Prec@5 75.000 (67.930)
Epoch: [28][80/215], lr: 0.00001	Time 0.525 (1.822)	Data 0.000 (1.351)	Loss 0.6802 (0.5452)	Prec@1 68.750 (68.287)	Prec@5 68.750 (68.287)
Epoch: [28][100/215], lr: 0.00001	Time 0.519 (1.601)	Data 0.000 (1.124)	Loss 0.6481 (0.5392)	Prec@1 56.250 (68.688)	Prec@5 56.250 (68.688)
Epoch: [28][120/215], lr: 0.00001	Time 0.551 (1.474)	Data 0.000 (0.995)	Loss 0.4271 (0.5453)	Prec@1 81.250 (68.337)	Prec@5 81.250 (68.337)
Epoch: [28][140/215], lr: 0.00001	Time 0.514 (1.354)	Data 0.000 (0.873)	Loss 0.7013 (0.5508)	Prec@1 56.250 (68.972)	Prec@5 56.250 (68.972)
Epoch: [28][160/215], lr: 0.00001	Time 0.519 (1.303)	Data 0.000 (0.823)	Loss 0.5885 (0.5456)	Prec@1 68.750 (69.138)	Prec@5 68.750 (69.138)
Epoch: [28][180/215], lr: 0.00001	Time 0.540 (1.289)	Data 0.000 (0.811)	Loss 0.5079 (0.5454)	Prec@1 68.750 (68.992)	Prec@5 68.750 (68.992)
Epoch: [28][200/215], lr: 0.00001	Time 0.520 (1.252)	Data 0.000 (0.771)	Loss 0.5515 (0.5440)	Prec@1 75.000 (68.843)	Prec@5 75.000 (68.843)
Test: [0/3]	Time 3.532 (3.532)	Loss 0.8185 (0.8185)	Prec@1 25.000 (25.000)	Prec@5 25.000 (25.000)
Testing Results: Prec@1 62.500 Prec@5 62.500 Loss 0.44605
Best Prec@1: 100.000

Freezing BatchNorm2D except the first one.
Epoch: [29][0/215], lr: 0.00001	Time 5.447 (5.447)	Data 5.192 (5.192)	Loss 0.4571 (0.4571)	Prec@1 81.250 (81.250)	Prec@5 81.250 (81.250)
Epoch: [29][20/215], lr: 0.00001	Time 0.527 (1.032)	Data 0.000 (0.569)	Loss 0.5192 (0.5510)	Prec@1 68.750 (67.560)	Prec@5 68.750 (67.560)
Epoch: [29][40/215], lr: 0.00001	Time 0.527 (0.911)	Data 0.000 (0.428)	Loss 0.3913 (0.5432)	Prec@1 93.750 (68.750)	Prec@5 93.750 (68.750)
Epoch: [29][60/215], lr: 0.00001	Time 0.568 (0.830)	Data 0.000 (0.343)	Loss 0.3989 (0.5308)	Prec@1 81.250 (69.160)	Prec@5 81.250 (69.160)
Epoch: [29][80/215], lr: 0.00001	Time 0.536 (0.769)	Data 0.000 (0.276)	Loss 0.6522 (0.5338)	Prec@1 62.500 (69.753)	Prec@5 62.500 (69.753)
Epoch: [29][100/215], lr: 0.00001	Time 0.609 (0.734)	Data 0.000 (0.239)	Loss 0.5360 (0.5355)	Prec@1 75.000 (69.616)	Prec@5 75.000 (69.616)
Epoch: [29][120/215], lr: 0.00001	Time 0.544 (0.707)	Data 0.000 (0.210)	Loss 0.5068 (0.5316)	Prec@1 75.000 (69.680)	Prec@5 75.000 (69.680)
Epoch: [29][140/215], lr: 0.00001	Time 0.563 (0.692)	Data 0.000 (0.195)	Loss 0.3390 (0.5298)	Prec@1 93.750 (69.902)	Prec@5 93.750 (69.902)
Epoch: [29][160/215], lr: 0.00001	Time 0.534 (0.677)	Data 0.000 (0.177)	Loss 0.5970 (0.5271)	Prec@1 56.250 (70.031)	Prec@5 56.250 (70.031)
Epoch: [29][180/215], lr: 0.00001	Time 0.532 (0.669)	Data 0.000 (0.169)	Loss 0.5819 (0.5306)	Prec@1 68.750 (69.648)	Prec@5 68.750 (69.648)
Epoch: [29][200/215], lr: 0.00001	Time 0.517 (0.657)	Data 0.000 (0.155)	Loss 0.6837 (0.5372)	Prec@1 50.000 (69.279)	Prec@5 50.000 (69.279)
Test: [0/3]	Time 2.405 (2.405)	Loss 0.7439 (0.7439)	Prec@1 31.250 (31.250)	Prec@5 31.250 (31.250)
Testing Results: Prec@1 65.000 Prec@5 65.000 Loss 0.43997
Best Prec@1: 100.000

Freezing BatchNorm2D except the first one.
Epoch: [30][0/215], lr: 0.00001	Time 4.085 (4.085)	Data 3.774 (3.774)	Loss 0.5040 (0.5040)	Prec@1 81.250 (81.250)	Prec@5 81.250 (81.250)
Epoch: [30][20/215], lr: 0.00001	Time 0.515 (0.733)	Data 0.000 (0.242)	Loss 0.5427 (0.5120)	Prec@1 56.250 (70.833)	Prec@5 56.250 (70.833)
Epoch: [30][40/215], lr: 0.00001	Time 0.793 (0.658)	Data 0.542 (0.162)	Loss 0.5854 (0.5287)	Prec@1 62.500 (69.665)	Prec@5 62.500 (69.665)
Epoch: [30][60/215], lr: 0.00001	Time 0.545 (0.636)	Data 0.000 (0.133)	Loss 0.6575 (0.5280)	Prec@1 62.500 (69.672)	Prec@5 62.500 (69.672)
Epoch: [30][80/215], lr: 0.00001	Time 0.638 (0.626)	Data 0.215 (0.118)	Loss 0.6801 (0.5388)	Prec@1 62.500 (69.599)	Prec@5 62.500 (69.599)
Epoch: [30][100/215], lr: 0.00001	Time 0.543 (0.613)	Data 0.000 (0.103)	Loss 0.5406 (0.5445)	Prec@1 87.500 (69.740)	Prec@5 87.500 (69.740)
Epoch: [30][120/215], lr: 0.00001	Time 1.358 (0.612)	Data 1.103 (0.104)	Loss 0.5081 (0.5365)	Prec@1 75.000 (70.248)	Prec@5 75.000 (70.248)
Epoch: [30][140/215], lr: 0.00001	Time 0.545 (0.609)	Data 0.000 (0.100)	Loss 0.5584 (0.5366)	Prec@1 75.000 (69.858)	Prec@5 75.000 (69.858)
Epoch: [30][160/215], lr: 0.00001	Time 0.808 (0.605)	Data 0.554 (0.097)	Loss 0.5239 (0.5340)	Prec@1 81.250 (70.303)	Prec@5 81.250 (70.303)
Epoch: [30][180/215], lr: 0.00001	Time 0.457 (0.605)	Data 0.000 (0.096)	Loss 0.4523 (0.5314)	Prec@1 81.250 (70.304)	Prec@5 81.250 (70.304)
Epoch: [30][200/215], lr: 0.00001	Time 0.916 (0.605)	Data 0.672 (0.096)	Loss 0.5848 (0.5353)	Prec@1 68.750 (70.180)	Prec@5 68.750 (70.180)
Test: [0/3]	Time 2.781 (2.781)	Loss 0.6792 (0.6792)	Prec@1 62.500 (62.500)	Prec@5 62.500 (62.500)
Testing Results: Prec@1 80.000 Prec@5 80.000 Loss 0.39824
Best Prec@1: 100.000

Freezing BatchNorm2D except the first one.
Epoch: [31][0/215], lr: 0.00001	Time 5.371 (5.371)	Data 5.113 (5.113)	Loss 0.5818 (0.5818)	Prec@1 56.250 (56.250)	Prec@5 56.250 (56.250)
Epoch: [31][20/215], lr: 0.00001	Time 0.536 (0.860)	Data 0.000 (0.382)	Loss 0.5259 (0.5222)	Prec@1 62.500 (69.643)	Prec@5 62.500 (69.643)
Epoch: [31][40/215], lr: 0.00001	Time 0.599 (0.824)	Data 0.236 (0.345)	Loss 0.6360 (0.5380)	Prec@1 62.500 (68.445)	Prec@5 62.500 (68.445)
Epoch: [31][60/215], lr: 0.00001	Time 0.555 (0.793)	Data 0.000 (0.316)	Loss 0.4865 (0.5400)	Prec@1 87.500 (68.648)	Prec@5 87.500 (68.648)
Epoch: [31][80/215], lr: 0.00001	Time 1.189 (0.784)	Data 0.949 (0.311)	Loss 0.4304 (0.5450)	Prec@1 68.750 (68.287)	Prec@5 68.750 (68.287)
Epoch: [31][100/215], lr: 0.00001	Time 0.513 (0.796)	Data 0.000 (0.323)	Loss 0.7361 (0.5424)	Prec@1 56.250 (68.626)	Prec@5 56.250 (68.626)
Epoch: [31][120/215], lr: 0.00001	Time 0.536 (0.814)	Data 0.000 (0.340)	Loss 0.5165 (0.5309)	Prec@1 68.750 (69.835)	Prec@5 68.750 (69.835)
Epoch: [31][140/215], lr: 0.00001	Time 0.534 (0.842)	Data 0.000 (0.367)	Loss 0.5024 (0.5338)	Prec@1 75.000 (69.548)	Prec@5 75.000 (69.548)
Epoch: [31][160/215], lr: 0.00001	Time 0.518 (0.829)	Data 0.000 (0.353)	Loss 0.6150 (0.5355)	Prec@1 62.500 (69.216)	Prec@5 62.500 (69.216)
Epoch: [31][180/215], lr: 0.00001	Time 0.522 (0.878)	Data 0.000 (0.407)	Loss 0.4009 (0.5338)	Prec@1 81.250 (69.302)	Prec@5 81.250 (69.302)
Epoch: [31][200/215], lr: 0.00001	Time 6.893 (0.974)	Data 6.648 (0.503)	Loss 0.4438 (0.5348)	Prec@1 75.000 (69.341)	Prec@5 75.000 (69.341)
Test: [0/3]	Time 4.721 (4.721)	Loss 0.6283 (0.6283)	Prec@1 75.000 (75.000)	Prec@5 75.000 (75.000)
Testing Results: Prec@1 87.500 Prec@5 87.500 Loss 0.37655
Best Prec@1: 100.000

Freezing BatchNorm2D except the first one.
Epoch: [32][0/215], lr: 0.00001	Time 5.678 (5.678)	Data 5.422 (5.422)	Loss 0.8237 (0.8237)	Prec@1 56.250 (56.250)	Prec@5 56.250 (56.250)
Epoch: [32][20/215], lr: 0.00001	Time 0.533 (1.299)	Data 0.000 (0.852)	Loss 0.4921 (0.5429)	Prec@1 68.750 (66.369)	Prec@5 68.750 (66.369)
Epoch: [32][40/215], lr: 0.00001	Time 0.543 (1.213)	Data 0.000 (0.748)	Loss 0.4655 (0.5195)	Prec@1 93.750 (69.360)	Prec@5 93.750 (69.360)
Epoch: [32][60/215], lr: 0.00001	Time 0.937 (1.173)	Data 0.698 (0.713)	Loss 0.4765 (0.5120)	Prec@1 87.500 (70.389)	Prec@5 87.500 (70.389)
Epoch: [32][80/215], lr: 0.00001	Time 0.548 (1.203)	Data 0.000 (0.750)	Loss 0.4265 (0.5198)	Prec@1 81.250 (70.293)	Prec@5 81.250 (70.293)
Epoch: [32][100/215], lr: 0.00001	Time 0.551 (1.184)	Data 0.000 (0.728)	Loss 0.4359 (0.5236)	Prec@1 81.250 (70.050)	Prec@5 81.250 (70.050)
Epoch: [32][120/215], lr: 0.00001	Time 0.519 (1.155)	Data 0.000 (0.695)	Loss 0.4875 (0.5283)	Prec@1 75.000 (69.680)	Prec@5 75.000 (69.680)
Epoch: [32][140/215], lr: 0.00001	Time 0.520 (1.128)	Data 0.000 (0.665)	Loss 0.7219 (0.5272)	Prec@1 56.250 (69.592)	Prec@5 56.250 (69.592)
Epoch: [32][160/215], lr: 0.00001	Time 0.523 (1.105)	Data 0.000 (0.637)	Loss 0.6337 (0.5247)	Prec@1 50.000 (69.837)	Prec@5 50.000 (69.837)
Epoch: [32][180/215], lr: 0.00001	Time 0.536 (1.089)	Data 0.000 (0.620)	Loss 0.5463 (0.5244)	Prec@1 81.250 (69.890)	Prec@5 81.250 (69.890)
Epoch: [32][200/215], lr: 0.00001	Time 0.552 (1.077)	Data 0.000 (0.606)	Loss 0.5767 (0.5274)	Prec@1 81.250 (69.714)	Prec@5 81.250 (69.714)
Test: [0/3]	Time 2.727 (2.727)	Loss 0.8725 (0.8725)	Prec@1 18.750 (18.750)	Prec@5 18.750 (18.750)
Testing Results: Prec@1 60.000 Prec@5 60.000 Loss 0.47039
Best Prec@1: 100.000

Freezing BatchNorm2D except the first one.
Epoch: [33][0/215], lr: 0.00001	Time 7.356 (7.356)	Data 7.081 (7.081)	Loss 0.5014 (0.5014)	Prec@1 62.500 (62.500)	Prec@5 62.500 (62.500)
Epoch: [33][20/215], lr: 0.00001	Time 0.550 (1.104)	Data 0.000 (0.617)	Loss 0.4342 (0.5445)	Prec@1 87.500 (69.940)	Prec@5 87.500 (69.940)
Epoch: [33][40/215], lr: 0.00001	Time 4.337 (1.058)	Data 4.083 (0.582)	Loss 0.4284 (0.5396)	Prec@1 87.500 (69.817)	Prec@5 87.500 (69.817)
Epoch: [33][60/215], lr: 0.00001	Time 0.537 (0.926)	Data 0.000 (0.443)	Loss 0.3248 (0.5220)	Prec@1 87.500 (71.926)	Prec@5 87.500 (71.926)
Epoch: [33][80/215], lr: 0.00001	Time 0.537 (0.934)	Data 0.268 (0.450)	Loss 0.4221 (0.5285)	Prec@1 75.000 (70.679)	Prec@5 75.000 (70.679)
Epoch: [33][100/215], lr: 0.00001	Time 0.522 (0.885)	Data 0.000 (0.398)	Loss 0.7272 (0.5236)	Prec@1 68.750 (71.411)	Prec@5 68.750 (71.411)
Epoch: [33][120/215], lr: 0.00001	Time 3.715 (0.925)	Data 3.461 (0.440)	Loss 0.4349 (0.5277)	Prec@1 75.000 (70.971)	Prec@5 75.000 (70.971)
Epoch: [33][140/215], lr: 0.00001	Time 0.520 (0.920)	Data 0.000 (0.437)	Loss 0.5325 (0.5254)	Prec@1 81.250 (71.144)	Prec@5 81.250 (71.144)
Epoch: [33][160/215], lr: 0.00001	Time 0.516 (0.931)	Data 0.000 (0.451)	Loss 0.5922 (0.5282)	Prec@1 75.000 (70.807)	Prec@5 75.000 (70.807)
Epoch: [33][180/215], lr: 0.00001	Time 0.520 (0.952)	Data 0.000 (0.475)	Loss 0.4255 (0.5275)	Prec@1 81.250 (70.822)	Prec@5 81.250 (70.822)
Epoch: [33][200/215], lr: 0.00001	Time 0.513 (0.978)	Data 0.000 (0.500)	Loss 0.7051 (0.5316)	Prec@1 56.250 (70.522)	Prec@5 56.250 (70.522)
Test: [0/3]	Time 2.710 (2.710)	Loss 0.7267 (0.7267)	Prec@1 37.500 (37.500)	Prec@5 37.500 (37.500)
Testing Results: Prec@1 67.500 Prec@5 67.500 Loss 0.40278
Best Prec@1: 100.000

Freezing BatchNorm2D except the first one.
Epoch: [34][0/215], lr: 0.00001	Time 5.731 (5.731)	Data 5.466 (5.466)	Loss 0.5027 (0.5027)	Prec@1 62.500 (62.500)	Prec@5 62.500 (62.500)
Epoch: [34][20/215], lr: 0.00001	Time 0.511 (1.065)	Data 0.000 (0.623)	Loss 0.7275 (0.5762)	Prec@1 75.000 (66.964)	Prec@5 75.000 (66.964)
Epoch: [34][40/215], lr: 0.00001	Time 2.263 (0.972)	Data 2.013 (0.507)	Loss 0.5344 (0.5342)	Prec@1 75.000 (70.274)	Prec@5 75.000 (70.274)
Epoch: [34][60/215], lr: 0.00001	Time 0.533 (0.900)	Data 0.000 (0.422)	Loss 0.4370 (0.5292)	Prec@1 75.000 (70.082)	Prec@5 75.000 (70.082)
Epoch: [34][80/215], lr: 0.00001	Time 0.525 (0.836)	Data 0.000 (0.356)	Loss 0.4946 (0.5293)	Prec@1 68.750 (69.676)	Prec@5 68.750 (69.676)
Epoch: [34][100/215], lr: 0.00001	Time 0.524 (0.806)	Data 0.000 (0.326)	Loss 0.5817 (0.5255)	Prec@1 62.500 (69.678)	Prec@5 62.500 (69.678)
Epoch: [34][120/215], lr: 0.00001	Time 0.525 (0.818)	Data 0.000 (0.345)	Loss 0.6446 (0.5329)	Prec@1 62.500 (69.576)	Prec@5 62.500 (69.576)
Epoch: [34][140/215], lr: 0.00001	Time 0.519 (0.815)	Data 0.000 (0.339)	Loss 0.5241 (0.5325)	Prec@1 62.500 (69.592)	Prec@5 62.500 (69.592)
Epoch: [34][160/215], lr: 0.00001	Time 0.520 (0.808)	Data 0.000 (0.331)	Loss 0.6564 (0.5337)	Prec@1 68.750 (69.604)	Prec@5 68.750 (69.604)
Epoch: [34][180/215], lr: 0.00001	Time 0.534 (0.802)	Data 0.000 (0.324)	Loss 0.6517 (0.5332)	Prec@1 68.750 (69.337)	Prec@5 68.750 (69.337)
Epoch: [34][200/215], lr: 0.00001	Time 0.523 (0.806)	Data 0.000 (0.328)	Loss 0.4484 (0.5324)	Prec@1 75.000 (69.465)	Prec@5 75.000 (69.465)
Test: [0/3]	Time 2.631 (2.631)	Loss 0.6209 (0.6209)	Prec@1 75.000 (75.000)	Prec@5 75.000 (75.000)
Testing Results: Prec@1 87.500 Prec@5 87.500 Loss 0.35177
Best Prec@1: 100.000

Freezing BatchNorm2D except the first one.
Epoch: [35][0/215], lr: 0.00001	Time 5.828 (5.828)	Data 5.568 (5.568)	Loss 0.6562 (0.6562)	Prec@1 68.750 (68.750)	Prec@5 68.750 (68.750)
Epoch: [35][20/215], lr: 0.00001	Time 0.615 (0.930)	Data 0.000 (0.437)	Loss 0.3918 (0.5249)	Prec@1 75.000 (69.940)	Prec@5 75.000 (69.940)
Epoch: [35][40/215], lr: 0.00001	Time 0.651 (0.781)	Data 0.405 (0.288)	Loss 0.4753 (0.5419)	Prec@1 81.250 (68.140)	Prec@5 81.250 (68.140)
Epoch: [35][60/215], lr: 0.00001	Time 0.541 (0.729)	Data 0.000 (0.230)	Loss 0.5518 (0.5383)	Prec@1 81.250 (69.672)	Prec@5 81.250 (69.672)
Epoch: [35][80/215], lr: 0.00001	Time 0.639 (0.707)	Data 0.380 (0.214)	Loss 0.6045 (0.5385)	Prec@1 62.500 (70.216)	Prec@5 62.500 (70.216)
Epoch: [35][100/215], lr: 0.00001	Time 1.254 (0.697)	Data 1.001 (0.208)	Loss 0.5278 (0.5365)	Prec@1 68.750 (69.678)	Prec@5 68.750 (69.678)
Epoch: [35][120/215], lr: 0.00001	Time 1.173 (0.685)	Data 0.890 (0.196)	Loss 0.5087 (0.5296)	Prec@1 62.500 (70.351)	Prec@5 62.500 (70.351)
Epoch: [35][140/215], lr: 0.00001	Time 0.775 (0.680)	Data 0.534 (0.194)	Loss 0.5472 (0.5290)	Prec@1 87.500 (70.612)	Prec@5 87.500 (70.612)
Epoch: [35][160/215], lr: 0.00001	Time 0.906 (0.679)	Data 0.667 (0.196)	Loss 0.5184 (0.5276)	Prec@1 75.000 (70.730)	Prec@5 75.000 (70.730)
Epoch: [35][180/215], lr: 0.00001	Time 1.637 (0.677)	Data 1.385 (0.193)	Loss 0.5017 (0.5264)	Prec@1 75.000 (70.787)	Prec@5 75.000 (70.787)
Epoch: [35][200/215], lr: 0.00001	Time 0.556 (0.672)	Data 0.000 (0.185)	Loss 0.4750 (0.5272)	Prec@1 81.250 (70.864)	Prec@5 81.250 (70.864)
Test: [0/3]	Time 2.496 (2.496)	Loss 1.0946 (1.0946)	Prec@1 0.000 (0.000)	Prec@5 0.000 (0.000)
Testing Results: Prec@1 50.000 Prec@5 50.000 Loss 0.56058
Best Prec@1: 100.000

Freezing BatchNorm2D except the first one.
Epoch: [36][0/215], lr: 0.00001	Time 4.493 (4.493)	Data 4.164 (4.164)	Loss 0.6130 (0.6130)	Prec@1 43.750 (43.750)	Prec@5 43.750 (43.750)
Epoch: [36][20/215], lr: 0.00001	Time 0.522 (0.759)	Data 0.000 (0.248)	Loss 0.6609 (0.5451)	Prec@1 56.250 (68.750)	Prec@5 56.250 (68.750)
Epoch: [36][40/215], lr: 0.00001	Time 0.759 (0.662)	Data 0.488 (0.157)	Loss 0.4311 (0.5276)	Prec@1 75.000 (69.207)	Prec@5 75.000 (69.207)
Epoch: [36][60/215], lr: 0.00001	Time 0.509 (0.633)	Data 0.000 (0.133)	Loss 0.3470 (0.5382)	Prec@1 81.250 (68.443)	Prec@5 81.250 (68.443)
Epoch: [36][80/215], lr: 0.00001	Time 0.556 (0.622)	Data 0.000 (0.117)	Loss 0.5535 (0.5341)	Prec@1 62.500 (69.213)	Prec@5 62.500 (69.213)
Epoch: [36][100/215], lr: 0.00001	Time 0.479 (0.609)	Data 0.000 (0.105)	Loss 0.5035 (0.5280)	Prec@1 68.750 (69.183)	Prec@5 68.750 (69.183)
Epoch: [36][120/215], lr: 0.00001	Time 0.542 (0.601)	Data 0.000 (0.099)	Loss 0.5870 (0.5266)	Prec@1 68.750 (69.525)	Prec@5 68.750 (69.525)
Epoch: [36][140/215], lr: 0.00001	Time 0.537 (0.596)	Data 0.000 (0.095)	Loss 0.4841 (0.5270)	Prec@1 81.250 (69.858)	Prec@5 81.250 (69.858)
Epoch: [36][160/215], lr: 0.00001	Time 0.580 (0.595)	Data 0.000 (0.088)	Loss 0.6906 (0.5254)	Prec@1 50.000 (70.148)	Prec@5 50.000 (70.148)
Epoch: [36][180/215], lr: 0.00001	Time 0.584 (0.592)	Data 0.000 (0.082)	Loss 0.5577 (0.5257)	Prec@1 56.250 (70.131)	Prec@5 56.250 (70.131)
Epoch: [36][200/215], lr: 0.00001	Time 0.545 (0.588)	Data 0.000 (0.074)	Loss 0.6230 (0.5276)	Prec@1 62.500 (69.932)	Prec@5 62.500 (69.932)
Test: [0/3]	Time 2.372 (2.372)	Loss 1.0790 (1.0790)	Prec@1 0.000 (0.000)	Prec@5 0.000 (0.000)
Testing Results: Prec@1 50.000 Prec@5 50.000 Loss 0.55427
Best Prec@1: 100.000

Freezing BatchNorm2D except the first one.
Epoch: [37][0/215], lr: 0.00001	Time 4.306 (4.306)	Data 3.897 (3.897)	Loss 0.5103 (0.5103)	Prec@1 62.500 (62.500)	Prec@5 62.500 (62.500)
Epoch: [37][20/215], lr: 0.00001	Time 0.540 (0.730)	Data 0.000 (0.186)	Loss 0.6229 (0.5237)	Prec@1 62.500 (71.726)	Prec@5 62.500 (71.726)
Epoch: [37][40/215], lr: 0.00001	Time 0.523 (0.648)	Data 0.000 (0.095)	Loss 0.9046 (0.5367)	Prec@1 50.000 (69.207)	Prec@5 50.000 (69.207)
Epoch: [37][60/215], lr: 0.00001	Time 0.608 (0.617)	Data 0.000 (0.064)	Loss 0.4421 (0.5156)	Prec@1 68.750 (70.389)	Prec@5 68.750 (70.389)
Epoch: [37][80/215], lr: 0.00001	Time 0.515 (0.601)	Data 0.000 (0.048)	Loss 0.4152 (0.5256)	Prec@1 75.000 (69.522)	Prec@5 75.000 (69.522)
Epoch: [37][100/215], lr: 0.00001	Time 0.595 (0.592)	Data 0.000 (0.039)	Loss 0.5355 (0.5259)	Prec@1 62.500 (69.616)	Prec@5 62.500 (69.616)
Epoch: [37][120/215], lr: 0.00001	Time 0.534 (0.585)	Data 0.000 (0.032)	Loss 0.5712 (0.5225)	Prec@1 68.750 (69.990)	Prec@5 68.750 (69.990)
Epoch: [37][140/215], lr: 0.00001	Time 0.577 (0.580)	Data 0.000 (0.028)	Loss 0.4262 (0.5211)	Prec@1 81.250 (70.390)	Prec@5 81.250 (70.390)
Epoch: [37][160/215], lr: 0.00001	Time 0.629 (0.577)	Data 0.000 (0.024)	Loss 0.4487 (0.5251)	Prec@1 81.250 (70.031)	Prec@5 81.250 (70.031)
Epoch: [37][180/215], lr: 0.00001	Time 0.553 (0.574)	Data 0.000 (0.022)	Loss 0.3979 (0.5236)	Prec@1 81.250 (70.131)	Prec@5 81.250 (70.131)
Epoch: [37][200/215], lr: 0.00001	Time 0.511 (0.572)	Data 0.000 (0.020)	Loss 0.5469 (0.5195)	Prec@1 62.500 (70.585)	Prec@5 62.500 (70.585)
Test: [0/3]	Time 2.398 (2.398)	Loss 0.7032 (0.7032)	Prec@1 50.000 (50.000)	Prec@5 50.000 (50.000)
Testing Results: Prec@1 75.000 Prec@5 75.000 Loss 0.38660
Best Prec@1: 100.000

Freezing BatchNorm2D except the first one.
Epoch: [38][0/215], lr: 0.00001	Time 4.380 (4.380)	Data 4.091 (4.091)	Loss 0.6533 (0.6533)	Prec@1 68.750 (68.750)	Prec@5 68.750 (68.750)
Epoch: [38][20/215], lr: 0.00001	Time 0.603 (0.739)	Data 0.000 (0.195)	Loss 0.5674 (0.5550)	Prec@1 75.000 (66.964)	Prec@5 75.000 (66.964)
Epoch: [38][40/215], lr: 0.00001	Time 0.465 (0.648)	Data 0.000 (0.100)	Loss 0.5563 (0.5245)	Prec@1 68.750 (71.037)	Prec@5 68.750 (71.037)
Epoch: [38][60/215], lr: 0.00001	Time 0.538 (0.617)	Data 0.000 (0.067)	Loss 0.3508 (0.5279)	Prec@1 87.500 (70.594)	Prec@5 87.500 (70.594)
Epoch: [38][80/215], lr: 0.00001	Time 0.531 (0.602)	Data 0.000 (0.051)	Loss 0.5579 (0.5375)	Prec@1 68.750 (69.676)	Prec@5 68.750 (69.676)
Epoch: [38][100/215], lr: 0.00001	Time 0.592 (0.592)	Data 0.000 (0.041)	Loss 0.6566 (0.5380)	Prec@1 62.500 (69.740)	Prec@5 62.500 (69.740)
Epoch: [38][120/215], lr: 0.00001	Time 1.275 (0.592)	Data 1.025 (0.049)	Loss 0.4156 (0.5380)	Prec@1 75.000 (69.060)	Prec@5 75.000 (69.060)
Epoch: [38][140/215], lr: 0.00001	Time 0.553 (0.596)	Data 0.000 (0.058)	Loss 0.6133 (0.5363)	Prec@1 62.500 (69.149)	Prec@5 62.500 (69.149)
Epoch: [38][160/215], lr: 0.00001	Time 0.675 (0.595)	Data 0.217 (0.061)	Loss 0.4422 (0.5281)	Prec@1 68.750 (70.148)	Prec@5 68.750 (70.148)
Epoch: [38][180/215], lr: 0.00001	Time 0.467 (0.595)	Data 0.000 (0.066)	Loss 0.4987 (0.5234)	Prec@1 75.000 (70.269)	Prec@5 75.000 (70.269)
Epoch: [38][200/215], lr: 0.00001	Time 0.979 (0.602)	Data 0.683 (0.078)	Loss 0.7669 (0.5253)	Prec@1 68.750 (70.025)	Prec@5 68.750 (70.025)
Test: [0/3]	Time 2.767 (2.767)	Loss 0.8383 (0.8383)	Prec@1 25.000 (25.000)	Prec@5 25.000 (25.000)
Testing Results: Prec@1 62.500 Prec@5 62.500 Loss 0.44388
Best Prec@1: 100.000

Freezing BatchNorm2D except the first one.
Epoch: [39][0/215], lr: 0.00001	Time 5.003 (5.003)	Data 4.733 (4.733)	Loss 0.5714 (0.5714)	Prec@1 75.000 (75.000)	Prec@5 75.000 (75.000)
Epoch: [39][20/215], lr: 0.00001	Time 0.493 (0.843)	Data 0.000 (0.357)	Loss 0.4781 (0.5273)	Prec@1 87.500 (69.940)	Prec@5 87.500 (69.940)
Epoch: [39][40/215], lr: 0.00001	Time 0.532 (0.785)	Data 0.209 (0.293)	Loss 0.4551 (0.5137)	Prec@1 87.500 (70.884)	Prec@5 87.500 (70.884)
Epoch: [39][60/215], lr: 0.00001	Time 0.537 (0.720)	Data 0.000 (0.221)	Loss 0.7058 (0.5219)	Prec@1 56.250 (71.107)	Prec@5 56.250 (71.107)
Epoch: [39][80/215], lr: 0.00001	Time 1.638 (0.698)	Data 1.366 (0.199)	Loss 0.3807 (0.5220)	Prec@1 81.250 (71.065)	Prec@5 81.250 (71.065)
Epoch: [39][100/215], lr: 0.00001	Time 0.502 (0.682)	Data 0.000 (0.182)	Loss 0.5961 (0.5194)	Prec@1 75.000 (71.040)	Prec@5 75.000 (71.040)
Epoch: [39][120/215], lr: 0.00001	Time 0.509 (0.665)	Data 0.055 (0.166)	Loss 0.4894 (0.5248)	Prec@1 62.500 (70.351)	Prec@5 62.500 (70.351)
Epoch: [39][140/215], lr: 0.00001	Time 0.645 (0.665)	Data 0.000 (0.165)	Loss 0.4684 (0.5212)	Prec@1 75.000 (70.833)	Prec@5 75.000 (70.833)
Epoch: [39][160/215], lr: 0.00001	Time 1.404 (0.667)	Data 1.139 (0.173)	Loss 0.7037 (0.5221)	Prec@1 62.500 (70.691)	Prec@5 62.500 (70.691)
Epoch: [39][180/215], lr: 0.00001	Time 0.525 (0.668)	Data 0.000 (0.174)	Loss 0.5421 (0.5255)	Prec@1 81.250 (70.407)	Prec@5 81.250 (70.407)
Epoch: [39][200/215], lr: 0.00001	Time 0.529 (0.661)	Data 0.000 (0.166)	Loss 0.5303 (0.5273)	Prec@1 56.250 (70.149)	Prec@5 56.250 (70.149)
Test: [0/3]	Time 2.506 (2.506)	Loss 1.0751 (1.0751)	Prec@1 6.250 (6.250)	Prec@5 6.250 (6.250)
Testing Results: Prec@1 55.000 Prec@5 55.000 Loss 0.55664
Best Prec@1: 100.000

Freezing BatchNorm2D except the first one.
Epoch: [40][0/215], lr: 0.00000	Time 5.004 (5.004)	Data 4.732 (4.732)	Loss 0.6335 (0.6335)	Prec@1 50.000 (50.000)	Prec@5 50.000 (50.000)
Epoch: [40][20/215], lr: 0.00000	Time 0.531 (0.828)	Data 0.000 (0.340)	Loss 0.4890 (0.5107)	Prec@1 81.250 (74.702)	Prec@5 81.250 (74.702)
Epoch: [40][40/215], lr: 0.00000	Time 0.534 (0.704)	Data 0.000 (0.202)	Loss 0.2544 (0.5057)	Prec@1 93.750 (73.780)	Prec@5 93.750 (73.780)
Epoch: [40][60/215], lr: 0.00000	Time 0.556 (0.653)	Data 0.000 (0.142)	Loss 0.4373 (0.5168)	Prec@1 87.500 (73.053)	Prec@5 87.500 (73.053)
Epoch: [40][80/215], lr: 0.00000	Time 0.549 (0.635)	Data 0.000 (0.122)	Loss 0.4073 (0.5045)	Prec@1 93.750 (73.534)	Prec@5 93.750 (73.534)
Epoch: [40][100/215], lr: 0.00000	Time 0.662 (0.625)	Data 0.000 (0.108)	Loss 0.5220 (0.5110)	Prec@1 62.500 (72.710)	Prec@5 62.500 (72.710)
Epoch: [40][120/215], lr: 0.00000	Time 0.596 (0.613)	Data 0.000 (0.090)	Loss 0.5407 (0.5105)	Prec@1 68.750 (72.417)	Prec@5 68.750 (72.417)
Epoch: [40][140/215], lr: 0.00000	Time 0.581 (0.605)	Data 0.000 (0.078)	Loss 0.5334 (0.5092)	Prec@1 68.750 (72.606)	Prec@5 68.750 (72.606)
Epoch: [40][160/215], lr: 0.00000	Time 0.521 (0.598)	Data 0.000 (0.068)	Loss 0.4521 (0.5162)	Prec@1 68.750 (71.623)	Prec@5 68.750 (71.623)
Epoch: [40][180/215], lr: 0.00000	Time 0.555 (0.592)	Data 0.000 (0.060)	Loss 0.4621 (0.5186)	Prec@1 75.000 (71.340)	Prec@5 75.000 (71.340)
Epoch: [40][200/215], lr: 0.00000	Time 0.563 (0.588)	Data 0.000 (0.055)	Loss 0.3794 (0.5178)	Prec@1 87.500 (71.362)	Prec@5 87.500 (71.362)
Test: [0/3]	Time 2.406 (2.406)	Loss 0.9855 (0.9855)	Prec@1 6.250 (6.250)	Prec@5 6.250 (6.250)
Testing Results: Prec@1 55.000 Prec@5 55.000 Loss 0.51728
Best Prec@1: 100.000

Freezing BatchNorm2D except the first one.
Epoch: [41][0/215], lr: 0.00000	Time 4.683 (4.683)	Data 4.423 (4.423)	Loss 0.6372 (0.6372)	Prec@1 56.250 (56.250)	Prec@5 56.250 (56.250)
Epoch: [41][20/215], lr: 0.00000	Time 0.534 (0.748)	Data 0.001 (0.231)	Loss 0.6230 (0.5118)	Prec@1 75.000 (69.048)	Prec@5 75.000 (69.048)
Epoch: [41][40/215], lr: 0.00000	Time 0.765 (0.664)	Data 0.501 (0.148)	Loss 0.7051 (0.5174)	Prec@1 56.250 (69.970)	Prec@5 56.250 (69.970)
Epoch: [41][60/215], lr: 0.00000	Time 0.585 (0.636)	Data 0.000 (0.118)	Loss 0.3235 (0.5347)	Prec@1 93.750 (69.672)	Prec@5 93.750 (69.672)
Epoch: [41][80/215], lr: 0.00000	Time 0.950 (0.640)	Data 0.711 (0.128)	Loss 0.5489 (0.5242)	Prec@1 62.500 (70.525)	Prec@5 62.500 (70.525)
Epoch: [41][100/215], lr: 0.00000	Time 0.605 (0.691)	Data 0.000 (0.183)	Loss 0.4664 (0.5165)	Prec@1 68.750 (70.916)	Prec@5 68.750 (70.916)
Epoch: [41][120/215], lr: 0.00000	Time 0.534 (0.723)	Data 0.000 (0.216)	Loss 0.4481 (0.5094)	Prec@1 75.000 (71.281)	Prec@5 75.000 (71.281)
Epoch: [41][140/215], lr: 0.00000	Time 0.523 (0.717)	Data 0.000 (0.214)	Loss 0.7482 (0.5133)	Prec@1 50.000 (70.833)	Prec@5 50.000 (70.833)
Epoch: [41][160/215], lr: 0.00000	Time 0.520 (0.741)	Data 0.000 (0.239)	Loss 0.5731 (0.5161)	Prec@1 75.000 (71.040)	Prec@5 75.000 (71.040)
Epoch: [41][180/215], lr: 0.00000	Time 0.526 (0.776)	Data 0.000 (0.276)	Loss 0.4753 (0.5188)	Prec@1 56.250 (70.925)	Prec@5 56.250 (70.925)
Epoch: [41][200/215], lr: 0.00000	Time 0.521 (0.791)	Data 0.000 (0.293)	Loss 0.5006 (0.5187)	Prec@1 75.000 (71.020)	Prec@5 75.000 (71.020)
Test: [0/3]	Time 2.858 (2.858)	Loss 0.9364 (0.9364)	Prec@1 6.250 (6.250)	Prec@5 6.250 (6.250)
Testing Results: Prec@1 55.000 Prec@5 55.000 Loss 0.49654
Best Prec@1: 100.000

Freezing BatchNorm2D except the first one.
Epoch: [42][0/215], lr: 0.00000	Time 5.556 (5.556)	Data 5.307 (5.307)	Loss 0.7512 (0.7512)	Prec@1 50.000 (50.000)	Prec@5 50.000 (50.000)
Epoch: [42][20/215], lr: 0.00000	Time 0.545 (0.877)	Data 0.000 (0.396)	Loss 0.8081 (0.5123)	Prec@1 68.750 (70.536)	Prec@5 68.750 (70.536)
Epoch: [42][40/215], lr: 0.00000	Time 0.782 (0.812)	Data 0.538 (0.335)	Loss 0.7498 (0.5231)	Prec@1 50.000 (69.360)	Prec@5 50.000 (69.360)
Epoch: [42][60/215], lr: 0.00000	Time 0.538 (0.738)	Data 0.000 (0.261)	Loss 0.4283 (0.5139)	Prec@1 81.250 (69.877)	Prec@5 81.250 (69.877)
Epoch: [42][80/215], lr: 0.00000	Time 0.536 (0.745)	Data 0.000 (0.268)	Loss 0.5887 (0.5154)	Prec@1 56.250 (69.676)	Prec@5 56.250 (69.676)
Epoch: [42][100/215], lr: 0.00000	Time 0.656 (0.726)	Data 0.000 (0.242)	Loss 0.4481 (0.5086)	Prec@1 81.250 (70.545)	Prec@5 81.250 (70.545)
Epoch: [42][120/215], lr: 0.00000	Time 0.526 (0.710)	Data 0.000 (0.224)	Loss 0.7239 (0.5168)	Prec@1 62.500 (69.990)	Prec@5 62.500 (69.990)
Epoch: [42][140/215], lr: 0.00000	Time 0.608 (0.698)	Data 0.000 (0.208)	Loss 0.5755 (0.5160)	Prec@1 81.250 (69.858)	Prec@5 81.250 (69.858)
Epoch: [42][160/215], lr: 0.00000	Time 0.723 (0.704)	Data 0.483 (0.215)	Loss 0.3985 (0.5157)	Prec@1 81.250 (70.148)	Prec@5 81.250 (70.148)
Epoch: [42][180/215], lr: 0.00000	Time 0.530 (0.695)	Data 0.000 (0.206)	Loss 0.4859 (0.5131)	Prec@1 68.750 (70.407)	Prec@5 68.750 (70.407)
Epoch: [42][200/215], lr: 0.00000	Time 0.483 (0.696)	Data 0.000 (0.209)	Loss 0.6116 (0.5156)	Prec@1 56.250 (70.522)	Prec@5 56.250 (70.522)
Test: [0/3]	Time 2.785 (2.785)	Loss 0.9714 (0.9714)	Prec@1 6.250 (6.250)	Prec@5 6.250 (6.250)
Testing Results: Prec@1 55.000 Prec@5 55.000 Loss 0.51116
Best Prec@1: 100.000

Freezing BatchNorm2D except the first one.
Epoch: [43][0/215], lr: 0.00000	Time 5.112 (5.112)	Data 4.858 (4.858)	Loss 0.4915 (0.4915)	Prec@1 75.000 (75.000)	Prec@5 75.000 (75.000)
Epoch: [43][20/215], lr: 0.00000	Time 0.490 (0.773)	Data 0.000 (0.272)	Loss 0.4901 (0.5373)	Prec@1 75.000 (68.452)	Prec@5 75.000 (68.452)
Epoch: [43][40/215], lr: 0.00000	Time 1.493 (0.718)	Data 1.235 (0.223)	Loss 0.6065 (0.5446)	Prec@1 56.250 (68.293)	Prec@5 56.250 (68.293)
Epoch: [43][60/215], lr: 0.00000	Time 0.532 (0.673)	Data 0.000 (0.170)	Loss 0.5845 (0.5309)	Prec@1 75.000 (70.594)	Prec@5 75.000 (70.594)
Epoch: [43][80/215], lr: 0.00000	Time 0.834 (0.654)	Data 0.588 (0.150)	Loss 0.3443 (0.5241)	Prec@1 87.500 (71.528)	Prec@5 87.500 (71.528)
Epoch: [43][100/215], lr: 0.00000	Time 0.525 (0.643)	Data 0.000 (0.141)	Loss 0.4957 (0.5122)	Prec@1 68.750 (72.525)	Prec@5 68.750 (72.525)
Epoch: [43][120/215], lr: 0.00000	Time 1.257 (0.652)	Data 0.946 (0.153)	Loss 0.4812 (0.5120)	Prec@1 68.750 (72.572)	Prec@5 68.750 (72.572)
Epoch: [43][140/215], lr: 0.00000	Time 0.511 (0.647)	Data 0.000 (0.149)	Loss 0.5706 (0.5065)	Prec@1 56.250 (73.183)	Prec@5 56.250 (73.183)
Epoch: [43][160/215], lr: 0.00000	Time 0.482 (0.641)	Data 0.000 (0.142)	Loss 0.5712 (0.5078)	Prec@1 62.500 (73.137)	Prec@5 62.500 (73.137)
Epoch: [43][180/215], lr: 0.00000	Time 0.527 (0.632)	Data 0.000 (0.135)	Loss 0.4556 (0.5080)	Prec@1 87.500 (72.894)	Prec@5 87.500 (72.894)
Epoch: [43][200/215], lr: 0.00000	Time 0.564 (0.629)	Data 0.294 (0.131)	Loss 0.5134 (0.5091)	Prec@1 68.750 (72.948)	Prec@5 68.750 (72.948)
Test: [0/3]	Time 2.595 (2.595)	Loss 0.9891 (0.9891)	Prec@1 6.250 (6.250)	Prec@5 6.250 (6.250)
Testing Results: Prec@1 52.500 Prec@5 52.500 Loss 0.51799
Best Prec@1: 100.000

Freezing BatchNorm2D except the first one.
Epoch: [44][0/215], lr: 0.00000	Time 5.329 (5.329)	Data 5.054 (5.054)	Loss 0.4202 (0.4202)	Prec@1 75.000 (75.000)	Prec@5 75.000 (75.000)
Epoch: [44][20/215], lr: 0.00000	Time 0.538 (0.805)	Data 0.000 (0.295)	Loss 0.4380 (0.5023)	Prec@1 75.000 (71.429)	Prec@5 75.000 (71.429)
Epoch: [44][40/215], lr: 0.00000	Time 0.582 (0.697)	Data 0.334 (0.186)	Loss 0.4567 (0.5029)	Prec@1 81.250 (72.409)	Prec@5 81.250 (72.409)
Epoch: [44][60/215], lr: 0.00000	Time 0.575 (0.656)	Data 0.000 (0.142)	Loss 0.9600 (0.5119)	Prec@1 68.750 (72.848)	Prec@5 68.750 (72.848)
Epoch: [44][80/215], lr: 0.00000	Time 0.567 (0.644)	Data 0.258 (0.132)	Loss 0.4448 (0.5076)	Prec@1 81.250 (72.299)	Prec@5 81.250 (72.299)
Epoch: [44][100/215], lr: 0.00000	Time 0.556 (0.629)	Data 0.000 (0.116)	Loss 0.3941 (0.5067)	Prec@1 87.500 (72.153)	Prec@5 87.500 (72.153)
Epoch: [44][120/215], lr: 0.00000	Time 0.529 (0.620)	Data 0.264 (0.104)	Loss 0.6148 (0.5075)	Prec@1 62.500 (72.004)	Prec@5 62.500 (72.004)
Epoch: [44][140/215], lr: 0.00000	Time 0.539 (0.611)	Data 0.000 (0.095)	Loss 0.3535 (0.5093)	Prec@1 75.000 (71.543)	Prec@5 75.000 (71.543)
Epoch: [44][160/215], lr: 0.00000	Time 1.388 (0.613)	Data 1.148 (0.098)	Loss 0.4799 (0.5122)	Prec@1 62.500 (71.467)	Prec@5 62.500 (71.467)
Epoch: [44][180/215], lr: 0.00000	Time 0.546 (0.610)	Data 0.000 (0.095)	Loss 0.5695 (0.5097)	Prec@1 56.250 (71.202)	Prec@5 56.250 (71.202)
Epoch: [44][200/215], lr: 0.00000	Time 0.961 (0.623)	Data 0.715 (0.110)	Loss 0.4671 (0.5102)	Prec@1 81.250 (71.393)	Prec@5 81.250 (71.393)
Test: [0/3]	Time 2.773 (2.773)	Loss 0.9161 (0.9161)	Prec@1 12.500 (12.500)	Prec@5 12.500 (12.500)
Testing Results: Prec@1 57.500 Prec@5 57.500 Loss 0.48224
Best Prec@1: 100.000

Freezing BatchNorm2D except the first one.
Epoch: [45][0/215], lr: 0.00000	Time 6.377 (6.377)	Data 6.082 (6.082)	Loss 0.4901 (0.4901)	Prec@1 75.000 (75.000)	Prec@5 75.000 (75.000)
Epoch: [45][20/215], lr: 0.00000	Time 0.535 (0.903)	Data 0.000 (0.411)	Loss 0.7012 (0.5110)	Prec@1 56.250 (72.024)	Prec@5 56.250 (72.024)
Epoch: [45][40/215], lr: 0.00000	Time 0.815 (0.759)	Data 0.577 (0.268)	Loss 0.4187 (0.5062)	Prec@1 81.250 (71.494)	Prec@5 81.250 (71.494)
Epoch: [45][60/215], lr: 0.00000	Time 0.523 (0.712)	Data 0.000 (0.231)	Loss 0.5970 (0.5075)	Prec@1 68.750 (71.926)	Prec@5 68.750 (71.926)
Epoch: [45][80/215], lr: 0.00000	Time 0.525 (0.851)	Data 0.000 (0.386)	Loss 0.7604 (0.5204)	Prec@1 50.000 (70.525)	Prec@5 50.000 (70.525)
Epoch: [45][100/215], lr: 0.00000	Time 0.521 (0.931)	Data 0.000 (0.465)	Loss 0.5038 (0.5269)	Prec@1 68.750 (69.926)	Prec@5 68.750 (69.926)
Epoch: [45][120/215], lr: 0.00000	Time 0.530 (0.932)	Data 0.000 (0.463)	Loss 0.4478 (0.5220)	Prec@1 87.500 (70.351)	Prec@5 87.500 (70.351)
Epoch: [45][140/215], lr: 0.00000	Time 0.520 (0.921)	Data 0.000 (0.449)	Loss 0.4091 (0.5202)	Prec@1 75.000 (70.213)	Prec@5 75.000 (70.213)
Epoch: [45][160/215], lr: 0.00000	Time 0.530 (0.891)	Data 0.000 (0.416)	Loss 0.4762 (0.5238)	Prec@1 62.500 (69.565)	Prec@5 62.500 (69.565)
Epoch: [45][180/215], lr: 0.00000	Time 0.519 (0.887)	Data 0.000 (0.412)	Loss 0.4336 (0.5247)	Prec@1 68.750 (69.544)	Prec@5 68.750 (69.544)
Epoch: [45][200/215], lr: 0.00000	Time 0.521 (0.879)	Data 0.000 (0.401)	Loss 0.4477 (0.5192)	Prec@1 75.000 (70.274)	Prec@5 75.000 (70.274)
Test: [0/3]	Time 2.883 (2.883)	Loss 0.9955 (0.9955)	Prec@1 6.250 (6.250)	Prec@5 6.250 (6.250)
Testing Results: Prec@1 52.500 Prec@5 52.500 Loss 0.52451
Best Prec@1: 100.000

Freezing BatchNorm2D except the first one.
Epoch: [46][0/215], lr: 0.00000	Time 5.312 (5.312)	Data 5.026 (5.026)	Loss 0.4962 (0.4962)	Prec@1 68.750 (68.750)	Prec@5 68.750 (68.750)
Epoch: [46][20/215], lr: 0.00000	Time 0.531 (0.918)	Data 0.000 (0.435)	Loss 0.5525 (0.5151)	Prec@1 68.750 (71.131)	Prec@5 68.750 (71.131)
Epoch: [46][40/215], lr: 0.00000	Time 0.797 (0.799)	Data 0.551 (0.306)	Loss 0.3955 (0.5082)	Prec@1 68.750 (71.189)	Prec@5 68.750 (71.189)
Epoch: [46][60/215], lr: 0.00000	Time 0.524 (0.748)	Data 0.000 (0.255)	Loss 0.5364 (0.5017)	Prec@1 62.500 (71.107)	Prec@5 62.500 (71.107)
Epoch: [46][80/215], lr: 0.00000	Time 0.532 (0.719)	Data 0.212 (0.228)	Loss 0.7089 (0.5198)	Prec@1 50.000 (70.525)	Prec@5 50.000 (70.525)
Epoch: [46][100/215], lr: 0.00000	Time 0.525 (0.733)	Data 0.000 (0.244)	Loss 0.5522 (0.5219)	Prec@1 81.250 (70.111)	Prec@5 81.250 (70.111)
Epoch: [46][120/215], lr: 0.00000	Time 0.528 (0.714)	Data 0.000 (0.221)	Loss 0.3366 (0.5169)	Prec@1 87.500 (70.971)	Prec@5 87.500 (70.971)
Epoch: [46][140/215], lr: 0.00000	Time 0.540 (0.729)	Data 0.000 (0.240)	Loss 0.5690 (0.5155)	Prec@1 56.250 (70.745)	Prec@5 56.250 (70.745)
Epoch: [46][160/215], lr: 0.00000	Time 0.526 (0.751)	Data 0.000 (0.261)	Loss 0.5010 (0.5144)	Prec@1 68.750 (71.002)	Prec@5 68.750 (71.002)
Epoch: [46][180/215], lr: 0.00000	Time 0.533 (0.743)	Data 0.000 (0.250)	Loss 0.4722 (0.5158)	Prec@1 81.250 (70.856)	Prec@5 81.250 (70.856)
Epoch: [46][200/215], lr: 0.00000	Time 0.529 (0.771)	Data 0.000 (0.278)	Loss 0.5357 (0.5118)	Prec@1 68.750 (71.206)	Prec@5 68.750 (71.206)
Test: [0/3]	Time 2.870 (2.870)	Loss 0.9874 (0.9874)	Prec@1 6.250 (6.250)	Prec@5 6.250 (6.250)
Testing Results: Prec@1 55.000 Prec@5 55.000 Loss 0.51395
Best Prec@1: 100.000

Freezing BatchNorm2D except the first one.
Epoch: [47][0/215], lr: 0.00000	Time 4.908 (4.908)	Data 4.590 (4.590)	Loss 0.5387 (0.5387)	Prec@1 62.500 (62.500)	Prec@5 62.500 (62.500)
Epoch: [47][20/215], lr: 0.00000	Time 0.443 (0.809)	Data 0.000 (0.310)	Loss 0.4716 (0.4938)	Prec@1 75.000 (71.131)	Prec@5 75.000 (71.131)
Epoch: [47][40/215], lr: 0.00000	Time 1.900 (0.736)	Data 1.658 (0.238)	Loss 0.3990 (0.5168)	Prec@1 75.000 (69.817)	Prec@5 75.000 (69.817)
Epoch: [47][60/215], lr: 0.00000	Time 0.464 (0.690)	Data 0.000 (0.187)	Loss 0.6675 (0.5157)	Prec@1 62.500 (71.311)	Prec@5 62.500 (71.311)
Epoch: [47][80/215], lr: 0.00000	Time 0.541 (0.694)	Data 0.245 (0.193)	Loss 0.6189 (0.5164)	Prec@1 62.500 (72.145)	Prec@5 62.500 (72.145)
Epoch: [47][100/215], lr: 0.00000	Time 0.528 (0.672)	Data 0.000 (0.171)	Loss 0.6522 (0.5147)	Prec@1 62.500 (72.463)	Prec@5 62.500 (72.463)
Epoch: [47][120/215], lr: 0.00000	Time 2.435 (0.690)	Data 2.187 (0.191)	Loss 0.5524 (0.5168)	Prec@1 68.750 (72.211)	Prec@5 68.750 (72.211)
Epoch: [47][140/215], lr: 0.00000	Time 0.520 (0.699)	Data 0.000 (0.203)	Loss 0.3823 (0.5242)	Prec@1 81.250 (71.321)	Prec@5 81.250 (71.321)
Epoch: [47][160/215], lr: 0.00000	Time 0.936 (0.714)	Data 0.693 (0.219)	Loss 0.4664 (0.5194)	Prec@1 68.750 (71.778)	Prec@5 68.750 (71.778)
Epoch: [47][180/215], lr: 0.00000	Time 0.527 (0.708)	Data 0.000 (0.211)	Loss 0.3800 (0.5155)	Prec@1 81.250 (72.134)	Prec@5 81.250 (72.134)
Epoch: [47][200/215], lr: 0.00000	Time 2.876 (0.713)	Data 2.623 (0.217)	Loss 0.5036 (0.5152)	Prec@1 68.750 (71.797)	Prec@5 68.750 (71.797)
Test: [0/3]	Time 3.778 (3.778)	Loss 1.0389 (1.0389)	Prec@1 6.250 (6.250)	Prec@5 6.250 (6.250)
Testing Results: Prec@1 55.000 Prec@5 55.000 Loss 0.53777
Best Prec@1: 100.000

Freezing BatchNorm2D except the first one.
Epoch: [48][0/215], lr: 0.00000	Time 4.746 (4.746)	Data 4.458 (4.458)	Loss 0.5948 (0.5948)	Prec@1 50.000 (50.000)	Prec@5 50.000 (50.000)
Epoch: [48][20/215], lr: 0.00000	Time 0.524 (0.771)	Data 0.000 (0.297)	Loss 0.3914 (0.4993)	Prec@1 75.000 (71.726)	Prec@5 75.000 (71.726)
Epoch: [48][40/215], lr: 0.00000	Time 0.474 (0.708)	Data 0.000 (0.235)	Loss 0.3451 (0.5095)	Prec@1 81.250 (68.140)	Prec@5 81.250 (68.140)
Epoch: [48][60/215], lr: 0.00000	Time 0.514 (0.755)	Data 0.000 (0.300)	Loss 0.4512 (0.5196)	Prec@1 75.000 (68.033)	Prec@5 75.000 (68.033)
Epoch: [48][80/215], lr: 0.00000	Time 0.620 (0.759)	Data 0.000 (0.295)	Loss 0.5936 (0.5233)	Prec@1 50.000 (68.056)	Prec@5 50.000 (68.056)
Epoch: [48][100/215], lr: 0.00000	Time 0.528 (0.752)	Data 0.000 (0.281)	Loss 0.6741 (0.5180)	Prec@1 50.000 (68.069)	Prec@5 50.000 (68.069)
Epoch: [48][120/215], lr: 0.00000	Time 0.523 (0.753)	Data 0.000 (0.281)	Loss 0.5867 (0.5220)	Prec@1 75.000 (68.233)	Prec@5 75.000 (68.233)
Epoch: [48][140/215], lr: 0.00000	Time 1.678 (0.746)	Data 1.440 (0.270)	Loss 0.4008 (0.5241)	Prec@1 87.500 (68.395)	Prec@5 87.500 (68.395)
Epoch: [48][160/215], lr: 0.00000	Time 0.557 (0.740)	Data 0.000 (0.264)	Loss 0.4373 (0.5203)	Prec@1 75.000 (68.944)	Prec@5 75.000 (68.944)
Epoch: [48][180/215], lr: 0.00000	Time 4.092 (0.751)	Data 3.843 (0.275)	Loss 0.3914 (0.5199)	Prec@1 81.250 (69.095)	Prec@5 81.250 (69.095)
Epoch: [48][200/215], lr: 0.00000	Time 0.502 (0.736)	Data 0.000 (0.258)	Loss 0.6857 (0.5179)	Prec@1 50.000 (69.123)	Prec@5 50.000 (69.123)
Test: [0/3]	Time 2.666 (2.666)	Loss 1.0134 (1.0134)	Prec@1 6.250 (6.250)	Prec@5 6.250 (6.250)
Testing Results: Prec@1 55.000 Prec@5 55.000 Loss 0.52604
Best Prec@1: 100.000

Freezing BatchNorm2D except the first one.
Epoch: [49][0/215], lr: 0.00000	Time 4.521 (4.521)	Data 4.086 (4.086)	Loss 0.5511 (0.5511)	Prec@1 56.250 (56.250)	Prec@5 56.250 (56.250)
Epoch: [49][20/215], lr: 0.00000	Time 0.539 (0.747)	Data 0.000 (0.229)	Loss 0.6564 (0.5162)	Prec@1 68.750 (73.810)	Prec@5 68.750 (73.810)
Epoch: [49][40/215], lr: 0.00000	Time 1.362 (0.682)	Data 1.124 (0.164)	Loss 0.4224 (0.5146)	Prec@1 81.250 (73.780)	Prec@5 81.250 (73.780)
Epoch: [49][60/215], lr: 0.00000	Time 0.523 (0.666)	Data 0.000 (0.153)	Loss 0.4607 (0.5196)	Prec@1 56.250 (72.746)	Prec@5 56.250 (72.746)
Epoch: [49][80/215], lr: 0.00000	Time 2.656 (0.720)	Data 2.409 (0.219)	Loss 0.3769 (0.5102)	Prec@1 93.750 (72.762)	Prec@5 93.750 (72.762)
Epoch: [49][100/215], lr: 0.00000	Time 0.588 (0.695)	Data 0.000 (0.193)	Loss 0.4392 (0.5072)	Prec@1 81.250 (72.896)	Prec@5 81.250 (72.896)
Epoch: [49][120/215], lr: 0.00000	Time 1.224 (0.685)	Data 0.959 (0.185)	Loss 1.3096 (0.5183)	Prec@1 43.750 (72.366)	Prec@5 43.750 (72.366)
Epoch: [49][140/215], lr: 0.00000	Time 0.494 (0.671)	Data 0.000 (0.169)	Loss 0.3215 (0.5152)	Prec@1 87.500 (72.030)	Prec@5 87.500 (72.030)
Epoch: [49][160/215], lr: 0.00000	Time 1.286 (0.661)	Data 1.045 (0.161)	Loss 0.5446 (0.5181)	Prec@1 62.500 (71.467)	Prec@5 62.500 (71.467)
Epoch: [49][180/215], lr: 0.00000	Time 1.456 (0.661)	Data 1.216 (0.166)	Loss 0.5839 (0.5184)	Prec@1 56.250 (71.409)	Prec@5 56.250 (71.409)
Epoch: [49][200/215], lr: 0.00000	Time 0.527 (0.668)	Data 0.000 (0.172)	Loss 0.6036 (0.5140)	Prec@1 81.250 (71.486)	Prec@5 81.250 (71.486)
Test: [0/3]	Time 2.659 (2.659)	Loss 0.9553 (0.9553)	Prec@1 12.500 (12.500)	Prec@5 12.500 (12.500)
Testing Results: Prec@1 57.500 Prec@5 57.500 Loss 0.49887
Best Prec@1: 100.000

