Training BioVid TSM from 0 to 0 val_IDs, in gp22 server
 
 
Runing with val ID 0 ...
biovid: 2 classes
storing name: TSM_biovid2_RGB_resnet50_shift8_blockres_avg_segment16_e50_lr1e-04_val0_gp22
creating folder log/TSM_biovid2_RGB_resnet50_shift8_blockres_avg_segment16_e50_lr1e-04_val0_gp22
creating folder checkpoint/TSM_biovid2_RGB_resnet50_shift8_blockres_avg_segment16_e50_lr1e-04_val0_gp22

    Initializing TSN with base model: resnet50.
    TSN Configurations:
        input_modality:     RGB
        num_segments:       16
        new_length:         1
        consensus_module:   avg
        dropout_ratio:      0.5
        img_feature_dim:    256
            
=> base model: resnet50
Adding temporal shift...
=> n_segment per stage: [16, 16, 16, 16]
=> Processing stage with 3 blocks residual
=> Using fold div: 8
=> Using fold div: 8
=> Using fold div: 8
=> Processing stage with 4 blocks residual
=> Using fold div: 8
=> Using fold div: 8
=> Using fold div: 8
=> Using fold div: 8
=> Processing stage with 6 blocks residual
=> Using fold div: 8
=> Using fold div: 8
=> Using fold div: 8
=> Using fold div: 8
=> Using fold div: 8
=> Using fold div: 8
=> Processing stage with 3 blocks residual
=> Using fold div: 8
=> Using fold div: 8
=> Using fold div: 8
generating training list of 86 subjects...
video clips:3440
validating BioVid with subject: 071309_w_21
video clips:40
group: first_conv_weight has 1 params, lr_mult: 1, decay_mult: 1
group: first_conv_bias has 0 params, lr_mult: 2, decay_mult: 0
group: normal_weight has 52 params, lr_mult: 1, decay_mult: 1
group: normal_bias has 0 params, lr_mult: 2, decay_mult: 0
group: BN scale/shift has 2 params, lr_mult: 1, decay_mult: 0
group: custom_ops has 0 params, lr_mult: 1, decay_mult: 1
group: lr5_weight has 1 params, lr_mult: 5, decay_mult: 1
group: lr10_bias has 1 params, lr_mult: 10, decay_mult: 0
Freezing BatchNorm2D except the first one.
Epoch: [0][0/215], lr: 0.00010	Time 12.648 (12.648)	Data 4.070 (4.070)	Loss 0.6948 (0.6948)	Prec@1 56.250 (56.250)	Prec@5 56.250 (56.250)
Epoch: [0][20/215], lr: 0.00010	Time 0.515 (1.092)	Data 0.000 (0.194)	Loss 0.6815 (0.6956)	Prec@1 62.500 (55.060)	Prec@5 62.500 (55.060)
Epoch: [0][40/215], lr: 0.00010	Time 0.540 (0.813)	Data 0.000 (0.099)	Loss 0.6996 (0.7124)	Prec@1 50.000 (51.982)	Prec@5 50.000 (51.982)
Epoch: [0][60/215], lr: 0.00010	Time 0.517 (0.718)	Data 0.000 (0.067)	Loss 0.6624 (0.7104)	Prec@1 62.500 (51.025)	Prec@5 62.500 (51.025)
Epoch: [0][80/215], lr: 0.00010	Time 0.518 (0.670)	Data 0.000 (0.050)	Loss 0.6932 (0.7114)	Prec@1 50.000 (49.769)	Prec@5 50.000 (49.769)
Epoch: [0][100/215], lr: 0.00010	Time 0.523 (0.641)	Data 0.000 (0.040)	Loss 0.6855 (0.7072)	Prec@1 43.750 (50.124)	Prec@5 43.750 (50.124)
Epoch: [0][120/215], lr: 0.00010	Time 0.523 (0.621)	Data 0.000 (0.034)	Loss 0.7110 (0.7065)	Prec@1 43.750 (50.671)	Prec@5 43.750 (50.671)
Epoch: [0][140/215], lr: 0.00010	Time 0.539 (0.607)	Data 0.000 (0.029)	Loss 0.6923 (0.7054)	Prec@1 43.750 (50.709)	Prec@5 43.750 (50.709)
Epoch: [0][160/215], lr: 0.00010	Time 0.517 (0.596)	Data 0.000 (0.025)	Loss 0.6029 (0.7038)	Prec@1 75.000 (51.203)	Prec@5 75.000 (51.203)
Epoch: [0][180/215], lr: 0.00010	Time 0.527 (0.588)	Data 0.000 (0.023)	Loss 0.6763 (0.7040)	Prec@1 56.250 (51.209)	Prec@5 56.250 (51.209)
Epoch: [0][200/215], lr: 0.00010	Time 0.521 (0.582)	Data 0.000 (0.020)	Loss 0.6610 (0.7032)	Prec@1 68.750 (51.275)	Prec@5 68.750 (51.275)
Test: [0/3]	Time 4.273 (4.273)	Loss 0.5142 (0.5142)	Prec@1 100.000 (100.000)	Prec@5 100.000 (100.000)
Testing Results: Prec@1 50.000 Prec@5 50.000 Loss 0.69840
Best Prec@1: 50.000
Freezing BatchNorm2D except the first one.
Epoch: [1][0/215], lr: 0.00010	Time 5.170 (5.170)	Data 4.631 (4.631)	Loss 0.6416 (0.6416)	Prec@1 75.000 (75.000)	Prec@5 75.000 (75.000)
Epoch: [1][20/215], lr: 0.00010	Time 0.541 (0.746)	Data 0.000 (0.221)	Loss 0.6727 (0.6747)	Prec@1 62.500 (57.738)	Prec@5 62.500 (57.738)
Epoch: [1][40/215], lr: 0.00010	Time 0.527 (0.638)	Data 0.000 (0.113)	Loss 0.6772 (0.6805)	Prec@1 56.250 (57.622)	Prec@5 56.250 (57.622)
Epoch: [1][60/215], lr: 0.00010	Time 0.523 (0.601)	Data 0.000 (0.076)	Loss 0.6806 (0.6835)	Prec@1 56.250 (56.762)	Prec@5 56.250 (56.762)
Epoch: [1][80/215], lr: 0.00010	Time 0.520 (0.581)	Data 0.000 (0.057)	Loss 0.6889 (0.6886)	Prec@1 75.000 (55.710)	Prec@5 75.000 (55.710)
Epoch: [1][100/215], lr: 0.00010	Time 0.522 (0.569)	Data 0.000 (0.046)	Loss 0.7029 (0.6905)	Prec@1 50.000 (54.332)	Prec@5 50.000 (54.332)
Epoch: [1][120/215], lr: 0.00010	Time 0.539 (0.562)	Data 0.000 (0.038)	Loss 0.6883 (0.6892)	Prec@1 50.000 (54.545)	Prec@5 50.000 (54.545)
Epoch: [1][140/215], lr: 0.00010	Time 0.518 (0.556)	Data 0.000 (0.033)	Loss 0.6477 (0.6893)	Prec@1 68.750 (54.566)	Prec@5 68.750 (54.566)
Epoch: [1][160/215], lr: 0.00010	Time 0.528 (0.552)	Data 0.000 (0.029)	Loss 0.7198 (0.6904)	Prec@1 25.000 (54.154)	Prec@5 25.000 (54.154)
Epoch: [1][180/215], lr: 0.00010	Time 0.523 (0.549)	Data 0.000 (0.026)	Loss 0.7290 (0.6908)	Prec@1 37.500 (53.833)	Prec@5 37.500 (53.833)
Epoch: [1][200/215], lr: 0.00010	Time 0.534 (0.546)	Data 0.000 (0.023)	Loss 0.6947 (0.6906)	Prec@1 50.000 (53.918)	Prec@5 50.000 (53.918)
Test: [0/3]	Time 3.276 (3.276)	Loss 0.5532 (0.5532)	Prec@1 100.000 (100.000)	Prec@5 100.000 (100.000)
Testing Results: Prec@1 52.500 Prec@5 52.500 Loss 0.67954
Best Prec@1: 52.500
Freezing BatchNorm2D except the first one.
Epoch: [2][0/215], lr: 0.00010	Time 3.525 (3.525)	Data 3.285 (3.285)	Loss 0.6888 (0.6888)	Prec@1 43.750 (43.750)	Prec@5 43.750 (43.750)
Epoch: [2][20/215], lr: 0.00010	Time 0.520 (0.672)	Data 0.000 (0.157)	Loss 0.6415 (0.6938)	Prec@1 68.750 (54.167)	Prec@5 68.750 (54.167)
Epoch: [2][40/215], lr: 0.00010	Time 0.517 (0.600)	Data 0.000 (0.080)	Loss 0.7071 (0.6859)	Prec@1 43.750 (54.726)	Prec@5 43.750 (54.726)
Epoch: [2][60/215], lr: 0.00010	Time 0.539 (0.575)	Data 0.000 (0.054)	Loss 0.7074 (0.6881)	Prec@1 56.250 (53.279)	Prec@5 56.250 (53.279)
Epoch: [2][80/215], lr: 0.00010	Time 0.523 (0.562)	Data 0.000 (0.041)	Loss 0.6012 (0.6864)	Prec@1 75.000 (53.549)	Prec@5 75.000 (53.549)
Epoch: [2][100/215], lr: 0.00010	Time 0.519 (0.554)	Data 0.000 (0.033)	Loss 0.6972 (0.6860)	Prec@1 37.500 (54.022)	Prec@5 37.500 (54.022)
Epoch: [2][120/215], lr: 0.00010	Time 0.534 (0.549)	Data 0.000 (0.027)	Loss 0.6501 (0.6844)	Prec@1 56.250 (54.236)	Prec@5 56.250 (54.236)
Epoch: [2][140/215], lr: 0.00010	Time 0.522 (0.546)	Data 0.000 (0.023)	Loss 0.6314 (0.6839)	Prec@1 62.500 (54.965)	Prec@5 62.500 (54.965)
Epoch: [2][160/215], lr: 0.00010	Time 0.519 (0.543)	Data 0.000 (0.021)	Loss 0.6472 (0.6858)	Prec@1 68.750 (54.930)	Prec@5 68.750 (54.930)
Epoch: [2][180/215], lr: 0.00010	Time 0.520 (0.541)	Data 0.000 (0.018)	Loss 0.6474 (0.6868)	Prec@1 56.250 (54.800)	Prec@5 56.250 (54.800)
Epoch: [2][200/215], lr: 0.00010	Time 0.540 (0.539)	Data 0.000 (0.016)	Loss 0.6421 (0.6866)	Prec@1 68.750 (54.944)	Prec@5 68.750 (54.944)
Test: [0/3]	Time 2.605 (2.605)	Loss 0.5306 (0.5306)	Prec@1 100.000 (100.000)	Prec@5 100.000 (100.000)
Testing Results: Prec@1 52.500 Prec@5 52.500 Loss 0.67543
Best Prec@1: 52.500
Freezing BatchNorm2D except the first one.
Epoch: [3][0/215], lr: 0.00010	Time 3.638 (3.638)	Data 3.341 (3.341)	Loss 0.6800 (0.6800)	Prec@1 62.500 (62.500)	Prec@5 62.500 (62.500)
Epoch: [3][20/215], lr: 0.00010	Time 0.542 (0.679)	Data 0.000 (0.159)	Loss 0.6937 (0.6790)	Prec@1 50.000 (53.869)	Prec@5 50.000 (53.869)
Epoch: [3][40/215], lr: 0.00010	Time 0.538 (0.604)	Data 0.000 (0.082)	Loss 0.6733 (0.6822)	Prec@1 43.750 (54.116)	Prec@5 43.750 (54.116)
Epoch: [3][60/215], lr: 0.00010	Time 0.543 (0.578)	Data 0.000 (0.055)	Loss 0.6464 (0.6790)	Prec@1 62.500 (55.533)	Prec@5 62.500 (55.533)
Epoch: [3][80/215], lr: 0.00010	Time 0.520 (0.564)	Data 0.000 (0.041)	Loss 0.6581 (0.6804)	Prec@1 62.500 (55.401)	Prec@5 62.500 (55.401)
Epoch: [3][100/215], lr: 0.00010	Time 0.522 (0.556)	Data 0.000 (0.033)	Loss 0.7321 (0.6808)	Prec@1 43.750 (55.198)	Prec@5 43.750 (55.198)
Epoch: [3][120/215], lr: 0.00010	Time 0.519 (0.550)	Data 0.000 (0.028)	Loss 0.7077 (0.6809)	Prec@1 43.750 (55.165)	Prec@5 43.750 (55.165)
Epoch: [3][140/215], lr: 0.00010	Time 0.521 (0.547)	Data 0.000 (0.024)	Loss 0.6472 (0.6796)	Prec@1 56.250 (55.629)	Prec@5 56.250 (55.629)
Epoch: [3][160/215], lr: 0.00010	Time 0.525 (0.544)	Data 0.000 (0.021)	Loss 0.7371 (0.6783)	Prec@1 43.750 (56.211)	Prec@5 43.750 (56.211)
Epoch: [3][180/215], lr: 0.00010	Time 0.519 (0.542)	Data 0.000 (0.019)	Loss 0.7035 (0.6788)	Prec@1 62.500 (56.423)	Prec@5 62.500 (56.423)
Epoch: [3][200/215], lr: 0.00010	Time 0.520 (0.540)	Data 0.000 (0.017)	Loss 0.6646 (0.6774)	Prec@1 56.250 (56.654)	Prec@5 56.250 (56.654)
Test: [0/3]	Time 2.757 (2.757)	Loss 0.4212 (0.4212)	Prec@1 100.000 (100.000)	Prec@5 100.000 (100.000)
Testing Results: Prec@1 52.500 Prec@5 52.500 Loss 0.68134
Best Prec@1: 52.500
Freezing BatchNorm2D except the first one.
Epoch: [4][0/215], lr: 0.00010	Time 3.651 (3.651)	Data 3.411 (3.411)	Loss 0.6995 (0.6995)	Prec@1 43.750 (43.750)	Prec@5 43.750 (43.750)
Epoch: [4][20/215], lr: 0.00010	Time 0.548 (0.684)	Data 0.000 (0.163)	Loss 0.7115 (0.6819)	Prec@1 43.750 (54.762)	Prec@5 43.750 (54.762)
Epoch: [4][40/215], lr: 0.00010	Time 0.519 (0.606)	Data 0.000 (0.083)	Loss 0.6428 (0.6792)	Prec@1 56.250 (55.793)	Prec@5 56.250 (55.793)
Epoch: [4][60/215], lr: 0.00010	Time 0.526 (0.579)	Data 0.000 (0.056)	Loss 0.7124 (0.6796)	Prec@1 56.250 (55.533)	Prec@5 56.250 (55.533)
Epoch: [4][80/215], lr: 0.00010	Time 0.519 (0.566)	Data 0.000 (0.042)	Loss 0.6511 (0.6759)	Prec@1 43.750 (56.404)	Prec@5 43.750 (56.404)
Epoch: [4][100/215], lr: 0.00010	Time 0.522 (0.558)	Data 0.000 (0.034)	Loss 0.6720 (0.6723)	Prec@1 50.000 (56.993)	Prec@5 50.000 (56.993)
Epoch: [4][120/215], lr: 0.00010	Time 0.531 (0.552)	Data 0.000 (0.028)	Loss 0.6348 (0.6708)	Prec@1 68.750 (57.800)	Prec@5 68.750 (57.800)
Epoch: [4][140/215], lr: 0.00010	Time 0.520 (0.549)	Data 0.000 (0.024)	Loss 0.7431 (0.6728)	Prec@1 37.500 (57.270)	Prec@5 37.500 (57.270)
Epoch: [4][160/215], lr: 0.00010	Time 0.525 (0.546)	Data 0.000 (0.021)	Loss 0.6918 (0.6722)	Prec@1 62.500 (57.259)	Prec@5 62.500 (57.259)
Epoch: [4][180/215], lr: 0.00010	Time 0.524 (0.543)	Data 0.000 (0.019)	Loss 0.7982 (0.6729)	Prec@1 31.250 (57.010)	Prec@5 31.250 (57.010)
Epoch: [4][200/215], lr: 0.00010	Time 0.520 (0.541)	Data 0.000 (0.017)	Loss 0.7322 (0.6734)	Prec@1 43.750 (57.183)	Prec@5 43.750 (57.183)
Test: [0/3]	Time 2.946 (2.946)	Loss 0.3450 (0.3450)	Prec@1 100.000 (100.000)	Prec@5 100.000 (100.000)
Testing Results: Prec@1 52.500 Prec@5 52.500 Loss 0.69995
Best Prec@1: 52.500
Freezing BatchNorm2D except the first one.
Epoch: [5][0/215], lr: 0.00010	Time 3.541 (3.541)	Data 3.301 (3.301)	Loss 0.6139 (0.6139)	Prec@1 68.750 (68.750)	Prec@5 68.750 (68.750)
Epoch: [5][20/215], lr: 0.00010	Time 0.556 (0.677)	Data 0.000 (0.157)	Loss 0.6597 (0.6610)	Prec@1 68.750 (60.714)	Prec@5 68.750 (60.714)
Epoch: [5][40/215], lr: 0.00010	Time 0.524 (0.603)	Data 0.000 (0.081)	Loss 0.6584 (0.6637)	Prec@1 62.500 (60.823)	Prec@5 62.500 (60.823)
Epoch: [5][60/215], lr: 0.00010	Time 0.525 (0.579)	Data 0.000 (0.054)	Loss 0.6110 (0.6586)	Prec@1 62.500 (60.861)	Prec@5 62.500 (60.861)
Epoch: [5][80/215], lr: 0.00010	Time 0.522 (0.565)	Data 0.000 (0.041)	Loss 0.6476 (0.6639)	Prec@1 50.000 (59.259)	Prec@5 50.000 (59.259)
Epoch: [5][100/215], lr: 0.00010	Time 0.525 (0.557)	Data 0.000 (0.033)	Loss 0.7622 (0.6643)	Prec@1 37.500 (58.911)	Prec@5 37.500 (58.911)
Epoch: [5][120/215], lr: 0.00010	Time 0.520 (0.552)	Data 0.000 (0.027)	Loss 0.6516 (0.6671)	Prec@1 68.750 (58.626)	Prec@5 68.750 (58.626)
Epoch: [5][140/215], lr: 0.00010	Time 0.522 (0.549)	Data 0.000 (0.024)	Loss 0.8359 (0.6690)	Prec@1 31.250 (58.023)	Prec@5 31.250 (58.023)
Epoch: [5][160/215], lr: 0.00010	Time 0.522 (0.546)	Data 0.000 (0.021)	Loss 0.7452 (0.6695)	Prec@1 37.500 (57.531)	Prec@5 37.500 (57.531)
Epoch: [5][180/215], lr: 0.00010	Time 0.522 (0.543)	Data 0.000 (0.018)	Loss 0.6424 (0.6685)	Prec@1 56.250 (57.838)	Prec@5 56.250 (57.838)
Epoch: [5][200/215], lr: 0.00010	Time 0.522 (0.542)	Data 0.000 (0.017)	Loss 0.6682 (0.6679)	Prec@1 62.500 (58.053)	Prec@5 62.500 (58.053)
Test: [0/3]	Time 3.106 (3.106)	Loss 0.4147 (0.4147)	Prec@1 100.000 (100.000)	Prec@5 100.000 (100.000)
Testing Results: Prec@1 60.000 Prec@5 60.000 Loss 0.64878
Best Prec@1: 60.000
Freezing BatchNorm2D except the first one.
Epoch: [6][0/215], lr: 0.00010	Time 4.252 (4.252)	Data 3.930 (3.930)	Loss 0.7547 (0.7547)	Prec@1 56.250 (56.250)	Prec@5 56.250 (56.250)
Epoch: [6][20/215], lr: 0.00010	Time 0.524 (0.707)	Data 0.000 (0.187)	Loss 0.7106 (0.6732)	Prec@1 50.000 (56.548)	Prec@5 50.000 (56.548)
Epoch: [6][40/215], lr: 0.00010	Time 0.500 (0.618)	Data 0.000 (0.096)	Loss 0.7075 (0.6794)	Prec@1 56.250 (55.183)	Prec@5 56.250 (55.183)
Epoch: [6][60/215], lr: 0.00010	Time 0.521 (0.588)	Data 0.000 (0.065)	Loss 0.7128 (0.6733)	Prec@1 50.000 (56.250)	Prec@5 50.000 (56.250)
Epoch: [6][80/215], lr: 0.00010	Time 0.523 (0.573)	Data 0.000 (0.049)	Loss 0.6547 (0.6655)	Prec@1 50.000 (57.870)	Prec@5 50.000 (57.870)
Epoch: [6][100/215], lr: 0.00010	Time 0.522 (0.564)	Data 0.000 (0.039)	Loss 0.6552 (0.6597)	Prec@1 62.500 (59.158)	Prec@5 62.500 (59.158)
Epoch: [6][120/215], lr: 0.00010	Time 0.520 (0.557)	Data 0.000 (0.033)	Loss 0.7292 (0.6573)	Prec@1 50.000 (59.866)	Prec@5 50.000 (59.866)
Epoch: [6][140/215], lr: 0.00010	Time 0.524 (0.553)	Data 0.000 (0.028)	Loss 0.5180 (0.6564)	Prec@1 75.000 (60.195)	Prec@5 75.000 (60.195)
Epoch: [6][160/215], lr: 0.00010	Time 0.522 (0.549)	Data 0.000 (0.025)	Loss 0.6526 (0.6600)	Prec@1 62.500 (59.666)	Prec@5 62.500 (59.666)
Epoch: [6][180/215], lr: 0.00010	Time 0.505 (0.546)	Data 0.000 (0.022)	Loss 0.5706 (0.6580)	Prec@1 75.000 (59.530)	Prec@5 75.000 (59.530)
Epoch: [6][200/215], lr: 0.00010	Time 0.520 (0.544)	Data 0.000 (0.020)	Loss 0.6090 (0.6596)	Prec@1 62.500 (59.359)	Prec@5 62.500 (59.359)
Test: [0/3]	Time 3.127 (3.127)	Loss 0.3026 (0.3026)	Prec@1 100.000 (100.000)	Prec@5 100.000 (100.000)
Testing Results: Prec@1 55.000 Prec@5 55.000 Loss 0.68987
Best Prec@1: 60.000
Freezing BatchNorm2D except the first one.
Epoch: [7][0/215], lr: 0.00010	Time 3.593 (3.593)	Data 3.350 (3.350)	Loss 0.6636 (0.6636)	Prec@1 62.500 (62.500)	Prec@5 62.500 (62.500)
Epoch: [7][20/215], lr: 0.00010	Time 0.521 (0.678)	Data 0.000 (0.160)	Loss 0.7027 (0.6429)	Prec@1 50.000 (59.821)	Prec@5 50.000 (59.821)
Epoch: [7][40/215], lr: 0.00010	Time 0.522 (0.603)	Data 0.000 (0.082)	Loss 0.6253 (0.6526)	Prec@1 68.750 (60.366)	Prec@5 68.750 (60.366)
Epoch: [7][60/215], lr: 0.00010	Time 0.535 (0.578)	Data 0.000 (0.055)	Loss 0.6029 (0.6600)	Prec@1 75.000 (59.734)	Prec@5 75.000 (59.734)
Epoch: [7][80/215], lr: 0.00010	Time 0.521 (0.565)	Data 0.000 (0.041)	Loss 0.5826 (0.6621)	Prec@1 68.750 (59.182)	Prec@5 68.750 (59.182)
Epoch: [7][100/215], lr: 0.00010	Time 0.523 (0.557)	Data 0.000 (0.033)	Loss 0.6281 (0.6599)	Prec@1 75.000 (59.406)	Prec@5 75.000 (59.406)
Epoch: [7][120/215], lr: 0.00010	Time 0.520 (0.551)	Data 0.000 (0.028)	Loss 0.7200 (0.6608)	Prec@1 62.500 (59.401)	Prec@5 62.500 (59.401)
Epoch: [7][140/215], lr: 0.00010	Time 0.522 (0.548)	Data 0.000 (0.024)	Loss 0.5949 (0.6599)	Prec@1 81.250 (59.707)	Prec@5 81.250 (59.707)
Epoch: [7][160/215], lr: 0.00010	Time 0.524 (0.544)	Data 0.000 (0.021)	Loss 0.5984 (0.6599)	Prec@1 68.750 (59.511)	Prec@5 68.750 (59.511)
Epoch: [7][180/215], lr: 0.00010	Time 0.521 (0.542)	Data 0.000 (0.019)	Loss 0.7514 (0.6596)	Prec@1 56.250 (59.738)	Prec@5 56.250 (59.738)
Epoch: [7][200/215], lr: 0.00010	Time 0.534 (0.541)	Data 0.000 (0.017)	Loss 0.5883 (0.6575)	Prec@1 50.000 (59.826)	Prec@5 50.000 (59.826)
Test: [0/3]	Time 2.825 (2.825)	Loss 0.2506 (0.2506)	Prec@1 100.000 (100.000)	Prec@5 100.000 (100.000)
Testing Results: Prec@1 57.500 Prec@5 57.500 Loss 0.69080
Best Prec@1: 60.000
Freezing BatchNorm2D except the first one.
Epoch: [8][0/215], lr: 0.00010	Time 3.346 (3.346)	Data 3.093 (3.093)	Loss 0.5864 (0.5864)	Prec@1 68.750 (68.750)	Prec@5 68.750 (68.750)
Epoch: [8][20/215], lr: 0.00010	Time 0.523 (0.667)	Data 0.000 (0.147)	Loss 0.7246 (0.6121)	Prec@1 50.000 (64.583)	Prec@5 50.000 (64.583)
Epoch: [8][40/215], lr: 0.00010	Time 0.524 (0.598)	Data 0.000 (0.076)	Loss 0.6751 (0.6403)	Prec@1 50.000 (61.433)	Prec@5 50.000 (61.433)
Epoch: [8][60/215], lr: 0.00010	Time 0.531 (0.574)	Data 0.000 (0.051)	Loss 0.5766 (0.6432)	Prec@1 68.750 (60.553)	Prec@5 68.750 (60.553)
Epoch: [8][80/215], lr: 0.00010	Time 0.521 (0.562)	Data 0.000 (0.038)	Loss 0.6466 (0.6507)	Prec@1 62.500 (59.336)	Prec@5 62.500 (59.336)
Epoch: [8][100/215], lr: 0.00010	Time 0.525 (0.555)	Data 0.000 (0.031)	Loss 0.5965 (0.6450)	Prec@1 75.000 (60.644)	Prec@5 75.000 (60.644)
Epoch: [8][120/215], lr: 0.00010	Time 0.520 (0.550)	Data 0.000 (0.026)	Loss 0.6905 (0.6427)	Prec@1 56.250 (61.364)	Prec@5 56.250 (61.364)
Epoch: [8][140/215], lr: 0.00010	Time 0.540 (0.547)	Data 0.000 (0.022)	Loss 0.5170 (0.6421)	Prec@1 75.000 (61.392)	Prec@5 75.000 (61.392)
Epoch: [8][160/215], lr: 0.00010	Time 0.520 (0.544)	Data 0.000 (0.019)	Loss 0.5970 (0.6432)	Prec@1 68.750 (60.908)	Prec@5 68.750 (60.908)
Epoch: [8][180/215], lr: 0.00010	Time 0.541 (0.542)	Data 0.000 (0.017)	Loss 0.5491 (0.6422)	Prec@1 87.500 (60.981)	Prec@5 87.500 (60.981)
Epoch: [8][200/215], lr: 0.00010	Time 0.518 (0.540)	Data 0.000 (0.016)	Loss 0.5280 (0.6432)	Prec@1 68.750 (60.572)	Prec@5 68.750 (60.572)
Test: [0/3]	Time 3.225 (3.225)	Loss 0.2756 (0.2756)	Prec@1 100.000 (100.000)	Prec@5 100.000 (100.000)
Testing Results: Prec@1 52.500 Prec@5 52.500 Loss 0.74469
Best Prec@1: 60.000
Freezing BatchNorm2D except the first one.
Epoch: [9][0/215], lr: 0.00010	Time 3.731 (3.731)	Data 3.479 (3.479)	Loss 0.6575 (0.6575)	Prec@1 50.000 (50.000)	Prec@5 50.000 (50.000)
Epoch: [9][20/215], lr: 0.00010	Time 0.563 (0.685)	Data 0.000 (0.177)	Loss 0.7012 (0.6528)	Prec@1 50.000 (58.631)	Prec@5 50.000 (58.631)
Epoch: [9][40/215], lr: 0.00010	Time 0.534 (0.607)	Data 0.000 (0.091)	Loss 0.5428 (0.6381)	Prec@1 68.750 (60.976)	Prec@5 68.750 (60.976)
Epoch: [9][60/215], lr: 0.00010	Time 0.524 (0.581)	Data 0.000 (0.061)	Loss 0.7132 (0.6386)	Prec@1 56.250 (61.475)	Prec@5 56.250 (61.475)
Epoch: [9][80/215], lr: 0.00010	Time 0.530 (0.568)	Data 0.000 (0.046)	Loss 0.6614 (0.6320)	Prec@1 56.250 (62.577)	Prec@5 56.250 (62.577)
Epoch: [9][100/215], lr: 0.00010	Time 0.521 (0.559)	Data 0.000 (0.037)	Loss 0.6501 (0.6331)	Prec@1 62.500 (62.129)	Prec@5 62.500 (62.129)
Epoch: [9][120/215], lr: 0.00010	Time 0.546 (0.554)	Data 0.000 (0.031)	Loss 0.5526 (0.6325)	Prec@1 62.500 (62.138)	Prec@5 62.500 (62.138)
Epoch: [9][140/215], lr: 0.00010	Time 0.524 (0.550)	Data 0.000 (0.026)	Loss 0.6313 (0.6326)	Prec@1 56.250 (62.367)	Prec@5 56.250 (62.367)
Epoch: [9][160/215], lr: 0.00010	Time 0.550 (0.547)	Data 0.000 (0.023)	Loss 0.7607 (0.6331)	Prec@1 56.250 (62.228)	Prec@5 56.250 (62.228)
Epoch: [9][180/215], lr: 0.00010	Time 0.521 (0.544)	Data 0.000 (0.021)	Loss 0.6552 (0.6317)	Prec@1 68.750 (62.155)	Prec@5 68.750 (62.155)
Epoch: [9][200/215], lr: 0.00010	Time 0.520 (0.542)	Data 0.000 (0.019)	Loss 0.8392 (0.6324)	Prec@1 62.500 (62.127)	Prec@5 62.500 (62.127)
Test: [0/3]	Time 2.819 (2.819)	Loss 0.1462 (0.1462)	Prec@1 100.000 (100.000)	Prec@5 100.000 (100.000)
Testing Results: Prec@1 55.000 Prec@5 55.000 Loss 0.82310
Best Prec@1: 60.000
Freezing BatchNorm2D except the first one.
Epoch: [10][0/215], lr: 0.00010	Time 4.028 (4.028)	Data 3.775 (3.775)	Loss 0.6803 (0.6803)	Prec@1 56.250 (56.250)	Prec@5 56.250 (56.250)
Epoch: [10][20/215], lr: 0.00010	Time 0.524 (0.698)	Data 0.000 (0.180)	Loss 0.4403 (0.5983)	Prec@1 81.250 (64.286)	Prec@5 81.250 (64.286)
Epoch: [10][40/215], lr: 0.00010	Time 0.521 (0.613)	Data 0.000 (0.092)	Loss 0.7006 (0.6112)	Prec@1 50.000 (63.415)	Prec@5 50.000 (63.415)
Epoch: [10][60/215], lr: 0.00010	Time 0.521 (0.584)	Data 0.000 (0.062)	Loss 0.6242 (0.6121)	Prec@1 56.250 (63.627)	Prec@5 56.250 (63.627)
Epoch: [10][80/215], lr: 0.00010	Time 0.529 (0.570)	Data 0.000 (0.047)	Loss 0.6476 (0.6160)	Prec@1 56.250 (63.503)	Prec@5 56.250 (63.503)
Epoch: [10][100/215], lr: 0.00010	Time 0.522 (0.561)	Data 0.000 (0.038)	Loss 0.6124 (0.6165)	Prec@1 50.000 (62.995)	Prec@5 50.000 (62.995)
Epoch: [10][120/215], lr: 0.00010	Time 0.530 (0.555)	Data 0.000 (0.031)	Loss 0.6127 (0.6225)	Prec@1 62.500 (62.552)	Prec@5 62.500 (62.552)
Epoch: [10][140/215], lr: 0.00010	Time 0.518 (0.551)	Data 0.000 (0.027)	Loss 0.6387 (0.6251)	Prec@1 50.000 (62.190)	Prec@5 50.000 (62.190)
Epoch: [10][160/215], lr: 0.00010	Time 0.520 (0.548)	Data 0.000 (0.024)	Loss 0.5817 (0.6252)	Prec@1 62.500 (62.267)	Prec@5 62.500 (62.267)
Epoch: [10][180/215], lr: 0.00010	Time 0.528 (0.546)	Data 0.000 (0.021)	Loss 0.5994 (0.6254)	Prec@1 56.250 (61.878)	Prec@5 56.250 (61.878)
Epoch: [10][200/215], lr: 0.00010	Time 0.521 (0.544)	Data 0.000 (0.019)	Loss 0.6284 (0.6237)	Prec@1 62.500 (61.909)	Prec@5 62.500 (61.909)
Test: [0/3]	Time 2.658 (2.658)	Loss 0.1127 (0.1127)	Prec@1 100.000 (100.000)	Prec@5 100.000 (100.000)
Testing Results: Prec@1 57.500 Prec@5 57.500 Loss 0.82578
Best Prec@1: 60.000
Freezing BatchNorm2D except the first one.
Epoch: [11][0/215], lr: 0.00010	Time 3.420 (3.420)	Data 3.137 (3.137)	Loss 0.5885 (0.5885)	Prec@1 68.750 (68.750)	Prec@5 68.750 (68.750)
Epoch: [11][20/215], lr: 0.00010	Time 0.524 (0.671)	Data 0.000 (0.150)	Loss 0.5445 (0.5913)	Prec@1 81.250 (63.393)	Prec@5 81.250 (63.393)
Epoch: [11][40/215], lr: 0.00010	Time 0.525 (0.602)	Data 0.000 (0.077)	Loss 0.6410 (0.6169)	Prec@1 56.250 (60.976)	Prec@5 56.250 (60.976)
Epoch: [11][60/215], lr: 0.00010	Time 0.525 (0.577)	Data 0.000 (0.052)	Loss 0.5798 (0.6171)	Prec@1 62.500 (61.270)	Prec@5 62.500 (61.270)
Epoch: [11][80/215], lr: 0.00010	Time 0.521 (0.565)	Data 0.000 (0.039)	Loss 0.5189 (0.6044)	Prec@1 75.000 (63.194)	Prec@5 75.000 (63.194)
Epoch: [11][100/215], lr: 0.00010	Time 0.523 (0.556)	Data 0.000 (0.031)	Loss 0.7795 (0.6053)	Prec@1 43.750 (63.304)	Prec@5 43.750 (63.304)
Epoch: [11][120/215], lr: 0.00010	Time 0.522 (0.551)	Data 0.000 (0.026)	Loss 0.5073 (0.6073)	Prec@1 81.250 (63.223)	Prec@5 81.250 (63.223)
Epoch: [11][140/215], lr: 0.00010	Time 0.523 (0.547)	Data 0.000 (0.022)	Loss 0.6127 (0.6071)	Prec@1 50.000 (63.475)	Prec@5 50.000 (63.475)
Epoch: [11][160/215], lr: 0.00010	Time 0.545 (0.545)	Data 0.000 (0.020)	Loss 0.6670 (0.6049)	Prec@1 50.000 (63.936)	Prec@5 50.000 (63.936)
Epoch: [11][180/215], lr: 0.00010	Time 0.544 (0.543)	Data 0.000 (0.017)	Loss 0.6561 (0.6083)	Prec@1 56.250 (63.881)	Prec@5 56.250 (63.881)
Epoch: [11][200/215], lr: 0.00010	Time 0.521 (0.541)	Data 0.000 (0.016)	Loss 0.9240 (0.6093)	Prec@1 43.750 (64.055)	Prec@5 43.750 (64.055)
Test: [0/3]	Time 2.626 (2.626)	Loss 0.1415 (0.1415)	Prec@1 100.000 (100.000)	Prec@5 100.000 (100.000)
Testing Results: Prec@1 55.000 Prec@5 55.000 Loss 0.80404
Best Prec@1: 60.000
Freezing BatchNorm2D except the first one.
Epoch: [12][0/215], lr: 0.00010	Time 3.829 (3.829)	Data 3.573 (3.573)	Loss 0.5516 (0.5516)	Prec@1 56.250 (56.250)	Prec@5 56.250 (56.250)
Epoch: [12][20/215], lr: 0.00010	Time 0.524 (0.689)	Data 0.000 (0.170)	Loss 0.5712 (0.6006)	Prec@1 75.000 (68.155)	Prec@5 75.000 (68.155)
Epoch: [12][40/215], lr: 0.00010	Time 0.529 (0.609)	Data 0.000 (0.087)	Loss 0.6821 (0.6213)	Prec@1 56.250 (64.024)	Prec@5 56.250 (64.024)
Epoch: [12][60/215], lr: 0.00010	Time 0.522 (0.582)	Data 0.000 (0.059)	Loss 0.6711 (0.6184)	Prec@1 56.250 (63.934)	Prec@5 56.250 (63.934)
Epoch: [12][80/215], lr: 0.00010	Time 0.525 (0.568)	Data 0.000 (0.044)	Loss 0.5695 (0.6131)	Prec@1 68.750 (63.889)	Prec@5 68.750 (63.889)
Epoch: [12][100/215], lr: 0.00010	Time 0.528 (0.560)	Data 0.000 (0.036)	Loss 0.5643 (0.6100)	Prec@1 56.250 (63.800)	Prec@5 56.250 (63.800)
Epoch: [12][120/215], lr: 0.00010	Time 0.527 (0.554)	Data 0.000 (0.030)	Loss 0.5173 (0.6120)	Prec@1 75.000 (63.378)	Prec@5 75.000 (63.378)
Epoch: [12][140/215], lr: 0.00010	Time 0.527 (0.550)	Data 0.000 (0.025)	Loss 0.4502 (0.6111)	Prec@1 93.750 (63.298)	Prec@5 93.750 (63.298)
Epoch: [12][160/215], lr: 0.00010	Time 0.511 (0.547)	Data 0.000 (0.022)	Loss 0.4219 (0.6064)	Prec@1 81.250 (64.053)	Prec@5 81.250 (64.053)
Epoch: [12][180/215], lr: 0.00010	Time 0.523 (0.545)	Data 0.000 (0.020)	Loss 0.6826 (0.6124)	Prec@1 56.250 (63.570)	Prec@5 56.250 (63.570)
Epoch: [12][200/215], lr: 0.00010	Time 0.521 (0.543)	Data 0.000 (0.018)	Loss 0.5566 (0.6147)	Prec@1 87.500 (62.998)	Prec@5 87.500 (62.998)
Test: [0/3]	Time 2.771 (2.771)	Loss 0.1132 (0.1132)	Prec@1 100.000 (100.000)	Prec@5 100.000 (100.000)
Testing Results: Prec@1 55.000 Prec@5 55.000 Loss 0.80874
Best Prec@1: 60.000
Freezing BatchNorm2D except the first one.
Epoch: [13][0/215], lr: 0.00010	Time 4.083 (4.083)	Data 3.826 (3.826)	Loss 0.4764 (0.4764)	Prec@1 68.750 (68.750)	Prec@5 68.750 (68.750)
Epoch: [13][20/215], lr: 0.00010	Time 0.523 (0.704)	Data 0.000 (0.182)	Loss 0.5609 (0.5877)	Prec@1 62.500 (66.667)	Prec@5 62.500 (66.667)
Epoch: [13][40/215], lr: 0.00010	Time 0.524 (0.617)	Data 0.000 (0.093)	Loss 0.5865 (0.5826)	Prec@1 68.750 (65.549)	Prec@5 68.750 (65.549)
Epoch: [13][60/215], lr: 0.00010	Time 0.527 (0.587)	Data 0.000 (0.063)	Loss 0.4986 (0.5727)	Prec@1 75.000 (65.984)	Prec@5 75.000 (65.984)
Epoch: [13][80/215], lr: 0.00010	Time 0.520 (0.572)	Data 0.000 (0.047)	Loss 0.6239 (0.5735)	Prec@1 62.500 (66.204)	Prec@5 62.500 (66.204)
Epoch: [13][100/215], lr: 0.00010	Time 0.517 (0.562)	Data 0.000 (0.038)	Loss 0.6913 (0.5783)	Prec@1 43.750 (65.656)	Prec@5 43.750 (65.656)
Epoch: [13][120/215], lr: 0.00010	Time 0.522 (0.556)	Data 0.000 (0.032)	Loss 0.5997 (0.5797)	Prec@1 62.500 (66.116)	Prec@5 62.500 (66.116)
Epoch: [13][140/215], lr: 0.00010	Time 0.523 (0.551)	Data 0.000 (0.027)	Loss 0.4754 (0.5776)	Prec@1 81.250 (66.489)	Prec@5 81.250 (66.489)
Epoch: [13][160/215], lr: 0.00010	Time 0.522 (0.548)	Data 0.000 (0.024)	Loss 0.6339 (0.5817)	Prec@1 62.500 (65.877)	Prec@5 62.500 (65.877)
Epoch: [13][180/215], lr: 0.00010	Time 0.529 (0.545)	Data 0.000 (0.021)	Loss 0.5665 (0.5849)	Prec@1 68.750 (65.504)	Prec@5 68.750 (65.504)
Epoch: [13][200/215], lr: 0.00010	Time 0.520 (0.543)	Data 0.000 (0.019)	Loss 0.4599 (0.5882)	Prec@1 81.250 (65.299)	Prec@5 81.250 (65.299)
Test: [0/3]	Time 2.608 (2.608)	Loss 0.0786 (0.0786)	Prec@1 100.000 (100.000)	Prec@5 100.000 (100.000)
Testing Results: Prec@1 65.000 Prec@5 65.000 Loss 0.70528
Best Prec@1: 65.000
Freezing BatchNorm2D except the first one.
Epoch: [14][0/215], lr: 0.00010	Time 4.454 (4.454)	Data 4.154 (4.154)	Loss 0.4799 (0.4799)	Prec@1 75.000 (75.000)	Prec@5 75.000 (75.000)
Epoch: [14][20/215], lr: 0.00010	Time 0.520 (0.724)	Data 0.000 (0.198)	Loss 0.5293 (0.6040)	Prec@1 68.750 (64.583)	Prec@5 68.750 (64.583)
Epoch: [14][40/215], lr: 0.00010	Time 0.522 (0.628)	Data 0.000 (0.101)	Loss 0.7122 (0.5821)	Prec@1 56.250 (65.701)	Prec@5 56.250 (65.701)
Epoch: [14][60/215], lr: 0.00010	Time 0.522 (0.595)	Data 0.000 (0.068)	Loss 0.3581 (0.5767)	Prec@1 81.250 (66.189)	Prec@5 81.250 (66.189)
Epoch: [14][80/215], lr: 0.00010	Time 0.525 (0.578)	Data 0.000 (0.051)	Loss 0.4252 (0.5803)	Prec@1 75.000 (65.818)	Prec@5 75.000 (65.818)
Epoch: [14][100/215], lr: 0.00010	Time 0.521 (0.568)	Data 0.000 (0.041)	Loss 0.5615 (0.5825)	Prec@1 62.500 (65.285)	Prec@5 62.500 (65.285)
Epoch: [14][120/215], lr: 0.00010	Time 0.522 (0.561)	Data 0.000 (0.034)	Loss 0.5071 (0.5853)	Prec@1 75.000 (65.393)	Prec@5 75.000 (65.393)
Epoch: [14][140/215], lr: 0.00010	Time 0.525 (0.556)	Data 0.000 (0.030)	Loss 0.6108 (0.5879)	Prec@1 68.750 (65.071)	Prec@5 68.750 (65.071)
Epoch: [14][160/215], lr: 0.00010	Time 0.523 (0.552)	Data 0.000 (0.026)	Loss 0.6885 (0.5864)	Prec@1 56.250 (64.907)	Prec@5 56.250 (64.907)
Epoch: [14][180/215], lr: 0.00010	Time 0.524 (0.549)	Data 0.000 (0.023)	Loss 0.6911 (0.5846)	Prec@1 62.500 (65.608)	Prec@5 62.500 (65.608)
Epoch: [14][200/215], lr: 0.00010	Time 0.521 (0.547)	Data 0.000 (0.021)	Loss 0.5268 (0.5878)	Prec@1 68.750 (65.081)	Prec@5 68.750 (65.081)
Test: [0/3]	Time 2.405 (2.405)	Loss 0.2032 (0.2032)	Prec@1 100.000 (100.000)	Prec@5 100.000 (100.000)
Testing Results: Prec@1 75.000 Prec@5 75.000 Loss 0.52803
Best Prec@1: 75.000
Freezing BatchNorm2D except the first one.
Epoch: [15][0/215], lr: 0.00010	Time 4.250 (4.250)	Data 3.993 (3.993)	Loss 0.6005 (0.6005)	Prec@1 81.250 (81.250)	Prec@5 81.250 (81.250)
Epoch: [15][20/215], lr: 0.00010	Time 0.519 (0.711)	Data 0.000 (0.190)	Loss 0.5176 (0.5700)	Prec@1 87.500 (69.940)	Prec@5 87.500 (69.940)
Epoch: [15][40/215], lr: 0.00010	Time 0.526 (0.620)	Data 0.000 (0.098)	Loss 0.3969 (0.5780)	Prec@1 81.250 (67.530)	Prec@5 81.250 (67.530)
Epoch: [15][60/215], lr: 0.00010	Time 0.521 (0.589)	Data 0.000 (0.066)	Loss 0.6024 (0.5875)	Prec@1 68.750 (67.418)	Prec@5 68.750 (67.418)
Epoch: [15][80/215], lr: 0.00010	Time 0.521 (0.573)	Data 0.000 (0.049)	Loss 0.4944 (0.5782)	Prec@1 75.000 (68.056)	Prec@5 75.000 (68.056)
Epoch: [15][100/215], lr: 0.00010	Time 0.525 (0.563)	Data 0.000 (0.040)	Loss 0.9992 (0.5761)	Prec@1 43.750 (68.007)	Prec@5 43.750 (68.007)
Epoch: [15][120/215], lr: 0.00010	Time 0.525 (0.557)	Data 0.000 (0.033)	Loss 0.5407 (0.5853)	Prec@1 75.000 (66.942)	Prec@5 75.000 (66.942)
Epoch: [15][140/215], lr: 0.00010	Time 0.523 (0.552)	Data 0.000 (0.028)	Loss 0.5931 (0.5866)	Prec@1 62.500 (66.755)	Prec@5 62.500 (66.755)
Epoch: [15][160/215], lr: 0.00010	Time 0.524 (0.549)	Data 0.000 (0.025)	Loss 0.6506 (0.5881)	Prec@1 50.000 (66.498)	Prec@5 50.000 (66.498)
Epoch: [15][180/215], lr: 0.00010	Time 0.523 (0.546)	Data 0.000 (0.022)	Loss 0.5530 (0.5869)	Prec@1 75.000 (66.747)	Prec@5 75.000 (66.747)
Epoch: [15][200/215], lr: 0.00010	Time 0.509 (0.544)	Data 0.000 (0.020)	Loss 0.6460 (0.5866)	Prec@1 56.250 (66.760)	Prec@5 56.250 (66.760)
Test: [0/3]	Time 2.722 (2.722)	Loss 0.1621 (0.1621)	Prec@1 100.000 (100.000)	Prec@5 100.000 (100.000)
Testing Results: Prec@1 65.000 Prec@5 65.000 Loss 0.64506
Best Prec@1: 75.000
Freezing BatchNorm2D except the first one.
Epoch: [16][0/215], lr: 0.00010	Time 3.551 (3.551)	Data 3.298 (3.298)	Loss 0.6131 (0.6131)	Prec@1 56.250 (56.250)	Prec@5 56.250 (56.250)
Epoch: [16][20/215], lr: 0.00010	Time 0.554 (0.675)	Data 0.000 (0.157)	Loss 0.3814 (0.5491)	Prec@1 75.000 (71.131)	Prec@5 75.000 (71.131)
Epoch: [16][40/215], lr: 0.00010	Time 0.526 (0.603)	Data 0.000 (0.081)	Loss 0.8486 (0.5428)	Prec@1 50.000 (69.970)	Prec@5 50.000 (69.970)
Epoch: [16][60/215], lr: 0.00010	Time 0.527 (0.579)	Data 0.000 (0.054)	Loss 0.5482 (0.5521)	Prec@1 50.000 (68.852)	Prec@5 50.000 (68.852)
Epoch: [16][80/215], lr: 0.00010	Time 0.524 (0.566)	Data 0.000 (0.041)	Loss 0.6178 (0.5637)	Prec@1 50.000 (67.747)	Prec@5 50.000 (67.747)
Epoch: [16][100/215], lr: 0.00010	Time 0.525 (0.558)	Data 0.000 (0.033)	Loss 0.5163 (0.5662)	Prec@1 56.250 (68.007)	Prec@5 56.250 (68.007)
Epoch: [16][120/215], lr: 0.00010	Time 0.524 (0.553)	Data 0.000 (0.027)	Loss 0.5321 (0.5716)	Prec@1 68.750 (67.820)	Prec@5 68.750 (67.820)
Epoch: [16][140/215], lr: 0.00010	Time 0.521 (0.549)	Data 0.000 (0.024)	Loss 0.6206 (0.5732)	Prec@1 62.500 (67.598)	Prec@5 62.500 (67.598)
Epoch: [16][160/215], lr: 0.00010	Time 0.515 (0.546)	Data 0.000 (0.021)	Loss 0.5202 (0.5764)	Prec@1 68.750 (67.314)	Prec@5 68.750 (67.314)
Epoch: [16][180/215], lr: 0.00010	Time 0.526 (0.543)	Data 0.000 (0.018)	Loss 0.8002 (0.5765)	Prec@1 43.750 (67.162)	Prec@5 43.750 (67.162)
Epoch: [16][200/215], lr: 0.00010	Time 0.521 (0.541)	Data 0.000 (0.017)	Loss 0.6599 (0.5746)	Prec@1 75.000 (67.444)	Prec@5 75.000 (67.444)
Test: [0/3]	Time 2.698 (2.698)	Loss 0.1580 (0.1580)	Prec@1 100.000 (100.000)	Prec@5 100.000 (100.000)
Testing Results: Prec@1 57.500 Prec@5 57.500 Loss 0.79352
Best Prec@1: 75.000
Freezing BatchNorm2D except the first one.
Epoch: [17][0/215], lr: 0.00010	Time 4.432 (4.432)	Data 4.091 (4.091)	Loss 0.6869 (0.6869)	Prec@1 68.750 (68.750)	Prec@5 68.750 (68.750)
Epoch: [17][20/215], lr: 0.00010	Time 0.518 (0.719)	Data 0.000 (0.195)	Loss 0.6886 (0.5685)	Prec@1 37.500 (64.881)	Prec@5 37.500 (64.881)
Epoch: [17][40/215], lr: 0.00010	Time 0.538 (0.626)	Data 0.000 (0.100)	Loss 0.5057 (0.5629)	Prec@1 68.750 (66.463)	Prec@5 68.750 (66.463)
Epoch: [17][60/215], lr: 0.00010	Time 0.524 (0.593)	Data 0.000 (0.067)	Loss 0.5341 (0.5707)	Prec@1 81.250 (66.393)	Prec@5 81.250 (66.393)
Epoch: [17][80/215], lr: 0.00010	Time 0.529 (0.577)	Data 0.000 (0.051)	Loss 0.5551 (0.5730)	Prec@1 62.500 (65.123)	Prec@5 62.500 (65.123)
Epoch: [17][100/215], lr: 0.00010	Time 0.524 (0.567)	Data 0.000 (0.041)	Loss 0.4160 (0.5680)	Prec@1 68.750 (65.718)	Prec@5 68.750 (65.718)
Epoch: [17][120/215], lr: 0.00010	Time 0.544 (0.560)	Data 0.000 (0.034)	Loss 0.5806 (0.5735)	Prec@1 62.500 (66.271)	Prec@5 62.500 (66.271)
Epoch: [17][140/215], lr: 0.00010	Time 0.523 (0.555)	Data 0.000 (0.029)	Loss 0.7539 (0.5712)	Prec@1 68.750 (66.622)	Prec@5 68.750 (66.622)
Epoch: [17][160/215], lr: 0.00010	Time 0.526 (0.551)	Data 0.000 (0.026)	Loss 0.5937 (0.5843)	Prec@1 68.750 (65.528)	Prec@5 68.750 (65.528)
Epoch: [17][180/215], lr: 0.00010	Time 0.545 (0.549)	Data 0.000 (0.023)	Loss 0.4587 (0.5843)	Prec@1 75.000 (65.539)	Prec@5 75.000 (65.539)
Epoch: [17][200/215], lr: 0.00010	Time 0.521 (0.546)	Data 0.000 (0.020)	Loss 0.5814 (0.5822)	Prec@1 56.250 (65.734)	Prec@5 56.250 (65.734)
Test: [0/3]	Time 3.338 (3.338)	Loss 0.1203 (0.1203)	Prec@1 100.000 (100.000)	Prec@5 100.000 (100.000)
Testing Results: Prec@1 67.500 Prec@5 67.500 Loss 0.69853
Best Prec@1: 75.000
Freezing BatchNorm2D except the first one.
Epoch: [18][0/215], lr: 0.00010	Time 3.917 (3.917)	Data 3.686 (3.686)	Loss 0.4435 (0.4435)	Prec@1 87.500 (87.500)	Prec@5 87.500 (87.500)
Epoch: [18][20/215], lr: 0.00010	Time 0.554 (0.695)	Data 0.000 (0.180)	Loss 0.6687 (0.5520)	Prec@1 56.250 (69.048)	Prec@5 56.250 (69.048)
Epoch: [18][40/215], lr: 0.00010	Time 0.523 (0.613)	Data 0.000 (0.092)	Loss 0.5199 (0.5562)	Prec@1 81.250 (68.902)	Prec@5 81.250 (68.902)
Epoch: [18][60/215], lr: 0.00010	Time 0.531 (0.585)	Data 0.000 (0.062)	Loss 0.4128 (0.5507)	Prec@1 81.250 (69.570)	Prec@5 81.250 (69.570)
Epoch: [18][80/215], lr: 0.00010	Time 0.517 (0.570)	Data 0.000 (0.047)	Loss 0.6971 (0.5796)	Prec@1 56.250 (67.130)	Prec@5 56.250 (67.130)
Epoch: [18][100/215], lr: 0.00010	Time 0.523 (0.561)	Data 0.000 (0.038)	Loss 0.6204 (0.5998)	Prec@1 68.750 (65.037)	Prec@5 68.750 (65.037)
Epoch: [18][120/215], lr: 0.00010	Time 0.528 (0.555)	Data 0.000 (0.031)	Loss 0.6620 (0.6068)	Prec@1 50.000 (63.843)	Prec@5 50.000 (63.843)
Epoch: [18][140/215], lr: 0.00010	Time 0.526 (0.551)	Data 0.000 (0.027)	Loss 0.4506 (0.6011)	Prec@1 75.000 (64.716)	Prec@5 75.000 (64.716)
Epoch: [18][160/215], lr: 0.00010	Time 0.522 (0.548)	Data 0.000 (0.024)	Loss 0.5802 (0.6020)	Prec@1 68.750 (65.062)	Prec@5 68.750 (65.062)
Epoch: [18][180/215], lr: 0.00010	Time 0.522 (0.545)	Data 0.000 (0.021)	Loss 0.4399 (0.5983)	Prec@1 75.000 (65.608)	Prec@5 75.000 (65.608)
Epoch: [18][200/215], lr: 0.00010	Time 0.519 (0.543)	Data 0.000 (0.019)	Loss 0.5260 (0.5954)	Prec@1 56.250 (66.045)	Prec@5 56.250 (66.045)
Test: [0/3]	Time 2.698 (2.698)	Loss 0.1045 (0.1045)	Prec@1 100.000 (100.000)	Prec@5 100.000 (100.000)
Testing Results: Prec@1 60.000 Prec@5 60.000 Loss 0.79057
Best Prec@1: 75.000
Freezing BatchNorm2D except the first one.
Epoch: [19][0/215], lr: 0.00010	Time 3.587 (3.587)	Data 3.335 (3.335)	Loss 0.4586 (0.4586)	Prec@1 81.250 (81.250)	Prec@5 81.250 (81.250)
Epoch: [19][20/215], lr: 0.00010	Time 0.524 (0.679)	Data 0.000 (0.159)	Loss 0.5986 (0.5306)	Prec@1 62.500 (72.024)	Prec@5 62.500 (72.024)
Epoch: [19][40/215], lr: 0.00010	Time 0.531 (0.604)	Data 0.000 (0.081)	Loss 0.5873 (0.5328)	Prec@1 50.000 (69.665)	Prec@5 50.000 (69.665)
Epoch: [19][60/215], lr: 0.00010	Time 0.553 (0.578)	Data 0.000 (0.055)	Loss 0.4624 (0.5374)	Prec@1 75.000 (69.467)	Prec@5 75.000 (69.467)
Epoch: [19][80/215], lr: 0.00010	Time 0.531 (0.565)	Data 0.000 (0.041)	Loss 0.6519 (0.5357)	Prec@1 62.500 (69.830)	Prec@5 62.500 (69.830)
Epoch: [19][100/215], lr: 0.00010	Time 0.524 (0.557)	Data 0.000 (0.033)	Loss 0.5884 (0.5284)	Prec@1 68.750 (69.988)	Prec@5 68.750 (69.988)
Epoch: [19][120/215], lr: 0.00010	Time 0.528 (0.552)	Data 0.000 (0.028)	Loss 0.5580 (0.5311)	Prec@1 62.500 (70.093)	Prec@5 62.500 (70.093)
Epoch: [19][140/215], lr: 0.00010	Time 0.535 (0.548)	Data 0.000 (0.024)	Loss 0.9267 (0.5390)	Prec@1 43.750 (69.504)	Prec@5 43.750 (69.504)
Epoch: [19][160/215], lr: 0.00010	Time 0.537 (0.545)	Data 0.000 (0.021)	Loss 0.4024 (0.5373)	Prec@1 75.000 (69.332)	Prec@5 75.000 (69.332)
Epoch: [19][180/215], lr: 0.00010	Time 0.522 (0.543)	Data 0.000 (0.019)	Loss 0.4875 (0.5389)	Prec@1 87.500 (69.337)	Prec@5 87.500 (69.337)
Epoch: [19][200/215], lr: 0.00010	Time 0.521 (0.541)	Data 0.000 (0.017)	Loss 0.3803 (0.5398)	Prec@1 87.500 (69.092)	Prec@5 87.500 (69.092)
Test: [0/3]	Time 3.025 (3.025)	Loss 0.0511 (0.0511)	Prec@1 100.000 (100.000)	Prec@5 100.000 (100.000)
Testing Results: Prec@1 65.000 Prec@5 65.000 Loss 0.89666
Best Prec@1: 75.000
Freezing BatchNorm2D except the first one.
Epoch: [20][0/215], lr: 0.00001	Time 5.366 (5.366)	Data 5.088 (5.088)	Loss 0.4564 (0.4564)	Prec@1 75.000 (75.000)	Prec@5 75.000 (75.000)
Epoch: [20][20/215], lr: 0.00001	Time 0.526 (0.765)	Data 0.000 (0.242)	Loss 0.5974 (0.5034)	Prec@1 56.250 (73.512)	Prec@5 56.250 (73.512)
Epoch: [20][40/215], lr: 0.00001	Time 0.517 (0.649)	Data 0.000 (0.124)	Loss 0.4788 (0.5131)	Prec@1 75.000 (72.561)	Prec@5 75.000 (72.561)
Epoch: [20][60/215], lr: 0.00001	Time 0.521 (0.609)	Data 0.000 (0.084)	Loss 0.6962 (0.5272)	Prec@1 62.500 (70.389)	Prec@5 62.500 (70.389)
Epoch: [20][80/215], lr: 0.00001	Time 0.523 (0.588)	Data 0.000 (0.063)	Loss 0.6163 (0.5185)	Prec@1 56.250 (70.679)	Prec@5 56.250 (70.679)
Epoch: [20][100/215], lr: 0.00001	Time 0.524 (0.576)	Data 0.000 (0.051)	Loss 0.4354 (0.5105)	Prec@1 75.000 (71.411)	Prec@5 75.000 (71.411)
Epoch: [20][120/215], lr: 0.00001	Time 0.515 (0.567)	Data 0.000 (0.042)	Loss 0.5361 (0.5067)	Prec@1 62.500 (71.591)	Prec@5 62.500 (71.591)
Epoch: [20][140/215], lr: 0.00001	Time 0.522 (0.561)	Data 0.000 (0.036)	Loss 0.6179 (0.5085)	Prec@1 68.750 (71.277)	Prec@5 68.750 (71.277)
Epoch: [20][160/215], lr: 0.00001	Time 0.533 (0.557)	Data 0.000 (0.032)	Loss 0.3733 (0.5075)	Prec@1 75.000 (71.040)	Prec@5 75.000 (71.040)
Epoch: [20][180/215], lr: 0.00001	Time 0.521 (0.553)	Data 0.000 (0.028)	Loss 0.4086 (0.5094)	Prec@1 81.250 (71.271)	Prec@5 81.250 (71.271)
Epoch: [20][200/215], lr: 0.00001	Time 0.520 (0.551)	Data 0.000 (0.025)	Loss 0.3616 (0.5097)	Prec@1 87.500 (71.424)	Prec@5 87.500 (71.424)
Test: [0/3]	Time 2.751 (2.751)	Loss 0.0376 (0.0376)	Prec@1 100.000 (100.000)	Prec@5 100.000 (100.000)
Testing Results: Prec@1 65.000 Prec@5 65.000 Loss 0.96716
Best Prec@1: 75.000
Freezing BatchNorm2D except the first one.
Epoch: [21][0/215], lr: 0.00001	Time 3.778 (3.778)	Data 3.515 (3.515)	Loss 0.4494 (0.4494)	Prec@1 75.000 (75.000)	Prec@5 75.000 (75.000)
Epoch: [21][20/215], lr: 0.00001	Time 0.528 (0.690)	Data 0.000 (0.168)	Loss 0.5433 (0.5021)	Prec@1 50.000 (69.345)	Prec@5 50.000 (69.345)
Epoch: [21][40/215], lr: 0.00001	Time 0.553 (0.611)	Data 0.000 (0.086)	Loss 0.4970 (0.5038)	Prec@1 75.000 (71.341)	Prec@5 75.000 (71.341)
Epoch: [21][60/215], lr: 0.00001	Time 0.527 (0.583)	Data 0.000 (0.058)	Loss 0.3800 (0.4956)	Prec@1 87.500 (72.234)	Prec@5 87.500 (72.234)
Epoch: [21][80/215], lr: 0.00001	Time 0.538 (0.570)	Data 0.000 (0.044)	Loss 0.5806 (0.5064)	Prec@1 68.750 (71.373)	Prec@5 68.750 (71.373)
Epoch: [21][100/215], lr: 0.00001	Time 0.523 (0.561)	Data 0.000 (0.035)	Loss 0.4102 (0.5109)	Prec@1 62.500 (71.101)	Prec@5 62.500 (71.101)
Epoch: [21][120/215], lr: 0.00001	Time 0.527 (0.556)	Data 0.000 (0.029)	Loss 0.5366 (0.5137)	Prec@1 68.750 (71.229)	Prec@5 68.750 (71.229)
Epoch: [21][140/215], lr: 0.00001	Time 0.521 (0.552)	Data 0.000 (0.025)	Loss 0.5134 (0.5150)	Prec@1 62.500 (70.700)	Prec@5 62.500 (70.700)
Epoch: [21][160/215], lr: 0.00001	Time 0.531 (0.548)	Data 0.000 (0.022)	Loss 0.4268 (0.5134)	Prec@1 62.500 (70.885)	Prec@5 62.500 (70.885)
Epoch: [21][180/215], lr: 0.00001	Time 0.529 (0.546)	Data 0.000 (0.020)	Loss 0.6530 (0.5099)	Prec@1 62.500 (71.305)	Prec@5 62.500 (71.305)
Epoch: [21][200/215], lr: 0.00001	Time 0.521 (0.544)	Data 0.000 (0.018)	Loss 0.4903 (0.5069)	Prec@1 68.750 (71.611)	Prec@5 68.750 (71.611)
Test: [0/3]	Time 2.657 (2.657)	Loss 0.0331 (0.0331)	Prec@1 100.000 (100.000)	Prec@5 100.000 (100.000)
Testing Results: Prec@1 65.000 Prec@5 65.000 Loss 0.97990
Best Prec@1: 75.000
Freezing BatchNorm2D except the first one.
Epoch: [22][0/215], lr: 0.00001	Time 4.129 (4.129)	Data 3.869 (3.869)	Loss 0.5107 (0.5107)	Prec@1 68.750 (68.750)	Prec@5 68.750 (68.750)
Epoch: [22][20/215], lr: 0.00001	Time 0.520 (0.704)	Data 0.000 (0.184)	Loss 0.4350 (0.5230)	Prec@1 87.500 (70.238)	Prec@5 87.500 (70.238)
Epoch: [22][40/215], lr: 0.00001	Time 0.524 (0.619)	Data 0.000 (0.094)	Loss 0.4888 (0.5143)	Prec@1 68.750 (69.817)	Prec@5 68.750 (69.817)
Epoch: [22][60/215], lr: 0.00001	Time 0.526 (0.588)	Data 0.000 (0.064)	Loss 0.5989 (0.5148)	Prec@1 62.500 (69.877)	Prec@5 62.500 (69.877)
Epoch: [22][80/215], lr: 0.00001	Time 0.524 (0.573)	Data 0.000 (0.048)	Loss 0.6625 (0.5020)	Prec@1 68.750 (71.605)	Prec@5 68.750 (71.605)
Epoch: [22][100/215], lr: 0.00001	Time 0.523 (0.564)	Data 0.000 (0.038)	Loss 0.3061 (0.4969)	Prec@1 93.750 (71.968)	Prec@5 93.750 (71.968)
Epoch: [22][120/215], lr: 0.00001	Time 0.530 (0.557)	Data 0.000 (0.032)	Loss 0.6316 (0.4985)	Prec@1 62.500 (71.746)	Prec@5 62.500 (71.746)
Epoch: [22][140/215], lr: 0.00001	Time 0.527 (0.553)	Data 0.000 (0.028)	Loss 0.5239 (0.5039)	Prec@1 75.000 (71.410)	Prec@5 75.000 (71.410)
Epoch: [22][160/215], lr: 0.00001	Time 0.526 (0.549)	Data 0.000 (0.024)	Loss 0.5118 (0.5042)	Prec@1 68.750 (71.312)	Prec@5 68.750 (71.312)
Epoch: [22][180/215], lr: 0.00001	Time 0.523 (0.547)	Data 0.000 (0.022)	Loss 0.5078 (0.5016)	Prec@1 68.750 (71.478)	Prec@5 68.750 (71.478)
Epoch: [22][200/215], lr: 0.00001	Time 0.537 (0.545)	Data 0.000 (0.019)	Loss 0.5466 (0.5003)	Prec@1 56.250 (71.549)	Prec@5 56.250 (71.549)
Test: [0/3]	Time 3.074 (3.074)	Loss 0.0304 (0.0304)	Prec@1 100.000 (100.000)	Prec@5 100.000 (100.000)
Testing Results: Prec@1 65.000 Prec@5 65.000 Loss 0.94390
Best Prec@1: 75.000
Freezing BatchNorm2D except the first one.
Epoch: [23][0/215], lr: 0.00001	Time 4.719 (4.719)	Data 4.479 (4.479)	Loss 0.3884 (0.3884)	Prec@1 81.250 (81.250)	Prec@5 81.250 (81.250)
Epoch: [23][20/215], lr: 0.00001	Time 0.511 (0.732)	Data 0.000 (0.213)	Loss 0.4487 (0.4670)	Prec@1 75.000 (72.917)	Prec@5 75.000 (72.917)
Epoch: [23][40/215], lr: 0.00001	Time 0.522 (0.631)	Data 0.000 (0.109)	Loss 0.5785 (0.4697)	Prec@1 50.000 (71.799)	Prec@5 50.000 (71.799)
Epoch: [23][60/215], lr: 0.00001	Time 0.522 (0.597)	Data 0.000 (0.074)	Loss 0.6205 (0.4851)	Prec@1 62.500 (71.004)	Prec@5 62.500 (71.004)
Epoch: [23][80/215], lr: 0.00001	Time 0.529 (0.580)	Data 0.000 (0.055)	Loss 0.5070 (0.4930)	Prec@1 62.500 (71.065)	Prec@5 62.500 (71.065)
Epoch: [23][100/215], lr: 0.00001	Time 0.524 (0.569)	Data 0.000 (0.044)	Loss 0.4401 (0.4932)	Prec@1 75.000 (71.225)	Prec@5 75.000 (71.225)
Epoch: [23][120/215], lr: 0.00001	Time 0.523 (0.562)	Data 0.000 (0.037)	Loss 0.5199 (0.4883)	Prec@1 75.000 (72.056)	Prec@5 75.000 (72.056)
Epoch: [23][140/215], lr: 0.00001	Time 0.521 (0.557)	Data 0.000 (0.032)	Loss 0.3731 (0.4950)	Prec@1 93.750 (71.676)	Prec@5 93.750 (71.676)
Epoch: [23][160/215], lr: 0.00001	Time 0.522 (0.553)	Data 0.000 (0.028)	Loss 0.5055 (0.4939)	Prec@1 75.000 (71.933)	Prec@5 75.000 (71.933)
Epoch: [23][180/215], lr: 0.00001	Time 0.530 (0.551)	Data 0.000 (0.025)	Loss 0.4818 (0.4980)	Prec@1 56.250 (71.443)	Prec@5 56.250 (71.443)
Epoch: [23][200/215], lr: 0.00001	Time 0.522 (0.548)	Data 0.000 (0.022)	Loss 0.3643 (0.4974)	Prec@1 75.000 (71.486)	Prec@5 75.000 (71.486)
Test: [0/3]	Time 3.379 (3.379)	Loss 0.0433 (0.0433)	Prec@1 100.000 (100.000)	Prec@5 100.000 (100.000)
Testing Results: Prec@1 65.000 Prec@5 65.000 Loss 1.01727
Best Prec@1: 75.000
Freezing BatchNorm2D except the first one.
Epoch: [24][0/215], lr: 0.00001	Time 4.545 (4.545)	Data 4.247 (4.247)	Loss 0.3122 (0.3122)	Prec@1 81.250 (81.250)	Prec@5 81.250 (81.250)
Epoch: [24][20/215], lr: 0.00001	Time 0.524 (0.726)	Data 0.000 (0.202)	Loss 0.6254 (0.4799)	Prec@1 56.250 (75.000)	Prec@5 56.250 (75.000)
Epoch: [24][40/215], lr: 0.00001	Time 0.526 (0.629)	Data 0.000 (0.104)	Loss 0.3686 (0.4808)	Prec@1 81.250 (73.476)	Prec@5 81.250 (73.476)
Epoch: [24][60/215], lr: 0.00001	Time 0.537 (0.595)	Data 0.000 (0.070)	Loss 0.5306 (0.4864)	Prec@1 56.250 (72.848)	Prec@5 56.250 (72.848)
Epoch: [24][80/215], lr: 0.00001	Time 0.520 (0.579)	Data 0.000 (0.053)	Loss 0.4274 (0.4790)	Prec@1 75.000 (73.534)	Prec@5 75.000 (73.534)
Epoch: [24][100/215], lr: 0.00001	Time 0.529 (0.568)	Data 0.000 (0.042)	Loss 0.5907 (0.4827)	Prec@1 62.500 (72.401)	Prec@5 62.500 (72.401)
Epoch: [24][120/215], lr: 0.00001	Time 0.523 (0.561)	Data 0.000 (0.035)	Loss 0.7110 (0.4885)	Prec@1 56.250 (71.694)	Prec@5 56.250 (71.694)
Epoch: [24][140/215], lr: 0.00001	Time 0.527 (0.556)	Data 0.000 (0.030)	Loss 0.4856 (0.4863)	Prec@1 81.250 (72.252)	Prec@5 81.250 (72.252)
Epoch: [24][160/215], lr: 0.00001	Time 0.524 (0.553)	Data 0.000 (0.027)	Loss 0.8411 (0.4911)	Prec@1 62.500 (71.933)	Prec@5 62.500 (71.933)
Epoch: [24][180/215], lr: 0.00001	Time 0.507 (0.550)	Data 0.000 (0.024)	Loss 0.4296 (0.4932)	Prec@1 87.500 (71.478)	Prec@5 87.500 (71.478)
Epoch: [24][200/215], lr: 0.00001	Time 0.523 (0.548)	Data 0.000 (0.021)	Loss 0.5884 (0.4959)	Prec@1 43.750 (71.362)	Prec@5 43.750 (71.362)
Test: [0/3]	Time 3.081 (3.081)	Loss 0.0305 (0.0305)	Prec@1 100.000 (100.000)	Prec@5 100.000 (100.000)
Testing Results: Prec@1 65.000 Prec@5 65.000 Loss 1.03240
Best Prec@1: 75.000
Freezing BatchNorm2D except the first one.
Epoch: [25][0/215], lr: 0.00001	Time 7.901 (7.901)	Data 7.670 (7.670)	Loss 0.5207 (0.5207)	Prec@1 68.750 (68.750)	Prec@5 68.750 (68.750)
Epoch: [25][20/215], lr: 0.00001	Time 0.517 (0.901)	Data 0.000 (0.397)	Loss 0.4456 (0.4812)	Prec@1 68.750 (70.833)	Prec@5 68.750 (70.833)
Epoch: [25][40/215], lr: 0.00001	Time 0.521 (0.719)	Data 0.000 (0.203)	Loss 0.4998 (0.5103)	Prec@1 87.500 (71.494)	Prec@5 87.500 (71.494)
Epoch: [25][60/215], lr: 0.00001	Time 0.526 (0.655)	Data 0.000 (0.137)	Loss 0.3657 (0.4954)	Prec@1 87.500 (72.541)	Prec@5 87.500 (72.541)
Epoch: [25][80/215], lr: 0.00001	Time 0.542 (0.624)	Data 0.000 (0.103)	Loss 0.6096 (0.5030)	Prec@1 56.250 (71.219)	Prec@5 56.250 (71.219)
Epoch: [25][100/215], lr: 0.00001	Time 0.524 (0.605)	Data 0.000 (0.083)	Loss 0.6268 (0.5053)	Prec@1 75.000 (70.792)	Prec@5 75.000 (70.792)
Epoch: [25][120/215], lr: 0.00001	Time 0.521 (0.592)	Data 0.000 (0.069)	Loss 0.5127 (0.5029)	Prec@1 68.750 (71.539)	Prec@5 68.750 (71.539)
Epoch: [25][140/215], lr: 0.00001	Time 0.525 (0.583)	Data 0.000 (0.059)	Loss 0.4104 (0.5006)	Prec@1 75.000 (71.543)	Prec@5 75.000 (71.543)
Epoch: [25][160/215], lr: 0.00001	Time 0.528 (0.576)	Data 0.000 (0.052)	Loss 0.8039 (0.5007)	Prec@1 31.250 (71.429)	Prec@5 31.250 (71.429)
Epoch: [25][180/215], lr: 0.00001	Time 0.528 (0.571)	Data 0.000 (0.046)	Loss 0.3264 (0.5003)	Prec@1 87.500 (71.789)	Prec@5 87.500 (71.789)
Epoch: [25][200/215], lr: 0.00001	Time 0.524 (0.566)	Data 0.000 (0.042)	Loss 0.3118 (0.4953)	Prec@1 87.500 (72.201)	Prec@5 87.500 (72.201)
Test: [0/3]	Time 2.811 (2.811)	Loss 0.0308 (0.0308)	Prec@1 100.000 (100.000)	Prec@5 100.000 (100.000)
Testing Results: Prec@1 65.000 Prec@5 65.000 Loss 0.95064
Best Prec@1: 75.000
Freezing BatchNorm2D except the first one.
Epoch: [26][0/215], lr: 0.00001	Time 3.535 (3.535)	Data 3.231 (3.231)	Loss 0.5087 (0.5087)	Prec@1 68.750 (68.750)	Prec@5 68.750 (68.750)
Epoch: [26][20/215], lr: 0.00001	Time 0.535 (0.680)	Data 0.000 (0.171)	Loss 0.6423 (0.4949)	Prec@1 50.000 (70.833)	Prec@5 50.000 (70.833)
Epoch: [26][40/215], lr: 0.00001	Time 0.531 (0.605)	Data 0.000 (0.087)	Loss 0.4836 (0.4803)	Prec@1 62.500 (74.085)	Prec@5 62.500 (74.085)
Epoch: [26][60/215], lr: 0.00001	Time 0.531 (0.579)	Data 0.000 (0.059)	Loss 0.5652 (0.4697)	Prec@1 62.500 (74.898)	Prec@5 62.500 (74.898)
Epoch: [26][80/215], lr: 0.00001	Time 0.526 (0.567)	Data 0.000 (0.044)	Loss 0.3215 (0.4622)	Prec@1 93.750 (75.231)	Prec@5 93.750 (75.231)
Epoch: [26][100/215], lr: 0.00001	Time 0.530 (0.560)	Data 0.000 (0.036)	Loss 0.5281 (0.4756)	Prec@1 62.500 (74.257)	Prec@5 62.500 (74.257)
Epoch: [26][120/215], lr: 0.00001	Time 0.520 (0.554)	Data 0.000 (0.030)	Loss 0.4324 (0.4786)	Prec@1 75.000 (73.244)	Prec@5 75.000 (73.244)
Epoch: [26][140/215], lr: 0.00001	Time 0.525 (0.550)	Data 0.000 (0.026)	Loss 0.5719 (0.4835)	Prec@1 62.500 (73.227)	Prec@5 62.500 (73.227)
Epoch: [26][160/215], lr: 0.00001	Time 0.523 (0.547)	Data 0.000 (0.022)	Loss 0.5291 (0.4870)	Prec@1 62.500 (72.865)	Prec@5 62.500 (72.865)
Epoch: [26][180/215], lr: 0.00001	Time 0.552 (0.545)	Data 0.000 (0.020)	Loss 0.3950 (0.4861)	Prec@1 68.750 (72.997)	Prec@5 68.750 (72.997)
Epoch: [26][200/215], lr: 0.00001	Time 0.523 (0.543)	Data 0.000 (0.018)	Loss 0.6656 (0.4901)	Prec@1 68.750 (72.606)	Prec@5 68.750 (72.606)
Test: [0/3]	Time 3.033 (3.033)	Loss 0.0445 (0.0445)	Prec@1 100.000 (100.000)	Prec@5 100.000 (100.000)
Testing Results: Prec@1 67.500 Prec@5 67.500 Loss 0.88047
Best Prec@1: 75.000
Freezing BatchNorm2D except the first one.
Epoch: [27][0/215], lr: 0.00001	Time 3.866 (3.866)	Data 3.618 (3.618)	Loss 0.4422 (0.4422)	Prec@1 75.000 (75.000)	Prec@5 75.000 (75.000)
Epoch: [27][20/215], lr: 0.00001	Time 0.565 (0.693)	Data 0.000 (0.172)	Loss 0.4241 (0.5175)	Prec@1 75.000 (69.345)	Prec@5 75.000 (69.345)
Epoch: [27][40/215], lr: 0.00001	Time 0.523 (0.611)	Data 0.000 (0.088)	Loss 0.4453 (0.4918)	Prec@1 81.250 (73.323)	Prec@5 81.250 (73.323)
Epoch: [27][60/215], lr: 0.00001	Time 0.532 (0.582)	Data 0.000 (0.059)	Loss 0.5730 (0.4900)	Prec@1 68.750 (73.873)	Prec@5 68.750 (73.873)
Epoch: [27][80/215], lr: 0.00001	Time 0.549 (0.570)	Data 0.000 (0.045)	Loss 0.4475 (0.4903)	Prec@1 75.000 (73.611)	Prec@5 75.000 (73.611)
Epoch: [27][100/215], lr: 0.00001	Time 0.498 (0.561)	Data 0.000 (0.036)	Loss 0.4205 (0.4884)	Prec@1 68.750 (73.762)	Prec@5 68.750 (73.762)
Epoch: [27][120/215], lr: 0.00001	Time 0.526 (0.555)	Data 0.000 (0.030)	Loss 0.2796 (0.4868)	Prec@1 87.500 (73.812)	Prec@5 87.500 (73.812)
Epoch: [27][140/215], lr: 0.00001	Time 0.521 (0.552)	Data 0.000 (0.026)	Loss 0.4775 (0.4855)	Prec@1 75.000 (73.670)	Prec@5 75.000 (73.670)
Epoch: [27][160/215], lr: 0.00001	Time 0.527 (0.549)	Data 0.000 (0.023)	Loss 0.6780 (0.4862)	Prec@1 62.500 (73.253)	Prec@5 62.500 (73.253)
Epoch: [27][180/215], lr: 0.00001	Time 0.524 (0.547)	Data 0.000 (0.020)	Loss 0.7604 (0.4895)	Prec@1 56.250 (72.652)	Prec@5 56.250 (72.652)
Epoch: [27][200/215], lr: 0.00001	Time 0.522 (0.545)	Data 0.000 (0.018)	Loss 0.5092 (0.4883)	Prec@1 75.000 (72.730)	Prec@5 75.000 (72.730)
Test: [0/3]	Time 2.693 (2.693)	Loss 0.0364 (0.0364)	Prec@1 100.000 (100.000)	Prec@5 100.000 (100.000)
Testing Results: Prec@1 65.000 Prec@5 65.000 Loss 0.97870
Best Prec@1: 75.000
Freezing BatchNorm2D except the first one.
Epoch: [28][0/215], lr: 0.00001	Time 5.137 (5.137)	Data 4.835 (4.835)	Loss 0.4482 (0.4482)	Prec@1 75.000 (75.000)	Prec@5 75.000 (75.000)
Epoch: [28][20/215], lr: 0.00001	Time 0.529 (0.752)	Data 0.000 (0.233)	Loss 0.4569 (0.4959)	Prec@1 75.000 (74.107)	Prec@5 75.000 (74.107)
Epoch: [28][40/215], lr: 0.00001	Time 0.524 (0.643)	Data 0.000 (0.119)	Loss 0.3838 (0.4922)	Prec@1 81.250 (74.238)	Prec@5 81.250 (74.238)
Epoch: [28][60/215], lr: 0.00001	Time 0.521 (0.605)	Data 0.000 (0.080)	Loss 0.2719 (0.4952)	Prec@1 93.750 (73.770)	Prec@5 93.750 (73.770)
Epoch: [28][80/215], lr: 0.00001	Time 0.533 (0.586)	Data 0.000 (0.060)	Loss 0.5937 (0.4953)	Prec@1 56.250 (72.917)	Prec@5 56.250 (72.917)
Epoch: [28][100/215], lr: 0.00001	Time 0.528 (0.574)	Data 0.000 (0.049)	Loss 0.4604 (0.4908)	Prec@1 68.750 (73.082)	Prec@5 68.750 (73.082)
Epoch: [28][120/215], lr: 0.00001	Time 0.508 (0.567)	Data 0.000 (0.041)	Loss 0.5804 (0.4905)	Prec@1 56.250 (72.469)	Prec@5 56.250 (72.469)
Epoch: [28][140/215], lr: 0.00001	Time 0.528 (0.561)	Data 0.000 (0.035)	Loss 0.5622 (0.4928)	Prec@1 62.500 (72.518)	Prec@5 62.500 (72.518)
Epoch: [28][160/215], lr: 0.00001	Time 0.524 (0.557)	Data 0.000 (0.030)	Loss 0.5434 (0.4962)	Prec@1 75.000 (72.438)	Prec@5 75.000 (72.438)
Epoch: [28][180/215], lr: 0.00001	Time 0.527 (0.553)	Data 0.000 (0.027)	Loss 0.5939 (0.4926)	Prec@1 62.500 (72.790)	Prec@5 62.500 (72.790)
Epoch: [28][200/215], lr: 0.00001	Time 0.524 (0.551)	Data 0.000 (0.024)	Loss 0.6642 (0.4917)	Prec@1 62.500 (72.512)	Prec@5 62.500 (72.512)
Test: [0/3]	Time 3.535 (3.535)	Loss 0.0289 (0.0289)	Prec@1 100.000 (100.000)	Prec@5 100.000 (100.000)
Testing Results: Prec@1 65.000 Prec@5 65.000 Loss 1.05258
Best Prec@1: 75.000
Freezing BatchNorm2D except the first one.
Epoch: [29][0/215], lr: 0.00001	Time 3.647 (3.647)	Data 3.399 (3.399)	Loss 0.4463 (0.4463)	Prec@1 68.750 (68.750)	Prec@5 68.750 (68.750)
Epoch: [29][20/215], lr: 0.00001	Time 0.524 (0.686)	Data 0.000 (0.162)	Loss 0.4606 (0.4641)	Prec@1 62.500 (72.619)	Prec@5 62.500 (72.619)
Epoch: [29][40/215], lr: 0.00001	Time 0.523 (0.608)	Data 0.000 (0.083)	Loss 0.5611 (0.4642)	Prec@1 68.750 (73.476)	Prec@5 68.750 (73.476)
Epoch: [29][60/215], lr: 0.00001	Time 0.523 (0.581)	Data 0.000 (0.056)	Loss 0.4660 (0.4754)	Prec@1 81.250 (73.873)	Prec@5 81.250 (73.873)
Epoch: [29][80/215], lr: 0.00001	Time 0.542 (0.569)	Data 0.000 (0.042)	Loss 0.5048 (0.4795)	Prec@1 56.250 (73.225)	Prec@5 56.250 (73.225)
Epoch: [29][100/215], lr: 0.00001	Time 0.530 (0.561)	Data 0.000 (0.034)	Loss 0.6054 (0.4759)	Prec@1 56.250 (74.319)	Prec@5 56.250 (74.319)
Epoch: [29][120/215], lr: 0.00001	Time 0.522 (0.555)	Data 0.000 (0.028)	Loss 0.6407 (0.4819)	Prec@1 68.750 (74.122)	Prec@5 68.750 (74.122)
Epoch: [29][140/215], lr: 0.00001	Time 0.524 (0.551)	Data 0.000 (0.024)	Loss 0.4615 (0.4908)	Prec@1 81.250 (73.892)	Prec@5 81.250 (73.892)
Epoch: [29][160/215], lr: 0.00001	Time 0.523 (0.548)	Data 0.000 (0.021)	Loss 0.8507 (0.4908)	Prec@1 68.750 (74.068)	Prec@5 68.750 (74.068)
Epoch: [29][180/215], lr: 0.00001	Time 0.525 (0.546)	Data 0.000 (0.019)	Loss 0.4341 (0.4872)	Prec@1 68.750 (74.378)	Prec@5 68.750 (74.378)
Epoch: [29][200/215], lr: 0.00001	Time 0.528 (0.544)	Data 0.000 (0.017)	Loss 0.3649 (0.4899)	Prec@1 75.000 (74.036)	Prec@5 75.000 (74.036)
Test: [0/3]	Time 2.897 (2.897)	Loss 0.0487 (0.0487)	Prec@1 100.000 (100.000)	Prec@5 100.000 (100.000)
Testing Results: Prec@1 67.500 Prec@5 67.500 Loss 0.81702
Best Prec@1: 75.000
Freezing BatchNorm2D except the first one.
Epoch: [30][0/215], lr: 0.00001	Time 3.409 (3.409)	Data 3.152 (3.152)	Loss 0.4236 (0.4236)	Prec@1 68.750 (68.750)	Prec@5 68.750 (68.750)
Epoch: [30][20/215], lr: 0.00001	Time 0.528 (0.672)	Data 0.000 (0.150)	Loss 0.3760 (0.4925)	Prec@1 81.250 (71.726)	Prec@5 81.250 (71.726)
Epoch: [30][40/215], lr: 0.00001	Time 0.529 (0.601)	Data 0.000 (0.077)	Loss 0.3149 (0.4927)	Prec@1 93.750 (74.085)	Prec@5 93.750 (74.085)
Epoch: [30][60/215], lr: 0.00001	Time 0.532 (0.577)	Data 0.000 (0.052)	Loss 0.4478 (0.4899)	Prec@1 81.250 (73.975)	Prec@5 81.250 (73.975)
Epoch: [30][80/215], lr: 0.00001	Time 0.528 (0.565)	Data 0.000 (0.039)	Loss 0.7196 (0.4990)	Prec@1 62.500 (72.917)	Prec@5 62.500 (72.917)
Epoch: [30][100/215], lr: 0.00001	Time 0.526 (0.558)	Data 0.000 (0.031)	Loss 0.5549 (0.5012)	Prec@1 68.750 (72.649)	Prec@5 68.750 (72.649)
Epoch: [30][120/215], lr: 0.00001	Time 0.520 (0.553)	Data 0.000 (0.026)	Loss 0.3311 (0.4888)	Prec@1 87.500 (73.760)	Prec@5 87.500 (73.760)
Epoch: [30][140/215], lr: 0.00001	Time 0.523 (0.549)	Data 0.000 (0.022)	Loss 0.3649 (0.4891)	Prec@1 87.500 (73.715)	Prec@5 87.500 (73.715)
Epoch: [30][160/215], lr: 0.00001	Time 0.525 (0.546)	Data 0.000 (0.020)	Loss 0.7330 (0.4884)	Prec@1 68.750 (73.758)	Prec@5 68.750 (73.758)
Epoch: [30][180/215], lr: 0.00001	Time 0.524 (0.544)	Data 0.000 (0.018)	Loss 0.5105 (0.4900)	Prec@1 68.750 (73.412)	Prec@5 68.750 (73.412)
Epoch: [30][200/215], lr: 0.00001	Time 0.521 (0.542)	Data 0.000 (0.016)	Loss 0.4410 (0.4873)	Prec@1 75.000 (73.663)	Prec@5 75.000 (73.663)
Test: [0/3]	Time 2.664 (2.664)	Loss 0.0326 (0.0326)	Prec@1 100.000 (100.000)	Prec@5 100.000 (100.000)
Testing Results: Prec@1 70.000 Prec@5 70.000 Loss 0.86286
Best Prec@1: 75.000
Freezing BatchNorm2D except the first one.
Epoch: [31][0/215], lr: 0.00001	Time 3.843 (3.843)	Data 3.552 (3.552)	Loss 0.2479 (0.2479)	Prec@1 87.500 (87.500)	Prec@5 87.500 (87.500)
Epoch: [31][20/215], lr: 0.00001	Time 0.530 (0.695)	Data 0.000 (0.196)	Loss 0.4218 (0.5162)	Prec@1 81.250 (68.155)	Prec@5 81.250 (68.155)
Epoch: [31][40/215], lr: 0.00001	Time 0.540 (0.615)	Data 0.000 (0.100)	Loss 0.4014 (0.5131)	Prec@1 87.500 (69.055)	Prec@5 87.500 (69.055)
Epoch: [31][60/215], lr: 0.00001	Time 0.538 (0.587)	Data 0.000 (0.067)	Loss 0.7737 (0.5042)	Prec@1 62.500 (70.594)	Prec@5 62.500 (70.594)
Epoch: [31][80/215], lr: 0.00001	Time 0.539 (0.572)	Data 0.000 (0.051)	Loss 0.3485 (0.4913)	Prec@1 93.750 (71.682)	Prec@5 93.750 (71.682)
Epoch: [31][100/215], lr: 0.00001	Time 0.549 (0.563)	Data 0.000 (0.041)	Loss 0.5074 (0.4822)	Prec@1 68.750 (72.339)	Prec@5 68.750 (72.339)
Epoch: [31][120/215], lr: 0.00001	Time 0.527 (0.557)	Data 0.000 (0.034)	Loss 0.6556 (0.4851)	Prec@1 62.500 (71.952)	Prec@5 62.500 (71.952)
Epoch: [31][140/215], lr: 0.00001	Time 0.529 (0.553)	Data 0.000 (0.029)	Loss 0.5991 (0.4840)	Prec@1 68.750 (71.543)	Prec@5 68.750 (71.543)
Epoch: [31][160/215], lr: 0.00001	Time 0.561 (0.550)	Data 0.000 (0.026)	Loss 0.4817 (0.4831)	Prec@1 87.500 (71.700)	Prec@5 87.500 (71.700)
Epoch: [31][180/215], lr: 0.00001	Time 0.528 (0.547)	Data 0.000 (0.023)	Loss 0.4139 (0.4806)	Prec@1 81.250 (71.927)	Prec@5 81.250 (71.927)
Epoch: [31][200/215], lr: 0.00001	Time 0.508 (0.545)	Data 0.000 (0.021)	Loss 0.5437 (0.4833)	Prec@1 75.000 (72.046)	Prec@5 75.000 (72.046)
Test: [0/3]	Time 2.582 (2.582)	Loss 0.0314 (0.0314)	Prec@1 100.000 (100.000)	Prec@5 100.000 (100.000)
Testing Results: Prec@1 65.000 Prec@5 65.000 Loss 0.99625
Best Prec@1: 75.000
Freezing BatchNorm2D except the first one.
Epoch: [32][0/215], lr: 0.00001	Time 3.800 (3.800)	Data 3.546 (3.546)	Loss 0.3334 (0.3334)	Prec@1 87.500 (87.500)	Prec@5 87.500 (87.500)
Epoch: [32][20/215], lr: 0.00001	Time 0.526 (0.761)	Data 0.000 (0.267)	Loss 0.3532 (0.4594)	Prec@1 93.750 (74.405)	Prec@5 93.750 (74.405)
Epoch: [32][40/215], lr: 0.00001	Time 0.543 (0.648)	Data 0.000 (0.137)	Loss 0.6452 (0.4798)	Prec@1 62.500 (73.018)	Prec@5 62.500 (73.018)
Epoch: [32][60/215], lr: 0.00001	Time 0.523 (0.609)	Data 0.000 (0.092)	Loss 0.5017 (0.4917)	Prec@1 75.000 (73.156)	Prec@5 75.000 (73.156)
Epoch: [32][80/215], lr: 0.00001	Time 0.524 (0.589)	Data 0.000 (0.069)	Loss 0.4007 (0.4880)	Prec@1 93.750 (73.148)	Prec@5 93.750 (73.148)
Epoch: [32][100/215], lr: 0.00001	Time 0.522 (0.576)	Data 0.000 (0.056)	Loss 0.3181 (0.4815)	Prec@1 87.500 (73.515)	Prec@5 87.500 (73.515)
Epoch: [32][120/215], lr: 0.00001	Time 0.558 (0.568)	Data 0.000 (0.046)	Loss 0.7180 (0.4806)	Prec@1 56.250 (73.760)	Prec@5 56.250 (73.760)
Epoch: [32][140/215], lr: 0.00001	Time 0.521 (0.562)	Data 0.000 (0.040)	Loss 0.4551 (0.4802)	Prec@1 68.750 (73.404)	Prec@5 68.750 (73.404)
Epoch: [32][160/215], lr: 0.00001	Time 0.524 (0.558)	Data 0.000 (0.035)	Loss 0.4114 (0.4788)	Prec@1 68.750 (73.370)	Prec@5 68.750 (73.370)
Epoch: [32][180/215], lr: 0.00001	Time 0.523 (0.555)	Data 0.000 (0.031)	Loss 0.3854 (0.4728)	Prec@1 68.750 (73.722)	Prec@5 68.750 (73.722)
Epoch: [32][200/215], lr: 0.00001	Time 0.522 (0.552)	Data 0.000 (0.028)	Loss 0.3799 (0.4739)	Prec@1 81.250 (73.725)	Prec@5 81.250 (73.725)
Test: [0/3]	Time 3.403 (3.403)	Loss 0.0355 (0.0355)	Prec@1 100.000 (100.000)	Prec@5 100.000 (100.000)
Testing Results: Prec@1 70.000 Prec@5 70.000 Loss 0.87746
Best Prec@1: 75.000
Freezing BatchNorm2D except the first one.
Epoch: [33][0/215], lr: 0.00001	Time 3.460 (3.460)	Data 3.194 (3.194)	Loss 0.3565 (0.3565)	Prec@1 81.250 (81.250)	Prec@5 81.250 (81.250)
Epoch: [33][20/215], lr: 0.00001	Time 0.523 (0.674)	Data 0.000 (0.152)	Loss 0.3700 (0.5273)	Prec@1 81.250 (65.476)	Prec@5 81.250 (65.476)
Epoch: [33][40/215], lr: 0.00001	Time 0.523 (0.604)	Data 0.000 (0.078)	Loss 0.5116 (0.5040)	Prec@1 68.750 (68.140)	Prec@5 68.750 (68.140)
Epoch: [33][60/215], lr: 0.00001	Time 0.553 (0.579)	Data 0.000 (0.052)	Loss 0.6174 (0.4953)	Prec@1 75.000 (70.799)	Prec@5 75.000 (70.799)
Epoch: [33][80/215], lr: 0.00001	Time 0.531 (0.566)	Data 0.000 (0.040)	Loss 0.2323 (0.4836)	Prec@1 93.750 (72.377)	Prec@5 93.750 (72.377)
Epoch: [33][100/215], lr: 0.00001	Time 0.530 (0.558)	Data 0.000 (0.032)	Loss 0.3025 (0.4875)	Prec@1 100.000 (73.205)	Prec@5 100.000 (73.205)
Epoch: [33][120/215], lr: 0.00001	Time 0.525 (0.553)	Data 0.000 (0.027)	Loss 0.5216 (0.4855)	Prec@1 68.750 (73.554)	Prec@5 68.750 (73.554)
Epoch: [33][140/215], lr: 0.00001	Time 0.522 (0.549)	Data 0.000 (0.023)	Loss 0.4444 (0.4825)	Prec@1 87.500 (73.848)	Prec@5 87.500 (73.848)
Epoch: [33][160/215], lr: 0.00001	Time 0.525 (0.547)	Data 0.000 (0.020)	Loss 0.4787 (0.4802)	Prec@1 81.250 (73.680)	Prec@5 81.250 (73.680)
Epoch: [33][180/215], lr: 0.00001	Time 0.520 (0.544)	Data 0.000 (0.018)	Loss 0.5729 (0.4882)	Prec@1 56.250 (72.825)	Prec@5 56.250 (72.825)
Epoch: [33][200/215], lr: 0.00001	Time 0.522 (0.542)	Data 0.000 (0.016)	Loss 0.6314 (0.4867)	Prec@1 50.000 (72.854)	Prec@5 50.000 (72.854)
Test: [0/3]	Time 3.069 (3.069)	Loss 0.0376 (0.0376)	Prec@1 100.000 (100.000)	Prec@5 100.000 (100.000)
Testing Results: Prec@1 70.000 Prec@5 70.000 Loss 0.85139
Best Prec@1: 75.000
Freezing BatchNorm2D except the first one.
Epoch: [34][0/215], lr: 0.00001	Time 4.106 (4.106)	Data 3.875 (3.875)	Loss 0.3787 (0.3787)	Prec@1 75.000 (75.000)	Prec@5 75.000 (75.000)
Epoch: [34][20/215], lr: 0.00001	Time 0.527 (0.705)	Data 0.000 (0.185)	Loss 0.4630 (0.4474)	Prec@1 68.750 (73.512)	Prec@5 68.750 (73.512)
Epoch: [34][40/215], lr: 0.00001	Time 0.522 (0.619)	Data 0.000 (0.095)	Loss 0.3609 (0.4420)	Prec@1 68.750 (74.543)	Prec@5 68.750 (74.543)
Epoch: [34][60/215], lr: 0.00001	Time 0.528 (0.589)	Data 0.000 (0.064)	Loss 0.4588 (0.4356)	Prec@1 62.500 (75.410)	Prec@5 62.500 (75.410)
Epoch: [34][80/215], lr: 0.00001	Time 0.530 (0.573)	Data 0.000 (0.048)	Loss 0.4988 (0.4553)	Prec@1 62.500 (74.383)	Prec@5 62.500 (74.383)
Epoch: [34][100/215], lr: 0.00001	Time 0.525 (0.564)	Data 0.000 (0.038)	Loss 0.5806 (0.4593)	Prec@1 56.250 (74.629)	Prec@5 56.250 (74.629)
Epoch: [34][120/215], lr: 0.00001	Time 0.526 (0.558)	Data 0.000 (0.032)	Loss 0.4549 (0.4630)	Prec@1 62.500 (74.070)	Prec@5 62.500 (74.070)
Epoch: [34][140/215], lr: 0.00001	Time 0.523 (0.554)	Data 0.000 (0.028)	Loss 0.4942 (0.4711)	Prec@1 81.250 (73.316)	Prec@5 81.250 (73.316)
Epoch: [34][160/215], lr: 0.00001	Time 0.522 (0.551)	Data 0.000 (0.024)	Loss 0.5527 (0.4780)	Prec@1 68.750 (72.826)	Prec@5 68.750 (72.826)
Epoch: [34][180/215], lr: 0.00001	Time 0.523 (0.548)	Data 0.000 (0.022)	Loss 0.4599 (0.4785)	Prec@1 81.250 (72.894)	Prec@5 81.250 (72.894)
Epoch: [34][200/215], lr: 0.00001	Time 0.522 (0.546)	Data 0.000 (0.019)	Loss 0.4810 (0.4772)	Prec@1 81.250 (73.228)	Prec@5 81.250 (73.228)
Test: [0/3]	Time 2.591 (2.591)	Loss 0.0198 (0.0198)	Prec@1 100.000 (100.000)	Prec@5 100.000 (100.000)
Testing Results: Prec@1 65.000 Prec@5 65.000 Loss 1.05446
Best Prec@1: 75.000
Freezing BatchNorm2D except the first one.
Epoch: [35][0/215], lr: 0.00001	Time 3.512 (3.512)	Data 3.268 (3.268)	Loss 0.4172 (0.4172)	Prec@1 81.250 (81.250)	Prec@5 81.250 (81.250)
Epoch: [35][20/215], lr: 0.00001	Time 0.532 (0.679)	Data 0.000 (0.172)	Loss 0.5519 (0.4869)	Prec@1 68.750 (75.000)	Prec@5 68.750 (75.000)
Epoch: [35][40/215], lr: 0.00001	Time 0.525 (0.605)	Data 0.000 (0.088)	Loss 0.3651 (0.4696)	Prec@1 81.250 (73.780)	Prec@5 81.250 (73.780)
Epoch: [35][60/215], lr: 0.00001	Time 0.521 (0.579)	Data 0.000 (0.059)	Loss 0.5334 (0.4908)	Prec@1 56.250 (71.107)	Prec@5 56.250 (71.107)
Epoch: [35][80/215], lr: 0.00001	Time 0.550 (0.567)	Data 0.000 (0.045)	Loss 0.5059 (0.4844)	Prec@1 75.000 (72.685)	Prec@5 75.000 (72.685)
Epoch: [35][100/215], lr: 0.00001	Time 0.522 (0.559)	Data 0.000 (0.036)	Loss 0.3856 (0.4832)	Prec@1 93.750 (73.329)	Prec@5 93.750 (73.329)
Epoch: [35][120/215], lr: 0.00001	Time 0.523 (0.553)	Data 0.000 (0.030)	Loss 0.3567 (0.4838)	Prec@1 81.250 (73.192)	Prec@5 81.250 (73.192)
Epoch: [35][140/215], lr: 0.00001	Time 0.529 (0.550)	Data 0.000 (0.026)	Loss 0.4814 (0.4914)	Prec@1 75.000 (72.828)	Prec@5 75.000 (72.828)
Epoch: [35][160/215], lr: 0.00001	Time 0.529 (0.547)	Data 0.000 (0.022)	Loss 0.2525 (0.4841)	Prec@1 87.500 (73.098)	Prec@5 87.500 (73.098)
Epoch: [35][180/215], lr: 0.00001	Time 0.518 (0.545)	Data 0.000 (0.020)	Loss 0.5957 (0.4886)	Prec@1 62.500 (72.859)	Prec@5 62.500 (72.859)
Epoch: [35][200/215], lr: 0.00001	Time 0.523 (0.543)	Data 0.000 (0.018)	Loss 0.5853 (0.4885)	Prec@1 50.000 (72.637)	Prec@5 50.000 (72.637)
Test: [0/3]	Time 3.057 (3.057)	Loss 0.0323 (0.0323)	Prec@1 100.000 (100.000)	Prec@5 100.000 (100.000)
Testing Results: Prec@1 67.500 Prec@5 67.500 Loss 0.93529
Best Prec@1: 75.000
Freezing BatchNorm2D except the first one.
Epoch: [36][0/215], lr: 0.00001	Time 3.917 (3.917)	Data 3.647 (3.647)	Loss 0.4314 (0.4314)	Prec@1 75.000 (75.000)	Prec@5 75.000 (75.000)
Epoch: [36][20/215], lr: 0.00001	Time 0.504 (0.694)	Data 0.000 (0.174)	Loss 0.3724 (0.4701)	Prec@1 87.500 (73.512)	Prec@5 87.500 (73.512)
Epoch: [36][40/215], lr: 0.00001	Time 0.505 (0.612)	Data 0.000 (0.089)	Loss 0.3435 (0.4564)	Prec@1 87.500 (75.000)	Prec@5 87.500 (75.000)
Epoch: [36][60/215], lr: 0.00001	Time 0.530 (0.583)	Data 0.000 (0.060)	Loss 0.4468 (0.4611)	Prec@1 75.000 (74.385)	Prec@5 75.000 (74.385)
Epoch: [36][80/215], lr: 0.00001	Time 0.523 (0.569)	Data 0.000 (0.045)	Loss 0.3424 (0.4633)	Prec@1 87.500 (74.769)	Prec@5 87.500 (74.769)
Epoch: [36][100/215], lr: 0.00001	Time 0.524 (0.560)	Data 0.000 (0.036)	Loss 0.6147 (0.4706)	Prec@1 62.500 (74.072)	Prec@5 62.500 (74.072)
Epoch: [36][120/215], lr: 0.00001	Time 0.546 (0.555)	Data 0.000 (0.030)	Loss 0.4000 (0.4695)	Prec@1 81.250 (74.380)	Prec@5 81.250 (74.380)
Epoch: [36][140/215], lr: 0.00001	Time 0.539 (0.551)	Data 0.000 (0.026)	Loss 0.4085 (0.4702)	Prec@1 81.250 (74.113)	Prec@5 81.250 (74.113)
Epoch: [36][160/215], lr: 0.00001	Time 0.523 (0.548)	Data 0.000 (0.023)	Loss 0.4410 (0.4725)	Prec@1 75.000 (73.952)	Prec@5 75.000 (73.952)
Epoch: [36][180/215], lr: 0.00001	Time 0.523 (0.546)	Data 0.000 (0.020)	Loss 0.3549 (0.4739)	Prec@1 87.500 (74.102)	Prec@5 87.500 (74.102)
Epoch: [36][200/215], lr: 0.00001	Time 0.522 (0.543)	Data 0.000 (0.018)	Loss 0.4058 (0.4723)	Prec@1 81.250 (73.943)	Prec@5 81.250 (73.943)
Test: [0/3]	Time 2.759 (2.759)	Loss 0.0403 (0.0403)	Prec@1 100.000 (100.000)	Prec@5 100.000 (100.000)
Testing Results: Prec@1 70.000 Prec@5 70.000 Loss 0.77832
Best Prec@1: 75.000
Freezing BatchNorm2D except the first one.
Epoch: [37][0/215], lr: 0.00001	Time 3.331 (3.331)	Data 3.055 (3.055)	Loss 0.5053 (0.5053)	Prec@1 81.250 (81.250)	Prec@5 81.250 (81.250)
Epoch: [37][20/215], lr: 0.00001	Time 0.519 (0.670)	Data 0.000 (0.151)	Loss 0.4003 (0.4476)	Prec@1 81.250 (76.190)	Prec@5 81.250 (76.190)
Epoch: [37][40/215], lr: 0.00001	Time 0.521 (0.600)	Data 0.000 (0.077)	Loss 0.4515 (0.4738)	Prec@1 81.250 (73.933)	Prec@5 81.250 (73.933)
Epoch: [37][60/215], lr: 0.00001	Time 0.522 (0.576)	Data 0.000 (0.052)	Loss 0.4440 (0.4712)	Prec@1 93.750 (73.361)	Prec@5 93.750 (73.361)
Epoch: [37][80/215], lr: 0.00001	Time 0.513 (0.564)	Data 0.000 (0.039)	Loss 0.4538 (0.4740)	Prec@1 75.000 (73.457)	Prec@5 75.000 (73.457)
Epoch: [37][100/215], lr: 0.00001	Time 0.524 (0.556)	Data 0.000 (0.031)	Loss 0.5955 (0.4780)	Prec@1 62.500 (73.700)	Prec@5 62.500 (73.700)
Epoch: [37][120/215], lr: 0.00001	Time 0.528 (0.551)	Data 0.000 (0.026)	Loss 0.4851 (0.4782)	Prec@1 68.750 (73.089)	Prec@5 68.750 (73.089)
Epoch: [37][140/215], lr: 0.00001	Time 0.524 (0.548)	Data 0.000 (0.023)	Loss 0.4621 (0.4823)	Prec@1 81.250 (72.739)	Prec@5 81.250 (72.739)
Epoch: [37][160/215], lr: 0.00001	Time 0.528 (0.545)	Data 0.000 (0.020)	Loss 0.3124 (0.4796)	Prec@1 81.250 (72.904)	Prec@5 81.250 (72.904)
Epoch: [37][180/215], lr: 0.00001	Time 0.525 (0.543)	Data 0.000 (0.018)	Loss 0.6262 (0.4815)	Prec@1 43.750 (72.721)	Prec@5 43.750 (72.721)
Epoch: [37][200/215], lr: 0.00001	Time 0.522 (0.541)	Data 0.000 (0.016)	Loss 0.4726 (0.4787)	Prec@1 87.500 (73.103)	Prec@5 87.500 (73.103)
Test: [0/3]	Time 3.083 (3.083)	Loss 0.0293 (0.0293)	Prec@1 100.000 (100.000)	Prec@5 100.000 (100.000)
Testing Results: Prec@1 67.500 Prec@5 67.500 Loss 0.95016
Best Prec@1: 75.000
Freezing BatchNorm2D except the first one.
Epoch: [38][0/215], lr: 0.00001	Time 3.514 (3.514)	Data 3.255 (3.255)	Loss 0.2725 (0.2725)	Prec@1 93.750 (93.750)	Prec@5 93.750 (93.750)
Epoch: [38][20/215], lr: 0.00001	Time 0.552 (0.678)	Data 0.000 (0.162)	Loss 0.4802 (0.4461)	Prec@1 62.500 (73.810)	Prec@5 62.500 (73.810)
Epoch: [38][40/215], lr: 0.00001	Time 0.522 (0.605)	Data 0.000 (0.083)	Loss 0.6598 (0.4754)	Prec@1 43.750 (71.189)	Prec@5 43.750 (71.189)
Epoch: [38][60/215], lr: 0.00001	Time 0.523 (0.580)	Data 0.000 (0.056)	Loss 0.3637 (0.4704)	Prec@1 87.500 (73.361)	Prec@5 87.500 (73.361)
Epoch: [38][80/215], lr: 0.00001	Time 0.530 (0.566)	Data 0.000 (0.042)	Loss 0.3989 (0.4734)	Prec@1 81.250 (73.148)	Prec@5 81.250 (73.148)
Epoch: [38][100/215], lr: 0.00001	Time 0.528 (0.558)	Data 0.000 (0.034)	Loss 0.4812 (0.4704)	Prec@1 68.750 (73.577)	Prec@5 68.750 (73.577)
Epoch: [38][120/215], lr: 0.00001	Time 0.523 (0.553)	Data 0.000 (0.028)	Loss 0.3720 (0.4706)	Prec@1 93.750 (73.450)	Prec@5 93.750 (73.450)
Epoch: [38][140/215], lr: 0.00001	Time 0.522 (0.549)	Data 0.000 (0.024)	Loss 0.7298 (0.4693)	Prec@1 43.750 (73.449)	Prec@5 43.750 (73.449)
Epoch: [38][160/215], lr: 0.00001	Time 0.524 (0.547)	Data 0.000 (0.021)	Loss 0.5617 (0.4692)	Prec@1 68.750 (73.214)	Prec@5 68.750 (73.214)
Epoch: [38][180/215], lr: 0.00001	Time 0.524 (0.545)	Data 0.000 (0.019)	Loss 0.5411 (0.4727)	Prec@1 87.500 (73.481)	Prec@5 87.500 (73.481)
Epoch: [38][200/215], lr: 0.00001	Time 0.523 (0.543)	Data 0.000 (0.017)	Loss 0.7046 (0.4718)	Prec@1 56.250 (73.850)	Prec@5 56.250 (73.850)
Test: [0/3]	Time 2.836 (2.836)	Loss 0.0245 (0.0245)	Prec@1 100.000 (100.000)	Prec@5 100.000 (100.000)
Testing Results: Prec@1 67.500 Prec@5 67.500 Loss 1.02042
Best Prec@1: 75.000
Freezing BatchNorm2D except the first one.
Epoch: [39][0/215], lr: 0.00001	Time 3.843 (3.843)	Data 3.515 (3.515)	Loss 0.5776 (0.5776)	Prec@1 68.750 (68.750)	Prec@5 68.750 (68.750)
Epoch: [39][20/215], lr: 0.00001	Time 0.527 (0.692)	Data 0.000 (0.168)	Loss 0.3361 (0.4456)	Prec@1 100.000 (73.512)	Prec@5 100.000 (73.512)
Epoch: [39][40/215], lr: 0.00001	Time 0.529 (0.612)	Data 0.000 (0.086)	Loss 0.3044 (0.4744)	Prec@1 87.500 (71.646)	Prec@5 87.500 (71.646)
Epoch: [39][60/215], lr: 0.00001	Time 0.523 (0.583)	Data 0.000 (0.058)	Loss 0.4000 (0.4829)	Prec@1 81.250 (72.439)	Prec@5 81.250 (72.439)
Epoch: [39][80/215], lr: 0.00001	Time 0.533 (0.570)	Data 0.000 (0.044)	Loss 0.5645 (0.4894)	Prec@1 75.000 (71.991)	Prec@5 75.000 (71.991)
Epoch: [39][100/215], lr: 0.00001	Time 0.524 (0.560)	Data 0.000 (0.035)	Loss 0.4111 (0.4829)	Prec@1 81.250 (72.525)	Prec@5 81.250 (72.525)
Epoch: [39][120/215], lr: 0.00001	Time 0.533 (0.555)	Data 0.000 (0.029)	Loss 0.4926 (0.4858)	Prec@1 75.000 (72.159)	Prec@5 75.000 (72.159)
Epoch: [39][140/215], lr: 0.00001	Time 0.523 (0.551)	Data 0.000 (0.025)	Loss 0.3042 (0.4811)	Prec@1 87.500 (72.340)	Prec@5 87.500 (72.340)
Epoch: [39][160/215], lr: 0.00001	Time 0.524 (0.548)	Data 0.000 (0.022)	Loss 0.3172 (0.4811)	Prec@1 87.500 (72.399)	Prec@5 87.500 (72.399)
Epoch: [39][180/215], lr: 0.00001	Time 0.524 (0.546)	Data 0.000 (0.020)	Loss 0.6086 (0.4806)	Prec@1 62.500 (72.479)	Prec@5 62.500 (72.479)
Epoch: [39][200/215], lr: 0.00001	Time 0.523 (0.544)	Data 0.000 (0.018)	Loss 0.4753 (0.4838)	Prec@1 87.500 (72.637)	Prec@5 87.500 (72.637)
Test: [0/3]	Time 2.599 (2.599)	Loss 0.0278 (0.0278)	Prec@1 100.000 (100.000)	Prec@5 100.000 (100.000)
Testing Results: Prec@1 67.500 Prec@5 67.500 Loss 0.98230
Best Prec@1: 75.000
Freezing BatchNorm2D except the first one.
Epoch: [40][0/215], lr: 0.00000	Time 3.576 (3.576)	Data 3.320 (3.320)	Loss 0.4220 (0.4220)	Prec@1 81.250 (81.250)	Prec@5 81.250 (81.250)
Epoch: [40][20/215], lr: 0.00000	Time 0.550 (0.681)	Data 0.000 (0.158)	Loss 0.7030 (0.4738)	Prec@1 50.000 (73.810)	Prec@5 50.000 (73.810)
Epoch: [40][40/215], lr: 0.00000	Time 0.523 (0.605)	Data 0.000 (0.081)	Loss 0.3524 (0.4484)	Prec@1 81.250 (76.220)	Prec@5 81.250 (76.220)
Epoch: [40][60/215], lr: 0.00000	Time 0.543 (0.580)	Data 0.000 (0.055)	Loss 0.5207 (0.4548)	Prec@1 62.500 (75.820)	Prec@5 62.500 (75.820)
Epoch: [40][80/215], lr: 0.00000	Time 0.522 (0.566)	Data 0.000 (0.041)	Loss 0.4036 (0.4587)	Prec@1 81.250 (75.772)	Prec@5 81.250 (75.772)
Epoch: [40][100/215], lr: 0.00000	Time 0.521 (0.558)	Data 0.000 (0.033)	Loss 0.5666 (0.4625)	Prec@1 62.500 (75.124)	Prec@5 62.500 (75.124)
Epoch: [40][120/215], lr: 0.00000	Time 0.527 (0.553)	Data 0.000 (0.028)	Loss 0.4141 (0.4612)	Prec@1 75.000 (74.948)	Prec@5 75.000 (74.948)
Epoch: [40][140/215], lr: 0.00000	Time 0.525 (0.549)	Data 0.000 (0.024)	Loss 0.2748 (0.4600)	Prec@1 93.750 (75.000)	Prec@5 93.750 (75.000)
Epoch: [40][160/215], lr: 0.00000	Time 0.525 (0.546)	Data 0.000 (0.021)	Loss 0.5105 (0.4572)	Prec@1 62.500 (75.194)	Prec@5 62.500 (75.194)
Epoch: [40][180/215], lr: 0.00000	Time 0.523 (0.544)	Data 0.000 (0.018)	Loss 0.6606 (0.4597)	Prec@1 62.500 (74.965)	Prec@5 62.500 (74.965)
Epoch: [40][200/215], lr: 0.00000	Time 0.521 (0.542)	Data 0.000 (0.017)	Loss 0.5532 (0.4623)	Prec@1 68.750 (74.813)	Prec@5 68.750 (74.813)
Test: [0/3]	Time 2.627 (2.627)	Loss 0.0312 (0.0312)	Prec@1 100.000 (100.000)	Prec@5 100.000 (100.000)
Testing Results: Prec@1 67.500 Prec@5 67.500 Loss 0.94876
Best Prec@1: 75.000
Freezing BatchNorm2D except the first one.
Epoch: [41][0/215], lr: 0.00000	Time 3.907 (3.907)	Data 3.640 (3.640)	Loss 0.3311 (0.3311)	Prec@1 81.250 (81.250)	Prec@5 81.250 (81.250)
Epoch: [41][20/215], lr: 0.00000	Time 0.527 (0.697)	Data 0.000 (0.174)	Loss 0.3299 (0.4345)	Prec@1 87.500 (73.810)	Prec@5 87.500 (73.810)
Epoch: [41][40/215], lr: 0.00000	Time 0.524 (0.614)	Data 0.000 (0.089)	Loss 0.5196 (0.4409)	Prec@1 62.500 (73.323)	Prec@5 62.500 (73.323)
Epoch: [41][60/215], lr: 0.00000	Time 0.521 (0.584)	Data 0.000 (0.060)	Loss 0.3817 (0.4498)	Prec@1 87.500 (73.975)	Prec@5 87.500 (73.975)
Epoch: [41][80/215], lr: 0.00000	Time 0.522 (0.571)	Data 0.000 (0.045)	Loss 0.3867 (0.4611)	Prec@1 81.250 (73.688)	Prec@5 81.250 (73.688)
Epoch: [41][100/215], lr: 0.00000	Time 0.525 (0.561)	Data 0.000 (0.036)	Loss 0.4634 (0.4656)	Prec@1 68.750 (73.577)	Prec@5 68.750 (73.577)
Epoch: [41][120/215], lr: 0.00000	Time 0.523 (0.555)	Data 0.000 (0.030)	Loss 0.3894 (0.4626)	Prec@1 68.750 (74.019)	Prec@5 68.750 (74.019)
Epoch: [41][140/215], lr: 0.00000	Time 0.539 (0.551)	Data 0.000 (0.026)	Loss 0.5308 (0.4728)	Prec@1 62.500 (73.626)	Prec@5 62.500 (73.626)
Epoch: [41][160/215], lr: 0.00000	Time 0.525 (0.548)	Data 0.000 (0.023)	Loss 0.3729 (0.4679)	Prec@1 81.250 (74.068)	Prec@5 81.250 (74.068)
Epoch: [41][180/215], lr: 0.00000	Time 0.528 (0.546)	Data 0.000 (0.020)	Loss 0.4172 (0.4673)	Prec@1 75.000 (73.860)	Prec@5 75.000 (73.860)
Epoch: [41][200/215], lr: 0.00000	Time 0.523 (0.544)	Data 0.000 (0.018)	Loss 0.5522 (0.4706)	Prec@1 75.000 (73.694)	Prec@5 75.000 (73.694)
Test: [0/3]	Time 3.099 (3.099)	Loss 0.0309 (0.0309)	Prec@1 100.000 (100.000)	Prec@5 100.000 (100.000)
Testing Results: Prec@1 70.000 Prec@5 70.000 Loss 0.89202
Best Prec@1: 75.000
Freezing BatchNorm2D except the first one.
Epoch: [42][0/215], lr: 0.00000	Time 3.926 (3.926)	Data 3.671 (3.671)	Loss 0.2654 (0.2654)	Prec@1 93.750 (93.750)	Prec@5 93.750 (93.750)
Epoch: [42][20/215], lr: 0.00000	Time 0.521 (0.697)	Data 0.000 (0.175)	Loss 0.4458 (0.5222)	Prec@1 68.750 (71.726)	Prec@5 68.750 (71.726)
Epoch: [42][40/215], lr: 0.00000	Time 0.522 (0.615)	Data 0.000 (0.090)	Loss 0.7833 (0.4996)	Prec@1 56.250 (72.561)	Prec@5 56.250 (72.561)
Epoch: [42][60/215], lr: 0.00000	Time 0.528 (0.586)	Data 0.000 (0.060)	Loss 0.4467 (0.4883)	Prec@1 75.000 (72.951)	Prec@5 75.000 (72.951)
Epoch: [42][80/215], lr: 0.00000	Time 0.536 (0.571)	Data 0.000 (0.045)	Loss 0.4162 (0.4801)	Prec@1 81.250 (73.302)	Prec@5 81.250 (73.302)
Epoch: [42][100/215], lr: 0.00000	Time 0.522 (0.563)	Data 0.000 (0.036)	Loss 0.4092 (0.4759)	Prec@1 68.750 (72.834)	Prec@5 68.750 (72.834)
Epoch: [42][120/215], lr: 0.00000	Time 0.524 (0.557)	Data 0.000 (0.030)	Loss 0.4565 (0.4729)	Prec@1 81.250 (74.019)	Prec@5 81.250 (74.019)
Epoch: [42][140/215], lr: 0.00000	Time 0.546 (0.553)	Data 0.000 (0.026)	Loss 0.4392 (0.4698)	Prec@1 62.500 (73.360)	Prec@5 62.500 (73.360)
Epoch: [42][160/215], lr: 0.00000	Time 0.525 (0.550)	Data 0.000 (0.023)	Loss 0.4609 (0.4707)	Prec@1 68.750 (73.370)	Prec@5 68.750 (73.370)
Epoch: [42][180/215], lr: 0.00000	Time 0.523 (0.547)	Data 0.000 (0.020)	Loss 0.4347 (0.4672)	Prec@1 68.750 (73.722)	Prec@5 68.750 (73.722)
Epoch: [42][200/215], lr: 0.00000	Time 0.522 (0.545)	Data 0.000 (0.018)	Loss 0.3635 (0.4667)	Prec@1 87.500 (73.694)	Prec@5 87.500 (73.694)
Test: [0/3]	Time 3.061 (3.061)	Loss 0.0287 (0.0287)	Prec@1 100.000 (100.000)	Prec@5 100.000 (100.000)
Testing Results: Prec@1 67.500 Prec@5 67.500 Loss 0.97412
Best Prec@1: 75.000
Freezing BatchNorm2D except the first one.
Epoch: [43][0/215], lr: 0.00000	Time 3.493 (3.493)	Data 3.228 (3.228)	Loss 0.6428 (0.6428)	Prec@1 62.500 (62.500)	Prec@5 62.500 (62.500)
Epoch: [43][20/215], lr: 0.00000	Time 0.529 (0.679)	Data 0.000 (0.154)	Loss 0.4423 (0.4603)	Prec@1 81.250 (77.083)	Prec@5 81.250 (77.083)
Epoch: [43][40/215], lr: 0.00000	Time 0.522 (0.604)	Data 0.000 (0.079)	Loss 0.6312 (0.4529)	Prec@1 56.250 (77.134)	Prec@5 56.250 (77.134)
Epoch: [43][60/215], lr: 0.00000	Time 0.527 (0.578)	Data 0.000 (0.053)	Loss 0.7581 (0.4625)	Prec@1 62.500 (74.795)	Prec@5 62.500 (74.795)
Epoch: [43][80/215], lr: 0.00000	Time 0.523 (0.565)	Data 0.000 (0.040)	Loss 0.4418 (0.4700)	Prec@1 62.500 (74.460)	Prec@5 62.500 (74.460)
Epoch: [43][100/215], lr: 0.00000	Time 0.524 (0.558)	Data 0.000 (0.032)	Loss 0.4819 (0.4669)	Prec@1 81.250 (74.691)	Prec@5 81.250 (74.691)
Epoch: [43][120/215], lr: 0.00000	Time 0.525 (0.553)	Data 0.000 (0.027)	Loss 0.4564 (0.4688)	Prec@1 81.250 (74.793)	Prec@5 81.250 (74.793)
Epoch: [43][140/215], lr: 0.00000	Time 0.546 (0.549)	Data 0.000 (0.023)	Loss 0.3484 (0.4613)	Prec@1 87.500 (75.222)	Prec@5 87.500 (75.222)
Epoch: [43][160/215], lr: 0.00000	Time 0.522 (0.546)	Data 0.000 (0.020)	Loss 0.5221 (0.4686)	Prec@1 62.500 (74.495)	Prec@5 62.500 (74.495)
Epoch: [43][180/215], lr: 0.00000	Time 0.552 (0.544)	Data 0.000 (0.018)	Loss 0.8387 (0.4716)	Prec@1 43.750 (74.137)	Prec@5 43.750 (74.137)
Epoch: [43][200/215], lr: 0.00000	Time 0.521 (0.542)	Data 0.000 (0.016)	Loss 0.4991 (0.4658)	Prec@1 68.750 (74.534)	Prec@5 68.750 (74.534)
Test: [0/3]	Time 3.042 (3.042)	Loss 0.0274 (0.0274)	Prec@1 100.000 (100.000)	Prec@5 100.000 (100.000)
Testing Results: Prec@1 67.500 Prec@5 67.500 Loss 0.97359
Best Prec@1: 75.000
Freezing BatchNorm2D except the first one.
Epoch: [44][0/215], lr: 0.00000	Time 3.368 (3.368)	Data 3.061 (3.061)	Loss 0.3307 (0.3307)	Prec@1 81.250 (81.250)	Prec@5 81.250 (81.250)
Epoch: [44][20/215], lr: 0.00000	Time 0.557 (0.668)	Data 0.000 (0.156)	Loss 0.4734 (0.4578)	Prec@1 62.500 (74.405)	Prec@5 62.500 (74.405)
Epoch: [44][40/215], lr: 0.00000	Time 0.525 (0.601)	Data 0.000 (0.080)	Loss 0.4939 (0.4468)	Prec@1 75.000 (74.085)	Prec@5 75.000 (74.085)
Epoch: [44][60/215], lr: 0.00000	Time 0.527 (0.577)	Data 0.000 (0.054)	Loss 0.4070 (0.4638)	Prec@1 81.250 (73.361)	Prec@5 81.250 (73.361)
Epoch: [44][80/215], lr: 0.00000	Time 0.524 (0.564)	Data 0.000 (0.040)	Loss 0.4042 (0.4651)	Prec@1 75.000 (73.457)	Prec@5 75.000 (73.457)
Epoch: [44][100/215], lr: 0.00000	Time 0.523 (0.557)	Data 0.000 (0.032)	Loss 0.4956 (0.4538)	Prec@1 68.750 (74.443)	Prec@5 68.750 (74.443)
Epoch: [44][120/215], lr: 0.00000	Time 0.531 (0.552)	Data 0.000 (0.027)	Loss 0.2896 (0.4523)	Prec@1 93.750 (74.483)	Prec@5 93.750 (74.483)
Epoch: [44][140/215], lr: 0.00000	Time 0.530 (0.548)	Data 0.000 (0.023)	Loss 0.4496 (0.4557)	Prec@1 68.750 (74.335)	Prec@5 68.750 (74.335)
Epoch: [44][160/215], lr: 0.00000	Time 0.518 (0.546)	Data 0.000 (0.020)	Loss 0.6362 (0.4554)	Prec@1 68.750 (74.612)	Prec@5 68.750 (74.612)
Epoch: [44][180/215], lr: 0.00000	Time 0.528 (0.544)	Data 0.000 (0.018)	Loss 0.4462 (0.4533)	Prec@1 75.000 (74.862)	Prec@5 75.000 (74.862)
Epoch: [44][200/215], lr: 0.00000	Time 0.522 (0.542)	Data 0.000 (0.016)	Loss 0.5574 (0.4628)	Prec@1 43.750 (74.502)	Prec@5 43.750 (74.502)
Test: [0/3]	Time 2.682 (2.682)	Loss 0.0270 (0.0270)	Prec@1 100.000 (100.000)	Prec@5 100.000 (100.000)
Testing Results: Prec@1 67.500 Prec@5 67.500 Loss 0.97195
Best Prec@1: 75.000
Freezing BatchNorm2D except the first one.
Epoch: [45][0/215], lr: 0.00000	Time 3.899 (3.899)	Data 3.636 (3.636)	Loss 0.6598 (0.6598)	Prec@1 75.000 (75.000)	Prec@5 75.000 (75.000)
Epoch: [45][20/215], lr: 0.00000	Time 0.528 (0.701)	Data 0.000 (0.176)	Loss 0.4314 (0.5122)	Prec@1 75.000 (72.917)	Prec@5 75.000 (72.917)
Epoch: [45][40/215], lr: 0.00000	Time 0.524 (0.616)	Data 0.000 (0.090)	Loss 0.5365 (0.4904)	Prec@1 81.250 (72.713)	Prec@5 81.250 (72.713)
Epoch: [45][60/215], lr: 0.00000	Time 0.529 (0.587)	Data 0.000 (0.061)	Loss 0.2793 (0.4804)	Prec@1 93.750 (74.590)	Prec@5 93.750 (74.590)
Epoch: [45][80/215], lr: 0.00000	Time 0.524 (0.572)	Data 0.000 (0.046)	Loss 0.4493 (0.4823)	Prec@1 68.750 (73.997)	Prec@5 68.750 (73.997)
Epoch: [45][100/215], lr: 0.00000	Time 0.521 (0.562)	Data 0.000 (0.037)	Loss 0.3874 (0.4789)	Prec@1 81.250 (73.824)	Prec@5 81.250 (73.824)
Epoch: [45][120/215], lr: 0.00000	Time 0.524 (0.556)	Data 0.000 (0.031)	Loss 0.4072 (0.4779)	Prec@1 68.750 (73.605)	Prec@5 68.750 (73.605)
Epoch: [45][140/215], lr: 0.00000	Time 0.546 (0.552)	Data 0.000 (0.026)	Loss 0.3869 (0.4779)	Prec@1 93.750 (73.227)	Prec@5 93.750 (73.227)
Epoch: [45][160/215], lr: 0.00000	Time 0.524 (0.549)	Data 0.000 (0.023)	Loss 0.4456 (0.4710)	Prec@1 75.000 (73.952)	Prec@5 75.000 (73.952)
Epoch: [45][180/215], lr: 0.00000	Time 0.524 (0.546)	Data 0.000 (0.021)	Loss 0.4305 (0.4723)	Prec@1 81.250 (73.688)	Prec@5 81.250 (73.688)
Epoch: [45][200/215], lr: 0.00000	Time 0.524 (0.544)	Data 0.000 (0.018)	Loss 0.6987 (0.4712)	Prec@1 43.750 (73.725)	Prec@5 43.750 (73.725)
Test: [0/3]	Time 4.183 (4.183)	Loss 0.0286 (0.0286)	Prec@1 100.000 (100.000)	Prec@5 100.000 (100.000)
Testing Results: Prec@1 67.500 Prec@5 67.500 Loss 0.95227
Best Prec@1: 75.000
Freezing BatchNorm2D except the first one.
Epoch: [46][0/215], lr: 0.00000	Time 5.389 (5.389)	Data 5.151 (5.151)	Loss 0.4974 (0.4974)	Prec@1 75.000 (75.000)	Prec@5 75.000 (75.000)
Epoch: [46][20/215], lr: 0.00000	Time 0.524 (0.763)	Data 0.000 (0.247)	Loss 0.4009 (0.4766)	Prec@1 81.250 (74.107)	Prec@5 81.250 (74.107)
Epoch: [46][40/215], lr: 0.00000	Time 0.527 (0.648)	Data 0.000 (0.127)	Loss 0.5483 (0.4814)	Prec@1 56.250 (71.646)	Prec@5 56.250 (71.646)
Epoch: [46][60/215], lr: 0.00000	Time 0.526 (0.608)	Data 0.000 (0.085)	Loss 0.5471 (0.4707)	Prec@1 68.750 (73.156)	Prec@5 68.750 (73.156)
Epoch: [46][80/215], lr: 0.00000	Time 0.527 (0.588)	Data 0.000 (0.064)	Loss 0.5273 (0.4767)	Prec@1 81.250 (73.457)	Prec@5 81.250 (73.457)
Epoch: [46][100/215], lr: 0.00000	Time 0.529 (0.576)	Data 0.000 (0.051)	Loss 0.5605 (0.4741)	Prec@1 68.750 (73.762)	Prec@5 68.750 (73.762)
Epoch: [46][120/215], lr: 0.00000	Time 0.521 (0.567)	Data 0.000 (0.043)	Loss 0.2180 (0.4717)	Prec@1 93.750 (73.760)	Prec@5 93.750 (73.760)
Epoch: [46][140/215], lr: 0.00000	Time 0.548 (0.563)	Data 0.000 (0.037)	Loss 0.3398 (0.4641)	Prec@1 81.250 (74.335)	Prec@5 81.250 (74.335)
Epoch: [46][160/215], lr: 0.00000	Time 0.526 (0.558)	Data 0.000 (0.032)	Loss 0.4496 (0.4624)	Prec@1 75.000 (74.845)	Prec@5 75.000 (74.845)
Epoch: [46][180/215], lr: 0.00000	Time 0.525 (0.554)	Data 0.000 (0.029)	Loss 0.3863 (0.4626)	Prec@1 81.250 (75.380)	Prec@5 81.250 (75.380)
Epoch: [46][200/215], lr: 0.00000	Time 0.522 (0.551)	Data 0.000 (0.026)	Loss 0.5060 (0.4647)	Prec@1 62.500 (75.000)	Prec@5 62.500 (75.000)
Test: [0/3]	Time 3.060 (3.060)	Loss 0.0286 (0.0286)	Prec@1 100.000 (100.000)	Prec@5 100.000 (100.000)
Testing Results: Prec@1 70.000 Prec@5 70.000 Loss 0.92517
Best Prec@1: 75.000
Freezing BatchNorm2D except the first one.
Epoch: [47][0/215], lr: 0.00000	Time 3.807 (3.807)	Data 3.508 (3.508)	Loss 0.5032 (0.5032)	Prec@1 62.500 (62.500)	Prec@5 62.500 (62.500)
Epoch: [47][20/215], lr: 0.00000	Time 0.543 (0.693)	Data 0.000 (0.170)	Loss 0.3717 (0.4524)	Prec@1 68.750 (78.274)	Prec@5 68.750 (78.274)
Epoch: [47][40/215], lr: 0.00000	Time 0.526 (0.611)	Data 0.000 (0.087)	Loss 0.6455 (0.4562)	Prec@1 62.500 (76.372)	Prec@5 62.500 (76.372)
Epoch: [47][60/215], lr: 0.00000	Time 0.550 (0.584)	Data 0.000 (0.059)	Loss 0.6118 (0.4561)	Prec@1 56.250 (75.410)	Prec@5 56.250 (75.410)
Epoch: [47][80/215], lr: 0.00000	Time 0.526 (0.570)	Data 0.000 (0.044)	Loss 0.4294 (0.4620)	Prec@1 81.250 (74.846)	Prec@5 81.250 (74.846)
Epoch: [47][100/215], lr: 0.00000	Time 0.522 (0.561)	Data 0.000 (0.036)	Loss 0.2194 (0.4664)	Prec@1 100.000 (74.381)	Prec@5 100.000 (74.381)
Epoch: [47][120/215], lr: 0.00000	Time 0.535 (0.555)	Data 0.000 (0.030)	Loss 0.5268 (0.4725)	Prec@1 81.250 (74.070)	Prec@5 81.250 (74.070)
Epoch: [47][140/215], lr: 0.00000	Time 0.532 (0.551)	Data 0.000 (0.025)	Loss 0.3420 (0.4709)	Prec@1 93.750 (74.291)	Prec@5 93.750 (74.291)
Epoch: [47][160/215], lr: 0.00000	Time 0.525 (0.548)	Data 0.000 (0.022)	Loss 0.4912 (0.4707)	Prec@1 68.750 (74.146)	Prec@5 68.750 (74.146)
Epoch: [47][180/215], lr: 0.00000	Time 0.528 (0.546)	Data 0.000 (0.020)	Loss 0.3773 (0.4674)	Prec@1 87.500 (74.413)	Prec@5 87.500 (74.413)
Epoch: [47][200/215], lr: 0.00000	Time 0.521 (0.544)	Data 0.000 (0.018)	Loss 0.2799 (0.4624)	Prec@1 81.250 (74.782)	Prec@5 81.250 (74.782)
Test: [0/3]	Time 2.696 (2.696)	Loss 0.0279 (0.0279)	Prec@1 100.000 (100.000)	Prec@5 100.000 (100.000)
Testing Results: Prec@1 67.500 Prec@5 67.500 Loss 0.95737
Best Prec@1: 75.000
Freezing BatchNorm2D except the first one.
Epoch: [48][0/215], lr: 0.00000	Time 3.817 (3.817)	Data 3.565 (3.565)	Loss 0.5099 (0.5099)	Prec@1 81.250 (81.250)	Prec@5 81.250 (81.250)
Epoch: [48][20/215], lr: 0.00000	Time 0.523 (0.693)	Data 0.000 (0.170)	Loss 0.4638 (0.4720)	Prec@1 81.250 (74.405)	Prec@5 81.250 (74.405)
Epoch: [48][40/215], lr: 0.00000	Time 0.523 (0.611)	Data 0.000 (0.087)	Loss 0.3946 (0.4554)	Prec@1 87.500 (75.305)	Prec@5 87.500 (75.305)
Epoch: [48][60/215], lr: 0.00000	Time 0.527 (0.584)	Data 0.000 (0.059)	Loss 0.3933 (0.4660)	Prec@1 75.000 (75.000)	Prec@5 75.000 (75.000)
Epoch: [48][80/215], lr: 0.00000	Time 0.523 (0.570)	Data 0.000 (0.044)	Loss 0.4118 (0.4661)	Prec@1 81.250 (74.460)	Prec@5 81.250 (74.460)
Epoch: [48][100/215], lr: 0.00000	Time 0.522 (0.561)	Data 0.000 (0.035)	Loss 0.4711 (0.4590)	Prec@1 75.000 (75.000)	Prec@5 75.000 (75.000)
Epoch: [48][120/215], lr: 0.00000	Time 0.528 (0.555)	Data 0.000 (0.030)	Loss 0.4551 (0.4545)	Prec@1 68.750 (75.258)	Prec@5 68.750 (75.258)
Epoch: [48][140/215], lr: 0.00000	Time 0.524 (0.551)	Data 0.000 (0.025)	Loss 0.5368 (0.4554)	Prec@1 68.750 (75.133)	Prec@5 68.750 (75.133)
Epoch: [48][160/215], lr: 0.00000	Time 0.526 (0.549)	Data 0.000 (0.022)	Loss 0.6580 (0.4593)	Prec@1 75.000 (75.272)	Prec@5 75.000 (75.272)
Epoch: [48][180/215], lr: 0.00000	Time 0.519 (0.546)	Data 0.000 (0.020)	Loss 0.5762 (0.4595)	Prec@1 62.500 (75.242)	Prec@5 62.500 (75.242)
Epoch: [48][200/215], lr: 0.00000	Time 0.523 (0.544)	Data 0.000 (0.018)	Loss 0.4689 (0.4594)	Prec@1 62.500 (75.093)	Prec@5 62.500 (75.093)
Test: [0/3]	Time 3.282 (3.282)	Loss 0.0305 (0.0305)	Prec@1 100.000 (100.000)	Prec@5 100.000 (100.000)
Testing Results: Prec@1 67.500 Prec@5 67.500 Loss 0.93948
Best Prec@1: 75.000
Freezing BatchNorm2D except the first one.
Epoch: [49][0/215], lr: 0.00000	Time 3.728 (3.728)	Data 3.486 (3.486)	Loss 0.4734 (0.4734)	Prec@1 62.500 (62.500)	Prec@5 62.500 (62.500)
Epoch: [49][20/215], lr: 0.00000	Time 0.571 (0.691)	Data 0.000 (0.166)	Loss 0.5469 (0.4680)	Prec@1 68.750 (72.321)	Prec@5 68.750 (72.321)
Epoch: [49][40/215], lr: 0.00000	Time 0.521 (0.612)	Data 0.000 (0.085)	Loss 0.4553 (0.4690)	Prec@1 75.000 (73.323)	Prec@5 75.000 (73.323)
Epoch: [49][60/215], lr: 0.00000	Time 0.523 (0.584)	Data 0.000 (0.057)	Loss 0.5210 (0.4676)	Prec@1 68.750 (72.848)	Prec@5 68.750 (72.848)
Epoch: [49][80/215], lr: 0.00000	Time 0.525 (0.570)	Data 0.000 (0.043)	Loss 0.4262 (0.4650)	Prec@1 93.750 (73.688)	Prec@5 93.750 (73.688)
Epoch: [49][100/215], lr: 0.00000	Time 0.523 (0.561)	Data 0.000 (0.035)	Loss 0.3729 (0.4666)	Prec@1 87.500 (73.886)	Prec@5 87.500 (73.886)
Epoch: [49][120/215], lr: 0.00000	Time 0.542 (0.555)	Data 0.000 (0.029)	Loss 0.5552 (0.4618)	Prec@1 56.250 (74.587)	Prec@5 56.250 (74.587)
Epoch: [49][140/215], lr: 0.00000	Time 0.526 (0.551)	Data 0.000 (0.025)	Loss 0.4846 (0.4605)	Prec@1 81.250 (74.557)	Prec@5 81.250 (74.557)
Epoch: [49][160/215], lr: 0.00000	Time 0.545 (0.548)	Data 0.000 (0.022)	Loss 0.3501 (0.4601)	Prec@1 81.250 (74.651)	Prec@5 81.250 (74.651)
Epoch: [49][180/215], lr: 0.00000	Time 0.525 (0.546)	Data 0.000 (0.019)	Loss 0.4205 (0.4609)	Prec@1 75.000 (74.137)	Prec@5 75.000 (74.137)
Epoch: [49][200/215], lr: 0.00000	Time 0.522 (0.544)	Data 0.000 (0.017)	Loss 0.5174 (0.4616)	Prec@1 75.000 (74.098)	Prec@5 75.000 (74.098)
Test: [0/3]	Time 2.581 (2.581)	Loss 0.0281 (0.0281)	Prec@1 100.000 (100.000)	Prec@5 100.000 (100.000)
Testing Results: Prec@1 67.500 Prec@5 67.500 Loss 0.96778
Best Prec@1: 75.000
