ipn: 14 classes
storing name: TSM_ipn14_RGB-flo_resnet50_shift8_blockres_avg_segment8_e50_lr1e-03_gp30
creating folder log/TSM_ipn14_RGB-flo_resnet50_shift8_blockres_avg_segment8_e50_lr1e-03_gp30
creating folder checkpoint/TSM_ipn14_RGB-flo_resnet50_shift8_blockres_avg_segment8_e50_lr1e-03_gp30

    Initializing TSN with base model: resnet50.
    TSN Configurations:
        input_modality:     RGB-flo
        num_segments:       8
        new_length:         5
        consensus_module:   avg
        dropout_ratio:      0.5
        img_feature_dim:    256

=> base model: resnet50
Adding temporal shift...
=> n_segment per stage: [8, 8, 8, 8]
=> Processing stage with 3 blocks residual
=> Using fold div: 8
=> Using fold div: 8
=> Using fold div: 8
=> Processing stage with 4 blocks residual
=> Using fold div: 8
=> Using fold div: 8
=> Using fold div: 8
=> Using fold div: 8
=> Processing stage with 6 blocks residual
=> Using fold div: 8
=> Using fold div: 8
=> Using fold div: 8
=> Using fold div: 8
=> Using fold div: 8
=> Using fold div: 8
=> Processing stage with 3 blocks residual
=> Using fold div: 8
=> Using fold div: 8
=> Using fold div: 8
Converting the ImageNet model to a flow init model
Done. Flow model ready...
#################### NO FLIP!!!
video clips:4039
video clips:1610
group: first_conv_weight has 1 params, lr_mult: 1, decay_mult: 1
group: first_conv_bias has 0 params, lr_mult: 2, decay_mult: 0
group: normal_weight has 52 params, lr_mult: 1, decay_mult: 1
group: normal_bias has 0 params, lr_mult: 2, decay_mult: 0
group: BN scale/shift has 2 params, lr_mult: 1, decay_mult: 0
group: custom_ops has 0 params, lr_mult: 1, decay_mult: 1
group: lr5_weight has 1 params, lr_mult: 5, decay_mult: 1
group: lr10_bias has 1 params, lr_mult: 10, decay_mult: 0
Freezing BatchNorm2D except the first one.
Epoch: [0][0/126], lr: 0.00100  Time 28.930 (28.930)    Data 20.475 (20.475)    Loss 2.6404 (2.6404)    Prec@1 9.375 (9.375)    Prec@5 18.750 (18.750)
Epoch: [0][20/126], lr: 0.00100 Time 0.528 (1.886)      Data 0.000 (0.975)      Loss 2.3966 (2.3728)    Prec@1 25.000 (22.619)  Prec@5 62.500 (64.583)
Epoch: [0][40/126], lr: 0.00100 Time 0.536 (1.232)      Data 0.000 (0.506)      Loss 2.2927 (2.3283)    Prec@1 25.000 (23.476)  Prec@5 59.375 (65.320)
Epoch: [0][60/126], lr: 0.00100 Time 0.540 (1.062)      Data 0.000 (0.400)      Loss 2.1669 (2.3034)    Prec@1 18.750 (24.078)  Prec@5 68.750 (65.574)
Epoch: [0][80/126], lr: 0.00100 Time 2.810 (1.001)      Data 2.549 (0.377)      Loss 2.1021 (2.2665)    Prec@1 25.000 (24.614)  Prec@5 56.250 (65.972)
Epoch: [0][100/126], lr: 0.00100        Time 0.535 (0.940)      Data 0.000 (0.335)      Loss 1.8622 (2.2041)    Prec@1 40.625 (26.300)  Prec@5 81.250 (67.048)
Epoch: [0][120/126], lr: 0.00100        Time 0.523 (0.885)      Data 0.000 (0.294)      Loss 1.7061 (2.1562)    Prec@1 37.500 (27.583)  Prec@5 78.125 (68.053)
Freezing BatchNorm2D except the first one.
Epoch: [1][0/126], lr: 0.00100  Time 9.073 (9.073)      Data 8.748 (8.748)      Loss 1.7369 (1.7369)    Prec@1 40.625 (40.625)  Prec@5 87.500 (87.500)
Epoch: [1][20/126], lr: 0.00100 Time 0.551 (1.014)      Data 0.000 (0.485)      Loss 1.9198 (1.8963)    Prec@1 31.250 (34.970)  Prec@5 65.625 (75.149)
Epoch: [1][40/126], lr: 0.00100 Time 0.689 (0.820)      Data 0.000 (0.280)      Loss 2.1515 (1.9108)    Prec@1 28.125 (33.765)  Prec@5 75.000 (74.619)
Epoch: [1][60/126], lr: 0.00100 Time 0.533 (0.745)      Data 0.000 (0.199)      Loss 1.6227 (1.8702)    Prec@1 34.375 (34.477)  Prec@5 78.125 (74.898)
Epoch: [1][80/126], lr: 0.00100 Time 1.358 (0.726)      Data 1.054 (0.184)      Loss 1.4746 (1.8302)    Prec@1 50.000 (35.417)  Prec@5 75.000 (76.350)
Epoch: [1][100/126], lr: 0.00100        Time 0.578 (0.699)      Data 0.000 (0.160)      Loss 1.4095 (1.7896)    Prec@1 56.250 (36.386)  Prec@5 90.625 (77.166)
Epoch: [1][120/126], lr: 0.00100        Time 0.524 (0.674)      Data 0.000 (0.133)      Loss 1.6963 (1.7624)    Prec@1 40.625 (37.113)  Prec@5 84.375 (78.099)
Test: [0/51]    Time 9.412 (9.412)      Loss 1.4674 (1.4674)    Prec@1 31.250 (31.250)  Prec@5 93.750 (93.750)
Test: [20/51]   Time 0.181 (1.084)      Loss 1.3814 (1.6428)    Prec@1 46.875 (38.542)  Prec@5 87.500 (84.077)
Test: [40/51]   Time 0.180 (0.819)      Loss 1.3055 (1.6549)    Prec@1 46.875 (38.110)  Prec@5 87.500 (81.402)
Testing Results: Prec@1 38.261 Prec@5 81.366 Loss 1.64436
Best Prec@1: 38.261
Freezing BatchNorm2D except the first one.
Epoch: [2][0/126], lr: 0.00100  Time 9.025 (9.025)      Data 8.137 (8.137)      Loss 1.6436 (1.6436)    Prec@1 25.000 (25.000)  Prec@5 90.625 (90.625)
Epoch: [2][20/126], lr: 0.00100 Time 0.496 (0.999)      Data 0.000 (0.441)      Loss 1.2532 (1.6259)    Prec@1 50.000 (39.583)  Prec@5 93.750 (83.333)
Epoch: [2][40/126], lr: 0.00100 Time 0.525 (0.792)      Data 0.000 (0.226)      Loss 1.2241 (1.5377)    Prec@1 56.250 (41.540)  Prec@5 87.500 (84.527)
Epoch: [2][60/126], lr: 0.00100 Time 0.567 (0.721)      Data 0.000 (0.152)      Loss 1.2897 (1.4714)    Prec@1 59.375 (43.494)  Prec@5 87.500 (85.809)
Epoch: [2][80/126], lr: 0.00100 Time 0.716 (0.691)      Data 0.000 (0.114)      Loss 1.4216 (1.4504)    Prec@1 50.000 (44.136)  Prec@5 93.750 (86.806)
Epoch: [2][100/126], lr: 0.00100        Time 0.624 (0.670)      Data 0.000 (0.092)      Loss 1.1571 (1.4235)    Prec@1 46.875 (45.080)  Prec@5 96.875 (87.036)
Epoch: [2][120/126], lr: 0.00100        Time 0.525 (0.648)      Data 0.000 (0.078)      Loss 1.3052 (1.4182)    Prec@1 40.625 (45.403)  Prec@5 90.625 (87.500)
Freezing BatchNorm2D except the first one.
Epoch: [3][0/126], lr: 0.00100  Time 8.167 (8.167)      Data 7.681 (7.681)      Loss 1.3933 (1.3933)    Prec@1 43.750 (43.750)  Prec@5 96.875 (96.875)
Epoch: [3][20/126], lr: 0.00100 Time 0.676 (0.961)      Data 0.000 (0.366)      Loss 1.2442 (1.2449)    Prec@1 56.250 (51.339)  Prec@5 90.625 (91.964)
Epoch: [3][40/126], lr: 0.00100 Time 0.511 (0.773)      Data 0.000 (0.188)      Loss 1.4959 (1.2512)    Prec@1 31.250 (50.610)  Prec@5 87.500 (91.997)
Epoch: [3][60/126], lr: 0.00100 Time 0.782 (0.722)      Data 0.000 (0.126)      Loss 1.3210 (1.2776)    Prec@1 40.625 (50.973)  Prec@5 96.875 (91.701)
Epoch: [3][80/126], lr: 0.00100 Time 0.709 (0.690)      Data 0.000 (0.095)      Loss 1.1257 (1.2656)    Prec@1 59.375 (51.620)  Prec@5 87.500 (91.628)
Epoch: [3][100/126], lr: 0.00100        Time 0.559 (0.667)      Data 0.000 (0.076)      Loss 1.2449 (1.2571)    Prec@1 46.875 (52.073)  Prec@5 84.375 (91.522)
Epoch: [3][120/126], lr: 0.00100        Time 0.525 (0.645)      Data 0.000 (0.064)      Loss 1.3310 (1.2366)    Prec@1 46.875 (52.557)  Prec@5 90.625 (91.890)
Test: [0/51]    Time 8.205 (8.205)      Loss 0.7577 (0.7577)    Prec@1 68.750 (68.750)  Prec@5 100.000 (100.000)
Test: [20/51]   Time 0.318 (0.857)      Loss 1.1553 (1.1360)    Prec@1 65.625 (62.798)  Prec@5 87.500 (91.369)
Test: [40/51]   Time 0.180 (0.615)      Loss 0.7353 (1.1599)    Prec@1 78.125 (64.482)  Prec@5 100.000 (91.387)
Testing Results: Prec@1 66.957 Prec@5 92.609 Loss 1.10719
Best Prec@1: 66.957
Freezing BatchNorm2D except the first one.
Epoch: [4][0/126], lr: 0.00100  Time 8.806 (8.806)      Data 8.451 (8.451)      Loss 1.0249 (1.0249)    Prec@1 65.625 (65.625)  Prec@5 96.875 (96.875)
Epoch: [4][20/126], lr: 0.00100 Time 0.438 (0.971)      Data 0.000 (0.403)      Loss 1.0400 (1.0602)    Prec@1 65.625 (62.202)  Prec@5 84.375 (93.155)
Epoch: [4][40/126], lr: 0.00100 Time 0.505 (0.782)      Data 0.000 (0.206)      Loss 1.3031 (1.0436)    Prec@1 56.250 (61.280)  Prec@5 87.500 (93.064)
Epoch: [4][60/126], lr: 0.00100 Time 0.591 (0.719)      Data 0.000 (0.139)      Loss 1.0366 (1.0627)    Prec@1 62.500 (61.117)  Prec@5 96.875 (93.084)
Epoch: [4][80/126], lr: 0.00100 Time 0.521 (0.682)      Data 0.000 (0.105)      Loss 1.1235 (1.0532)    Prec@1 59.375 (61.883)  Prec@5 93.750 (92.978)
Epoch: [4][100/126], lr: 0.00100        Time 0.619 (0.662)      Data 0.000 (0.084)      Loss 0.7666 (1.0465)    Prec@1 65.625 (62.005)  Prec@5 96.875 (93.441)
Epoch: [4][120/126], lr: 0.00100        Time 0.526 (0.640)      Data 0.000 (0.070)      Loss 1.2471 (1.0503)    Prec@1 71.875 (62.113)  Prec@5 90.625 (93.337)
Freezing BatchNorm2D except the first one.
Epoch: [5][0/126], lr: 0.00100  Time 8.724 (8.724)      Data 8.194 (8.194)      Loss 1.0178 (1.0178)    Prec@1 59.375 (59.375)  Prec@5 93.750 (93.750)
Epoch: [5][20/126], lr: 0.00100 Time 0.565 (0.969)      Data 0.000 (0.390)      Loss 0.5735 (0.8827)    Prec@1 68.750 (69.345)  Prec@5 100.000 (93.750)
Epoch: [5][40/126], lr: 0.00100 Time 0.621 (0.782)      Data 0.000 (0.200)      Loss 0.6547 (0.8180)    Prec@1 75.000 (71.037)  Prec@5 96.875 (94.588)
Epoch: [5][60/126], lr: 0.00100 Time 0.596 (0.723)      Data 0.000 (0.135)      Loss 0.7304 (0.8676)    Prec@1 78.125 (69.416)  Prec@5 93.750 (94.006)
Epoch: [5][80/126], lr: 0.00100 Time 0.672 (0.689)      Data 0.000 (0.101)      Loss 1.5106 (0.8639)    Prec@1 50.000 (69.367)  Prec@5 90.625 (94.406)
Epoch: [5][100/126], lr: 0.00100        Time 0.543 (0.668)      Data 0.000 (0.081)      Loss 0.6386 (0.8538)    Prec@1 78.125 (69.493)  Prec@5 96.875 (94.709)
Epoch: [5][120/126], lr: 0.00100        Time 0.526 (0.644)      Data 0.000 (0.068)      Loss 0.6400 (0.8671)    Prec@1 78.125 (69.473)  Prec@5 93.750 (94.783)
Test: [0/51]    Time 9.652 (9.652)      Loss 0.2472 (0.2472)    Prec@1 90.625 (90.625)  Prec@5 100.000 (100.000)
Test: [20/51]   Time 0.276 (0.851)      Loss 0.8541 (1.2738)    Prec@1 71.875 (63.393)  Prec@5 100.000 (90.030)
Test: [40/51]   Time 0.182 (0.615)      Loss 0.4870 (1.3387)    Prec@1 78.125 (65.168)  Prec@5 100.000 (89.787)
Testing Results: Prec@1 66.335 Prec@5 91.366 Loss 1.23150
Best Prec@1: 66.957
Freezing BatchNorm2D except the first one.
Epoch: [6][0/126], lr: 0.00100  Time 7.817 (7.817)      Data 7.292 (7.292)      Loss 0.9046 (0.9046)    Prec@1 75.000 (75.000)  Prec@5 93.750 (93.750)
Epoch: [6][20/126], lr: 0.00100 Time 0.570 (0.963)      Data 0.000 (0.348)      Loss 0.7753 (0.8473)    Prec@1 65.625 (69.643)  Prec@5 100.000 (95.238)
Epoch: [6][40/126], lr: 0.00100 Time 0.730 (0.785)      Data 0.000 (0.178)      Loss 0.7619 (0.7887)    Prec@1 68.750 (71.494)  Prec@5 96.875 (95.579)
Epoch: [6][60/126], lr: 0.00100 Time 0.481 (0.716)      Data 0.000 (0.120)      Loss 0.7639 (0.7916)    Prec@1 71.875 (71.311)  Prec@5 93.750 (95.133)
Epoch: [6][80/126], lr: 0.00100 Time 0.563 (0.685)      Data 0.000 (0.090)      Loss 0.6350 (0.7877)    Prec@1 78.125 (71.759)  Prec@5 96.875 (95.370)
Epoch: [6][100/126], lr: 0.00100        Time 0.568 (0.662)      Data 0.000 (0.072)      Loss 1.2126 (0.7893)    Prec@1 56.250 (71.349)  Prec@5 90.625 (95.545)
Epoch: [6][120/126], lr: 0.00100        Time 0.527 (0.640)      Data 0.000 (0.061)      Loss 0.7801 (0.7996)    Prec@1 75.000 (71.126)  Prec@5 90.625 (95.584)
Freezing BatchNorm2D except the first one.
Epoch: [7][0/126], lr: 0.00100  Time 7.610 (7.610)      Data 6.858 (6.858)      Loss 1.0778 (1.0778)    Prec@1 59.375 (59.375)  Prec@5 93.750 (93.750)
Epoch: [7][20/126], lr: 0.00100 Time 0.538 (0.993)      Data 0.000 (0.402)      Loss 0.6344 (0.7621)    Prec@1 71.875 (72.024)  Prec@5 96.875 (96.726)
Epoch: [7][40/126], lr: 0.00100 Time 0.618 (0.801)      Data 0.000 (0.206)      Loss 0.4867 (0.7388)    Prec@1 87.500 (73.628)  Prec@5 93.750 (96.418)
Epoch: [7][60/126], lr: 0.00100 Time 0.529 (0.727)      Data 0.000 (0.138)      Loss 0.6442 (0.7356)    Prec@1 84.375 (73.924)  Prec@5 96.875 (96.004)
Epoch: [7][80/126], lr: 0.00100 Time 0.604 (0.690)      Data 0.000 (0.104)      Loss 0.5970 (0.7343)    Prec@1 78.125 (74.228)  Prec@5 96.875 (95.949)
Epoch: [7][100/126], lr: 0.00100        Time 0.574 (0.666)      Data 0.000 (0.084)      Loss 0.4276 (0.7120)    Prec@1 84.375 (74.814)  Prec@5 100.000 (96.132)
Epoch: [7][120/126], lr: 0.00100        Time 0.527 (0.643)      Data 0.000 (0.070)      Loss 0.8884 (0.7095)    Prec@1 62.500 (74.690)  Prec@5 93.750 (96.307)
Test: [0/51]    Time 7.635 (7.635)      Loss 0.2769 (0.2769)    Prec@1 96.875 (96.875)  Prec@5 100.000 (100.000)
Test: [20/51]   Time 0.211 (0.843)      Loss 0.5945 (0.8462)    Prec@1 75.000 (74.405)  Prec@5 100.000 (93.304)
Test: [40/51]   Time 0.182 (0.605)      Loss 0.4278 (1.0176)    Prec@1 81.250 (70.427)  Prec@5 100.000 (93.674)
Testing Results: Prec@1 69.255 Prec@5 94.720 Loss 0.98664
Best Prec@1: 69.255
Freezing BatchNorm2D except the first one.
Epoch: [8][0/126], lr: 0.00100  Time 7.657 (7.657)      Data 7.080 (7.080)      Loss 0.7650 (0.7650)    Prec@1 84.375 (84.375)  Prec@5 96.875 (96.875)
Epoch: [8][20/126], lr: 0.00100 Time 0.621 (0.954)      Data 0.000 (0.372)      Loss 0.7722 (0.6332)    Prec@1 78.125 (79.315)  Prec@5 96.875 (97.173)
Epoch: [8][40/126], lr: 0.00100 Time 0.633 (0.785)      Data 0.000 (0.191)      Loss 0.4711 (0.6364)    Prec@1 78.125 (78.506)  Prec@5 100.000 (96.418)
Epoch: [8][60/126], lr: 0.00100 Time 0.615 (0.721)      Data 0.000 (0.128)      Loss 0.5215 (0.6372)    Prec@1 84.375 (78.023)  Prec@5 96.875 (96.465)
Epoch: [8][80/126], lr: 0.00100 Time 0.557 (0.687)      Data 0.000 (0.097)      Loss 0.4735 (0.6370)    Prec@1 84.375 (77.662)  Prec@5 100.000 (96.721)
Epoch: [8][100/126], lr: 0.00100        Time 0.551 (0.662)      Data 0.000 (0.078)      Loss 0.6257 (0.6416)    Prec@1 68.750 (77.537)  Prec@5 96.875 (96.566)
Epoch: [8][120/126], lr: 0.00100        Time 0.526 (0.639)      Data 0.000 (0.065)      Loss 0.5938 (0.6460)    Prec@1 68.750 (77.169)  Prec@5 100.000 (96.617)
Freezing BatchNorm2D except the first one.
Epoch: [9][0/126], lr: 0.00100  Time 8.778 (8.778)      Data 8.013 (8.013)      Loss 0.3271 (0.3271)    Prec@1 87.500 (87.500)  Prec@5 100.000 (100.000)
Epoch: [9][20/126], lr: 0.00100 Time 0.499 (0.982)      Data 0.000 (0.382)      Loss 0.4441 (0.6257)    Prec@1 81.250 (77.679)  Prec@5 96.875 (96.131)
Epoch: [9][40/126], lr: 0.00100 Time 0.581 (0.798)      Data 0.000 (0.196)      Loss 0.6567 (0.5960)    Prec@1 71.875 (78.506)  Prec@5 100.000 (96.875)
Epoch: [9][60/126], lr: 0.00100 Time 0.525 (0.731)      Data 0.000 (0.132)      Loss 0.4922 (0.5830)    Prec@1 75.000 (78.637)  Prec@5 100.000 (97.080)
Epoch: [9][80/126], lr: 0.00100 Time 0.445 (0.692)      Data 0.000 (0.099)      Loss 0.8999 (0.6061)    Prec@1 75.000 (78.279)  Prec@5 87.500 (96.952)
Epoch: [9][100/126], lr: 0.00100        Time 0.470 (0.667)      Data 0.000 (0.080)      Loss 0.4441 (0.5912)    Prec@1 84.375 (78.991)  Prec@5 100.000 (96.999)
Epoch: [9][120/126], lr: 0.00100        Time 0.526 (0.644)      Data 0.000 (0.066)      Loss 0.7281 (0.5955)    Prec@1 68.750 (78.719)  Prec@5 96.875 (96.823)
Test: [0/51]    Time 9.337 (9.337)      Loss 0.4248 (0.4248)    Prec@1 78.125 (78.125)  Prec@5 100.000 (100.000)
Test: [20/51]   Time 0.201 (0.852)      Loss 0.5141 (0.8664)    Prec@1 81.250 (70.982)  Prec@5 100.000 (95.387)
Test: [40/51]   Time 0.183 (0.617)      Loss 0.3824 (0.9892)    Prec@1 75.000 (72.561)  Prec@5 100.000 (96.570)
Testing Results: Prec@1 72.298 Prec@5 97.019 Loss 0.92819
Best Prec@1: 72.298
Freezing BatchNorm2D except the first one.
Epoch: [10][0/126], lr: 0.00100 Time 8.896 (8.896)      Data 8.499 (8.499)      Loss 1.0499 (1.0499)    Prec@1 59.375 (59.375)  Prec@5 96.875 (96.875)
Epoch: [10][20/126], lr: 0.00100        Time 0.560 (0.996)      Data 0.000 (0.405)      Loss 0.5324 (0.5677)    Prec@1 75.000 (79.167)  Prec@5 100.000 (97.173)
Epoch: [10][40/126], lr: 0.00100        Time 0.558 (0.809)      Data 0.000 (0.208)      Loss 0.7055 (0.5352)    Prec@1 68.750 (80.259)  Prec@5 96.875 (97.256)
Epoch: [10][60/126], lr: 0.00100        Time 0.586 (0.730)      Data 0.000 (0.140)      Loss 0.4903 (0.5559)    Prec@1 84.375 (79.252)  Prec@5 100.000 (97.285)
Epoch: [10][80/126], lr: 0.00100        Time 0.579 (0.694)      Data 0.000 (0.105)      Loss 0.3039 (0.5481)    Prec@1 84.375 (79.514)  Prec@5 100.000 (97.377)
Epoch: [10][100/126], lr: 0.00100       Time 0.530 (0.669)      Data 0.000 (0.085)      Loss 0.5844 (0.5412)    Prec@1 81.250 (79.889)  Prec@5 93.750 (97.339)
Epoch: [10][120/126], lr: 0.00100       Time 0.525 (0.646)      Data 0.000 (0.071)      Loss 0.3009 (0.5355)    Prec@1 93.750 (80.217)  Prec@5 96.875 (97.262)
Freezing BatchNorm2D except the first one.
Epoch: [11][0/126], lr: 0.00100 Time 7.822 (7.822)      Data 7.347 (7.347)      Loss 0.5474 (0.5474)    Prec@1 84.375 (84.375)  Prec@5 96.875 (96.875)
Epoch: [11][20/126], lr: 0.00100        Time 0.547 (0.956)      Data 0.000 (0.350)      Loss 0.4058 (0.4698)    Prec@1 87.500 (83.036)  Prec@5 93.750 (97.768)
Epoch: [11][40/126], lr: 0.00100        Time 0.665 (0.795)      Data 0.000 (0.179)      Loss 0.3670 (0.4837)    Prec@1 84.375 (82.317)  Prec@5 100.000 (97.866)
Epoch: [11][60/126], lr: 0.00100        Time 0.602 (0.723)      Data 0.000 (0.121)      Loss 0.9128 (0.4851)    Prec@1 78.125 (82.531)  Prec@5 90.625 (97.541)
Epoch: [11][80/126], lr: 0.00100        Time 0.618 (0.688)      Data 0.000 (0.091)      Loss 0.6286 (0.5173)    Prec@1 78.125 (81.790)  Prec@5 100.000 (97.415)
Epoch: [11][100/126], lr: 0.00100       Time 0.562 (0.664)      Data 0.000 (0.073)      Loss 0.4962 (0.5185)    Prec@1 81.250 (81.590)  Prec@5 96.875 (97.494)
Epoch: [11][120/126], lr: 0.00100       Time 0.526 (0.641)      Data 0.000 (0.061)      Loss 0.5876 (0.5295)    Prec@1 78.125 (80.992)  Prec@5 96.875 (97.237)
Test: [0/51]    Time 9.398 (9.398)      Loss 0.2353 (0.2353)    Prec@1 93.750 (93.750)  Prec@5 100.000 (100.000)
Test: [20/51]   Time 0.320 (0.872)      Loss 0.5837 (0.5711)    Prec@1 81.250 (82.589)  Prec@5 100.000 (97.173)
Test: [40/51]   Time 0.181 (0.611)      Loss 0.2923 (0.6469)    Prec@1 90.625 (80.564)  Prec@5 100.000 (98.095)
Testing Results: Prec@1 81.739 Prec@5 98.385 Loss 0.61098
Best Prec@1: 81.739
Freezing BatchNorm2D except the first one.
Epoch: [12][0/126], lr: 0.00100 Time 6.904 (6.904)      Data 6.273 (6.273)      Loss 0.8962 (0.8962)    Prec@1 78.125 (78.125)  Prec@5 93.750 (93.750)
Epoch: [12][20/126], lr: 0.00100        Time 0.527 (0.955)      Data 0.000 (0.350)      Loss 0.4065 (0.6410)    Prec@1 93.750 (78.274)  Prec@5 96.875 (95.833)
Epoch: [12][40/126], lr: 0.00100        Time 0.527 (0.784)      Data 0.000 (0.179)      Loss 0.3351 (0.5623)    Prec@1 87.500 (80.412)  Prec@5 100.000 (96.951)
Epoch: [12][60/126], lr: 0.00100        Time 0.744 (0.720)      Data 0.000 (0.121)      Loss 0.6017 (0.5283)    Prec@1 78.125 (81.916)  Prec@5 100.000 (97.285)
Epoch: [12][80/126], lr: 0.00100        Time 0.509 (0.682)      Data 0.000 (0.091)      Loss 0.4570 (0.5164)    Prec@1 84.375 (82.176)  Prec@5 100.000 (97.454)
Epoch: [12][100/126], lr: 0.00100       Time 0.522 (0.658)      Data 0.000 (0.073)      Loss 1.0398 (0.5191)    Prec@1 75.000 (82.054)  Prec@5 93.750 (97.308)
Epoch: [12][120/126], lr: 0.00100       Time 0.527 (0.636)      Data 0.000 (0.061)      Loss 0.3131 (0.5125)    Prec@1 90.625 (82.076)  Prec@5 96.875 (97.262)
Freezing BatchNorm2D except the first one.
Epoch: [13][0/126], lr: 0.00100 Time 9.112 (9.112)      Data 8.791 (8.791)      Loss 0.0643 (0.0643)    Prec@1 96.875 (96.875)  Prec@5 100.000 (100.000)
Epoch: [13][20/126], lr: 0.00100        Time 0.707 (1.004)      Data 0.000 (0.419)      Loss 0.7562 (0.3941)    Prec@1 68.750 (83.929)  Prec@5 87.500 (97.619)
Epoch: [13][40/126], lr: 0.00100        Time 0.620 (0.804)      Data 0.000 (0.215)      Loss 0.5491 (0.4441)    Prec@1 71.875 (83.460)  Prec@5 100.000 (97.713)
Epoch: [13][60/126], lr: 0.00100        Time 0.612 (0.729)      Data 0.000 (0.144)      Loss 0.3893 (0.4803)    Prec@1 84.375 (82.428)  Prec@5 100.000 (97.541)
Epoch: [13][80/126], lr: 0.00100        Time 0.429 (0.692)      Data 0.000 (0.109)      Loss 0.3187 (0.4922)    Prec@1 87.500 (81.944)  Prec@5 100.000 (97.338)
Epoch: [13][100/126], lr: 0.00100       Time 0.531 (0.666)      Data 0.000 (0.087)      Loss 0.6625 (0.4997)    Prec@1 78.125 (81.281)  Prec@5 93.750 (97.463)
Epoch: [13][120/126], lr: 0.00100       Time 0.526 (0.643)      Data 0.000 (0.073)      Loss 0.6259 (0.4971)    Prec@1 81.250 (81.353)  Prec@5 93.750 (97.469)
Test: [0/51]    Time 9.397 (9.397)      Loss 0.2077 (0.2077)    Prec@1 90.625 (90.625)  Prec@5 100.000 (100.000)
Test: [20/51]   Time 0.276 (0.875)      Loss 0.4662 (0.6500)    Prec@1 87.500 (78.125)  Prec@5 100.000 (97.768)
Test: [40/51]   Time 0.182 (0.621)      Loss 0.1512 (0.7933)    Prec@1 93.750 (79.040)  Prec@5 100.000 (97.790)
Testing Results: Prec@1 78.820 Prec@5 98.012 Loss 0.74377
Best Prec@1: 81.739
Freezing BatchNorm2D except the first one.
Epoch: [14][0/126], lr: 0.00100 Time 8.997 (8.997)      Data 8.540 (8.540)      Loss 0.5777 (0.5777)    Prec@1 81.250 (81.250)  Prec@5 100.000 (100.000)
Epoch: [14][20/126], lr: 0.00100        Time 0.581 (0.989)      Data 0.000 (0.407)      Loss 0.3692 (0.4008)    Prec@1 81.250 (86.310)  Prec@5 96.875 (98.214)
Epoch: [14][40/126], lr: 0.00100        Time 0.601 (0.804)      Data 0.000 (0.209)      Loss 0.3583 (0.4367)    Prec@1 87.500 (85.213)  Prec@5 100.000 (97.866)
Epoch: [14][60/126], lr: 0.00100        Time 0.422 (0.729)      Data 0.000 (0.140)      Loss 0.3152 (0.4386)    Prec@1 87.500 (84.631)  Prec@5 100.000 (97.848)
Epoch: [14][80/126], lr: 0.00100        Time 0.533 (0.693)      Data 0.000 (0.106)      Loss 0.6569 (0.4339)    Prec@1 81.250 (84.606)  Prec@5 96.875 (97.917)
Epoch: [14][100/126], lr: 0.00100       Time 0.508 (0.668)      Data 0.000 (0.085)      Loss 0.5439 (0.4357)    Prec@1 81.250 (84.344)  Prec@5 93.750 (97.958)
Epoch: [14][120/126], lr: 0.00100       Time 0.527 (0.644)      Data 0.000 (0.071)      Loss 0.4663 (0.4296)    Prec@1 78.125 (84.530)  Prec@5 93.750 (97.856)
Freezing BatchNorm2D except the first one.
Epoch: [15][0/126], lr: 0.00100 Time 6.989 (6.989)      Data 6.196 (6.196)      Loss 0.4919 (0.4919)    Prec@1 84.375 (84.375)  Prec@5 96.875 (96.875)
Epoch: [15][20/126], lr: 0.00100        Time 0.656 (0.977)      Data 0.000 (0.376)      Loss 0.6641 (0.4747)    Prec@1 78.125 (83.333)  Prec@5 93.750 (97.321)
Epoch: [15][40/126], lr: 0.00100        Time 0.661 (0.798)      Data 0.000 (0.193)      Loss 0.1593 (0.4210)    Prec@1 96.875 (85.061)  Prec@5 100.000 (97.485)
Epoch: [15][60/126], lr: 0.00100        Time 0.619 (0.725)      Data 0.000 (0.130)      Loss 0.1873 (0.4059)    Prec@1 96.875 (85.297)  Prec@5 100.000 (97.695)
Epoch: [15][80/126], lr: 0.00100        Time 0.542 (0.684)      Data 0.000 (0.098)      Loss 0.4269 (0.4195)    Prec@1 84.375 (84.761)  Prec@5 96.875 (97.724)
Epoch: [15][100/126], lr: 0.00100       Time 0.467 (0.659)      Data 0.000 (0.078)      Loss 0.3512 (0.4349)    Prec@1 90.625 (84.035)  Prec@5 100.000 (97.649)
Epoch: [15][120/126], lr: 0.00100       Time 0.527 (0.637)      Data 0.000 (0.065)      Loss 0.3393 (0.4475)    Prec@1 87.500 (83.445)  Prec@5 96.875 (97.727)
Test: [0/51]    Time 8.096 (8.096)      Loss 0.2260 (0.2260)    Prec@1 87.500 (87.500)  Prec@5 100.000 (100.000)
Test: [20/51]   Time 0.196 (0.862)      Loss 0.8707 (0.8075)    Prec@1 78.125 (77.381)  Prec@5 100.000 (95.536)
Test: [40/51]   Time 0.181 (0.615)      Loss 0.1202 (0.8892)    Prec@1 90.625 (79.268)  Prec@5 100.000 (96.570)
Testing Results: Prec@1 79.317 Prec@5 97.143 Loss 0.82942
Best Prec@1: 81.739
Freezing BatchNorm2D except the first one.
Epoch: [16][0/126], lr: 0.00100 Time 7.254 (7.254)      Data 6.657 (6.657)      Loss 0.2954 (0.2954)    Prec@1 87.500 (87.500)  Prec@5 96.875 (96.875)
Epoch: [16][20/126], lr: 0.00100        Time 0.575 (0.963)      Data 0.000 (0.360)      Loss 0.2587 (0.3978)    Prec@1 87.500 (83.929)  Prec@5 100.000 (98.958)
Epoch: [16][40/126], lr: 0.00100        Time 0.736 (0.797)      Data 0.000 (0.184)      Loss 0.2845 (0.4190)    Prec@1 87.500 (83.537)  Prec@5 100.000 (98.628)
Epoch: [16][60/126], lr: 0.00100        Time 0.516 (0.722)      Data 0.000 (0.124)      Loss 0.5703 (0.4130)    Prec@1 75.000 (84.734)  Prec@5 100.000 (98.156)
Epoch: [16][80/126], lr: 0.00100        Time 0.516 (0.687)      Data 0.000 (0.093)      Loss 0.4608 (0.4063)    Prec@1 81.250 (84.799)  Prec@5 100.000 (98.110)
Epoch: [16][100/126], lr: 0.00100       Time 0.564 (0.662)      Data 0.000 (0.075)      Loss 0.5377 (0.4103)    Prec@1 81.250 (84.715)  Prec@5 100.000 (98.205)
Epoch: [16][120/126], lr: 0.00100       Time 0.527 (0.640)      Data 0.000 (0.063)      Loss 0.4394 (0.4206)    Prec@1 81.250 (84.427)  Prec@5 93.750 (98.166)
Freezing BatchNorm2D except the first one.
Epoch: [17][0/126], lr: 0.00100 Time 7.097 (7.097)      Data 6.505 (6.505)      Loss 0.2765 (0.2765)    Prec@1 90.625 (90.625)  Prec@5 100.000 (100.000)
Epoch: [17][20/126], lr: 0.00100        Time 0.617 (0.959)      Data 0.000 (0.356)      Loss 0.4229 (0.4253)    Prec@1 87.500 (84.673)  Prec@5 100.000 (98.065)
Epoch: [17][40/126], lr: 0.00100        Time 0.580 (0.788)      Data 0.000 (0.183)      Loss 0.4972 (0.4077)    Prec@1 81.250 (84.909)  Prec@5 100.000 (98.095)
Epoch: [17][60/126], lr: 0.00100        Time 0.559 (0.718)      Data 0.000 (0.123)      Loss 0.4215 (0.4167)    Prec@1 87.500 (84.836)  Prec@5 96.875 (97.746)
Epoch: [17][80/126], lr: 0.00100        Time 0.714 (0.687)      Data 0.000 (0.092)      Loss 0.3500 (0.4295)    Prec@1 90.625 (84.259)  Prec@5 96.875 (97.685)
Epoch: [17][100/126], lr: 0.00100       Time 0.522 (0.663)      Data 0.000 (0.074)      Loss 0.8444 (0.4316)    Prec@1 75.000 (84.344)  Prec@5 90.625 (97.649)
Epoch: [17][120/126], lr: 0.00100       Time 0.527 (0.641)      Data 0.000 (0.062)      Loss 0.3165 (0.4290)    Prec@1 87.500 (84.427)  Prec@5 100.000 (97.701)
Test: [0/51]    Time 8.097 (8.097)      Loss 0.1209 (0.1209)    Prec@1 93.750 (93.750)  Prec@5 100.000 (100.000)
Test: [20/51]   Time 0.274 (0.868)      Loss 0.6910 (0.9866)    Prec@1 78.125 (77.381)  Prec@5 100.000 (95.685)
Test: [40/51]   Time 0.181 (0.612)      Loss 0.1764 (1.1762)    Prec@1 93.750 (77.287)  Prec@5 100.000 (95.960)
Testing Results: Prec@1 76.273 Prec@5 96.522 Loss 1.10614
Best Prec@1: 81.739
Freezing BatchNorm2D except the first one.
Epoch: [18][0/126], lr: 0.00100 Time 7.031 (7.031)      Data 6.349 (6.349)      Loss 0.5648 (0.5648)    Prec@1 87.500 (87.500)  Prec@5 96.875 (96.875)
Epoch: [18][20/126], lr: 0.00100        Time 0.555 (0.950)      Data 0.000 (0.315)      Loss 0.3711 (0.5061)    Prec@1 81.250 (80.506)  Prec@5 100.000 (98.363)
Epoch: [18][40/126], lr: 0.00100        Time 0.679 (0.789)      Data 0.000 (0.162)      Loss 0.3930 (0.4980)    Prec@1 84.375 (81.174)  Prec@5 100.000 (98.018)
Epoch: [18][60/126], lr: 0.00100        Time 0.571 (0.723)      Data 0.001 (0.109)      Loss 0.6264 (0.4667)    Prec@1 68.750 (81.557)  Prec@5 96.875 (97.951)
Epoch: [18][80/126], lr: 0.00100        Time 0.573 (0.686)      Data 0.000 (0.082)      Loss 0.2475 (0.4480)    Prec@1 87.500 (82.562)  Prec@5 100.000 (97.994)
Epoch: [18][100/126], lr: 0.00100       Time 0.526 (0.663)      Data 0.000 (0.066)      Loss 0.3331 (0.4423)    Prec@1 93.750 (83.045)  Prec@5 96.875 (97.896)
Epoch: [18][120/126], lr: 0.00100       Time 0.526 (0.640)      Data 0.000 (0.055)      Loss 0.3118 (0.4338)    Prec@1 87.500 (83.471)  Prec@5 96.875 (97.960)
Freezing BatchNorm2D except the first one.
Epoch: [19][0/126], lr: 0.00100 Time 6.901 (6.901)      Data 6.387 (6.387)      Loss 0.4697 (0.4697)    Prec@1 75.000 (75.000)  Prec@5 96.875 (96.875)
Epoch: [19][20/126], lr: 0.00100        Time 0.597 (0.925)      Data 0.000 (0.305)      Loss 0.8853 (0.3546)    Prec@1 65.625 (87.054)  Prec@5 96.875 (98.214)
Epoch: [19][40/126], lr: 0.00100        Time 0.626 (0.783)      Data 0.000 (0.156)      Loss 0.5117 (0.3771)    Prec@1 81.250 (86.128)  Prec@5 96.875 (97.866)
Epoch: [19][60/126], lr: 0.00100        Time 0.546 (0.719)      Data 0.000 (0.105)      Loss 0.2749 (0.3777)    Prec@1 90.625 (86.014)  Prec@5 100.000 (98.053)
Epoch: [19][80/126], lr: 0.00100        Time 0.467 (0.681)      Data 0.000 (0.079)      Loss 0.5543 (0.3610)    Prec@1 78.125 (86.381)  Prec@5 96.875 (98.225)
Epoch: [19][100/126], lr: 0.00100       Time 0.552 (0.657)      Data 0.000 (0.064)      Loss 0.5364 (0.3730)    Prec@1 75.000 (86.139)  Prec@5 96.875 (98.144)
Epoch: [19][120/126], lr: 0.00100       Time 0.526 (0.635)      Data 0.000 (0.053)      Loss 0.8354 (0.3840)    Prec@1 75.000 (85.847)  Prec@5 93.750 (97.934)
Test: [0/51]    Time 8.683 (8.683)      Loss 0.1417 (0.1417)    Prec@1 90.625 (90.625)  Prec@5 100.000 (100.000)
Test: [20/51]   Time 0.207 (0.844)      Loss 1.1855 (0.7181)    Prec@1 68.750 (79.315)  Prec@5 96.875 (96.577)
Test: [40/51]   Time 0.181 (0.607)      Loss 0.1258 (0.7727)    Prec@1 90.625 (79.954)  Prec@5 100.000 (97.332)
Testing Results: Prec@1 78.447 Prec@5 97.391 Loss 0.79920
Best Prec@1: 81.739
Freezing BatchNorm2D except the first one.
Epoch: [20][0/126], lr: 0.00010 Time 8.507 (8.507)      Data 7.916 (7.916)      Loss 0.3669 (0.3669)    Prec@1 81.250 (81.250)  Prec@5 96.875 (96.875)
Epoch: [20][20/126], lr: 0.00010        Time 0.597 (0.977)      Data 0.000 (0.377)      Loss 0.3285 (0.3358)    Prec@1 87.500 (88.095)  Prec@5 96.875 (98.065)
Epoch: [20][40/126], lr: 0.00010        Time 0.642 (0.796)      Data 0.000 (0.193)      Loss 0.4197 (0.3375)    Prec@1 90.625 (87.576)  Prec@5 100.000 (97.790)
Epoch: [20][60/126], lr: 0.00010        Time 0.550 (0.719)      Data 0.000 (0.130)      Loss 0.4071 (0.3363)    Prec@1 78.125 (87.346)  Prec@5 100.000 (97.848)
Epoch: [20][80/126], lr: 0.00010        Time 0.646 (0.685)      Data 0.000 (0.098)      Loss 0.1839 (0.3221)    Prec@1 87.500 (87.963)  Prec@5 100.000 (97.994)
Epoch: [20][100/126], lr: 0.00010       Time 0.515 (0.661)      Data 0.000 (0.079)      Loss 0.4924 (0.3157)    Prec@1 81.250 (87.995)  Prec@5 100.000 (98.236)
Epoch: [20][120/126], lr: 0.00010       Time 0.526 (0.639)      Data 0.000 (0.066)      Loss 0.5046 (0.3099)    Prec@1 84.375 (88.249)  Prec@5 100.000 (98.321)
Freezing BatchNorm2D except the first one.
Epoch: [21][0/126], lr: 0.00010 Time 7.303 (7.303)      Data 6.539 (6.539)      Loss 0.2743 (0.2743)    Prec@1 93.750 (93.750)  Prec@5 96.875 (96.875)
Epoch: [21][20/126], lr: 0.00010        Time 0.670 (0.945)      Data 0.001 (0.348)      Loss 0.2426 (0.3077)    Prec@1 90.625 (88.244)  Prec@5 100.000 (98.810)
Epoch: [21][40/126], lr: 0.00010        Time 0.525 (0.779)      Data 0.000 (0.178)      Loss 0.2501 (0.3029)    Prec@1 93.750 (88.872)  Prec@5 100.000 (98.780)
Epoch: [21][60/126], lr: 0.00010        Time 0.533 (0.710)      Data 0.000 (0.120)      Loss 0.2840 (0.3000)    Prec@1 87.500 (88.934)  Prec@5 100.000 (98.719)
Epoch: [21][80/126], lr: 0.00010        Time 0.570 (0.674)      Data 0.000 (0.090)      Loss 0.2343 (0.2993)    Prec@1 93.750 (88.966)  Prec@5 100.000 (98.727)
Epoch: [21][100/126], lr: 0.00010       Time 0.522 (0.649)      Data 0.000 (0.072)      Loss 0.1250 (0.2883)    Prec@1 100.000 (89.016) Prec@5 100.000 (98.855)
Epoch: [21][120/126], lr: 0.00010       Time 0.526 (0.629)      Data 0.000 (0.060)      Loss 0.4960 (0.2831)    Prec@1 78.125 (89.075)  Prec@5 100.000 (98.709)
Test: [0/51]    Time 7.592 (7.592)      Loss 0.0949 (0.0949)    Prec@1 96.875 (96.875)  Prec@5 100.000 (100.000)
Test: [20/51]   Time 0.196 (0.848)      Loss 0.6838 (0.5773)    Prec@1 78.125 (83.929)  Prec@5 100.000 (97.470)
Test: [40/51]   Time 0.181 (0.595)      Loss 0.1005 (0.6068)    Prec@1 96.875 (85.671)  Prec@5 100.000 (98.399)
Testing Results: Prec@1 85.155 Prec@5 98.385 Loss 0.59467
Best Prec@1: 85.155
Freezing BatchNorm2D except the first one.
Epoch: [22][0/126], lr: 0.00010 Time 8.430 (8.430)      Data 8.035 (8.035)      Loss 0.4159 (0.4159)    Prec@1 84.375 (84.375)  Prec@5 96.875 (96.875)
Epoch: [22][20/126], lr: 0.00010        Time 0.623 (0.999)      Data 0.000 (0.383)      Loss 0.4548 (0.3256)    Prec@1 84.375 (88.839)  Prec@5 96.875 (98.214)
Epoch: [22][40/126], lr: 0.00010        Time 0.525 (0.793)      Data 0.000 (0.196)      Loss 0.4650 (0.3097)    Prec@1 81.250 (88.796)  Prec@5 93.750 (98.323)
Epoch: [22][60/126], lr: 0.00010        Time 0.519 (0.721)      Data 0.000 (0.132)      Loss 0.4449 (0.3117)    Prec@1 78.125 (88.883)  Prec@5 100.000 (98.361)
Epoch: [22][80/126], lr: 0.00010        Time 0.575 (0.681)      Data 0.000 (0.099)      Loss 0.2686 (0.3037)    Prec@1 87.500 (88.927)  Prec@5 96.875 (98.302)
Epoch: [22][100/126], lr: 0.00010       Time 0.528 (0.657)      Data 0.000 (0.080)      Loss 0.6428 (0.2972)    Prec@1 71.875 (89.047)  Prec@5 93.750 (98.144)
Epoch: [22][120/126], lr: 0.00010       Time 0.527 (0.636)      Data 0.000 (0.067)      Loss 0.2449 (0.2912)    Prec@1 90.625 (89.334)  Prec@5 100.000 (98.244)
Freezing BatchNorm2D except the first one.
Epoch: [23][0/126], lr: 0.00010 Time 8.716 (8.716)      Data 8.266 (8.266)      Loss 0.3851 (0.3851)    Prec@1 90.625 (90.625)  Prec@5 100.000 (100.000)
Epoch: [23][20/126], lr: 0.00010        Time 0.604 (1.004)      Data 0.000 (0.394)      Loss 0.4104 (0.3112)    Prec@1 84.375 (87.351)  Prec@5 96.875 (98.363)
Epoch: [23][40/126], lr: 0.00010        Time 0.590 (0.801)      Data 0.000 (0.202)      Loss 0.1095 (0.3071)    Prec@1 96.875 (87.881)  Prec@5 100.000 (98.476)
Epoch: [23][60/126], lr: 0.00010        Time 0.523 (0.723)      Data 0.000 (0.136)      Loss 0.1204 (0.2928)    Prec@1 93.750 (88.576)  Prec@5 100.000 (98.566)
Epoch: [23][80/126], lr: 0.00010        Time 0.713 (0.687)      Data 0.000 (0.102)      Loss 0.2178 (0.2908)    Prec@1 87.500 (88.657)  Prec@5 100.000 (98.495)
Epoch: [23][100/126], lr: 0.00010       Time 0.526 (0.661)      Data 0.000 (0.082)      Loss 0.1719 (0.2876)    Prec@1 96.875 (88.892)  Prec@5 100.000 (98.422)
Epoch: [23][120/126], lr: 0.00010       Time 0.527 (0.639)      Data 0.000 (0.069)      Loss 0.1806 (0.2822)    Prec@1 90.625 (88.972)  Prec@5 100.000 (98.476)
Test: [0/51]    Time 8.413 (8.413)      Loss 0.1076 (0.1076)    Prec@1 96.875 (96.875)  Prec@5 100.000 (100.000)
Test: [20/51]   Time 0.329 (0.863)      Loss 0.6009 (0.6250)    Prec@1 84.375 (84.226)  Prec@5 100.000 (96.577)
Test: [40/51]   Time 0.181 (0.612)      Loss 0.1068 (0.6325)    Prec@1 93.750 (85.518)  Prec@5 100.000 (98.018)
Testing Results: Prec@1 85.280 Prec@5 97.950 Loss 0.60618
Best Prec@1: 85.280
Freezing BatchNorm2D except the first one.
Epoch: [24][0/126], lr: 0.00010 Time 6.746 (6.746)      Data 6.143 (6.143)      Loss 0.3614 (0.3614)    Prec@1 90.625 (90.625)  Prec@5 96.875 (96.875)
Epoch: [24][20/126], lr: 0.00010        Time 0.546 (0.965)      Data 0.000 (0.359)      Loss 0.4638 (0.2923)    Prec@1 84.375 (89.732)  Prec@5 96.875 (98.363)
Epoch: [24][40/126], lr: 0.00010        Time 0.592 (0.784)      Data 0.000 (0.184)      Loss 0.4477 (0.2936)    Prec@1 87.500 (89.101)  Prec@5 100.000 (98.628)
Epoch: [24][60/126], lr: 0.00010        Time 0.693 (0.718)      Data 0.000 (0.124)      Loss 0.5777 (0.2824)    Prec@1 78.125 (89.498)  Prec@5 93.750 (98.412)
Epoch: [24][80/126], lr: 0.00010        Time 0.629 (0.678)      Data 0.000 (0.093)      Loss 0.2212 (0.2650)    Prec@1 87.500 (90.046)  Prec@5 100.000 (98.534)
Epoch: [24][100/126], lr: 0.00010       Time 0.548 (0.654)      Data 0.000 (0.075)      Loss 0.1900 (0.2654)    Prec@1 90.625 (90.192)  Prec@5 96.875 (98.360)
Epoch: [24][120/126], lr: 0.00010       Time 0.527 (0.633)      Data 0.000 (0.062)      Loss 0.0576 (0.2599)    Prec@1 100.000 (90.186) Prec@5 100.000 (98.605)
Freezing BatchNorm2D except the first one.
Epoch: [25][0/126], lr: 0.00010 Time 6.750 (6.750)      Data 6.295 (6.295)      Loss 0.1719 (0.1719)    Prec@1 93.750 (93.750)  Prec@5 100.000 (100.000)
Epoch: [25][20/126], lr: 0.00010        Time 0.669 (0.953)      Data 0.000 (0.375)      Loss 0.1426 (0.2556)    Prec@1 93.750 (89.881)  Prec@5 100.000 (98.661)
Epoch: [25][40/126], lr: 0.00010        Time 0.526 (0.783)      Data 0.000 (0.192)      Loss 0.1844 (0.2658)    Prec@1 93.750 (89.787)  Prec@5 100.000 (98.780)
Epoch: [25][60/126], lr: 0.00010        Time 0.616 (0.712)      Data 0.000 (0.129)      Loss 0.2224 (0.2650)    Prec@1 90.625 (89.703)  Prec@5 100.000 (98.514)
Epoch: [25][80/126], lr: 0.00010        Time 0.494 (0.677)      Data 0.000 (0.097)      Loss 0.2305 (0.2738)    Prec@1 90.625 (89.506)  Prec@5 100.000 (98.534)
Epoch: [25][100/126], lr: 0.00010       Time 0.527 (0.653)      Data 0.000 (0.078)      Loss 0.1911 (0.2801)    Prec@1 90.625 (89.109)  Prec@5 100.000 (98.422)
Epoch: [25][120/126], lr: 0.00010       Time 0.527 (0.632)      Data 0.000 (0.065)      Loss 0.2447 (0.2771)    Prec@1 87.500 (89.334)  Prec@5 96.875 (98.347)
Test: [0/51]    Time 7.702 (7.702)      Loss 0.1028 (0.1028)    Prec@1 93.750 (93.750)  Prec@5 100.000 (100.000)
Test: [20/51]   Time 0.344 (0.816)      Loss 0.5845 (0.5657)    Prec@1 81.250 (85.863)  Prec@5 100.000 (97.024)
Test: [40/51]   Time 0.180 (0.609)      Loss 0.1004 (0.5475)    Prec@1 93.750 (87.271)  Prec@5 100.000 (98.399)
Testing Results: Prec@1 87.578 Prec@5 98.447 Loss 0.52114
Best Prec@1: 87.578
Freezing BatchNorm2D except the first one.
Epoch: [26][0/126], lr: 0.00010 Time 7.616 (7.616)      Data 7.063 (7.063)      Loss 0.4668 (0.4668)    Prec@1 84.375 (84.375)  Prec@5 96.875 (96.875)
Epoch: [26][20/126], lr: 0.00010        Time 0.464 (0.942)      Data 0.000 (0.344)      Loss 0.2186 (0.2862)    Prec@1 90.625 (88.988)  Prec@5 100.000 (98.661)
Epoch: [26][40/126], lr: 0.00010        Time 0.610 (0.785)      Data 0.000 (0.176)      Loss 0.0903 (0.2700)    Prec@1 93.750 (89.101)  Prec@5 100.000 (98.780)
Epoch: [26][60/126], lr: 0.00010        Time 0.573 (0.715)      Data 0.000 (0.118)      Loss 0.1548 (0.2606)    Prec@1 96.875 (89.703)  Prec@5 100.000 (98.770)
Epoch: [26][80/126], lr: 0.00010        Time 0.667 (0.680)      Data 0.000 (0.089)      Loss 0.0977 (0.2536)    Prec@1 93.750 (90.046)  Prec@5 100.000 (98.765)
Epoch: [26][100/126], lr: 0.00010       Time 0.525 (0.656)      Data 0.000 (0.072)      Loss 0.1005 (0.2555)    Prec@1 93.750 (90.006)  Prec@5 100.000 (98.793)
Epoch: [26][120/126], lr: 0.00010       Time 0.526 (0.635)      Data 0.000 (0.060)      Loss 0.1751 (0.2558)    Prec@1 90.625 (90.005)  Prec@5 100.000 (98.735)
Freezing BatchNorm2D except the first one.
Epoch: [27][0/126], lr: 0.00010 Time 7.355 (7.355)      Data 6.696 (6.696)      Loss 0.3278 (0.3278)    Prec@1 87.500 (87.500)  Prec@5 96.875 (96.875)
Epoch: [27][20/126], lr: 0.00010        Time 0.620 (0.976)      Data 0.000 (0.374)      Loss 0.2000 (0.2785)    Prec@1 90.625 (90.179)  Prec@5 100.000 (98.363)
Epoch: [27][40/126], lr: 0.00010        Time 0.595 (0.794)      Data 0.000 (0.192)      Loss 0.1102 (0.2674)    Prec@1 93.750 (89.939)  Prec@5 100.000 (98.323)
Epoch: [27][60/126], lr: 0.00010        Time 0.553 (0.718)      Data 0.000 (0.129)      Loss 0.2557 (0.2664)    Prec@1 87.500 (90.164)  Prec@5 100.000 (98.002)
Epoch: [27][80/126], lr: 0.00010        Time 0.632 (0.680)      Data 0.000 (0.097)      Loss 0.4143 (0.2705)    Prec@1 84.375 (89.622)  Prec@5 96.875 (98.418)
Epoch: [27][100/126], lr: 0.00010       Time 0.489 (0.658)      Data 0.000 (0.078)      Loss 0.1724 (0.2679)    Prec@1 90.625 (89.728)  Prec@5 100.000 (98.453)
Epoch: [27][120/126], lr: 0.00010       Time 0.526 (0.636)      Data 0.000 (0.065)      Loss 0.1494 (0.2687)    Prec@1 93.750 (89.644)  Prec@5 100.000 (98.399)
Test: [0/51]    Time 7.812 (7.812)      Loss 0.0817 (0.0817)    Prec@1 100.000 (100.000)        Prec@5 100.000 (100.000)
Test: [20/51]   Time 1.040 (0.861)      Loss 0.7381 (0.6321)    Prec@1 75.000 (84.226)  Prec@5 100.000 (96.875)
Test: [40/51]   Time 0.182 (0.606)      Loss 0.0951 (0.6329)    Prec@1 93.750 (85.366)  Prec@5 100.000 (98.171)
Testing Results: Prec@1 85.280 Prec@5 98.261 Loss 0.61344
Best Prec@1: 87.578
Freezing BatchNorm2D except the first one.
Epoch: [28][0/126], lr: 0.00010 Time 7.601 (7.601)      Data 6.932 (6.932)      Loss 0.1724 (0.1724)    Prec@1 96.875 (96.875)  Prec@5 100.000 (100.000)
Epoch: [28][20/126], lr: 0.00010        Time 0.544 (0.971)      Data 0.000 (0.368)      Loss 0.3228 (0.2663)    Prec@1 84.375 (90.030)  Prec@5 100.000 (97.768)
Epoch: [28][40/126], lr: 0.00010        Time 0.537 (0.803)      Data 0.000 (0.189)      Loss 0.3401 (0.2610)    Prec@1 87.500 (90.320)  Prec@5 100.000 (98.095)
Epoch: [28][60/126], lr: 0.00010        Time 0.575 (0.729)      Data 0.000 (0.127)      Loss 0.1807 (0.2529)    Prec@1 93.750 (90.676)  Prec@5 100.000 (98.361)
Epoch: [28][80/126], lr: 0.00010        Time 0.501 (0.691)      Data 0.000 (0.096)      Loss 0.5524 (0.2587)    Prec@1 87.500 (89.969)  Prec@5 90.625 (98.495)
Epoch: [28][100/126], lr: 0.00010       Time 0.527 (0.667)      Data 0.000 (0.077)      Loss 0.2611 (0.2613)    Prec@1 81.250 (89.635)  Prec@5 100.000 (98.515)
Epoch: [28][120/126], lr: 0.00010       Time 0.527 (0.644)      Data 0.000 (0.064)      Loss 0.4462 (0.2614)    Prec@1 78.125 (89.540)  Prec@5 100.000 (98.554)
Freezing BatchNorm2D except the first one.
Epoch: [29][0/126], lr: 0.00010 Time 8.642 (8.642)      Data 8.149 (8.149)      Loss 0.1300 (0.1300)    Prec@1 96.875 (96.875)  Prec@5 100.000 (100.000)
Epoch: [29][20/126], lr: 0.00010        Time 0.825 (0.996)      Data 0.000 (0.388)      Loss 0.3274 (0.2595)    Prec@1 81.250 (89.286)  Prec@5 100.000 (98.810)
Epoch: [29][40/126], lr: 0.00010        Time 0.611 (0.798)      Data 0.000 (0.199)      Loss 0.1142 (0.2685)    Prec@1 96.875 (89.405)  Prec@5 100.000 (98.552)
Epoch: [29][60/126], lr: 0.00010        Time 0.603 (0.727)      Data 0.000 (0.134)      Loss 0.1340 (0.2690)    Prec@1 93.750 (89.139)  Prec@5 100.000 (98.566)
Epoch: [29][80/126], lr: 0.00010        Time 0.564 (0.689)      Data 0.000 (0.101)      Loss 0.2910 (0.2634)    Prec@1 84.375 (89.275)  Prec@5 100.000 (98.611)
Epoch: [29][100/126], lr: 0.00010       Time 0.526 (0.667)      Data 0.000 (0.081)      Loss 0.1384 (0.2545)    Prec@1 93.750 (89.759)  Prec@5 100.000 (98.700)
Epoch: [29][120/126], lr: 0.00010       Time 0.527 (0.644)      Data 0.000 (0.068)      Loss 0.3139 (0.2517)    Prec@1 84.375 (90.005)  Prec@5 100.000 (98.786)
Test: [0/51]    Time 7.999 (7.999)      Loss 0.1012 (0.1012)    Prec@1 93.750 (93.750)  Prec@5 100.000 (100.000)
Test: [20/51]   Time 0.557 (0.842)      Loss 0.8644 (0.6527)    Prec@1 78.125 (85.417)  Prec@5 100.000 (97.173)
Test: [40/51]   Time 0.181 (0.598)      Loss 0.1018 (0.7310)    Prec@1 93.750 (86.052)  Prec@5 100.000 (98.247)
Testing Results: Prec@1 86.087 Prec@5 98.323 Loss 0.68949
Best Prec@1: 87.578
Freezing BatchNorm2D except the first one.
Epoch: [30][0/126], lr: 0.00010 Time 8.460 (8.460)      Data 7.839 (7.839)      Loss 0.1945 (0.1945)    Prec@1 93.750 (93.750)  Prec@5 100.000 (100.000)
Epoch: [30][20/126], lr: 0.00010        Time 0.701 (0.993)      Data 0.000 (0.374)      Loss 0.1065 (0.2753)    Prec@1 96.875 (89.286)  Prec@5 100.000 (98.958)
Epoch: [30][40/126], lr: 0.00010        Time 0.562 (0.804)      Data 0.000 (0.192)      Loss 0.3522 (0.3033)    Prec@1 84.375 (88.643)  Prec@5 96.875 (98.628)
Epoch: [30][60/126], lr: 0.00010        Time 0.567 (0.733)      Data 0.000 (0.129)      Loss 0.2321 (0.2950)    Prec@1 93.750 (88.576)  Prec@5 96.875 (98.617)
Epoch: [30][80/126], lr: 0.00010        Time 0.561 (0.693)      Data 0.000 (0.097)      Loss 0.1780 (0.2826)    Prec@1 93.750 (89.005)  Prec@5 100.000 (98.765)
Epoch: [30][100/126], lr: 0.00010       Time 0.514 (0.667)      Data 0.000 (0.078)      Loss 0.1402 (0.2738)    Prec@1 96.875 (89.635)  Prec@5 100.000 (98.731)
Epoch: [30][120/126], lr: 0.00010       Time 0.527 (0.644)      Data 0.000 (0.065)      Loss 0.1474 (0.2718)    Prec@1 93.750 (89.669)  Prec@5 100.000 (98.709)
Freezing BatchNorm2D except the first one.
Epoch: [31][0/126], lr: 0.00010 Time 7.309 (7.309)      Data 6.755 (6.755)      Loss 0.1378 (0.1378)    Prec@1 96.875 (96.875)  Prec@5 100.000 (100.000)
Epoch: [31][20/126], lr: 0.00010        Time 0.565 (0.984)      Data 0.001 (0.376)      Loss 0.2173 (0.2168)    Prec@1 90.625 (91.071)  Prec@5 100.000 (99.554)
Epoch: [31][40/126], lr: 0.00010        Time 0.578 (0.808)      Data 0.000 (0.193)      Loss 0.1595 (0.2593)    Prec@1 93.750 (90.168)  Prec@5 100.000 (98.552)
Epoch: [31][60/126], lr: 0.00010        Time 0.595 (0.733)      Data 0.000 (0.130)      Loss 0.2842 (0.2752)    Prec@1 90.625 (89.088)  Prec@5 93.750 (98.258)
Epoch: [31][80/126], lr: 0.00010        Time 0.515 (0.691)      Data 0.000 (0.098)      Loss 0.2485 (0.2886)    Prec@1 90.625 (88.966)  Prec@5 100.000 (97.994)
Epoch: [31][100/126], lr: 0.00010       Time 0.527 (0.663)      Data 0.000 (0.078)      Loss 0.3896 (0.2803)    Prec@1 87.500 (89.387)  Prec@5 93.750 (98.020)
Epoch: [31][120/126], lr: 0.00010       Time 0.527 (0.641)      Data 0.000 (0.066)      Loss 0.1306 (0.2687)    Prec@1 100.000 (89.928) Prec@5 100.000 (98.166)
Test: [0/51]    Time 8.495 (8.495)      Loss 0.1003 (0.1003)    Prec@1 96.875 (96.875)  Prec@5 100.000 (100.000)
Test: [20/51]   Time 0.294 (0.830)      Loss 0.7358 (0.5978)    Prec@1 75.000 (85.863)  Prec@5 100.000 (97.024)
Test: [40/51]   Time 0.182 (0.615)      Loss 0.0925 (0.6327)    Prec@1 90.625 (86.738)  Prec@5 100.000 (98.323)
Testing Results: Prec@1 87.329 Prec@5 98.509 Loss 0.58641
Best Prec@1: 87.578
Freezing BatchNorm2D except the first one.
Epoch: [32][0/126], lr: 0.00010 Time 7.156 (7.156)      Data 6.603 (6.603)      Loss 0.2836 (0.2836)    Prec@1 90.625 (90.625)  Prec@5 93.750 (93.750)
Epoch: [32][20/126], lr: 0.00010        Time 0.587 (0.945)      Data 0.000 (0.347)      Loss 0.2197 (0.2131)    Prec@1 90.625 (90.476)  Prec@5 96.875 (98.512)
Epoch: [32][40/126], lr: 0.00010        Time 0.672 (0.783)      Data 0.000 (0.178)      Loss 0.1500 (0.1973)    Prec@1 96.875 (91.540)  Prec@5 100.000 (98.933)
Epoch: [32][60/126], lr: 0.00010        Time 0.463 (0.716)      Data 0.000 (0.120)      Loss 0.3094 (0.2238)    Prec@1 87.500 (90.523)  Prec@5 96.875 (98.719)
Epoch: [32][80/126], lr: 0.00010        Time 0.560 (0.682)      Data 0.000 (0.090)      Loss 0.3368 (0.2211)    Prec@1 87.500 (91.049)  Prec@5 100.000 (98.843)
Epoch: [32][100/126], lr: 0.00010       Time 0.522 (0.658)      Data 0.000 (0.072)      Loss 0.1291 (0.2233)    Prec@1 96.875 (91.120)  Prec@5 100.000 (98.824)
Epoch: [32][120/126], lr: 0.00010       Time 0.527 (0.637)      Data 0.000 (0.060)      Loss 0.2362 (0.2265)    Prec@1 90.625 (91.064)  Prec@5 93.750 (98.760)
Freezing BatchNorm2D except the first one.
Epoch: [33][0/126], lr: 0.00010 Time 8.443 (8.443)      Data 7.759 (7.759)      Loss 0.4352 (0.4352)    Prec@1 90.625 (90.625)  Prec@5 100.000 (100.000)
Epoch: [33][20/126], lr: 0.00010        Time 0.834 (1.009)      Data 0.000 (0.376)      Loss 0.2179 (0.2847)    Prec@1 93.750 (89.583)  Prec@5 96.875 (97.768)
Epoch: [33][40/126], lr: 0.00010        Time 0.538 (0.806)      Data 0.000 (0.193)      Loss 0.2533 (0.2724)    Prec@1 93.750 (89.558)  Prec@5 96.875 (98.018)
Epoch: [33][60/126], lr: 0.00010        Time 0.600 (0.731)      Data 0.000 (0.130)      Loss 0.0611 (0.2564)    Prec@1 100.000 (90.318) Prec@5 100.000 (98.207)
Epoch: [33][80/126], lr: 0.00010        Time 0.563 (0.692)      Data 0.000 (0.098)      Loss 0.3465 (0.2530)    Prec@1 87.500 (90.432)  Prec@5 96.875 (98.302)
Epoch: [33][100/126], lr: 0.00010       Time 0.525 (0.666)      Data 0.000 (0.078)      Loss 0.2440 (0.2515)    Prec@1 87.500 (90.687)  Prec@5 100.000 (98.422)
Epoch: [33][120/126], lr: 0.00010       Time 0.527 (0.643)      Data 0.000 (0.065)      Loss 0.2207 (0.2529)    Prec@1 90.625 (90.651)  Prec@5 100.000 (98.476)
Test: [0/51]    Time 7.705 (7.705)      Loss 0.1153 (0.1153)    Prec@1 93.750 (93.750)  Prec@5 100.000 (100.000)
Test: [20/51]   Time 0.224 (0.841)      Loss 0.6578 (0.6624)    Prec@1 81.250 (83.185)  Prec@5 100.000 (96.131)
Test: [40/51]   Time 0.181 (0.607)      Loss 0.0973 (0.7560)    Prec@1 93.750 (84.299)  Prec@5 100.000 (97.180)
Testing Results: Prec@1 84.658 Prec@5 97.391 Loss 0.70254
Best Prec@1: 87.578
Freezing BatchNorm2D except the first one.
Epoch: [34][0/126], lr: 0.00010 Time 7.323 (7.323)      Data 6.743 (6.743)      Loss 0.2316 (0.2316)    Prec@1 90.625 (90.625)  Prec@5 100.000 (100.000)
Epoch: [34][20/126], lr: 0.00010        Time 0.547 (0.949)      Data 0.000 (0.342)      Loss 0.3750 (0.2586)    Prec@1 87.500 (90.327)  Prec@5 96.875 (98.958)
Epoch: [34][40/126], lr: 0.00010        Time 0.623 (0.790)      Data 0.000 (0.175)      Loss 0.2220 (0.2545)    Prec@1 90.625 (90.473)  Prec@5 100.000 (99.009)
Epoch: [34][60/126], lr: 0.00010        Time 0.606 (0.719)      Data 0.000 (0.118)      Loss 0.4658 (0.2644)    Prec@1 78.125 (90.420)  Prec@5 100.000 (98.873)
Epoch: [34][80/126], lr: 0.00010        Time 0.598 (0.683)      Data 0.000 (0.089)      Loss 0.2278 (0.2487)    Prec@1 87.500 (90.818)  Prec@5 100.000 (98.997)
Epoch: [34][100/126], lr: 0.00010       Time 0.526 (0.660)      Data 0.000 (0.071)      Loss 0.2445 (0.2584)    Prec@1 90.625 (90.377)  Prec@5 100.000 (98.793)
Epoch: [34][120/126], lr: 0.00010       Time 0.526 (0.638)      Data 0.000 (0.060)      Loss 0.0481 (0.2467)    Prec@1 100.000 (90.728) Prec@5 100.000 (98.838)
Freezing BatchNorm2D except the first one.
Epoch: [35][0/126], lr: 0.00010 Time 8.626 (8.626)      Data 8.173 (8.173)      Loss 0.3243 (0.3243)    Prec@1 87.500 (87.500)  Prec@5 100.000 (100.000)
Epoch: [35][20/126], lr: 0.00010        Time 0.605 (0.994)      Data 0.000 (0.390)      Loss 0.2367 (0.2315)    Prec@1 90.625 (90.774)  Prec@5 96.875 (98.810)
Epoch: [35][40/126], lr: 0.00010        Time 0.438 (0.813)      Data 0.000 (0.200)      Loss 0.1015 (0.2285)    Prec@1 100.000 (91.082) Prec@5 100.000 (98.933)
Epoch: [35][60/126], lr: 0.00010        Time 0.650 (0.734)      Data 0.000 (0.134)      Loss 0.1306 (0.2261)    Prec@1 93.750 (91.137)  Prec@5 100.000 (98.873)
Epoch: [35][80/126], lr: 0.00010        Time 0.579 (0.694)      Data 0.000 (0.101)      Loss 0.3088 (0.2393)    Prec@1 93.750 (90.895)  Prec@5 96.875 (98.727)
Epoch: [35][100/126], lr: 0.00010       Time 0.523 (0.667)      Data 0.000 (0.081)      Loss 0.3134 (0.2524)    Prec@1 84.375 (90.254)  Prec@5 96.875 (98.639)
Epoch: [35][120/126], lr: 0.00010       Time 0.526 (0.643)      Data 0.000 (0.068)      Loss 0.6974 (0.2514)    Prec@1 81.250 (90.444)  Prec@5 100.000 (98.657)
Test: [0/51]    Time 8.492 (8.492)      Loss 0.0902 (0.0902)    Prec@1 96.875 (96.875)  Prec@5 100.000 (100.000)
Test: [20/51]   Time 0.307 (0.862)      Loss 0.6755 (0.6220)    Prec@1 75.000 (84.821)  Prec@5 100.000 (96.875)
Test: [40/51]   Time 0.181 (0.605)      Loss 0.0974 (0.7183)    Prec@1 96.875 (86.128)  Prec@5 100.000 (98.095)
Testing Results: Prec@1 86.522 Prec@5 98.261 Loss 0.66203
Best Prec@1: 87.578
Freezing BatchNorm2D except the first one.
Epoch: [36][0/126], lr: 0.00010 Time 8.611 (8.611)      Data 8.119 (8.119)      Loss 0.1238 (0.1238)    Prec@1 96.875 (96.875)  Prec@5 100.000 (100.000)
Epoch: [36][20/126], lr: 0.00010        Time 0.704 (0.996)      Data 0.000 (0.387)      Loss 0.1808 (0.2741)    Prec@1 90.625 (88.244)  Prec@5 100.000 (98.810)
Epoch: [36][40/126], lr: 0.00010        Time 0.546 (0.796)      Data 0.000 (0.198)      Loss 0.2214 (0.2477)    Prec@1 93.750 (89.939)  Prec@5 96.875 (98.933)
Epoch: [36][60/126], lr: 0.00010        Time 0.563 (0.723)      Data 0.000 (0.133)      Loss 0.0681 (0.2210)    Prec@1 96.875 (90.932)  Prec@5 100.000 (99.180)
Epoch: [36][80/126], lr: 0.00010        Time 0.598 (0.684)      Data 0.000 (0.101)      Loss 0.2100 (0.2265)    Prec@1 90.625 (90.972)  Prec@5 100.000 (99.113)
Epoch: [36][100/126], lr: 0.00010       Time 0.526 (0.659)      Data 0.000 (0.081)      Loss 0.2483 (0.2375)    Prec@1 90.625 (90.563)  Prec@5 93.750 (98.948)
Epoch: [36][120/126], lr: 0.00010       Time 0.527 (0.637)      Data 0.000 (0.067)      Loss 0.2892 (0.2349)    Prec@1 93.750 (90.961)  Prec@5 96.875 (98.941)
Freezing BatchNorm2D except the first one.
Epoch: [37][0/126], lr: 0.00010 Time 6.806 (6.806)      Data 6.209 (6.209)      Loss 0.2863 (0.2863)    Prec@1 87.500 (87.500)  Prec@5 100.000 (100.000)
Epoch: [37][20/126], lr: 0.00010        Time 0.504 (0.949)      Data 0.000 (0.317)      Loss 0.4393 (0.2778)    Prec@1 90.625 (89.732)  Prec@5 96.875 (98.512)
Epoch: [37][40/126], lr: 0.00010        Time 0.617 (0.788)      Data 0.000 (0.163)      Loss 0.4621 (0.2607)    Prec@1 87.500 (90.701)  Prec@5 93.750 (98.552)
Epoch: [37][60/126], lr: 0.00010        Time 0.601 (0.722)      Data 0.000 (0.109)      Loss 0.2712 (0.2559)    Prec@1 93.750 (90.574)  Prec@5 96.875 (98.412)
Epoch: [37][80/126], lr: 0.00010        Time 0.459 (0.684)      Data 0.000 (0.082)      Loss 0.2978 (0.2463)    Prec@1 87.500 (90.972)  Prec@5 100.000 (98.457)
Epoch: [37][100/126], lr: 0.00010       Time 0.526 (0.660)      Data 0.000 (0.066)      Loss 0.3502 (0.2476)    Prec@1 78.125 (90.563)  Prec@5 100.000 (98.515)
Epoch: [37][120/126], lr: 0.00010       Time 0.526 (0.638)      Data 0.000 (0.055)      Loss 0.2116 (0.2443)    Prec@1 93.750 (90.702)  Prec@5 100.000 (98.631)
Test: [0/51]    Time 9.032 (9.032)      Loss 0.0932 (0.0932)    Prec@1 93.750 (93.750)  Prec@5 100.000 (100.000)
Test: [20/51]   Time 0.226 (0.882)      Loss 0.7193 (0.6066)    Prec@1 75.000 (85.863)  Prec@5 100.000 (97.024)
Test: [40/51]   Time 0.181 (0.614)      Loss 0.0955 (0.6394)    Prec@1 96.875 (86.890)  Prec@5 100.000 (98.323)
Testing Results: Prec@1 87.205 Prec@5 98.571 Loss 0.59170
Best Prec@1: 87.578
Freezing BatchNorm2D except the first one.
Epoch: [38][0/126], lr: 0.00010 Time 6.937 (6.937)      Data 6.347 (6.347)      Loss 0.3848 (0.3848)    Prec@1 87.500 (87.500)  Prec@5 96.875 (96.875)
Epoch: [38][20/126], lr: 0.00010        Time 0.611 (0.951)      Data 0.000 (0.338)      Loss 0.2128 (0.2400)    Prec@1 90.625 (91.518)  Prec@5 100.000 (98.958)
Epoch: [38][40/126], lr: 0.00010        Time 0.550 (0.792)      Data 0.000 (0.173)      Loss 0.1466 (0.2181)    Prec@1 93.750 (91.768)  Prec@5 100.000 (99.314)
Epoch: [38][60/126], lr: 0.00010        Time 0.577 (0.722)      Data 0.000 (0.116)      Loss 0.4078 (0.2315)    Prec@1 84.375 (91.342)  Prec@5 100.000 (99.385)
Epoch: [38][80/126], lr: 0.00010        Time 0.589 (0.686)      Data 0.000 (0.088)      Loss 0.2509 (0.2400)    Prec@1 90.625 (91.088)  Prec@5 100.000 (99.190)
Epoch: [38][100/126], lr: 0.00010       Time 0.521 (0.661)      Data 0.000 (0.070)      Loss 0.2566 (0.2398)    Prec@1 93.750 (91.058)  Prec@5 96.875 (99.072)
Epoch: [38][120/126], lr: 0.00010       Time 0.527 (0.639)      Data 0.000 (0.059)      Loss 0.0846 (0.2375)    Prec@1 96.875 (91.193)  Prec@5 100.000 (99.044)
Freezing BatchNorm2D except the first one.
Epoch: [39][0/126], lr: 0.00010 Time 6.782 (6.782)      Data 6.044 (6.044)      Loss 0.1003 (0.1003)    Prec@1 96.875 (96.875)  Prec@5 100.000 (100.000)
Epoch: [39][20/126], lr: 0.00010        Time 0.536 (0.968)      Data 0.000 (0.361)      Loss 0.3490 (0.1930)    Prec@1 87.500 (93.304)  Prec@5 96.875 (98.958)
Epoch: [39][40/126], lr: 0.00010        Time 0.569 (0.799)      Data 0.000 (0.185)      Loss 0.1341 (0.2024)    Prec@1 93.750 (92.607)  Prec@5 100.000 (99.009)
Epoch: [39][60/126], lr: 0.00010        Time 0.705 (0.731)      Data 0.001 (0.125)      Loss 0.1345 (0.2322)    Prec@1 90.625 (91.189)  Prec@5 100.000 (98.924)
Epoch: [39][80/126], lr: 0.00010        Time 0.614 (0.691)      Data 0.000 (0.094)      Loss 0.1252 (0.2313)    Prec@1 96.875 (91.474)  Prec@5 100.000 (98.881)
Epoch: [39][100/126], lr: 0.00010       Time 0.492 (0.667)      Data 0.000 (0.075)      Loss 0.1416 (0.2322)    Prec@1 93.750 (91.368)  Prec@5 100.000 (98.855)
Epoch: [39][120/126], lr: 0.00010       Time 0.527 (0.644)      Data 0.000 (0.063)      Loss 0.3224 (0.2357)    Prec@1 84.375 (91.271)  Prec@5 93.750 (98.735)
Test: [0/51]    Time 8.111 (8.111)      Loss 0.1046 (0.1046)    Prec@1 93.750 (93.750)  Prec@5 100.000 (100.000)
Test: [20/51]   Time 0.239 (0.862)      Loss 0.8966 (0.7549)    Prec@1 84.375 (82.887)  Prec@5 100.000 (95.536)
Test: [40/51]   Time 0.181 (0.610)      Loss 0.0956 (0.9630)    Prec@1 90.625 (82.927)  Prec@5 100.000 (95.884)
Testing Results: Prec@1 83.106 Prec@5 96.335 Loss 0.89082
Best Prec@1: 87.578
Freezing BatchNorm2D except the first one.
Epoch: [40][0/126], lr: 0.00001 Time 7.986 (7.986)      Data 7.397 (7.397)      Loss 0.1124 (0.1124)    Prec@1 93.750 (93.750)  Prec@5 100.000 (100.000)
Epoch: [40][20/126], lr: 0.00001        Time 0.691 (1.000)      Data 0.000 (0.382)      Loss 0.2668 (0.2569)    Prec@1 90.625 (89.137)  Prec@5 100.000 (98.958)
Epoch: [40][40/126], lr: 0.00001        Time 0.488 (0.815)      Data 0.000 (0.196)      Loss 0.1572 (0.2233)    Prec@1 96.875 (90.930)  Prec@5 100.000 (99.314)
Epoch: [40][60/126], lr: 0.00001        Time 0.581 (0.733)      Data 0.000 (0.132)      Loss 0.2378 (0.2184)    Prec@1 84.375 (91.240)  Prec@5 100.000 (99.129)
Epoch: [40][80/126], lr: 0.00001        Time 0.573 (0.693)      Data 0.000 (0.099)      Loss 0.1558 (0.2225)    Prec@1 93.750 (91.281)  Prec@5 100.000 (99.035)
Epoch: [40][100/126], lr: 0.00001       Time 0.526 (0.667)      Data 0.000 (0.080)      Loss 0.1705 (0.2169)    Prec@1 90.625 (91.399)  Prec@5 100.000 (99.072)
Epoch: [40][120/126], lr: 0.00001       Time 0.526 (0.644)      Data 0.000 (0.066)      Loss 0.0616 (0.2194)    Prec@1 96.875 (91.477)  Prec@5 100.000 (98.967)
Freezing BatchNorm2D except the first one.
Epoch: [41][0/126], lr: 0.00001 Time 6.920 (6.920)      Data 6.348 (6.348)      Loss 0.0846 (0.0846)    Prec@1 96.875 (96.875)  Prec@5 100.000 (100.000)
Epoch: [41][20/126], lr: 0.00001        Time 0.563 (0.953)      Data 0.000 (0.311)      Loss 0.1407 (0.2262)    Prec@1 96.875 (91.518)  Prec@5 100.000 (99.256)
Epoch: [41][40/126], lr: 0.00001        Time 0.611 (0.792)      Data 0.000 (0.159)      Loss 0.2804 (0.2295)    Prec@1 87.500 (91.692)  Prec@5 100.000 (98.780)
Epoch: [41][60/126], lr: 0.00001        Time 0.524 (0.718)      Data 0.000 (0.107)      Loss 0.2199 (0.2253)    Prec@1 93.750 (91.701)  Prec@5 100.000 (98.924)
Epoch: [41][80/126], lr: 0.00001        Time 0.694 (0.681)      Data 0.000 (0.081)      Loss 0.1943 (0.2239)    Prec@1 93.750 (91.705)  Prec@5 96.875 (98.920)
Epoch: [41][100/126], lr: 0.00001       Time 0.526 (0.657)      Data 0.000 (0.065)      Loss 0.1323 (0.2161)    Prec@1 93.750 (91.894)  Prec@5 100.000 (99.041)
Epoch: [41][120/126], lr: 0.00001       Time 0.527 (0.636)      Data 0.000 (0.054)      Loss 0.0763 (0.2196)    Prec@1 100.000 (91.839) Prec@5 100.000 (99.019)
Test: [0/51]    Time 9.853 (9.853)      Loss 0.0977 (0.0977)    Prec@1 93.750 (93.750)  Prec@5 100.000 (100.000)
Test: [20/51]   Time 0.385 (0.861)      Loss 0.8857 (0.7207)    Prec@1 81.250 (83.482)  Prec@5 100.000 (96.131)
Test: [40/51]   Time 0.181 (0.626)      Loss 0.0926 (0.9234)    Prec@1 93.750 (83.537)  Prec@5 100.000 (96.494)
Testing Results: Prec@1 83.727 Prec@5 96.832 Loss 0.85275
Best Prec@1: 87.578
Freezing BatchNorm2D except the first one.
Epoch: [42][0/126], lr: 0.00001 Time 8.817 (8.817)      Data 8.295 (8.295)      Loss 0.1807 (0.1807)    Prec@1 93.750 (93.750)  Prec@5 100.000 (100.000)
Epoch: [42][20/126], lr: 0.00001        Time 0.576 (0.999)      Data 0.000 (0.395)      Loss 0.2031 (0.1987)    Prec@1 90.625 (92.262)  Prec@5 100.000 (99.554)
Epoch: [42][40/126], lr: 0.00001        Time 0.548 (0.792)      Data 0.000 (0.203)      Loss 0.1436 (0.2344)    Prec@1 93.750 (91.159)  Prec@5 100.000 (98.780)
Epoch: [42][60/126], lr: 0.00001        Time 0.590 (0.718)      Data 0.000 (0.136)      Loss 0.1108 (0.2295)    Prec@1 96.875 (91.342)  Prec@5 100.000 (98.770)
Epoch: [42][80/126], lr: 0.00001        Time 0.628 (0.682)      Data 0.000 (0.103)      Loss 0.4040 (0.2390)    Prec@1 84.375 (91.088)  Prec@5 96.875 (98.650)
Epoch: [42][100/126], lr: 0.00001       Time 0.525 (0.661)      Data 0.000 (0.082)      Loss 0.0807 (0.2358)    Prec@1 96.875 (91.058)  Prec@5 100.000 (98.700)
Epoch: [42][120/126], lr: 0.00001       Time 0.526 (0.638)      Data 0.000 (0.069)      Loss 0.3240 (0.2364)    Prec@1 90.625 (90.935)  Prec@5 96.875 (98.709)
Freezing BatchNorm2D except the first one.
Epoch: [43][0/126], lr: 0.00001 Time 8.343 (8.343)      Data 7.871 (7.871)      Loss 0.1368 (0.1368)    Prec@1 93.750 (93.750)  Prec@5 100.000 (100.000)
Epoch: [43][20/126], lr: 0.00001        Time 0.629 (0.978)      Data 0.000 (0.375)      Loss 0.2517 (0.2669)    Prec@1 87.500 (89.732)  Prec@5 100.000 (98.363)
Epoch: [43][40/126], lr: 0.00001        Time 0.593 (0.786)      Data 0.000 (0.192)      Loss 0.1323 (0.2508)    Prec@1 96.875 (90.244)  Prec@5 100.000 (98.704)
Epoch: [43][60/126], lr: 0.00001        Time 0.558 (0.712)      Data 0.000 (0.129)      Loss 0.1106 (0.2459)    Prec@1 100.000 (90.727) Prec@5 100.000 (98.770)
Epoch: [43][80/126], lr: 0.00001        Time 0.540 (0.675)      Data 0.001 (0.097)      Loss 0.1515 (0.2309)    Prec@1 93.750 (91.319)  Prec@5 100.000 (98.765)
Epoch: [43][100/126], lr: 0.00001       Time 0.526 (0.651)      Data 0.000 (0.078)      Loss 0.1681 (0.2295)    Prec@1 93.750 (91.368)  Prec@5 100.000 (98.855)
Epoch: [43][120/126], lr: 0.00001       Time 0.525 (0.630)      Data 0.000 (0.065)      Loss 0.0972 (0.2228)    Prec@1 96.875 (91.451)  Prec@5 100.000 (98.941)
Test: [0/51]    Time 9.779 (9.779)      Loss 0.0954 (0.0954)    Prec@1 96.875 (96.875)  Prec@5 100.000 (100.000)
Test: [20/51]   Time 0.212 (0.844)      Loss 0.8304 (0.6888)    Prec@1 81.250 (83.482)  Prec@5 100.000 (96.726)
Test: [40/51]   Time 0.179 (0.606)      Loss 0.0910 (0.8726)    Prec@1 90.625 (83.841)  Prec@5 100.000 (97.180)
Testing Results: Prec@1 84.037 Prec@5 97.516 Loss 0.80361
Best Prec@1: 87.578
Freezing BatchNorm2D except the first one.
Epoch: [44][0/126], lr: 0.00001 Time 7.361 (7.361)      Data 6.764 (6.764)      Loss 0.3728 (0.3728)    Prec@1 87.500 (87.500)  Prec@5 93.750 (93.750)
Epoch: [44][20/126], lr: 0.00001        Time 0.555 (0.962)      Data 0.000 (0.354)      Loss 0.1599 (0.2446)    Prec@1 90.625 (89.881)  Prec@5 100.000 (98.214)
Epoch: [44][40/126], lr: 0.00001        Time 0.576 (0.795)      Data 0.000 (0.181)      Loss 0.0802 (0.2538)    Prec@1 96.875 (90.320)  Prec@5 100.000 (97.866)
Epoch: [44][60/126], lr: 0.00001        Time 0.563 (0.719)      Data 0.000 (0.122)      Loss 0.4394 (0.2558)    Prec@1 87.500 (90.215)  Prec@5 93.750 (98.105)
Epoch: [44][80/126], lr: 0.00001        Time 0.584 (0.683)      Data 0.000 (0.092)      Loss 0.0737 (0.2484)    Prec@1 100.000 (90.895) Prec@5 100.000 (98.148)
Epoch: [44][100/126], lr: 0.00001       Time 0.526 (0.656)      Data 0.000 (0.074)      Loss 0.1614 (0.2386)    Prec@1 93.750 (91.306)  Prec@5 100.000 (98.360)
Epoch: [44][120/126], lr: 0.00001       Time 0.527 (0.635)      Data 0.000 (0.062)      Loss 0.3408 (0.2404)    Prec@1 84.375 (91.116)  Prec@5 100.000 (98.425)
Freezing BatchNorm2D except the first one.
Epoch: [45][0/126], lr: 0.00001 Time 8.378 (8.378)      Data 7.732 (7.732)      Loss 0.2966 (0.2966)    Prec@1 93.750 (93.750)  Prec@5 96.875 (96.875)
Epoch: [45][20/126], lr: 0.00001        Time 0.518 (0.966)      Data 0.000 (0.369)      Loss 0.2087 (0.2415)    Prec@1 90.625 (90.179)  Prec@5 96.875 (98.512)
Epoch: [45][40/126], lr: 0.00001        Time 0.568 (0.801)      Data 0.000 (0.189)      Loss 0.1532 (0.2262)    Prec@1 93.750 (91.082)  Prec@5 100.000 (98.857)
Epoch: [45][60/126], lr: 0.00001        Time 0.589 (0.725)      Data 0.000 (0.127)      Loss 0.2513 (0.2427)    Prec@1 90.625 (90.625)  Prec@5 96.875 (98.617)
Epoch: [45][80/126], lr: 0.00001        Time 0.648 (0.687)      Data 0.000 (0.096)      Loss 0.3778 (0.2447)    Prec@1 84.375 (90.432)  Prec@5 100.000 (98.765)
Epoch: [45][100/126], lr: 0.00001       Time 0.525 (0.661)      Data 0.000 (0.077)      Loss 0.1436 (0.2480)    Prec@1 90.625 (90.285)  Prec@5 100.000 (98.515)
Epoch: [45][120/126], lr: 0.00001       Time 0.526 (0.639)      Data 0.000 (0.064)      Loss 0.1121 (0.2396)    Prec@1 93.750 (90.728)  Prec@5 100.000 (98.580)
Test: [0/51]    Time 8.882 (8.882)      Loss 0.0909 (0.0909)    Prec@1 93.750 (93.750)  Prec@5 100.000 (100.000)
Test: [20/51]   Time 0.193 (0.877)      Loss 0.8447 (0.6641)    Prec@1 81.250 (84.673)  Prec@5 100.000 (97.024)
Test: [40/51]   Time 0.181 (0.611)      Loss 0.0930 (0.8372)    Prec@1 93.750 (84.756)  Prec@5 100.000 (97.561)
Testing Results: Prec@1 84.969 Prec@5 97.826 Loss 0.77068
Best Prec@1: 87.578
Freezing BatchNorm2D except the first one.
Epoch: [46][0/126], lr: 0.00001 Time 7.876 (7.876)      Data 7.363 (7.363)      Loss 0.1877 (0.1877)    Prec@1 90.625 (90.625)  Prec@5 100.000 (100.000)
Epoch: [46][20/126], lr: 0.00001        Time 0.558 (0.968)      Data 0.000 (0.364)      Loss 0.2792 (0.2664)    Prec@1 84.375 (90.179)  Prec@5 96.875 (98.661)
Epoch: [46][40/126], lr: 0.00001        Time 0.633 (0.792)      Data 0.000 (0.186)      Loss 0.2621 (0.2492)    Prec@1 90.625 (91.082)  Prec@5 93.750 (98.628)
Epoch: [46][60/126], lr: 0.00001        Time 0.568 (0.717)      Data 0.000 (0.125)      Loss 0.1131 (0.2430)    Prec@1 96.875 (91.137)  Prec@5 100.000 (98.617)
Epoch: [46][80/126], lr: 0.00001        Time 0.565 (0.678)      Data 0.000 (0.094)      Loss 0.3973 (0.2473)    Prec@1 81.250 (90.895)  Prec@5 100.000 (98.650)
Epoch: [46][100/126], lr: 0.00001       Time 0.527 (0.658)      Data 0.000 (0.076)      Loss 0.2355 (0.2422)    Prec@1 87.500 (91.058)  Prec@5 100.000 (98.731)
Epoch: [46][120/126], lr: 0.00001       Time 0.526 (0.637)      Data 0.000 (0.063)      Loss 0.2694 (0.2465)    Prec@1 87.500 (90.935)  Prec@5 96.875 (98.735)
Freezing BatchNorm2D except the first one.
Epoch: [47][0/126], lr: 0.00001 Time 8.055 (8.055)      Data 7.346 (7.346)      Loss 0.1790 (0.1790)    Prec@1 93.750 (93.750)  Prec@5 100.000 (100.000)
Epoch: [47][20/126], lr: 0.00001        Time 0.721 (0.982)      Data 0.000 (0.350)      Loss 0.1448 (0.2545)    Prec@1 96.875 (90.625)  Prec@5 96.875 (98.065)
Epoch: [47][40/126], lr: 0.00001        Time 0.546 (0.797)      Data 0.000 (0.179)      Loss 0.1570 (0.2355)    Prec@1 93.750 (91.159)  Prec@5 100.000 (98.552)
Epoch: [47][60/126], lr: 0.00001        Time 0.577 (0.724)      Data 0.000 (0.121)      Loss 0.3958 (0.2350)    Prec@1 87.500 (90.932)  Prec@5 100.000 (98.719)
Epoch: [47][80/126], lr: 0.00001        Time 0.516 (0.685)      Data 0.000 (0.091)      Loss 0.2629 (0.2324)    Prec@1 87.500 (91.281)  Prec@5 100.000 (98.688)
Epoch: [47][100/126], lr: 0.00001       Time 0.527 (0.660)      Data 0.000 (0.073)      Loss 0.3593 (0.2376)    Prec@1 84.375 (91.089)  Prec@5 93.750 (98.515)
Epoch: [47][120/126], lr: 0.00001       Time 0.527 (0.638)      Data 0.000 (0.061)      Loss 0.1964 (0.2334)    Prec@1 96.875 (91.426)  Prec@5 96.875 (98.631)
Test: [0/51]    Time 7.750 (7.750)      Loss 0.0913 (0.0913)    Prec@1 96.875 (96.875)  Prec@5 100.000 (100.000)
Test: [20/51]   Time 0.413 (0.846)      Loss 0.7822 (0.6561)    Prec@1 81.250 (84.375)  Prec@5 100.000 (97.173)
Test: [40/51]   Time 0.182 (0.608)      Loss 0.0919 (0.8136)    Prec@1 90.625 (84.832)  Prec@5 100.000 (97.790)
Testing Results: Prec@1 85.217 Prec@5 98.012 Loss 0.74873
Best Prec@1: 87.578
Freezing BatchNorm2D except the first one.
Epoch: [48][0/126], lr: 0.00001 Time 8.713 (8.713)      Data 8.220 (8.220)      Loss 0.1649 (0.1649)    Prec@1 93.750 (93.750)  Prec@5 100.000 (100.000)
Epoch: [48][20/126], lr: 0.00001        Time 0.624 (1.008)      Data 0.000 (0.408)      Loss 0.1321 (0.2243)    Prec@1 96.875 (92.113)  Prec@5 100.000 (98.363)
Epoch: [48][40/126], lr: 0.00001        Time 0.549 (0.799)      Data 0.000 (0.209)      Loss 0.2580 (0.2313)    Prec@1 87.500 (91.463)  Prec@5 100.000 (98.704)
Epoch: [48][60/126], lr: 0.00001        Time 0.614 (0.727)      Data 0.000 (0.140)      Loss 0.2174 (0.2291)    Prec@1 93.750 (91.342)  Prec@5 96.875 (98.770)
Epoch: [48][80/126], lr: 0.00001        Time 0.542 (0.690)      Data 0.000 (0.106)      Loss 0.2633 (0.2175)    Prec@1 93.750 (91.898)  Prec@5 96.875 (98.843)
Epoch: [48][100/126], lr: 0.00001       Time 0.527 (0.667)      Data 0.000 (0.085)      Loss 0.1644 (0.2304)    Prec@1 93.750 (91.368)  Prec@5 100.000 (98.639)
Epoch: [48][120/126], lr: 0.00001       Time 0.526 (0.644)      Data 0.000 (0.071)      Loss 0.1808 (0.2291)    Prec@1 96.875 (91.451)  Prec@5 100.000 (98.683)
Freezing BatchNorm2D except the first one.
Epoch: [49][0/126], lr: 0.00001 Time 7.284 (7.284)      Data 6.799 (6.799)      Loss 0.1309 (0.1309)    Prec@1 90.625 (90.625)  Prec@5 100.000 (100.000)
Epoch: [49][20/126], lr: 0.00001        Time 0.701 (0.978)      Data 0.000 (0.373)      Loss 0.1093 (0.2154)    Prec@1 96.875 (91.667)  Prec@5 100.000 (98.810)
Epoch: [49][40/126], lr: 0.00001        Time 0.585 (0.794)      Data 0.000 (0.191)      Loss 0.0605 (0.1991)    Prec@1 100.000 (92.683) Prec@5 100.000 (99.085)
Epoch: [49][60/126], lr: 0.00001        Time 0.559 (0.720)      Data 0.000 (0.129)      Loss 0.3102 (0.2181)    Prec@1 84.375 (91.598)  Prec@5 96.875 (98.924)
Epoch: [49][80/126], lr: 0.00001        Time 0.637 (0.684)      Data 0.000 (0.097)      Loss 0.3044 (0.2243)    Prec@1 90.625 (91.551)  Prec@5 96.875 (98.843)
Epoch: [49][100/126], lr: 0.00001       Time 0.527 (0.657)      Data 0.000 (0.078)      Loss 0.2773 (0.2319)    Prec@1 90.625 (91.460)  Prec@5 100.000 (98.731)
Epoch: [49][120/126], lr: 0.00001       Time 0.527 (0.635)      Data 0.000 (0.065)      Loss 0.1132 (0.2301)    Prec@1 93.750 (91.271)  Prec@5 100.000 (98.864)
Test: [0/51]    Time 9.302 (9.302)      Loss 0.0926 (0.0926)    Prec@1 93.750 (93.750)  Prec@5 100.000 (100.000)
Test: [20/51]   Time 0.241 (0.855)      Loss 0.8399 (0.6581)    Prec@1 78.125 (84.226)  Prec@5 100.000 (97.173)
Test: [40/51]   Time 0.182 (0.613)      Loss 0.0916 (0.8116)    Prec@1 90.625 (84.680)  Prec@5 100.000 (97.942)
Testing Results: Prec@1 85.031 Prec@5 98.137 Loss 0.74878
Best Prec@1: 87.578
