ipn: 14 classes
storing name: TSM_ipn14_RGB_resnet50_shift8_blockres_avg_segment8_e40_lr5e-04_tuned_gp30
creating folder log/TSM_ipn14_RGB_resnet50_shift8_blockres_avg_segment8_e40_lr5e-04_tuned_gp30
creating folder checkpoint/TSM_ipn14_RGB_resnet50_shift8_blockres_avg_segment8_e40_lr5e-04_tuned_gp30

    Initializing TSN with base model: resnet50.
    TSN Configurations:
        input_modality:     RGB
        num_segments:       8
        new_length:         1
        consensus_module:   avg
        dropout_ratio:      0.5
        img_feature_dim:    256
            
=> base model: resnet50
Adding temporal shift...
=> n_segment per stage: [8, 8, 8, 8]
=> Processing stage with 3 blocks residual
=> Using fold div: 8
=> Using fold div: 8
=> Using fold div: 8
=> Processing stage with 4 blocks residual
=> Using fold div: 8
=> Using fold div: 8
=> Using fold div: 8
=> Using fold div: 8
=> Processing stage with 6 blocks residual
=> Using fold div: 8
=> Using fold div: 8
=> Using fold div: 8
=> Using fold div: 8
=> Using fold div: 8
=> Using fold div: 8
=> Processing stage with 3 blocks residual
=> Using fold div: 8
=> Using fold div: 8
=> Using fold div: 8
#################### NO FLIP!!!
=> fine-tuning from 'checkpoint/TSM_jester_RGB_resnet50_shift8_blockres_avg_segment8_e50/ckpt.best.pth.tar'
#### Notice: keys that failed to load: set()
=> New dataset, do not load fc weights
video clips:4039
video clips:1610
group: first_conv_weight has 1 params, lr_mult: 1, decay_mult: 1
group: first_conv_bias has 0 params, lr_mult: 2, decay_mult: 0
group: normal_weight has 52 params, lr_mult: 1, decay_mult: 1
group: normal_bias has 0 params, lr_mult: 2, decay_mult: 0
group: BN scale/shift has 2 params, lr_mult: 1, decay_mult: 0
group: custom_ops has 0 params, lr_mult: 1, decay_mult: 1
group: lr5_weight has 1 params, lr_mult: 5, decay_mult: 1
group: lr10_bias has 1 params, lr_mult: 10, decay_mult: 0
Freezing BatchNorm2D except the first one.
Epoch: [0][0/126], lr: 0.00050	Time 21.621 (21.621)	Data 13.641 (13.641)	Loss 2.6447 (2.6447)	Prec@1 3.125 (3.125)	Prec@5 25.000 (25.000)
Epoch: [0][20/126], lr: 0.00050	Time 0.519 (1.523)	Data 0.000 (0.650)	Loss 1.6839 (2.1633)	Prec@1 53.125 (35.119)	Prec@5 68.750 (68.452)
Epoch: [0][40/126], lr: 0.00050	Time 0.517 (1.034)	Data 0.000 (0.333)	Loss 1.0566 (1.7505)	Prec@1 62.500 (46.494)	Prec@5 100.000 (75.838)
Epoch: [0][60/126], lr: 0.00050	Time 0.521 (0.922)	Data 0.000 (0.293)	Loss 1.3917 (1.5350)	Prec@1 59.375 (53.330)	Prec@5 90.625 (81.660)
Epoch: [0][80/126], lr: 0.00050	Time 0.704 (0.861)	Data 0.464 (0.272)	Loss 0.6385 (1.3722)	Prec@1 81.250 (58.218)	Prec@5 96.875 (85.147)
Epoch: [0][100/126], lr: 0.00050	Time 0.518 (0.849)	Data 0.000 (0.284)	Loss 0.5979 (1.2230)	Prec@1 81.250 (62.809)	Prec@5 93.750 (87.624)
Epoch: [0][120/126], lr: 0.00050	Time 0.511 (0.806)	Data 0.000 (0.252)	Loss 0.7634 (1.1261)	Prec@1 71.875 (65.522)	Prec@5 93.750 (89.334)
Freezing BatchNorm2D except the first one.
Epoch: [1][0/126], lr: 0.00050	Time 9.735 (9.735)	Data 9.462 (9.462)	Loss 0.6803 (0.6803)	Prec@1 78.125 (78.125)	Prec@5 93.750 (93.750)
Epoch: [1][20/126], lr: 0.00050	Time 0.523 (0.968)	Data 0.000 (0.451)	Loss 0.5022 (0.4747)	Prec@1 84.375 (84.226)	Prec@5 100.000 (98.512)
Epoch: [1][40/126], lr: 0.00050	Time 0.524 (0.753)	Data 0.000 (0.231)	Loss 0.4855 (0.4827)	Prec@1 81.250 (83.765)	Prec@5 100.000 (98.247)
Epoch: [1][60/126], lr: 0.00050	Time 0.536 (0.681)	Data 0.000 (0.155)	Loss 0.5731 (0.4999)	Prec@1 87.500 (83.197)	Prec@5 100.000 (98.105)
Epoch: [1][80/126], lr: 0.00050	Time 0.511 (0.645)	Data 0.000 (0.117)	Loss 0.3992 (0.4892)	Prec@1 87.500 (83.410)	Prec@5 96.875 (98.032)
Epoch: [1][100/126], lr: 0.00050	Time 0.520 (0.625)	Data 0.000 (0.101)	Loss 0.5932 (0.4885)	Prec@1 75.000 (83.416)	Prec@5 100.000 (98.082)
Epoch: [1][120/126], lr: 0.00050	Time 0.513 (0.607)	Data 0.000 (0.084)	Loss 0.4656 (0.4803)	Prec@1 90.625 (83.652)	Prec@5 100.000 (98.115)
Test: [0/51]	Time 10.765 (10.765)	Loss 0.2165 (0.2165)	Prec@1 90.625 (90.625)	Prec@5 100.000 (100.000)
Test: [20/51]	Time 0.684 (1.180)	Loss 0.2782 (0.3691)	Prec@1 87.500 (88.244)	Prec@5 100.000 (98.661)
Test: [40/51]	Time 0.170 (0.891)	Loss 0.1893 (0.3222)	Prec@1 93.750 (89.558)	Prec@5 100.000 (99.162)
Testing Results: Prec@1 89.814 Prec@5 99.255 Loss 0.32127
Best Prec@1: 89.814

Freezing BatchNorm2D except the first one.
Epoch: [2][0/126], lr: 0.00050	Time 8.100 (8.100)	Data 7.818 (7.818)	Loss 0.8027 (0.8027)	Prec@1 65.625 (65.625)	Prec@5 93.750 (93.750)
Epoch: [2][20/126], lr: 0.00050	Time 0.532 (0.890)	Data 0.000 (0.372)	Loss 0.4408 (0.4303)	Prec@1 81.250 (85.417)	Prec@5 100.000 (98.512)
Epoch: [2][40/126], lr: 0.00050	Time 0.535 (0.716)	Data 0.000 (0.191)	Loss 0.2690 (0.4049)	Prec@1 90.625 (86.357)	Prec@5 100.000 (98.552)
Epoch: [2][60/126], lr: 0.00050	Time 0.521 (0.656)	Data 0.000 (0.128)	Loss 0.2813 (0.3929)	Prec@1 90.625 (86.680)	Prec@5 96.875 (98.463)
Epoch: [2][80/126], lr: 0.00050	Time 0.548 (0.624)	Data 0.000 (0.097)	Loss 0.3134 (0.3877)	Prec@1 87.500 (86.806)	Prec@5 100.000 (98.457)
Epoch: [2][100/126], lr: 0.00050	Time 0.527 (0.606)	Data 0.000 (0.078)	Loss 0.7073 (0.3873)	Prec@1 81.250 (87.098)	Prec@5 90.625 (98.484)
Epoch: [2][120/126], lr: 0.00050	Time 0.513 (0.591)	Data 0.000 (0.065)	Loss 0.3042 (0.3783)	Prec@1 87.500 (87.268)	Prec@5 100.000 (98.476)
Freezing BatchNorm2D except the first one.
Epoch: [3][0/126], lr: 0.00050	Time 7.253 (7.253)	Data 6.937 (6.937)	Loss 0.3297 (0.3297)	Prec@1 81.250 (81.250)	Prec@5 100.000 (100.000)
Epoch: [3][20/126], lr: 0.00050	Time 0.792 (0.876)	Data 0.000 (0.331)	Loss 0.3529 (0.4206)	Prec@1 90.625 (86.161)	Prec@5 96.875 (98.363)
Epoch: [3][40/126], lr: 0.00050	Time 0.410 (0.704)	Data 0.000 (0.170)	Loss 0.1858 (0.4145)	Prec@1 87.500 (85.595)	Prec@5 100.000 (98.552)
Epoch: [3][60/126], lr: 0.00050	Time 0.526 (0.647)	Data 0.000 (0.114)	Loss 0.3447 (0.3863)	Prec@1 87.500 (86.527)	Prec@5 100.000 (98.617)
Epoch: [3][80/126], lr: 0.00050	Time 0.544 (0.618)	Data 0.000 (0.086)	Loss 0.1403 (0.3702)	Prec@1 96.875 (87.114)	Prec@5 100.000 (98.688)
Epoch: [3][100/126], lr: 0.00050	Time 0.515 (0.599)	Data 0.000 (0.069)	Loss 0.2588 (0.3661)	Prec@1 90.625 (87.376)	Prec@5 100.000 (98.670)
Epoch: [3][120/126], lr: 0.00050	Time 0.513 (0.585)	Data 0.000 (0.058)	Loss 0.2868 (0.3568)	Prec@1 87.500 (87.732)	Prec@5 100.000 (98.760)
Test: [0/51]	Time 4.205 (4.205)	Loss 0.1049 (0.1049)	Prec@1 93.750 (93.750)	Prec@5 100.000 (100.000)
Test: [20/51]	Time 0.200 (0.537)	Loss 0.1614 (0.2405)	Prec@1 96.875 (94.792)	Prec@5 100.000 (98.958)
Test: [40/51]	Time 0.170 (0.379)	Loss 0.1086 (0.2287)	Prec@1 96.875 (93.826)	Prec@5 100.000 (99.238)
Testing Results: Prec@1 94.410 Prec@5 99.317 Loss 0.21452
Best Prec@1: 94.410

Freezing BatchNorm2D except the first one.
Epoch: [4][0/126], lr: 0.00050	Time 5.836 (5.836)	Data 5.586 (5.586)	Loss 0.4543 (0.4543)	Prec@1 84.375 (84.375)	Prec@5 96.875 (96.875)
Epoch: [4][20/126], lr: 0.00050	Time 0.530 (0.838)	Data 0.000 (0.315)	Loss 0.5273 (0.3410)	Prec@1 84.375 (89.137)	Prec@5 93.750 (97.917)
Epoch: [4][40/126], lr: 0.00050	Time 0.530 (0.693)	Data 0.000 (0.162)	Loss 0.1063 (0.3488)	Prec@1 96.875 (89.329)	Prec@5 100.000 (97.790)
Epoch: [4][60/126], lr: 0.00050	Time 0.560 (0.642)	Data 0.000 (0.109)	Loss 0.4813 (0.3340)	Prec@1 90.625 (89.498)	Prec@5 96.875 (98.002)
Epoch: [4][80/126], lr: 0.00050	Time 0.522 (0.613)	Data 0.000 (0.082)	Loss 0.3926 (0.3289)	Prec@1 87.500 (89.468)	Prec@5 93.750 (98.110)
Epoch: [4][100/126], lr: 0.00050	Time 0.539 (0.596)	Data 0.000 (0.066)	Loss 0.2682 (0.3206)	Prec@1 90.625 (89.604)	Prec@5 100.000 (98.298)
Epoch: [4][120/126], lr: 0.00050	Time 0.521 (0.583)	Data 0.000 (0.055)	Loss 0.3354 (0.3196)	Prec@1 87.500 (89.618)	Prec@5 96.875 (98.295)
Freezing BatchNorm2D except the first one.
Epoch: [5][0/126], lr: 0.00050	Time 6.577 (6.577)	Data 6.118 (6.118)	Loss 0.1277 (0.1277)	Prec@1 96.875 (96.875)	Prec@5 100.000 (100.000)
Epoch: [5][20/126], lr: 0.00050	Time 0.530 (0.835)	Data 0.000 (0.292)	Loss 0.1416 (0.2595)	Prec@1 93.750 (91.964)	Prec@5 100.000 (98.810)
Epoch: [5][40/126], lr: 0.00050	Time 0.523 (0.689)	Data 0.000 (0.149)	Loss 0.1206 (0.2586)	Prec@1 96.875 (91.692)	Prec@5 100.000 (99.009)
Epoch: [5][60/126], lr: 0.00050	Time 0.530 (0.637)	Data 0.000 (0.100)	Loss 0.1809 (0.2673)	Prec@1 96.875 (91.189)	Prec@5 100.000 (98.873)
Epoch: [5][80/126], lr: 0.00050	Time 0.544 (0.610)	Data 0.000 (0.076)	Loss 0.6177 (0.2707)	Prec@1 75.000 (90.856)	Prec@5 100.000 (98.920)
Epoch: [5][100/126], lr: 0.00050	Time 0.520 (0.594)	Data 0.000 (0.061)	Loss 0.2654 (0.2739)	Prec@1 87.500 (90.718)	Prec@5 100.000 (98.855)
Epoch: [5][120/126], lr: 0.00050	Time 0.514 (0.581)	Data 0.000 (0.051)	Loss 0.2950 (0.2906)	Prec@1 90.625 (90.212)	Prec@5 100.000 (98.786)
Test: [0/51]	Time 5.171 (5.171)	Loss 0.1402 (0.1402)	Prec@1 93.750 (93.750)	Prec@5 100.000 (100.000)
Test: [20/51]	Time 0.243 (0.523)	Loss 0.2340 (0.2969)	Prec@1 93.750 (92.262)	Prec@5 100.000 (98.810)
Test: [40/51]	Time 0.170 (0.373)	Loss 0.1671 (0.2597)	Prec@1 93.750 (92.149)	Prec@5 100.000 (99.314)
Testing Results: Prec@1 92.609 Prec@5 99.379 Loss 0.25400
Best Prec@1: 94.410

Freezing BatchNorm2D except the first one.
Epoch: [6][0/126], lr: 0.00050	Time 6.789 (6.789)	Data 6.486 (6.486)	Loss 0.5189 (0.5189)	Prec@1 81.250 (81.250)	Prec@5 100.000 (100.000)
Epoch: [6][20/126], lr: 0.00050	Time 0.533 (0.839)	Data 0.000 (0.313)	Loss 0.1344 (0.3039)	Prec@1 96.875 (89.881)	Prec@5 100.000 (97.917)
Epoch: [6][40/126], lr: 0.00050	Time 0.546 (0.699)	Data 0.000 (0.160)	Loss 0.1327 (0.2628)	Prec@1 96.875 (91.387)	Prec@5 100.000 (98.628)
Epoch: [6][60/126], lr: 0.00050	Time 0.536 (0.644)	Data 0.000 (0.108)	Loss 0.3087 (0.2804)	Prec@1 90.625 (90.420)	Prec@5 96.875 (98.668)
Epoch: [6][80/126], lr: 0.00050	Time 0.521 (0.617)	Data 0.000 (0.081)	Loss 0.3703 (0.2900)	Prec@1 87.500 (90.162)	Prec@5 100.000 (98.495)
Epoch: [6][100/126], lr: 0.00050	Time 0.522 (0.600)	Data 0.000 (0.065)	Loss 0.3316 (0.2916)	Prec@1 84.375 (90.130)	Prec@5 96.875 (98.608)
Epoch: [6][120/126], lr: 0.00050	Time 0.521 (0.586)	Data 0.000 (0.054)	Loss 0.1230 (0.2956)	Prec@1 96.875 (89.928)	Prec@5 100.000 (98.502)
Freezing BatchNorm2D except the first one.
Epoch: [7][0/126], lr: 0.00050	Time 7.057 (7.057)	Data 6.791 (6.791)	Loss 0.0780 (0.0780)	Prec@1 100.000 (100.000)	Prec@5 100.000 (100.000)
Epoch: [7][20/126], lr: 0.00050	Time 0.574 (0.856)	Data 0.000 (0.324)	Loss 0.3746 (0.2664)	Prec@1 87.500 (91.518)	Prec@5 100.000 (98.661)
Epoch: [7][40/126], lr: 0.00050	Time 0.526 (0.702)	Data 0.000 (0.166)	Loss 0.3161 (0.2463)	Prec@1 87.500 (92.073)	Prec@5 100.000 (98.933)
Epoch: [7][60/126], lr: 0.00050	Time 0.554 (0.647)	Data 0.000 (0.111)	Loss 0.1927 (0.2695)	Prec@1 96.875 (91.137)	Prec@5 100.000 (98.924)
Epoch: [7][80/126], lr: 0.00050	Time 0.525 (0.618)	Data 0.000 (0.084)	Loss 0.1787 (0.2761)	Prec@1 96.875 (90.934)	Prec@5 100.000 (98.727)
Epoch: [7][100/126], lr: 0.00050	Time 0.536 (0.601)	Data 0.000 (0.067)	Loss 0.0879 (0.2730)	Prec@1 100.000 (90.965)	Prec@5 100.000 (98.731)
Epoch: [7][120/126], lr: 0.00050	Time 0.514 (0.587)	Data 0.000 (0.056)	Loss 0.3003 (0.2764)	Prec@1 90.625 (90.728)	Prec@5 100.000 (98.709)
Test: [0/51]	Time 5.707 (5.707)	Loss 0.0217 (0.0217)	Prec@1 100.000 (100.000)	Prec@5 100.000 (100.000)
Test: [20/51]	Time 0.216 (0.539)	Loss 0.0514 (0.2428)	Prec@1 100.000 (92.857)	Prec@5 100.000 (98.810)
Test: [40/51]	Time 0.170 (0.380)	Loss 0.1107 (0.2229)	Prec@1 93.750 (93.064)	Prec@5 100.000 (99.390)
Testing Results: Prec@1 93.168 Prec@5 99.503 Loss 0.22928
Best Prec@1: 94.410

Freezing BatchNorm2D except the first one.
Epoch: [8][0/126], lr: 0.00050	Time 6.175 (6.175)	Data 5.821 (5.821)	Loss 0.2795 (0.2795)	Prec@1 87.500 (87.500)	Prec@5 96.875 (96.875)
Epoch: [8][20/126], lr: 0.00050	Time 0.532 (0.825)	Data 0.000 (0.277)	Loss 0.2988 (0.2818)	Prec@1 90.625 (90.774)	Prec@5 96.875 (98.661)
Epoch: [8][40/126], lr: 0.00050	Time 0.529 (0.682)	Data 0.000 (0.142)	Loss 0.2073 (0.2696)	Prec@1 96.875 (91.235)	Prec@5 100.000 (98.704)
Epoch: [8][60/126], lr: 0.00050	Time 0.550 (0.632)	Data 0.000 (0.096)	Loss 0.1875 (0.2693)	Prec@1 96.875 (90.984)	Prec@5 100.000 (98.924)
Epoch: [8][80/126], lr: 0.00050	Time 0.524 (0.607)	Data 0.000 (0.072)	Loss 0.3887 (0.2530)	Prec@1 84.375 (91.512)	Prec@5 100.000 (99.074)
Epoch: [8][100/126], lr: 0.00050	Time 0.517 (0.591)	Data 0.000 (0.058)	Loss 0.2534 (0.2486)	Prec@1 93.750 (91.460)	Prec@5 100.000 (99.196)
Epoch: [8][120/126], lr: 0.00050	Time 0.516 (0.579)	Data 0.000 (0.048)	Loss 0.3607 (0.2530)	Prec@1 87.500 (91.529)	Prec@5 96.875 (99.019)
Freezing BatchNorm2D except the first one.
Epoch: [9][0/126], lr: 0.00050	Time 6.202 (6.202)	Data 5.679 (5.679)	Loss 0.2803 (0.2803)	Prec@1 84.375 (84.375)	Prec@5 96.875 (96.875)
Epoch: [9][20/126], lr: 0.00050	Time 0.527 (0.833)	Data 0.000 (0.271)	Loss 0.4117 (0.2623)	Prec@1 84.375 (91.964)	Prec@5 96.875 (98.661)
Epoch: [9][40/126], lr: 0.00050	Time 0.525 (0.686)	Data 0.000 (0.139)	Loss 0.2821 (0.2522)	Prec@1 90.625 (91.845)	Prec@5 96.875 (98.780)
Epoch: [9][60/126], lr: 0.00050	Time 0.523 (0.635)	Data 0.000 (0.093)	Loss 0.2291 (0.2503)	Prec@1 90.625 (91.650)	Prec@5 100.000 (98.924)
Epoch: [9][80/126], lr: 0.00050	Time 0.523 (0.608)	Data 0.000 (0.070)	Loss 0.5773 (0.2435)	Prec@1 78.125 (91.821)	Prec@5 100.000 (98.920)
Epoch: [9][100/126], lr: 0.00050	Time 0.513 (0.593)	Data 0.000 (0.056)	Loss 0.3865 (0.2410)	Prec@1 87.500 (91.801)	Prec@5 96.875 (99.010)
Epoch: [9][120/126], lr: 0.00050	Time 0.516 (0.580)	Data 0.000 (0.047)	Loss 0.3360 (0.2560)	Prec@1 87.500 (91.193)	Prec@5 100.000 (98.915)
Test: [0/51]	Time 5.705 (5.705)	Loss 0.1085 (0.1085)	Prec@1 90.625 (90.625)	Prec@5 100.000 (100.000)
Test: [20/51]	Time 0.271 (0.533)	Loss 0.1159 (0.2185)	Prec@1 96.875 (95.387)	Prec@5 100.000 (98.958)
Test: [40/51]	Time 0.170 (0.376)	Loss 0.1189 (0.2061)	Prec@1 93.750 (94.512)	Prec@5 100.000 (99.466)
Testing Results: Prec@1 93.602 Prec@5 99.565 Loss 0.22879
Best Prec@1: 94.410

Freezing BatchNorm2D except the first one.
Epoch: [10][0/126], lr: 0.00050	Time 6.075 (6.075)	Data 5.740 (5.740)	Loss 0.3073 (0.3073)	Prec@1 96.875 (96.875)	Prec@5 100.000 (100.000)
Epoch: [10][20/126], lr: 0.00050	Time 0.523 (0.829)	Data 0.000 (0.274)	Loss 0.2402 (0.1843)	Prec@1 90.625 (94.048)	Prec@5 100.000 (99.702)
Epoch: [10][40/126], lr: 0.00050	Time 0.527 (0.684)	Data 0.000 (0.140)	Loss 0.0701 (0.2064)	Prec@1 96.875 (93.064)	Prec@5 100.000 (99.162)
Epoch: [10][60/126], lr: 0.00050	Time 0.538 (0.633)	Data 0.000 (0.094)	Loss 0.1027 (0.2154)	Prec@1 96.875 (92.520)	Prec@5 100.000 (99.232)
Epoch: [10][80/126], lr: 0.00050	Time 0.516 (0.607)	Data 0.000 (0.071)	Loss 0.3418 (0.2270)	Prec@1 87.500 (92.130)	Prec@5 100.000 (99.113)
Epoch: [10][100/126], lr: 0.00050	Time 0.516 (0.593)	Data 0.000 (0.057)	Loss 0.2615 (0.2309)	Prec@1 90.625 (92.265)	Prec@5 100.000 (99.165)
Epoch: [10][120/126], lr: 0.00050	Time 0.517 (0.580)	Data 0.000 (0.048)	Loss 0.3526 (0.2410)	Prec@1 87.500 (91.865)	Prec@5 93.750 (99.044)
Freezing BatchNorm2D except the first one.
Epoch: [11][0/126], lr: 0.00050	Time 7.438 (7.438)	Data 7.114 (7.114)	Loss 0.4632 (0.4632)	Prec@1 87.500 (87.500)	Prec@5 90.625 (90.625)
Epoch: [11][20/126], lr: 0.00050	Time 0.610 (0.889)	Data 0.000 (0.339)	Loss 0.4618 (0.2644)	Prec@1 84.375 (91.071)	Prec@5 100.000 (98.363)
Epoch: [11][40/126], lr: 0.00050	Time 0.529 (0.722)	Data 0.000 (0.174)	Loss 0.2336 (0.2510)	Prec@1 93.750 (91.159)	Prec@5 100.000 (98.552)
Epoch: [11][60/126], lr: 0.00050	Time 0.535 (0.662)	Data 0.000 (0.117)	Loss 0.3730 (0.2527)	Prec@1 81.250 (91.137)	Prec@5 100.000 (98.566)
Epoch: [11][80/126], lr: 0.00050	Time 0.523 (0.629)	Data 0.000 (0.088)	Loss 0.0669 (0.2382)	Prec@1 96.875 (91.628)	Prec@5 100.000 (98.727)
Epoch: [11][100/126], lr: 0.00050	Time 0.538 (0.609)	Data 0.000 (0.071)	Loss 0.2017 (0.2368)	Prec@1 93.750 (91.584)	Prec@5 100.000 (98.855)
Epoch: [11][120/126], lr: 0.00050	Time 0.514 (0.594)	Data 0.000 (0.059)	Loss 0.3861 (0.2419)	Prec@1 84.375 (91.555)	Prec@5 93.750 (98.812)
Test: [0/51]	Time 5.720 (5.720)	Loss 0.2872 (0.2872)	Prec@1 90.625 (90.625)	Prec@5 100.000 (100.000)
Test: [20/51]	Time 0.201 (0.547)	Loss 0.1162 (0.2924)	Prec@1 90.625 (91.815)	Prec@5 100.000 (98.958)
Test: [40/51]	Time 0.172 (0.393)	Loss 0.1159 (0.2845)	Prec@1 93.750 (90.701)	Prec@5 100.000 (99.314)
Testing Results: Prec@1 90.248 Prec@5 99.379 Loss 0.30961
Best Prec@1: 94.410

Freezing BatchNorm2D except the first one.
Epoch: [12][0/126], lr: 0.00050	Time 7.403 (7.403)	Data 7.072 (7.072)	Loss 0.1928 (0.1928)	Prec@1 93.750 (93.750)	Prec@5 100.000 (100.000)
Epoch: [12][20/126], lr: 0.00050	Time 0.539 (0.872)	Data 0.000 (0.337)	Loss 0.3260 (0.1951)	Prec@1 87.500 (93.155)	Prec@5 96.875 (99.554)
Epoch: [12][40/126], lr: 0.00050	Time 0.472 (0.716)	Data 0.000 (0.173)	Loss 0.2780 (0.2190)	Prec@1 90.625 (92.607)	Prec@5 100.000 (99.238)
Epoch: [12][60/126], lr: 0.00050	Time 0.567 (0.656)	Data 0.000 (0.116)	Loss 0.0374 (0.2190)	Prec@1 100.000 (92.520)	Prec@5 100.000 (99.180)
Epoch: [12][80/126], lr: 0.00050	Time 0.468 (0.626)	Data 0.000 (0.087)	Loss 0.2309 (0.2166)	Prec@1 90.625 (92.515)	Prec@5 96.875 (99.113)
Epoch: [12][100/126], lr: 0.00050	Time 0.519 (0.607)	Data 0.000 (0.070)	Loss 0.1919 (0.2149)	Prec@1 93.750 (92.358)	Prec@5 100.000 (99.165)
Epoch: [12][120/126], lr: 0.00050	Time 0.515 (0.592)	Data 0.000 (0.059)	Loss 0.3208 (0.2199)	Prec@1 90.625 (92.304)	Prec@5 96.875 (99.044)
Freezing BatchNorm2D except the first one.
Epoch: [13][0/126], lr: 0.00050	Time 8.938 (8.938)	Data 8.677 (8.677)	Loss 0.0411 (0.0411)	Prec@1 100.000 (100.000)	Prec@5 100.000 (100.000)
Epoch: [13][20/126], lr: 0.00050	Time 0.553 (0.948)	Data 0.000 (0.428)	Loss 0.1092 (0.1753)	Prec@1 93.750 (94.048)	Prec@5 100.000 (99.554)
Epoch: [13][40/126], lr: 0.00050	Time 0.591 (0.750)	Data 0.000 (0.220)	Loss 0.3622 (0.2181)	Prec@1 87.500 (92.683)	Prec@5 96.875 (99.085)
Epoch: [13][60/126], lr: 0.00050	Time 0.522 (0.681)	Data 0.000 (0.148)	Loss 0.1071 (0.2301)	Prec@1 96.875 (92.213)	Prec@5 100.000 (99.180)
Epoch: [13][80/126], lr: 0.00050	Time 0.525 (0.646)	Data 0.000 (0.111)	Loss 0.1660 (0.2346)	Prec@1 93.750 (91.821)	Prec@5 96.875 (99.113)
Epoch: [13][100/126], lr: 0.00050	Time 0.533 (0.624)	Data 0.000 (0.089)	Loss 0.0319 (0.2390)	Prec@1 100.000 (91.739)	Prec@5 100.000 (98.948)
Epoch: [13][120/126], lr: 0.00050	Time 0.515 (0.606)	Data 0.000 (0.074)	Loss 0.1845 (0.2374)	Prec@1 93.750 (91.813)	Prec@5 100.000 (98.993)
Test: [0/51]	Time 5.990 (5.990)	Loss 0.0848 (0.0848)	Prec@1 96.875 (96.875)	Prec@5 100.000 (100.000)
Test: [20/51]	Time 0.221 (0.561)	Loss 0.0607 (0.2006)	Prec@1 100.000 (96.131)	Prec@5 100.000 (99.256)
Test: [40/51]	Time 0.173 (0.407)	Loss 0.0958 (0.1711)	Prec@1 96.875 (95.579)	Prec@5 100.000 (99.619)
Testing Results: Prec@1 95.714 Prec@5 99.689 Loss 0.16463
Best Prec@1: 95.714

Freezing BatchNorm2D except the first one.
Epoch: [14][0/126], lr: 0.00050	Time 7.759 (7.759)	Data 7.409 (7.409)	Loss 0.4344 (0.4344)	Prec@1 84.375 (84.375)	Prec@5 96.875 (96.875)
Epoch: [14][20/126], lr: 0.00050	Time 0.562 (0.885)	Data 0.000 (0.353)	Loss 0.0787 (0.1850)	Prec@1 96.875 (93.304)	Prec@5 100.000 (99.107)
Epoch: [14][40/126], lr: 0.00050	Time 0.531 (0.726)	Data 0.000 (0.181)	Loss 0.3291 (0.1921)	Prec@1 90.625 (93.598)	Prec@5 96.875 (99.162)
Epoch: [14][60/126], lr: 0.00050	Time 0.522 (0.661)	Data 0.000 (0.122)	Loss 0.1826 (0.2175)	Prec@1 93.750 (92.777)	Prec@5 100.000 (99.027)
Epoch: [14][80/126], lr: 0.00050	Time 0.544 (0.629)	Data 0.000 (0.092)	Loss 0.2059 (0.2210)	Prec@1 90.625 (92.477)	Prec@5 100.000 (99.074)
Epoch: [14][100/126], lr: 0.00050	Time 0.515 (0.608)	Data 0.000 (0.074)	Loss 0.1054 (0.2196)	Prec@1 96.875 (92.481)	Prec@5 100.000 (99.041)
Epoch: [14][120/126], lr: 0.00050	Time 0.515 (0.593)	Data 0.000 (0.061)	Loss 0.3863 (0.2121)	Prec@1 84.375 (92.665)	Prec@5 93.750 (99.070)
Freezing BatchNorm2D except the first one.
Epoch: [15][0/126], lr: 0.00005	Time 6.874 (6.874)	Data 6.576 (6.576)	Loss 0.0541 (0.0541)	Prec@1 100.000 (100.000)	Prec@5 100.000 (100.000)
Epoch: [15][20/126], lr: 0.00005	Time 0.552 (0.863)	Data 0.000 (0.313)	Loss 0.1126 (0.1745)	Prec@1 96.875 (93.304)	Prec@5 100.000 (99.405)
Epoch: [15][40/126], lr: 0.00005	Time 0.514 (0.703)	Data 0.000 (0.161)	Loss 0.1571 (0.1875)	Prec@1 93.750 (92.988)	Prec@5 100.000 (99.314)
Epoch: [15][60/126], lr: 0.00005	Time 0.525 (0.647)	Data 0.000 (0.108)	Loss 0.0654 (0.1740)	Prec@1 96.875 (93.596)	Prec@5 100.000 (99.232)
Epoch: [15][80/126], lr: 0.00005	Time 0.554 (0.619)	Data 0.000 (0.081)	Loss 0.1484 (0.1873)	Prec@1 93.750 (93.248)	Prec@5 100.000 (99.113)
Epoch: [15][100/126], lr: 0.00005	Time 0.515 (0.601)	Data 0.000 (0.065)	Loss 0.0341 (0.1792)	Prec@1 100.000 (93.688)	Prec@5 100.000 (99.134)
Epoch: [15][120/126], lr: 0.00005	Time 0.517 (0.587)	Data 0.000 (0.054)	Loss 0.1271 (0.1858)	Prec@1 93.750 (93.492)	Prec@5 100.000 (99.148)
Test: [0/51]	Time 6.062 (6.062)	Loss 0.1927 (0.1927)	Prec@1 96.875 (96.875)	Prec@5 100.000 (100.000)
Test: [20/51]	Time 0.194 (0.535)	Loss 0.0982 (0.2989)	Prec@1 96.875 (93.899)	Prec@5 100.000 (98.661)
Test: [40/51]	Time 0.170 (0.379)	Loss 0.0848 (0.3147)	Prec@1 93.750 (91.997)	Prec@5 100.000 (99.085)
Testing Results: Prec@1 91.863 Prec@5 99.255 Loss 0.31622
Best Prec@1: 95.714

Freezing BatchNorm2D except the first one.
Epoch: [16][0/126], lr: 0.00005	Time 5.750 (5.750)	Data 5.353 (5.353)	Loss 0.2063 (0.2063)	Prec@1 93.750 (93.750)	Prec@5 96.875 (96.875)
Epoch: [16][20/126], lr: 0.00005	Time 0.580 (0.830)	Data 0.000 (0.282)	Loss 0.2309 (0.1991)	Prec@1 90.625 (93.155)	Prec@5 100.000 (98.810)
Epoch: [16][40/126], lr: 0.00005	Time 0.524 (0.687)	Data 0.000 (0.145)	Loss 0.2807 (0.2080)	Prec@1 93.750 (92.835)	Prec@5 100.000 (98.857)
Epoch: [16][60/126], lr: 0.00005	Time 0.508 (0.636)	Data 0.000 (0.097)	Loss 0.3799 (0.2080)	Prec@1 87.500 (92.674)	Prec@5 96.875 (99.078)
Epoch: [16][80/126], lr: 0.00005	Time 0.524 (0.610)	Data 0.000 (0.073)	Loss 0.3177 (0.1962)	Prec@1 84.375 (93.056)	Prec@5 96.875 (99.113)
Epoch: [16][100/126], lr: 0.00005	Time 0.515 (0.593)	Data 0.000 (0.059)	Loss 0.2523 (0.1849)	Prec@1 90.625 (93.472)	Prec@5 100.000 (99.165)
Epoch: [16][120/126], lr: 0.00005	Time 0.515 (0.580)	Data 0.000 (0.049)	Loss 0.3417 (0.1821)	Prec@1 93.750 (93.518)	Prec@5 93.750 (99.174)
Freezing BatchNorm2D except the first one.
Epoch: [17][0/126], lr: 0.00005	Time 5.374 (5.374)	Data 4.945 (4.945)	Loss 0.2994 (0.2994)	Prec@1 90.625 (90.625)	Prec@5 100.000 (100.000)
Epoch: [17][20/126], lr: 0.00005	Time 0.517 (0.796)	Data 0.000 (0.236)	Loss 0.2206 (0.1558)	Prec@1 93.750 (95.089)	Prec@5 96.875 (99.107)
Epoch: [17][40/126], lr: 0.00005	Time 0.521 (0.668)	Data 0.000 (0.121)	Loss 0.4309 (0.1690)	Prec@1 84.375 (94.436)	Prec@5 96.875 (99.085)
Epoch: [17][60/126], lr: 0.00005	Time 0.528 (0.622)	Data 0.000 (0.081)	Loss 0.3437 (0.1823)	Prec@1 90.625 (94.057)	Prec@5 93.750 (98.873)
Epoch: [17][80/126], lr: 0.00005	Time 0.559 (0.599)	Data 0.000 (0.061)	Loss 0.1399 (0.1721)	Prec@1 96.875 (94.444)	Prec@5 100.000 (98.958)
Epoch: [17][100/126], lr: 0.00005	Time 0.514 (0.585)	Data 0.000 (0.049)	Loss 0.1843 (0.1643)	Prec@1 90.625 (94.647)	Prec@5 100.000 (99.041)
Epoch: [17][120/126], lr: 0.00005	Time 0.521 (0.574)	Data 0.000 (0.041)	Loss 0.0095 (0.1649)	Prec@1 100.000 (94.731)	Prec@5 100.000 (99.070)
Test: [0/51]	Time 4.939 (4.939)	Loss 0.1111 (0.1111)	Prec@1 96.875 (96.875)	Prec@5 100.000 (100.000)
Test: [20/51]	Time 0.327 (0.568)	Loss 0.0486 (0.2694)	Prec@1 100.000 (94.345)	Prec@5 100.000 (99.107)
Test: [40/51]	Time 0.170 (0.393)	Loss 0.0790 (0.2846)	Prec@1 93.750 (92.912)	Prec@5 100.000 (99.314)
Testing Results: Prec@1 92.857 Prec@5 99.441 Loss 0.28022
Best Prec@1: 95.714

Freezing BatchNorm2D except the first one.
Epoch: [18][0/126], lr: 0.00005	Time 4.547 (4.547)	Data 4.020 (4.020)	Loss 0.2718 (0.2718)	Prec@1 90.625 (90.625)	Prec@5 100.000 (100.000)
Epoch: [18][20/126], lr: 0.00005	Time 0.522 (0.787)	Data 0.000 (0.224)	Loss 0.0389 (0.1438)	Prec@1 100.000 (94.643)	Prec@5 100.000 (99.405)
Epoch: [18][40/126], lr: 0.00005	Time 0.536 (0.661)	Data 0.000 (0.115)	Loss 0.1233 (0.1774)	Prec@1 93.750 (93.674)	Prec@5 100.000 (99.238)
Epoch: [18][60/126], lr: 0.00005	Time 0.574 (0.620)	Data 0.000 (0.077)	Loss 0.1985 (0.1776)	Prec@1 93.750 (93.648)	Prec@5 100.000 (99.283)
Epoch: [18][80/126], lr: 0.00005	Time 0.520 (0.596)	Data 0.000 (0.058)	Loss 0.1813 (0.1694)	Prec@1 93.750 (93.866)	Prec@5 96.875 (99.344)
Epoch: [18][100/126], lr: 0.00005	Time 0.515 (0.582)	Data 0.000 (0.047)	Loss 0.4611 (0.1749)	Prec@1 81.250 (93.719)	Prec@5 100.000 (99.319)
Epoch: [18][120/126], lr: 0.00005	Time 0.514 (0.571)	Data 0.000 (0.039)	Loss 0.3243 (0.1718)	Prec@1 93.750 (93.931)	Prec@5 96.875 (99.329)
Freezing BatchNorm2D except the first one.
Epoch: [19][0/126], lr: 0.00005	Time 4.850 (4.850)	Data 4.393 (4.393)	Loss 0.1108 (0.1108)	Prec@1 96.875 (96.875)	Prec@5 100.000 (100.000)
Epoch: [19][20/126], lr: 0.00005	Time 0.516 (0.802)	Data 0.000 (0.252)	Loss 0.0704 (0.1496)	Prec@1 96.875 (94.940)	Prec@5 100.000 (99.107)
Epoch: [19][40/126], lr: 0.00005	Time 0.528 (0.669)	Data 0.000 (0.129)	Loss 0.0064 (0.1517)	Prec@1 100.000 (94.893)	Prec@5 100.000 (99.238)
Epoch: [19][60/126], lr: 0.00005	Time 0.547 (0.624)	Data 0.000 (0.087)	Loss 0.1069 (0.1660)	Prec@1 93.750 (94.467)	Prec@5 100.000 (99.129)
Epoch: [19][80/126], lr: 0.00005	Time 0.496 (0.601)	Data 0.000 (0.065)	Loss 0.1750 (0.1590)	Prec@1 93.750 (94.753)	Prec@5 100.000 (99.113)
Epoch: [19][100/126], lr: 0.00005	Time 0.515 (0.586)	Data 0.000 (0.053)	Loss 0.2154 (0.1589)	Prec@1 93.750 (94.771)	Prec@5 100.000 (99.103)
Epoch: [19][120/126], lr: 0.00005	Time 0.515 (0.575)	Data 0.000 (0.044)	Loss 0.1875 (0.1613)	Prec@1 93.750 (94.654)	Prec@5 96.875 (99.019)
Test: [0/51]	Time 5.102 (5.102)	Loss 0.1232 (0.1232)	Prec@1 96.875 (96.875)	Prec@5 100.000 (100.000)
Test: [20/51]	Time 0.194 (0.512)	Loss 0.0736 (0.2734)	Prec@1 96.875 (94.494)	Prec@5 100.000 (99.107)
Test: [40/51]	Time 0.172 (0.389)	Loss 0.0792 (0.2711)	Prec@1 93.750 (92.759)	Prec@5 100.000 (99.314)
Testing Results: Prec@1 92.112 Prec@5 99.441 Loss 0.27636
Best Prec@1: 95.714

Freezing BatchNorm2D except the first one.
Epoch: [20][0/126], lr: 0.00005	Time 5.125 (5.125)	Data 4.624 (4.624)	Loss 0.1172 (0.1172)	Prec@1 93.750 (93.750)	Prec@5 96.875 (96.875)
Epoch: [20][20/126], lr: 0.00005	Time 0.519 (0.794)	Data 0.000 (0.221)	Loss 0.3387 (0.1304)	Prec@1 84.375 (94.792)	Prec@5 100.000 (99.554)
Epoch: [20][40/126], lr: 0.00005	Time 0.509 (0.665)	Data 0.000 (0.113)	Loss 0.3638 (0.1514)	Prec@1 93.750 (94.817)	Prec@5 93.750 (99.314)
Epoch: [20][60/126], lr: 0.00005	Time 0.523 (0.620)	Data 0.000 (0.076)	Loss 0.0777 (0.1543)	Prec@1 96.875 (94.672)	Prec@5 100.000 (99.283)
Epoch: [20][80/126], lr: 0.00005	Time 0.531 (0.598)	Data 0.000 (0.057)	Loss 0.0734 (0.1457)	Prec@1 100.000 (94.792)	Prec@5 100.000 (99.421)
Epoch: [20][100/126], lr: 0.00005	Time 0.514 (0.583)	Data 0.000 (0.046)	Loss 0.1300 (0.1513)	Prec@1 93.750 (94.554)	Prec@5 100.000 (99.350)
Epoch: [20][120/126], lr: 0.00005	Time 0.514 (0.572)	Data 0.000 (0.038)	Loss 0.2810 (0.1551)	Prec@1 87.500 (94.499)	Prec@5 100.000 (99.303)
Freezing BatchNorm2D except the first one.
Epoch: [21][0/126], lr: 0.00005	Time 5.451 (5.451)	Data 5.005 (5.005)	Loss 0.0260 (0.0260)	Prec@1 100.000 (100.000)	Prec@5 100.000 (100.000)
Epoch: [21][20/126], lr: 0.00005	Time 0.525 (0.799)	Data 0.000 (0.239)	Loss 0.2685 (0.1304)	Prec@1 93.750 (95.238)	Prec@5 96.875 (99.405)
Epoch: [21][40/126], lr: 0.00005	Time 0.534 (0.669)	Data 0.000 (0.122)	Loss 0.2619 (0.1432)	Prec@1 90.625 (94.970)	Prec@5 100.000 (99.314)
Epoch: [21][60/126], lr: 0.00005	Time 0.529 (0.624)	Data 0.000 (0.082)	Loss 0.2729 (0.1516)	Prec@1 93.750 (94.570)	Prec@5 96.875 (99.283)
Epoch: [21][80/126], lr: 0.00005	Time 0.565 (0.601)	Data 0.000 (0.062)	Loss 0.1861 (0.1451)	Prec@1 96.875 (94.753)	Prec@5 96.875 (99.267)
Epoch: [21][100/126], lr: 0.00005	Time 0.515 (0.588)	Data 0.000 (0.050)	Loss 0.1733 (0.1477)	Prec@1 93.750 (94.647)	Prec@5 96.875 (99.257)
Epoch: [21][120/126], lr: 0.00005	Time 0.518 (0.576)	Data 0.000 (0.041)	Loss 0.0516 (0.1559)	Prec@1 96.875 (94.447)	Prec@5 100.000 (99.225)
Test: [0/51]	Time 5.932 (5.932)	Loss 0.1203 (0.1203)	Prec@1 96.875 (96.875)	Prec@5 100.000 (100.000)
Test: [20/51]	Time 0.288 (0.564)	Loss 0.0662 (0.2883)	Prec@1 96.875 (93.750)	Prec@5 100.000 (98.958)
Test: [40/51]	Time 0.170 (0.387)	Loss 0.0809 (0.2882)	Prec@1 96.875 (92.607)	Prec@5 100.000 (99.238)
Testing Results: Prec@1 91.304 Prec@5 99.379 Loss 0.29853
Best Prec@1: 95.714

Freezing BatchNorm2D except the first one.
Epoch: [22][0/126], lr: 0.00005	Time 6.369 (6.369)	Data 5.898 (5.898)	Loss 0.4515 (0.4515)	Prec@1 81.250 (81.250)	Prec@5 93.750 (93.750)
Epoch: [22][20/126], lr: 0.00005	Time 0.552 (0.847)	Data 0.000 (0.281)	Loss 0.3202 (0.1687)	Prec@1 90.625 (94.196)	Prec@5 96.875 (98.512)
Epoch: [22][40/126], lr: 0.00005	Time 0.533 (0.695)	Data 0.000 (0.144)	Loss 0.2646 (0.1865)	Prec@1 93.750 (94.055)	Prec@5 96.875 (98.095)
Epoch: [22][60/126], lr: 0.00005	Time 0.527 (0.642)	Data 0.000 (0.097)	Loss 0.0993 (0.1737)	Prec@1 90.625 (94.365)	Prec@5 100.000 (98.514)
Epoch: [22][80/126], lr: 0.00005	Time 0.523 (0.615)	Data 0.000 (0.073)	Loss 0.2890 (0.1656)	Prec@1 90.625 (94.522)	Prec@5 96.875 (98.727)
Epoch: [22][100/126], lr: 0.00005	Time 0.516 (0.597)	Data 0.000 (0.059)	Loss 0.3212 (0.1671)	Prec@1 84.375 (94.493)	Prec@5 96.875 (98.793)
Epoch: [22][120/126], lr: 0.00005	Time 0.515 (0.584)	Data 0.000 (0.049)	Loss 0.1713 (0.1670)	Prec@1 90.625 (94.447)	Prec@5 96.875 (98.889)
Freezing BatchNorm2D except the first one.
Epoch: [23][0/126], lr: 0.00005	Time 5.481 (5.481)	Data 5.187 (5.187)	Loss 0.0914 (0.0914)	Prec@1 96.875 (96.875)	Prec@5 100.000 (100.000)
Epoch: [23][20/126], lr: 0.00005	Time 0.524 (0.801)	Data 0.000 (0.248)	Loss 0.1129 (0.1790)	Prec@1 96.875 (94.345)	Prec@5 100.000 (98.363)
Epoch: [23][40/126], lr: 0.00005	Time 0.532 (0.670)	Data 0.000 (0.127)	Loss 0.2961 (0.1666)	Prec@1 93.750 (94.131)	Prec@5 93.750 (98.933)
Epoch: [23][60/126], lr: 0.00005	Time 0.524 (0.625)	Data 0.000 (0.085)	Loss 0.1161 (0.1688)	Prec@1 93.750 (94.109)	Prec@5 100.000 (98.924)
Epoch: [23][80/126], lr: 0.00005	Time 0.536 (0.601)	Data 0.000 (0.064)	Loss 0.1550 (0.1672)	Prec@1 93.750 (93.904)	Prec@5 100.000 (98.997)
Epoch: [23][100/126], lr: 0.00005	Time 0.517 (0.586)	Data 0.000 (0.052)	Loss 0.1048 (0.1720)	Prec@1 96.875 (93.936)	Prec@5 100.000 (98.979)
Epoch: [23][120/126], lr: 0.00005	Time 0.518 (0.575)	Data 0.000 (0.043)	Loss 0.0360 (0.1729)	Prec@1 100.000 (93.750)	Prec@5 100.000 (98.993)
Test: [0/51]	Time 6.102 (6.102)	Loss 0.1792 (0.1792)	Prec@1 96.875 (96.875)	Prec@5 100.000 (100.000)
Test: [20/51]	Time 0.291 (0.545)	Loss 0.0869 (0.3142)	Prec@1 96.875 (93.750)	Prec@5 100.000 (98.661)
Test: [40/51]	Time 0.170 (0.378)	Loss 0.0808 (0.3191)	Prec@1 93.750 (91.768)	Prec@5 100.000 (99.085)
Testing Results: Prec@1 90.373 Prec@5 99.255 Loss 0.33252
Best Prec@1: 95.714

Freezing BatchNorm2D except the first one.
Epoch: [24][0/126], lr: 0.00005	Time 5.523 (5.523)	Data 5.128 (5.128)	Loss 0.0488 (0.0488)	Prec@1 100.000 (100.000)	Prec@5 100.000 (100.000)
Epoch: [24][20/126], lr: 0.00005	Time 0.598 (0.799)	Data 0.000 (0.260)	Loss 0.1332 (0.1464)	Prec@1 93.750 (94.643)	Prec@5 100.000 (99.256)
Epoch: [24][40/126], lr: 0.00005	Time 0.524 (0.667)	Data 0.000 (0.133)	Loss 0.0562 (0.1482)	Prec@1 96.875 (94.970)	Prec@5 100.000 (99.314)
Epoch: [24][60/126], lr: 0.00005	Time 0.524 (0.622)	Data 0.000 (0.089)	Loss 0.0778 (0.1516)	Prec@1 96.875 (94.672)	Prec@5 100.000 (99.283)
Epoch: [24][80/126], lr: 0.00005	Time 0.524 (0.600)	Data 0.000 (0.067)	Loss 0.2529 (0.1548)	Prec@1 93.750 (94.637)	Prec@5 100.000 (99.267)
Epoch: [24][100/126], lr: 0.00005	Time 0.515 (0.585)	Data 0.000 (0.054)	Loss 0.1526 (0.1596)	Prec@1 93.750 (94.245)	Prec@5 100.000 (99.196)
Epoch: [24][120/126], lr: 0.00005	Time 0.515 (0.574)	Data 0.000 (0.045)	Loss 0.0215 (0.1649)	Prec@1 100.000 (93.982)	Prec@5 100.000 (99.070)
Freezing BatchNorm2D except the first one.
Epoch: [25][0/126], lr: 0.00005	Time 5.376 (5.376)	Data 5.078 (5.078)	Loss 0.1735 (0.1735)	Prec@1 93.750 (93.750)	Prec@5 96.875 (96.875)
Epoch: [25][20/126], lr: 0.00005	Time 0.473 (0.785)	Data 0.000 (0.242)	Loss 0.1157 (0.1542)	Prec@1 93.750 (94.196)	Prec@5 100.000 (99.256)
Epoch: [25][40/126], lr: 0.00005	Time 0.492 (0.660)	Data 0.000 (0.124)	Loss 0.1292 (0.1661)	Prec@1 93.750 (93.902)	Prec@5 100.000 (98.933)
Epoch: [25][60/126], lr: 0.00005	Time 0.573 (0.619)	Data 0.000 (0.083)	Loss 0.3662 (0.1781)	Prec@1 84.375 (93.648)	Prec@5 96.875 (98.873)
Epoch: [25][80/126], lr: 0.00005	Time 0.523 (0.597)	Data 0.000 (0.063)	Loss 0.0495 (0.1745)	Prec@1 96.875 (93.596)	Prec@5 100.000 (98.881)
Epoch: [25][100/126], lr: 0.00005	Time 0.516 (0.583)	Data 0.000 (0.050)	Loss 0.1284 (0.1693)	Prec@1 93.750 (93.843)	Prec@5 100.000 (98.855)
Epoch: [25][120/126], lr: 0.00005	Time 0.516 (0.572)	Data 0.000 (0.042)	Loss 0.1064 (0.1729)	Prec@1 93.750 (93.466)	Prec@5 100.000 (98.915)
Test: [0/51]	Time 5.934 (5.934)	Loss 0.1386 (0.1386)	Prec@1 96.875 (96.875)	Prec@5 100.000 (100.000)
Test: [20/51]	Time 0.282 (0.555)	Loss 0.0740 (0.2757)	Prec@1 96.875 (94.048)	Prec@5 100.000 (98.958)
Test: [40/51]	Time 0.175 (0.383)	Loss 0.0794 (0.3003)	Prec@1 93.750 (91.997)	Prec@5 100.000 (99.162)
Testing Results: Prec@1 91.491 Prec@5 99.317 Loss 0.29759
Best Prec@1: 95.714

Freezing BatchNorm2D except the first one.
Epoch: [26][0/126], lr: 0.00005	Time 5.567 (5.567)	Data 5.187 (5.187)	Loss 0.0679 (0.0679)	Prec@1 96.875 (96.875)	Prec@5 100.000 (100.000)
Epoch: [26][20/126], lr: 0.00005	Time 0.529 (0.805)	Data 0.000 (0.247)	Loss 0.0641 (0.1609)	Prec@1 96.875 (94.196)	Prec@5 100.000 (98.958)
Epoch: [26][40/126], lr: 0.00005	Time 0.537 (0.671)	Data 0.001 (0.127)	Loss 0.2408 (0.1571)	Prec@1 96.875 (94.360)	Prec@5 100.000 (99.085)
Epoch: [26][60/126], lr: 0.00005	Time 0.533 (0.624)	Data 0.000 (0.085)	Loss 0.3492 (0.1556)	Prec@1 93.750 (94.518)	Prec@5 100.000 (98.975)
Epoch: [26][80/126], lr: 0.00005	Time 0.536 (0.600)	Data 0.000 (0.064)	Loss 0.1506 (0.1526)	Prec@1 93.750 (94.560)	Prec@5 100.000 (99.035)
Epoch: [26][100/126], lr: 0.00005	Time 0.517 (0.585)	Data 0.000 (0.052)	Loss 0.2039 (0.1602)	Prec@1 90.625 (94.245)	Prec@5 100.000 (99.072)
Epoch: [26][120/126], lr: 0.00005	Time 0.515 (0.573)	Data 0.000 (0.043)	Loss 0.0468 (0.1668)	Prec@1 96.875 (94.112)	Prec@5 100.000 (99.070)
Freezing BatchNorm2D except the first one.
Epoch: [27][0/126], lr: 0.00005	Time 4.724 (4.724)	Data 4.272 (4.272)	Loss 0.1404 (0.1404)	Prec@1 93.750 (93.750)	Prec@5 100.000 (100.000)
Epoch: [27][20/126], lr: 0.00005	Time 0.526 (0.774)	Data 0.000 (0.204)	Loss 0.0831 (0.1577)	Prec@1 96.875 (94.345)	Prec@5 100.000 (98.512)
Epoch: [27][40/126], lr: 0.00005	Time 0.520 (0.654)	Data 0.000 (0.104)	Loss 0.1578 (0.1645)	Prec@1 93.750 (93.674)	Prec@5 100.000 (99.085)
Epoch: [27][60/126], lr: 0.00005	Time 0.529 (0.613)	Data 0.000 (0.070)	Loss 0.3566 (0.1606)	Prec@1 84.375 (93.904)	Prec@5 96.875 (99.180)
Epoch: [27][80/126], lr: 0.00005	Time 0.556 (0.592)	Data 0.000 (0.053)	Loss 0.2335 (0.1557)	Prec@1 90.625 (94.213)	Prec@5 100.000 (99.267)
Epoch: [27][100/126], lr: 0.00005	Time 0.514 (0.579)	Data 0.000 (0.042)	Loss 0.2900 (0.1643)	Prec@1 93.750 (94.090)	Prec@5 100.000 (99.103)
Epoch: [27][120/126], lr: 0.00005	Time 0.513 (0.568)	Data 0.000 (0.035)	Loss 0.0909 (0.1670)	Prec@1 96.875 (93.931)	Prec@5 100.000 (99.096)
Test: [0/51]	Time 5.905 (5.905)	Loss 0.1466 (0.1466)	Prec@1 96.875 (96.875)	Prec@5 100.000 (100.000)
Test: [20/51]	Time 0.224 (0.560)	Loss 0.0751 (0.2837)	Prec@1 96.875 (94.345)	Prec@5 100.000 (98.810)
Test: [40/51]	Time 0.174 (0.389)	Loss 0.0791 (0.2869)	Prec@1 93.750 (92.683)	Prec@5 100.000 (99.238)
Testing Results: Prec@1 92.174 Prec@5 99.379 Loss 0.28814
Best Prec@1: 95.714

Freezing BatchNorm2D except the first one.
Epoch: [28][0/126], lr: 0.00005	Time 4.845 (4.845)	Data 4.185 (4.185)	Loss 0.3562 (0.3562)	Prec@1 87.500 (87.500)	Prec@5 93.750 (93.750)
Epoch: [28][20/126], lr: 0.00005	Time 0.527 (0.798)	Data 0.000 (0.242)	Loss 0.0783 (0.2007)	Prec@1 96.875 (93.452)	Prec@5 100.000 (98.661)
Epoch: [28][40/126], lr: 0.00005	Time 0.503 (0.669)	Data 0.000 (0.124)	Loss 0.0276 (0.1873)	Prec@1 100.000 (93.902)	Prec@5 100.000 (98.399)
Epoch: [28][60/126], lr: 0.00005	Time 0.551 (0.625)	Data 0.000 (0.083)	Loss 0.0669 (0.1789)	Prec@1 100.000 (93.904)	Prec@5 100.000 (98.668)
Epoch: [28][80/126], lr: 0.00005	Time 0.523 (0.602)	Data 0.000 (0.063)	Loss 0.0942 (0.1753)	Prec@1 96.875 (94.020)	Prec@5 100.000 (98.650)
Epoch: [28][100/126], lr: 0.00005	Time 0.515 (0.587)	Data 0.000 (0.050)	Loss 0.0268 (0.1663)	Prec@1 100.000 (94.245)	Prec@5 100.000 (98.731)
Epoch: [28][120/126], lr: 0.00005	Time 0.517 (0.575)	Data 0.000 (0.042)	Loss 0.1576 (0.1603)	Prec@1 90.625 (94.318)	Prec@5 100.000 (98.786)
Freezing BatchNorm2D except the first one.
Epoch: [29][0/126], lr: 0.00005	Time 4.409 (4.409)	Data 3.891 (3.891)	Loss 0.1757 (0.1757)	Prec@1 90.625 (90.625)	Prec@5 100.000 (100.000)
Epoch: [29][20/126], lr: 0.00005	Time 0.529 (0.769)	Data 0.000 (0.197)	Loss 0.1796 (0.1575)	Prec@1 96.875 (94.345)	Prec@5 100.000 (99.554)
Epoch: [29][40/126], lr: 0.00005	Time 0.526 (0.653)	Data 0.000 (0.101)	Loss 0.1144 (0.1535)	Prec@1 93.750 (94.436)	Prec@5 100.000 (99.466)
Epoch: [29][60/126], lr: 0.00005	Time 0.532 (0.611)	Data 0.000 (0.068)	Loss 0.1560 (0.1617)	Prec@1 96.875 (94.262)	Prec@5 100.000 (99.283)
Epoch: [29][80/126], lr: 0.00005	Time 0.531 (0.592)	Data 0.000 (0.051)	Loss 0.2545 (0.1610)	Prec@1 87.500 (94.213)	Prec@5 96.875 (99.228)
Epoch: [29][100/126], lr: 0.00005	Time 0.514 (0.579)	Data 0.000 (0.041)	Loss 0.3599 (0.1664)	Prec@1 93.750 (94.214)	Prec@5 100.000 (99.165)
Epoch: [29][120/126], lr: 0.00005	Time 0.517 (0.568)	Data 0.000 (0.034)	Loss 0.1106 (0.1612)	Prec@1 96.875 (94.318)	Prec@5 100.000 (99.199)
Test: [0/51]	Time 5.508 (5.508)	Loss 0.1313 (0.1313)	Prec@1 96.875 (96.875)	Prec@5 100.000 (100.000)
Test: [20/51]	Time 0.313 (0.551)	Loss 0.0752 (0.2974)	Prec@1 96.875 (94.196)	Prec@5 100.000 (98.810)
Test: [40/51]	Time 0.170 (0.379)	Loss 0.0794 (0.3031)	Prec@1 93.750 (92.454)	Prec@5 100.000 (99.085)
Testing Results: Prec@1 92.298 Prec@5 99.255 Loss 0.29254
Best Prec@1: 95.714

Freezing BatchNorm2D except the first one.
Epoch: [30][0/126], lr: 0.00001	Time 6.104 (6.104)	Data 5.818 (5.818)	Loss 0.1436 (0.1436)	Prec@1 96.875 (96.875)	Prec@5 100.000 (100.000)
Epoch: [30][20/126], lr: 0.00001	Time 0.535 (0.835)	Data 0.000 (0.277)	Loss 0.1008 (0.1464)	Prec@1 96.875 (95.685)	Prec@5 100.000 (99.107)
Epoch: [30][40/126], lr: 0.00001	Time 0.584 (0.688)	Data 0.000 (0.142)	Loss 0.0694 (0.1634)	Prec@1 100.000 (95.122)	Prec@5 100.000 (98.857)
Epoch: [30][60/126], lr: 0.00001	Time 0.523 (0.638)	Data 0.000 (0.096)	Loss 0.1979 (0.1629)	Prec@1 93.750 (94.723)	Prec@5 96.875 (99.027)
Epoch: [30][80/126], lr: 0.00001	Time 0.527 (0.611)	Data 0.000 (0.072)	Loss 0.2447 (0.1630)	Prec@1 87.500 (94.637)	Prec@5 100.000 (98.997)
Epoch: [30][100/126], lr: 0.00001	Time 0.516 (0.594)	Data 0.000 (0.058)	Loss 0.1669 (0.1670)	Prec@1 93.750 (94.400)	Prec@5 100.000 (98.886)
Epoch: [30][120/126], lr: 0.00001	Time 0.520 (0.581)	Data 0.000 (0.048)	Loss 0.1857 (0.1620)	Prec@1 93.750 (94.370)	Prec@5 96.875 (98.967)
Freezing BatchNorm2D except the first one.
Epoch: [31][0/126], lr: 0.00001	Time 5.033 (5.033)	Data 4.629 (4.629)	Loss 0.2321 (0.2321)	Prec@1 90.625 (90.625)	Prec@5 96.875 (96.875)
Epoch: [31][20/126], lr: 0.00001	Time 0.524 (0.781)	Data 0.000 (0.236)	Loss 0.0573 (0.1540)	Prec@1 100.000 (95.387)	Prec@5 100.000 (98.958)
Epoch: [31][40/126], lr: 0.00001	Time 0.524 (0.659)	Data 0.000 (0.121)	Loss 0.1394 (0.1623)	Prec@1 93.750 (94.741)	Prec@5 100.000 (99.085)
Epoch: [31][60/126], lr: 0.00001	Time 0.525 (0.616)	Data 0.000 (0.081)	Loss 0.1200 (0.1712)	Prec@1 96.875 (94.365)	Prec@5 96.875 (99.027)
Epoch: [31][80/126], lr: 0.00001	Time 0.529 (0.595)	Data 0.000 (0.061)	Loss 0.1365 (0.1622)	Prec@1 93.750 (94.483)	Prec@5 100.000 (99.035)
Epoch: [31][100/126], lr: 0.00001	Time 0.517 (0.581)	Data 0.000 (0.049)	Loss 0.1985 (0.1584)	Prec@1 87.500 (94.647)	Prec@5 100.000 (99.134)
Epoch: [31][120/126], lr: 0.00001	Time 0.516 (0.571)	Data 0.000 (0.041)	Loss 0.1287 (0.1567)	Prec@1 100.000 (94.680)	Prec@5 100.000 (99.148)
Test: [0/51]	Time 5.788 (5.788)	Loss 0.1258 (0.1258)	Prec@1 96.875 (96.875)	Prec@5 100.000 (100.000)
Test: [20/51]	Time 0.198 (0.541)	Loss 0.0683 (0.2924)	Prec@1 96.875 (93.899)	Prec@5 100.000 (98.810)
Test: [40/51]	Time 0.171 (0.378)	Loss 0.0778 (0.3073)	Prec@1 93.750 (92.149)	Prec@5 100.000 (99.085)
Testing Results: Prec@1 92.112 Prec@5 99.255 Loss 0.29856
Best Prec@1: 95.714

Freezing BatchNorm2D except the first one.
Epoch: [32][0/126], lr: 0.00001	Time 5.721 (5.721)	Data 5.335 (5.335)	Loss 0.3794 (0.3794)	Prec@1 87.500 (87.500)	Prec@5 100.000 (100.000)
Epoch: [32][20/126], lr: 0.00001	Time 0.541 (0.809)	Data 0.000 (0.254)	Loss 0.1180 (0.1799)	Prec@1 93.750 (93.452)	Prec@5 100.000 (99.256)
Epoch: [32][40/126], lr: 0.00001	Time 0.511 (0.675)	Data 0.000 (0.130)	Loss 0.0334 (0.1621)	Prec@1 100.000 (93.674)	Prec@5 100.000 (99.390)
Epoch: [32][60/126], lr: 0.00001	Time 0.529 (0.627)	Data 0.000 (0.088)	Loss 0.1722 (0.1481)	Prec@1 90.625 (94.314)	Prec@5 100.000 (99.385)
Epoch: [32][80/126], lr: 0.00001	Time 0.536 (0.603)	Data 0.000 (0.066)	Loss 0.0525 (0.1557)	Prec@1 96.875 (94.213)	Prec@5 100.000 (99.267)
Epoch: [32][100/126], lr: 0.00001	Time 0.517 (0.588)	Data 0.000 (0.053)	Loss 0.0255 (0.1597)	Prec@1 100.000 (94.121)	Prec@5 100.000 (99.103)
Epoch: [32][120/126], lr: 0.00001	Time 0.515 (0.576)	Data 0.000 (0.044)	Loss 0.0343 (0.1510)	Prec@1 100.000 (94.473)	Prec@5 100.000 (99.174)
Freezing BatchNorm2D except the first one.
Epoch: [33][0/126], lr: 0.00001	Time 4.820 (4.820)	Data 4.133 (4.133)	Loss 0.0373 (0.0373)	Prec@1 100.000 (100.000)	Prec@5 100.000 (100.000)
Epoch: [33][20/126], lr: 0.00001	Time 0.529 (0.782)	Data 0.000 (0.214)	Loss 0.1277 (0.1264)	Prec@1 96.875 (95.238)	Prec@5 100.000 (99.107)
Epoch: [33][40/126], lr: 0.00001	Time 0.521 (0.660)	Data 0.000 (0.110)	Loss 0.0664 (0.1458)	Prec@1 100.000 (94.970)	Prec@5 100.000 (99.009)
Epoch: [33][60/126], lr: 0.00001	Time 0.563 (0.619)	Data 0.000 (0.074)	Loss 0.1930 (0.1535)	Prec@1 93.750 (94.570)	Prec@5 100.000 (99.232)
Epoch: [33][80/126], lr: 0.00001	Time 0.519 (0.597)	Data 0.000 (0.056)	Loss 0.0658 (0.1442)	Prec@1 100.000 (94.869)	Prec@5 100.000 (99.383)
Epoch: [33][100/126], lr: 0.00001	Time 0.515 (0.583)	Data 0.000 (0.045)	Loss 0.1704 (0.1513)	Prec@1 96.875 (94.709)	Prec@5 100.000 (99.381)
Epoch: [33][120/126], lr: 0.00001	Time 0.515 (0.572)	Data 0.000 (0.037)	Loss 0.0395 (0.1506)	Prec@1 100.000 (94.680)	Prec@5 100.000 (99.406)
Test: [0/51]	Time 5.391 (5.391)	Loss 0.1324 (0.1324)	Prec@1 96.875 (96.875)	Prec@5 100.000 (100.000)
Test: [20/51]	Time 0.370 (0.570)	Loss 0.0668 (0.2999)	Prec@1 96.875 (93.750)	Prec@5 100.000 (98.810)
Test: [40/51]	Time 0.172 (0.390)	Loss 0.0769 (0.3219)	Prec@1 93.750 (91.768)	Prec@5 100.000 (99.085)
Testing Results: Prec@1 91.491 Prec@5 99.255 Loss 0.31756
Best Prec@1: 95.714

Freezing BatchNorm2D except the first one.
Epoch: [34][0/126], lr: 0.00001	Time 6.826 (6.826)	Data 6.344 (6.344)	Loss 0.0737 (0.0737)	Prec@1 100.000 (100.000)	Prec@5 100.000 (100.000)
Epoch: [34][20/126], lr: 0.00001	Time 0.532 (0.847)	Data 0.000 (0.302)	Loss 0.1476 (0.1363)	Prec@1 93.750 (94.196)	Prec@5 100.000 (99.851)
Epoch: [34][40/126], lr: 0.00001	Time 0.544 (0.703)	Data 0.000 (0.155)	Loss 0.0931 (0.1538)	Prec@1 96.875 (94.055)	Prec@5 100.000 (99.466)
Epoch: [34][60/126], lr: 0.00001	Time 0.523 (0.647)	Data 0.000 (0.104)	Loss 0.0553 (0.1460)	Prec@1 100.000 (94.467)	Prec@5 100.000 (99.334)
Epoch: [34][80/126], lr: 0.00001	Time 0.547 (0.617)	Data 0.000 (0.078)	Loss 0.0254 (0.1427)	Prec@1 100.000 (94.522)	Prec@5 100.000 (99.151)
Epoch: [34][100/126], lr: 0.00001	Time 0.513 (0.599)	Data 0.000 (0.063)	Loss 0.0486 (0.1487)	Prec@1 100.000 (94.338)	Prec@5 100.000 (99.103)
Epoch: [34][120/126], lr: 0.00001	Time 0.517 (0.585)	Data 0.000 (0.053)	Loss 0.0154 (0.1472)	Prec@1 100.000 (94.447)	Prec@5 100.000 (99.070)
Freezing BatchNorm2D except the first one.
Epoch: [35][0/126], lr: 0.00001	Time 7.156 (7.156)	Data 6.836 (6.836)	Loss 0.2793 (0.2793)	Prec@1 87.500 (87.500)	Prec@5 100.000 (100.000)
Epoch: [35][20/126], lr: 0.00001	Time 0.531 (0.852)	Data 0.000 (0.326)	Loss 0.0600 (0.1741)	Prec@1 96.875 (93.750)	Prec@5 100.000 (98.958)
Epoch: [35][40/126], lr: 0.00001	Time 0.594 (0.700)	Data 0.000 (0.167)	Loss 0.0223 (0.1563)	Prec@1 100.000 (94.284)	Prec@5 100.000 (99.314)
Epoch: [35][60/126], lr: 0.00001	Time 0.523 (0.646)	Data 0.000 (0.112)	Loss 0.1384 (0.1606)	Prec@1 93.750 (94.467)	Prec@5 100.000 (99.129)
Epoch: [35][80/126], lr: 0.00001	Time 0.522 (0.619)	Data 0.000 (0.085)	Loss 0.0608 (0.1535)	Prec@1 100.000 (94.715)	Prec@5 100.000 (99.190)
Epoch: [35][100/126], lr: 0.00001	Time 0.535 (0.602)	Data 0.000 (0.068)	Loss 0.1680 (0.1578)	Prec@1 93.750 (94.616)	Prec@5 96.875 (99.134)
Epoch: [35][120/126], lr: 0.00001	Time 0.513 (0.588)	Data 0.000 (0.057)	Loss 0.2802 (0.1570)	Prec@1 87.500 (94.525)	Prec@5 96.875 (99.174)
Test: [0/51]	Time 6.181 (6.181)	Loss 0.1297 (0.1297)	Prec@1 96.875 (96.875)	Prec@5 100.000 (100.000)
Test: [20/51]	Time 0.181 (0.546)	Loss 0.0664 (0.3045)	Prec@1 96.875 (93.601)	Prec@5 100.000 (98.958)
Test: [40/51]	Time 0.170 (0.398)	Loss 0.0765 (0.3325)	Prec@1 93.750 (91.768)	Prec@5 100.000 (99.162)
Testing Results: Prec@1 91.366 Prec@5 99.317 Loss 0.32796
Best Prec@1: 95.714

Freezing BatchNorm2D except the first one.
Epoch: [36][0/126], lr: 0.00001	Time 7.311 (7.311)	Data 7.058 (7.058)	Loss 0.1424 (0.1424)	Prec@1 93.750 (93.750)	Prec@5 100.000 (100.000)
Epoch: [36][20/126], lr: 0.00001	Time 0.537 (0.866)	Data 0.000 (0.336)	Loss 0.3597 (0.1659)	Prec@1 93.750 (93.899)	Prec@5 96.875 (98.810)
Epoch: [36][40/126], lr: 0.00001	Time 0.501 (0.711)	Data 0.000 (0.172)	Loss 0.0288 (0.1633)	Prec@1 100.000 (94.360)	Prec@5 100.000 (99.009)
Epoch: [36][60/126], lr: 0.00001	Time 0.533 (0.653)	Data 0.000 (0.116)	Loss 0.1433 (0.1592)	Prec@1 93.750 (94.570)	Prec@5 100.000 (98.924)
Epoch: [36][80/126], lr: 0.00001	Time 0.554 (0.624)	Data 0.000 (0.087)	Loss 0.0884 (0.1590)	Prec@1 96.875 (94.792)	Prec@5 100.000 (98.958)
Epoch: [36][100/126], lr: 0.00001	Time 0.517 (0.605)	Data 0.000 (0.070)	Loss 0.0431 (0.1578)	Prec@1 100.000 (94.771)	Prec@5 100.000 (98.979)
Epoch: [36][120/126], lr: 0.00001	Time 0.516 (0.590)	Data 0.000 (0.058)	Loss 0.2090 (0.1583)	Prec@1 93.750 (94.731)	Prec@5 96.875 (98.967)
Freezing BatchNorm2D except the first one.
Epoch: [37][0/126], lr: 0.00001	Time 5.933 (5.933)	Data 5.519 (5.519)	Loss 0.0586 (0.0586)	Prec@1 96.875 (96.875)	Prec@5 100.000 (100.000)
Epoch: [37][20/126], lr: 0.00001	Time 0.616 (0.844)	Data 0.000 (0.289)	Loss 0.0670 (0.1566)	Prec@1 96.875 (94.196)	Prec@5 100.000 (99.702)
Epoch: [37][40/126], lr: 0.00001	Time 0.519 (0.693)	Data 0.000 (0.148)	Loss 0.1299 (0.1317)	Prec@1 96.875 (95.351)	Prec@5 100.000 (99.695)
Epoch: [37][60/126], lr: 0.00001	Time 0.631 (0.641)	Data 0.000 (0.100)	Loss 0.1737 (0.1488)	Prec@1 93.750 (95.031)	Prec@5 96.875 (99.334)
Epoch: [37][80/126], lr: 0.00001	Time 0.522 (0.613)	Data 0.000 (0.075)	Loss 0.3718 (0.1520)	Prec@1 87.500 (94.753)	Prec@5 96.875 (99.228)
Epoch: [37][100/126], lr: 0.00001	Time 0.515 (0.596)	Data 0.000 (0.060)	Loss 0.0751 (0.1540)	Prec@1 93.750 (94.462)	Prec@5 100.000 (99.288)
Epoch: [37][120/126], lr: 0.00001	Time 0.519 (0.583)	Data 0.000 (0.050)	Loss 0.2478 (0.1572)	Prec@1 90.625 (94.447)	Prec@5 100.000 (99.251)
Test: [0/51]	Time 5.105 (5.105)	Loss 0.1390 (0.1390)	Prec@1 96.875 (96.875)	Prec@5 100.000 (100.000)
Test: [20/51]	Time 0.314 (0.544)	Loss 0.0755 (0.3073)	Prec@1 96.875 (94.048)	Prec@5 100.000 (98.958)
Test: [40/51]	Time 0.171 (0.381)	Loss 0.0763 (0.3321)	Prec@1 93.750 (91.921)	Prec@5 100.000 (99.162)
Testing Results: Prec@1 91.491 Prec@5 99.317 Loss 0.32790
Best Prec@1: 95.714

Freezing BatchNorm2D except the first one.
Epoch: [38][0/126], lr: 0.00001	Time 5.820 (5.820)	Data 5.342 (5.342)	Loss 0.0600 (0.0600)	Prec@1 100.000 (100.000)	Prec@5 100.000 (100.000)
Epoch: [38][20/126], lr: 0.00001	Time 0.548 (0.828)	Data 0.000 (0.255)	Loss 0.1294 (0.1394)	Prec@1 96.875 (95.833)	Prec@5 100.000 (99.554)
Epoch: [38][40/126], lr: 0.00001	Time 0.539 (0.684)	Data 0.000 (0.130)	Loss 0.2061 (0.1446)	Prec@1 87.500 (95.198)	Prec@5 100.000 (99.390)
Epoch: [38][60/126], lr: 0.00001	Time 0.529 (0.635)	Data 0.000 (0.088)	Loss 0.0770 (0.1279)	Prec@1 96.875 (95.850)	Prec@5 100.000 (99.539)
Epoch: [38][80/126], lr: 0.00001	Time 0.530 (0.609)	Data 0.000 (0.066)	Loss 0.1273 (0.1258)	Prec@1 96.875 (95.872)	Prec@5 100.000 (99.498)
Epoch: [38][100/126], lr: 0.00001	Time 0.516 (0.594)	Data 0.000 (0.053)	Loss 0.1768 (0.1286)	Prec@1 93.750 (95.606)	Prec@5 100.000 (99.474)
Epoch: [38][120/126], lr: 0.00001	Time 0.515 (0.581)	Data 0.000 (0.044)	Loss 0.0202 (0.1302)	Prec@1 100.000 (95.480)	Prec@5 100.000 (99.509)
Freezing BatchNorm2D except the first one.
Epoch: [39][0/126], lr: 0.00001	Time 5.448 (5.448)	Data 5.188 (5.188)	Loss 0.2531 (0.2531)	Prec@1 93.750 (93.750)	Prec@5 96.875 (96.875)
Epoch: [39][20/126], lr: 0.00001	Time 0.528 (0.796)	Data 0.000 (0.247)	Loss 0.1560 (0.1871)	Prec@1 90.625 (93.750)	Prec@5 100.000 (98.810)
Epoch: [39][40/126], lr: 0.00001	Time 0.523 (0.666)	Data 0.000 (0.127)	Loss 0.0779 (0.1534)	Prec@1 96.875 (94.588)	Prec@5 100.000 (99.390)
Epoch: [39][60/126], lr: 0.00001	Time 0.534 (0.622)	Data 0.000 (0.085)	Loss 0.0925 (0.1413)	Prec@1 96.875 (95.184)	Prec@5 100.000 (99.385)
Epoch: [39][80/126], lr: 0.00001	Time 0.521 (0.599)	Data 0.000 (0.064)	Loss 0.1593 (0.1453)	Prec@1 93.750 (94.946)	Prec@5 100.000 (99.421)
Epoch: [39][100/126], lr: 0.00001	Time 0.516 (0.584)	Data 0.000 (0.052)	Loss 0.2178 (0.1508)	Prec@1 93.750 (94.709)	Prec@5 96.875 (99.381)
Epoch: [39][120/126], lr: 0.00001	Time 0.516 (0.573)	Data 0.000 (0.043)	Loss 0.1338 (0.1517)	Prec@1 96.875 (94.731)	Prec@5 100.000 (99.303)
Test: [0/51]	Time 5.316 (5.316)	Loss 0.1425 (0.1425)	Prec@1 96.875 (96.875)	Prec@5 100.000 (100.000)
Test: [20/51]	Time 0.188 (0.538)	Loss 0.0759 (0.3022)	Prec@1 96.875 (93.899)	Prec@5 100.000 (98.958)
Test: [40/51]	Time 0.170 (0.377)	Loss 0.0765 (0.3227)	Prec@1 93.750 (91.997)	Prec@5 100.000 (99.162)
Testing Results: Prec@1 91.801 Prec@5 99.317 Loss 0.31505
Best Prec@1: 95.714

