ipn: 13 classes
storing name: TSM_ipn13_RGB_resnet50_shift8_blockres_avg_segment8_e50_lr1e-03_gp22

    Initializing TSN with base model: resnet50.
    TSN Configurations:
        input_modality:     RGB
        num_segments:       8
        new_length:         1
        consensus_module:   avg
        dropout_ratio:      0.5
        img_feature_dim:    256
            
=> base model: resnet50
Adding temporal shift...
=> n_segment per stage: [8, 8, 8, 8]
=> Processing stage with 3 blocks residual
=> Using fold div: 8
=> Using fold div: 8
=> Using fold div: 8
=> Processing stage with 4 blocks residual
=> Using fold div: 8
=> Using fold div: 8
=> Using fold div: 8
=> Using fold div: 8
=> Processing stage with 6 blocks residual
=> Using fold div: 8
=> Using fold div: 8
=> Using fold div: 8
=> Using fold div: 8
=> Using fold div: 8
=> Using fold div: 8
=> Processing stage with 3 blocks residual
=> Using fold div: 8
=> Using fold div: 8
=> Using fold div: 8
#################### NO FLIP!!!
video clips:3117
video clips:1101
group: first_conv_weight has 1 params, lr_mult: 1, decay_mult: 1
group: first_conv_bias has 0 params, lr_mult: 2, decay_mult: 0
group: normal_weight has 52 params, lr_mult: 1, decay_mult: 1
group: normal_bias has 0 params, lr_mult: 2, decay_mult: 0
group: BN scale/shift has 2 params, lr_mult: 1, decay_mult: 0
group: custom_ops has 0 params, lr_mult: 1, decay_mult: 1
group: lr5_weight has 1 params, lr_mult: 5, decay_mult: 1
group: lr10_bias has 1 params, lr_mult: 10, decay_mult: 0
Freezing BatchNorm2D except the first one.
Epoch: [0][0/97], lr: 0.00100	Time 18.498 (18.498)	Data 10.299 (10.299)	Loss 2.5598 (2.5598)	Prec@1 21.875 (21.875)	Prec@5 53.125 (53.125)
Epoch: [0][20/97], lr: 0.00100	Time 0.511 (1.371)	Data 0.000 (0.491)	Loss 2.1484 (2.3546)	Prec@1 28.125 (23.958)	Prec@5 65.625 (62.054)
Epoch: [0][40/97], lr: 0.00100	Time 0.529 (0.953)	Data 0.000 (0.252)	Loss 2.4810 (2.3316)	Prec@1 12.500 (23.628)	Prec@5 40.625 (60.899)
Epoch: [0][60/97], lr: 0.00100	Time 0.512 (0.808)	Data 0.000 (0.169)	Loss 2.1091 (2.2758)	Prec@1 40.625 (25.410)	Prec@5 65.625 (62.551)
Epoch: [0][80/97], lr: 0.00100	Time 0.509 (0.735)	Data 0.000 (0.127)	Loss 2.2566 (2.2429)	Prec@1 28.125 (25.039)	Prec@5 65.625 (62.346)
Freezing BatchNorm2D except the first one.
Epoch: [1][0/97], lr: 0.00100	Time 5.393 (5.393)	Data 5.126 (5.126)	Loss 1.9407 (1.9407)	Prec@1 21.875 (21.875)	Prec@5 65.625 (65.625)
Epoch: [1][20/97], lr: 0.00100	Time 0.509 (0.754)	Data 0.000 (0.244)	Loss 1.8178 (1.8777)	Prec@1 31.250 (28.571)	Prec@5 75.000 (73.512)
Epoch: [1][40/97], lr: 0.00100	Time 0.513 (0.637)	Data 0.000 (0.125)	Loss 1.5557 (1.9033)	Prec@1 34.375 (27.896)	Prec@5 78.125 (71.646)
Epoch: [1][60/97], lr: 0.00100	Time 0.535 (0.598)	Data 0.000 (0.084)	Loss 1.8280 (1.8863)	Prec@1 28.125 (28.330)	Prec@5 65.625 (72.029)
Epoch: [1][80/97], lr: 0.00100	Time 0.511 (0.577)	Data 0.000 (0.063)	Loss 1.7351 (1.8569)	Prec@1 40.625 (29.282)	Prec@5 75.000 (73.110)
Test: [0/35]	Time 7.798 (7.798)	Loss 1.5941 (1.5941)	Prec@1 25.000 (25.000)	Prec@5 81.250 (81.250)
Test: [20/35]	Time 0.127 (0.697)	Loss 1.5670 (1.6212)	Prec@1 25.000 (30.655)	Prec@5 75.000 (79.613)
Testing Results: Prec@1 30.609 Prec@5 79.655 Loss 1.62576
Best Prec@1: 30.609

Freezing BatchNorm2D except the first one.
Epoch: [2][0/97], lr: 0.00100	Time 6.058 (6.058)	Data 5.316 (5.316)	Loss 1.6796 (1.6796)	Prec@1 34.375 (34.375)	Prec@5 78.125 (78.125)
Epoch: [2][20/97], lr: 0.00100	Time 0.511 (0.781)	Data 0.000 (0.253)	Loss 1.8697 (1.7411)	Prec@1 25.000 (28.125)	Prec@5 75.000 (80.804)
Epoch: [2][40/97], lr: 0.00100	Time 0.520 (0.654)	Data 0.000 (0.130)	Loss 1.4658 (1.6941)	Prec@1 31.250 (30.793)	Prec@5 96.875 (82.546)
Epoch: [2][60/97], lr: 0.00100	Time 0.513 (0.610)	Data 0.000 (0.087)	Loss 1.8153 (1.6564)	Prec@1 18.750 (31.250)	Prec@5 87.500 (84.529)
Epoch: [2][80/97], lr: 0.00100	Time 0.512 (0.586)	Data 0.000 (0.066)	Loss 1.7227 (1.6431)	Prec@1 34.375 (31.520)	Prec@5 81.250 (84.298)
Freezing BatchNorm2D except the first one.
Epoch: [3][0/97], lr: 0.00100	Time 4.291 (4.291)	Data 4.025 (4.025)	Loss 1.6082 (1.6082)	Prec@1 37.500 (37.500)	Prec@5 90.625 (90.625)
Epoch: [3][20/97], lr: 0.00100	Time 0.512 (0.706)	Data 0.000 (0.206)	Loss 1.4926 (1.5175)	Prec@1 37.500 (36.905)	Prec@5 84.375 (87.649)
Epoch: [3][40/97], lr: 0.00100	Time 0.511 (0.614)	Data 0.000 (0.106)	Loss 1.3083 (1.5429)	Prec@1 59.375 (36.052)	Prec@5 93.750 (87.271)
Epoch: [3][60/97], lr: 0.00100	Time 0.516 (0.582)	Data 0.000 (0.071)	Loss 1.5659 (1.5383)	Prec@1 43.750 (36.834)	Prec@5 84.375 (87.551)
Epoch: [3][80/97], lr: 0.00100	Time 0.537 (0.566)	Data 0.000 (0.053)	Loss 1.3030 (1.5170)	Prec@1 40.625 (37.654)	Prec@5 90.625 (88.117)
Test: [0/35]	Time 3.043 (3.043)	Loss 1.0066 (1.0066)	Prec@1 50.000 (50.000)	Prec@5 100.000 (100.000)
Test: [20/35]	Time 0.126 (0.328)	Loss 1.1152 (1.3351)	Prec@1 53.125 (46.131)	Prec@5 100.000 (93.899)
Testing Results: Prec@1 46.322 Prec@5 95.005 Loss 1.28983
Best Prec@1: 46.322

Freezing BatchNorm2D except the first one.
Epoch: [4][0/97], lr: 0.00100	Time 4.270 (4.270)	Data 4.018 (4.018)	Loss 1.7057 (1.7057)	Prec@1 28.125 (28.125)	Prec@5 90.625 (90.625)
Epoch: [4][20/97], lr: 0.00100	Time 0.512 (0.703)	Data 0.000 (0.191)	Loss 1.5355 (1.2865)	Prec@1 40.625 (48.661)	Prec@5 87.500 (92.857)
Epoch: [4][40/97], lr: 0.00100	Time 0.513 (0.613)	Data 0.000 (0.098)	Loss 1.2829 (1.2862)	Prec@1 37.500 (47.104)	Prec@5 100.000 (93.293)
Epoch: [4][60/97], lr: 0.00100	Time 0.515 (0.582)	Data 0.000 (0.066)	Loss 1.0624 (1.2788)	Prec@1 53.125 (47.951)	Prec@5 96.875 (93.033)
Epoch: [4][80/97], lr: 0.00100	Time 0.512 (0.565)	Data 0.000 (0.050)	Loss 1.2292 (1.2677)	Prec@1 56.250 (48.804)	Prec@5 93.750 (92.747)
Freezing BatchNorm2D except the first one.
Epoch: [5][0/97], lr: 0.00100	Time 4.356 (4.356)	Data 4.046 (4.046)	Loss 1.6099 (1.6099)	Prec@1 37.500 (37.500)	Prec@5 87.500 (87.500)
Epoch: [5][20/97], lr: 0.00100	Time 0.514 (0.708)	Data 0.000 (0.211)	Loss 1.0808 (1.2791)	Prec@1 62.500 (47.917)	Prec@5 93.750 (91.220)
Epoch: [5][40/97], lr: 0.00100	Time 0.513 (0.613)	Data 0.000 (0.108)	Loss 1.0668 (1.1706)	Prec@1 53.125 (52.515)	Prec@5 93.750 (92.683)
Epoch: [5][60/97], lr: 0.00100	Time 0.513 (0.581)	Data 0.000 (0.073)	Loss 0.8024 (1.1313)	Prec@1 71.875 (54.713)	Prec@5 96.875 (93.135)
Epoch: [5][80/97], lr: 0.00100	Time 0.512 (0.565)	Data 0.000 (0.055)	Loss 1.0171 (1.1510)	Prec@1 59.375 (54.552)	Prec@5 96.875 (93.056)
Test: [0/35]	Time 3.015 (3.015)	Loss 0.4974 (0.4974)	Prec@1 78.125 (78.125)	Prec@5 100.000 (100.000)
Test: [20/35]	Time 0.126 (0.321)	Loss 0.6115 (1.3045)	Prec@1 84.375 (63.690)	Prec@5 100.000 (92.411)
Testing Results: Prec@1 65.940 Prec@5 95.005 Loss 1.10307
Best Prec@1: 65.940

Freezing BatchNorm2D except the first one.
Epoch: [6][0/97], lr: 0.00100	Time 4.743 (4.743)	Data 4.474 (4.474)	Loss 0.8370 (0.8370)	Prec@1 65.625 (65.625)	Prec@5 93.750 (93.750)
Epoch: [6][20/97], lr: 0.00100	Time 0.514 (0.728)	Data 0.000 (0.213)	Loss 0.9948 (1.0445)	Prec@1 65.625 (59.226)	Prec@5 90.625 (93.452)
Epoch: [6][40/97], lr: 0.00100	Time 0.534 (0.626)	Data 0.000 (0.109)	Loss 0.9561 (0.9553)	Prec@1 59.375 (63.186)	Prec@5 87.500 (93.979)
Epoch: [6][60/97], lr: 0.00100	Time 0.516 (0.590)	Data 0.000 (0.073)	Loss 0.9610 (0.9695)	Prec@1 59.375 (62.807)	Prec@5 93.750 (94.314)
Epoch: [6][80/97], lr: 0.00100	Time 0.513 (0.572)	Data 0.000 (0.055)	Loss 0.8403 (0.9390)	Prec@1 59.375 (63.966)	Prec@5 93.750 (94.676)
Freezing BatchNorm2D except the first one.
Epoch: [7][0/97], lr: 0.00100	Time 3.874 (3.874)	Data 3.569 (3.569)	Loss 1.0890 (1.0890)	Prec@1 56.250 (56.250)	Prec@5 90.625 (90.625)
Epoch: [7][20/97], lr: 0.00100	Time 0.543 (0.686)	Data 0.000 (0.170)	Loss 0.4365 (0.7887)	Prec@1 84.375 (69.196)	Prec@5 96.875 (95.387)
Epoch: [7][40/97], lr: 0.00100	Time 0.513 (0.603)	Data 0.000 (0.087)	Loss 0.5832 (0.7628)	Prec@1 75.000 (70.351)	Prec@5 96.875 (95.274)
Epoch: [7][60/97], lr: 0.00100	Time 0.514 (0.576)	Data 0.000 (0.059)	Loss 1.0026 (0.8108)	Prec@1 71.875 (68.750)	Prec@5 90.625 (94.928)
Epoch: [7][80/97], lr: 0.00100	Time 0.536 (0.561)	Data 0.000 (0.044)	Loss 0.6065 (0.8042)	Prec@1 71.875 (68.866)	Prec@5 96.875 (95.177)
Test: [0/35]	Time 3.181 (3.181)	Loss 0.6801 (0.6801)	Prec@1 59.375 (59.375)	Prec@5 100.000 (100.000)
Test: [20/35]	Time 0.126 (0.332)	Loss 0.7118 (0.9719)	Prec@1 71.875 (65.774)	Prec@5 100.000 (96.875)
Testing Results: Prec@1 66.757 Prec@5 97.366 Loss 0.93464
Best Prec@1: 66.757

Freezing BatchNorm2D except the first one.
Epoch: [8][0/97], lr: 0.00100	Time 3.752 (3.752)	Data 3.442 (3.442)	Loss 0.9043 (0.9043)	Prec@1 71.875 (71.875)	Prec@5 93.750 (93.750)
Epoch: [8][20/97], lr: 0.00100	Time 0.522 (0.684)	Data 0.000 (0.172)	Loss 0.6796 (0.9738)	Prec@1 68.750 (63.988)	Prec@5 93.750 (94.643)
Epoch: [8][40/97], lr: 0.00100	Time 0.521 (0.601)	Data 0.000 (0.088)	Loss 0.7938 (0.9201)	Prec@1 65.625 (65.930)	Prec@5 93.750 (95.122)
Epoch: [8][60/97], lr: 0.00100	Time 0.526 (0.574)	Data 0.000 (0.059)	Loss 0.7492 (0.8830)	Prec@1 68.750 (66.752)	Prec@5 93.750 (94.928)
Epoch: [8][80/97], lr: 0.00100	Time 0.513 (0.559)	Data 0.000 (0.045)	Loss 0.7302 (0.8639)	Prec@1 81.250 (67.631)	Prec@5 100.000 (95.177)
Freezing BatchNorm2D except the first one.
Epoch: [9][0/97], lr: 0.00100	Time 3.612 (3.612)	Data 3.333 (3.333)	Loss 0.8662 (0.8662)	Prec@1 68.750 (68.750)	Prec@5 96.875 (96.875)
Epoch: [9][20/97], lr: 0.00100	Time 0.515 (0.689)	Data 0.000 (0.191)	Loss 0.4810 (0.6434)	Prec@1 78.125 (74.851)	Prec@5 96.875 (97.024)
Epoch: [9][40/97], lr: 0.00100	Time 0.511 (0.604)	Data 0.000 (0.098)	Loss 1.0427 (0.6644)	Prec@1 59.375 (74.390)	Prec@5 96.875 (96.951)
Epoch: [9][60/97], lr: 0.00100	Time 0.513 (0.574)	Data 0.000 (0.066)	Loss 0.8185 (0.6831)	Prec@1 68.750 (73.924)	Prec@5 100.000 (96.363)
Epoch: [9][80/97], lr: 0.00100	Time 0.510 (0.560)	Data 0.000 (0.050)	Loss 0.7951 (0.6764)	Prec@1 62.500 (74.614)	Prec@5 96.875 (96.258)
Test: [0/35]	Time 3.772 (3.772)	Loss 0.3824 (0.3824)	Prec@1 81.250 (81.250)	Prec@5 100.000 (100.000)
Test: [20/35]	Time 0.145 (0.329)	Loss 0.4049 (1.0017)	Prec@1 81.250 (74.405)	Prec@5 100.000 (96.577)
Testing Results: Prec@1 75.386 Prec@5 97.457 Loss 0.80261
Best Prec@1: 75.386

Freezing BatchNorm2D except the first one.
Epoch: [10][0/97], lr: 0.00100	Time 4.449 (4.449)	Data 4.081 (4.081)	Loss 0.7343 (0.7343)	Prec@1 62.500 (62.500)	Prec@5 100.000 (100.000)
Epoch: [10][20/97], lr: 0.00100	Time 0.513 (0.712)	Data 0.000 (0.194)	Loss 0.9298 (0.7439)	Prec@1 53.125 (70.982)	Prec@5 90.625 (96.131)
Epoch: [10][40/97], lr: 0.00100	Time 0.513 (0.618)	Data 0.000 (0.100)	Loss 0.6828 (0.6779)	Prec@1 75.000 (73.018)	Prec@5 93.750 (96.189)
Epoch: [10][60/97], lr: 0.00100	Time 0.513 (0.586)	Data 0.000 (0.067)	Loss 0.7039 (0.6441)	Prec@1 71.875 (74.283)	Prec@5 90.625 (96.670)
Epoch: [10][80/97], lr: 0.00100	Time 0.513 (0.568)	Data 0.000 (0.050)	Loss 0.3925 (0.6422)	Prec@1 81.250 (74.691)	Prec@5 100.000 (96.759)
Freezing BatchNorm2D except the first one.
Epoch: [11][0/97], lr: 0.00100	Time 3.344 (3.344)	Data 3.043 (3.043)	Loss 0.7086 (0.7086)	Prec@1 71.875 (71.875)	Prec@5 96.875 (96.875)
Epoch: [11][20/97], lr: 0.00100	Time 0.515 (0.665)	Data 0.000 (0.147)	Loss 0.4293 (0.5754)	Prec@1 84.375 (77.530)	Prec@5 96.875 (98.065)
Epoch: [11][40/97], lr: 0.00100	Time 0.513 (0.593)	Data 0.000 (0.076)	Loss 0.4221 (0.6101)	Prec@1 81.250 (76.677)	Prec@5 100.000 (96.799)
Epoch: [11][60/97], lr: 0.00100	Time 0.517 (0.568)	Data 0.000 (0.051)	Loss 0.4504 (0.5735)	Prec@1 81.250 (77.664)	Prec@5 96.875 (96.977)
Epoch: [11][80/97], lr: 0.00100	Time 0.512 (0.554)	Data 0.000 (0.038)	Loss 0.5259 (0.5966)	Prec@1 68.750 (76.505)	Prec@5 100.000 (96.605)
Test: [0/35]	Time 3.814 (3.814)	Loss 0.2104 (0.2104)	Prec@1 84.375 (84.375)	Prec@5 100.000 (100.000)
Test: [20/35]	Time 0.126 (0.329)	Loss 0.3180 (0.7764)	Prec@1 84.375 (78.125)	Prec@5 100.000 (97.470)
Testing Results: Prec@1 80.654 Prec@5 98.365 Loss 0.62590
Best Prec@1: 80.654

Freezing BatchNorm2D except the first one.
Epoch: [12][0/97], lr: 0.00100	Time 4.487 (4.487)	Data 4.251 (4.251)	Loss 0.3793 (0.3793)	Prec@1 84.375 (84.375)	Prec@5 100.000 (100.000)
Epoch: [12][20/97], lr: 0.00100	Time 0.529 (0.713)	Data 0.000 (0.203)	Loss 0.5961 (0.5400)	Prec@1 68.750 (77.679)	Prec@5 100.000 (98.214)
Epoch: [12][40/97], lr: 0.00100	Time 0.513 (0.619)	Data 0.000 (0.104)	Loss 0.4715 (0.5422)	Prec@1 87.500 (78.506)	Prec@5 100.000 (98.018)
Epoch: [12][60/97], lr: 0.00100	Time 0.546 (0.586)	Data 0.000 (0.070)	Loss 0.7885 (0.5570)	Prec@1 65.625 (77.715)	Prec@5 96.875 (97.592)
Epoch: [12][80/97], lr: 0.00100	Time 0.513 (0.568)	Data 0.000 (0.053)	Loss 0.8828 (0.6204)	Prec@1 65.625 (75.810)	Prec@5 96.875 (96.875)
Freezing BatchNorm2D except the first one.
Epoch: [13][0/97], lr: 0.00100	Time 3.208 (3.208)	Data 2.891 (2.891)	Loss 0.5782 (0.5782)	Prec@1 71.875 (71.875)	Prec@5 96.875 (96.875)
Epoch: [13][20/97], lr: 0.00100	Time 0.514 (0.656)	Data 0.000 (0.152)	Loss 0.4018 (0.5322)	Prec@1 81.250 (78.720)	Prec@5 96.875 (96.131)
Epoch: [13][40/97], lr: 0.00100	Time 0.513 (0.590)	Data 0.000 (0.078)	Loss 0.5319 (0.5395)	Prec@1 75.000 (79.878)	Prec@5 100.000 (96.875)
Epoch: [13][60/97], lr: 0.00100	Time 0.514 (0.566)	Data 0.000 (0.052)	Loss 0.4922 (0.5329)	Prec@1 75.000 (79.355)	Prec@5 96.875 (96.926)
Epoch: [13][80/97], lr: 0.00100	Time 0.512 (0.554)	Data 0.000 (0.039)	Loss 0.5562 (0.5422)	Prec@1 81.250 (79.128)	Prec@5 96.875 (96.836)
Test: [0/35]	Time 3.911 (3.911)	Loss 0.1636 (0.1636)	Prec@1 87.500 (87.500)	Prec@5 100.000 (100.000)
Test: [20/35]	Time 0.126 (0.331)	Loss 0.3465 (0.8021)	Prec@1 87.500 (80.506)	Prec@5 100.000 (97.917)
Testing Results: Prec@1 82.925 Prec@5 98.638 Loss 0.61242
Best Prec@1: 82.925

Freezing BatchNorm2D except the first one.
Epoch: [14][0/97], lr: 0.00100	Time 3.687 (3.687)	Data 3.372 (3.372)	Loss 0.3677 (0.3677)	Prec@1 84.375 (84.375)	Prec@5 96.875 (96.875)
Epoch: [14][20/97], lr: 0.00100	Time 0.513 (0.677)	Data 0.000 (0.161)	Loss 0.4191 (0.4937)	Prec@1 81.250 (79.464)	Prec@5 100.000 (97.321)
Epoch: [14][40/97], lr: 0.00100	Time 0.520 (0.598)	Data 0.000 (0.082)	Loss 0.8431 (0.5089)	Prec@1 65.625 (79.040)	Prec@5 87.500 (97.409)
Epoch: [14][60/97], lr: 0.00100	Time 0.527 (0.571)	Data 0.000 (0.055)	Loss 0.8462 (0.5449)	Prec@1 75.000 (78.689)	Prec@5 93.750 (97.336)
Epoch: [14][80/97], lr: 0.00100	Time 0.512 (0.557)	Data 0.000 (0.042)	Loss 0.5566 (0.5517)	Prec@1 71.875 (78.048)	Prec@5 93.750 (97.338)
Freezing BatchNorm2D except the first one.
Epoch: [15][0/97], lr: 0.00100	Time 2.970 (2.970)	Data 2.688 (2.688)	Loss 0.3577 (0.3577)	Prec@1 81.250 (81.250)	Prec@5 100.000 (100.000)
Epoch: [15][20/97], lr: 0.00100	Time 0.513 (0.657)	Data 0.000 (0.157)	Loss 0.4024 (0.5426)	Prec@1 90.625 (78.423)	Prec@5 100.000 (97.619)
Epoch: [15][40/97], lr: 0.00100	Time 0.512 (0.589)	Data 0.000 (0.080)	Loss 0.3525 (0.5503)	Prec@1 81.250 (79.040)	Prec@5 96.875 (96.951)
Epoch: [15][60/97], lr: 0.00100	Time 0.513 (0.564)	Data 0.000 (0.054)	Loss 0.4424 (0.5199)	Prec@1 84.375 (79.559)	Prec@5 100.000 (97.285)
Epoch: [15][80/97], lr: 0.00100	Time 0.513 (0.552)	Data 0.000 (0.041)	Loss 0.3628 (0.5111)	Prec@1 90.625 (79.938)	Prec@5 100.000 (97.647)
Test: [0/35]	Time 3.840 (3.840)	Loss 0.1834 (0.1834)	Prec@1 87.500 (87.500)	Prec@5 100.000 (100.000)
Test: [20/35]	Time 0.140 (0.328)	Loss 0.2626 (0.4608)	Prec@1 93.750 (84.524)	Prec@5 100.000 (98.363)
Testing Results: Prec@1 86.376 Prec@5 98.910 Loss 0.39118
Best Prec@1: 86.376

Freezing BatchNorm2D except the first one.
Epoch: [16][0/97], lr: 0.00100	Time 3.517 (3.517)	Data 3.216 (3.216)	Loss 0.2955 (0.2955)	Prec@1 90.625 (90.625)	Prec@5 100.000 (100.000)
Epoch: [16][20/97], lr: 0.00100	Time 0.513 (0.668)	Data 0.000 (0.163)	Loss 0.3178 (0.4168)	Prec@1 90.625 (83.780)	Prec@5 100.000 (98.810)
Epoch: [16][40/97], lr: 0.00100	Time 0.518 (0.595)	Data 0.000 (0.083)	Loss 0.3295 (0.4461)	Prec@1 90.625 (82.241)	Prec@5 100.000 (98.552)
Epoch: [16][60/97], lr: 0.00100	Time 0.514 (0.569)	Data 0.000 (0.056)	Loss 0.2992 (0.4834)	Prec@1 90.625 (80.789)	Prec@5 100.000 (98.105)
Epoch: [16][80/97], lr: 0.00100	Time 0.512 (0.556)	Data 0.000 (0.042)	Loss 0.2467 (0.4787)	Prec@1 87.500 (80.826)	Prec@5 100.000 (98.225)
Freezing BatchNorm2D except the first one.
Epoch: [17][0/97], lr: 0.00100	Time 3.355 (3.355)	Data 3.064 (3.064)	Loss 0.5012 (0.5012)	Prec@1 87.500 (87.500)	Prec@5 93.750 (93.750)
Epoch: [17][20/97], lr: 0.00100	Time 0.514 (0.661)	Data 0.000 (0.146)	Loss 0.5643 (0.4405)	Prec@1 84.375 (82.887)	Prec@5 90.625 (97.917)
Epoch: [17][40/97], lr: 0.00100	Time 0.517 (0.590)	Data 0.000 (0.075)	Loss 0.5528 (0.4304)	Prec@1 81.250 (82.774)	Prec@5 96.875 (97.790)
Epoch: [17][60/97], lr: 0.00100	Time 0.515 (0.566)	Data 0.000 (0.050)	Loss 0.4047 (0.4400)	Prec@1 84.375 (82.633)	Prec@5 96.875 (97.848)
Epoch: [17][80/97], lr: 0.00100	Time 0.513 (0.553)	Data 0.000 (0.038)	Loss 0.3908 (0.4454)	Prec@1 78.125 (82.292)	Prec@5 100.000 (97.569)
Test: [0/35]	Time 3.007 (3.007)	Loss 0.2648 (0.2648)	Prec@1 90.625 (90.625)	Prec@5 100.000 (100.000)
Test: [20/35]	Time 0.126 (0.324)	Loss 0.4261 (0.5981)	Prec@1 81.250 (81.548)	Prec@5 100.000 (98.512)
Testing Results: Prec@1 82.834 Prec@5 98.910 Loss 0.51803
Best Prec@1: 86.376

Freezing BatchNorm2D except the first one.
Epoch: [18][0/97], lr: 0.00100	Time 3.345 (3.345)	Data 3.047 (3.047)	Loss 0.3737 (0.3737)	Prec@1 78.125 (78.125)	Prec@5 96.875 (96.875)
Epoch: [18][20/97], lr: 0.00100	Time 0.513 (0.665)	Data 0.000 (0.145)	Loss 0.3430 (0.4391)	Prec@1 84.375 (81.548)	Prec@5 100.000 (97.917)
Epoch: [18][40/97], lr: 0.00100	Time 0.515 (0.594)	Data 0.000 (0.074)	Loss 0.6363 (0.4204)	Prec@1 75.000 (82.698)	Prec@5 96.875 (97.942)
Epoch: [18][60/97], lr: 0.00100	Time 0.517 (0.570)	Data 0.000 (0.050)	Loss 0.6933 (0.4412)	Prec@1 78.125 (82.018)	Prec@5 100.000 (97.848)
Epoch: [18][80/97], lr: 0.00100	Time 0.515 (0.556)	Data 0.000 (0.038)	Loss 0.6524 (0.4429)	Prec@1 87.500 (82.369)	Prec@5 100.000 (97.801)
Freezing BatchNorm2D except the first one.
Epoch: [19][0/97], lr: 0.00100	Time 2.940 (2.940)	Data 2.547 (2.547)	Loss 0.6490 (0.6490)	Prec@1 65.625 (65.625)	Prec@5 100.000 (100.000)
Epoch: [19][20/97], lr: 0.00100	Time 0.514 (0.646)	Data 0.000 (0.129)	Loss 0.5993 (0.4311)	Prec@1 75.000 (83.780)	Prec@5 93.750 (98.958)
Epoch: [19][40/97], lr: 0.00100	Time 0.513 (0.584)	Data 0.000 (0.066)	Loss 0.5523 (0.4524)	Prec@1 78.125 (82.470)	Prec@5 93.750 (98.476)
Epoch: [19][60/97], lr: 0.00100	Time 0.514 (0.563)	Data 0.000 (0.045)	Loss 0.4979 (0.4587)	Prec@1 81.250 (82.121)	Prec@5 100.000 (98.258)
Epoch: [19][80/97], lr: 0.00100	Time 0.514 (0.551)	Data 0.000 (0.034)	Loss 0.3143 (0.4436)	Prec@1 81.250 (82.446)	Prec@5 96.875 (98.341)
Test: [0/35]	Time 3.539 (3.539)	Loss 0.2391 (0.2391)	Prec@1 84.375 (84.375)	Prec@5 100.000 (100.000)
Test: [20/35]	Time 0.126 (0.336)	Loss 0.6541 (0.6157)	Prec@1 81.250 (80.357)	Prec@5 93.750 (97.917)
Testing Results: Prec@1 81.381 Prec@5 98.547 Loss 0.55984
Best Prec@1: 86.376

Freezing BatchNorm2D except the first one.
Epoch: [20][0/97], lr: 0.00010	Time 3.202 (3.202)	Data 2.849 (2.849)	Loss 0.3887 (0.3887)	Prec@1 81.250 (81.250)	Prec@5 100.000 (100.000)
Epoch: [20][20/97], lr: 0.00010	Time 0.514 (0.651)	Data 0.000 (0.151)	Loss 0.2211 (0.3913)	Prec@1 90.625 (83.929)	Prec@5 100.000 (97.768)
Epoch: [20][40/97], lr: 0.00010	Time 0.514 (0.586)	Data 0.000 (0.077)	Loss 0.5733 (0.3759)	Prec@1 75.000 (84.527)	Prec@5 96.875 (98.171)
Epoch: [20][60/97], lr: 0.00010	Time 0.533 (0.564)	Data 0.000 (0.052)	Loss 0.3480 (0.3712)	Prec@1 84.375 (84.836)	Prec@5 100.000 (98.156)
Epoch: [20][80/97], lr: 0.00010	Time 0.513 (0.552)	Data 0.000 (0.039)	Loss 0.1131 (0.3625)	Prec@1 100.000 (85.108)	Prec@5 100.000 (98.148)
Freezing BatchNorm2D except the first one.
Epoch: [21][0/97], lr: 0.00010	Time 3.575 (3.575)	Data 3.223 (3.223)	Loss 0.3148 (0.3148)	Prec@1 84.375 (84.375)	Prec@5 100.000 (100.000)
Epoch: [21][20/97], lr: 0.00010	Time 0.515 (0.676)	Data 0.000 (0.154)	Loss 0.3099 (0.3249)	Prec@1 93.750 (87.649)	Prec@5 96.875 (98.363)
Epoch: [21][40/97], lr: 0.00010	Time 0.514 (0.599)	Data 0.000 (0.079)	Loss 0.4489 (0.3500)	Prec@1 81.250 (85.671)	Prec@5 96.875 (98.171)
Epoch: [21][60/97], lr: 0.00010	Time 0.514 (0.572)	Data 0.000 (0.053)	Loss 0.2263 (0.3495)	Prec@1 90.625 (86.117)	Prec@5 100.000 (97.951)
Epoch: [21][80/97], lr: 0.00010	Time 0.513 (0.558)	Data 0.000 (0.040)	Loss 0.5563 (0.3444)	Prec@1 71.875 (85.995)	Prec@5 93.750 (98.032)
Test: [0/35]	Time 3.643 (3.643)	Loss 0.1352 (0.1352)	Prec@1 93.750 (93.750)	Prec@5 100.000 (100.000)
Test: [20/35]	Time 0.126 (0.323)	Loss 0.3828 (0.4712)	Prec@1 87.500 (86.012)	Prec@5 100.000 (98.214)
Testing Results: Prec@1 86.921 Prec@5 98.728 Loss 0.41841
Best Prec@1: 86.921

Freezing BatchNorm2D except the first one.
Epoch: [22][0/97], lr: 0.00010	Time 3.402 (3.402)	Data 3.094 (3.094)	Loss 0.4393 (0.4393)	Prec@1 81.250 (81.250)	Prec@5 93.750 (93.750)
Epoch: [22][20/97], lr: 0.00010	Time 0.551 (0.668)	Data 0.000 (0.148)	Loss 0.5297 (0.3185)	Prec@1 75.000 (86.161)	Prec@5 100.000 (98.661)
Epoch: [22][40/97], lr: 0.00010	Time 0.535 (0.595)	Data 0.000 (0.076)	Loss 0.5180 (0.3199)	Prec@1 81.250 (86.585)	Prec@5 100.000 (98.476)
Epoch: [22][60/97], lr: 0.00010	Time 0.518 (0.570)	Data 0.000 (0.051)	Loss 0.2952 (0.3183)	Prec@1 90.625 (86.885)	Prec@5 100.000 (98.514)
Epoch: [22][80/97], lr: 0.00010	Time 0.513 (0.556)	Data 0.000 (0.038)	Loss 0.3521 (0.3221)	Prec@1 90.625 (86.574)	Prec@5 96.875 (98.573)
Freezing BatchNorm2D except the first one.
Epoch: [23][0/97], lr: 0.00010	Time 3.281 (3.281)	Data 2.850 (2.850)	Loss 0.2394 (0.2394)	Prec@1 87.500 (87.500)	Prec@5 96.875 (96.875)
Epoch: [23][20/97], lr: 0.00010	Time 0.524 (0.667)	Data 0.000 (0.138)	Loss 0.3270 (0.3047)	Prec@1 84.375 (88.095)	Prec@5 100.000 (98.363)
Epoch: [23][40/97], lr: 0.00010	Time 0.515 (0.594)	Data 0.000 (0.071)	Loss 0.6778 (0.3272)	Prec@1 78.125 (87.043)	Prec@5 100.000 (98.323)
Epoch: [23][60/97], lr: 0.00010	Time 0.522 (0.569)	Data 0.000 (0.048)	Loss 0.3396 (0.3288)	Prec@1 87.500 (86.834)	Prec@5 96.875 (98.463)
Epoch: [23][80/97], lr: 0.00010	Time 0.513 (0.555)	Data 0.000 (0.036)	Loss 0.1239 (0.3244)	Prec@1 96.875 (86.883)	Prec@5 100.000 (98.573)
Test: [0/35]	Time 2.992 (2.992)	Loss 0.1287 (0.1287)	Prec@1 93.750 (93.750)	Prec@5 100.000 (100.000)
Test: [20/35]	Time 0.126 (0.326)	Loss 0.4761 (0.4893)	Prec@1 87.500 (85.565)	Prec@5 100.000 (98.810)
Testing Results: Prec@1 87.284 Prec@5 99.092 Loss 0.42639
Best Prec@1: 87.284

Freezing BatchNorm2D except the first one.
Epoch: [24][0/97], lr: 0.00010	Time 3.173 (3.173)	Data 2.813 (2.813)	Loss 0.3035 (0.3035)	Prec@1 90.625 (90.625)	Prec@5 96.875 (96.875)
Epoch: [24][20/97], lr: 0.00010	Time 0.514 (0.664)	Data 0.000 (0.156)	Loss 0.2370 (0.3037)	Prec@1 87.500 (88.095)	Prec@5 100.000 (98.958)
Epoch: [24][40/97], lr: 0.00010	Time 0.515 (0.593)	Data 0.000 (0.080)	Loss 0.2161 (0.2992)	Prec@1 93.750 (88.110)	Prec@5 100.000 (98.552)
Epoch: [24][60/97], lr: 0.00010	Time 0.513 (0.569)	Data 0.000 (0.054)	Loss 0.1002 (0.3094)	Prec@1 100.000 (87.346)	Prec@5 100.000 (98.514)
Epoch: [24][80/97], lr: 0.00010	Time 0.537 (0.556)	Data 0.000 (0.041)	Loss 0.4736 (0.3118)	Prec@1 78.125 (87.307)	Prec@5 100.000 (98.573)
Freezing BatchNorm2D except the first one.
Epoch: [25][0/97], lr: 0.00010	Time 3.289 (3.289)	Data 2.950 (2.950)	Loss 0.3595 (0.3595)	Prec@1 84.375 (84.375)	Prec@5 100.000 (100.000)
Epoch: [25][20/97], lr: 0.00010	Time 0.524 (0.667)	Data 0.000 (0.141)	Loss 0.4235 (0.3388)	Prec@1 81.250 (86.161)	Prec@5 100.000 (97.917)
Epoch: [25][40/97], lr: 0.00010	Time 0.514 (0.595)	Data 0.000 (0.072)	Loss 0.2896 (0.3258)	Prec@1 87.500 (87.271)	Prec@5 96.875 (97.790)
Epoch: [25][60/97], lr: 0.00010	Time 0.515 (0.570)	Data 0.000 (0.048)	Loss 0.3071 (0.3232)	Prec@1 87.500 (87.602)	Prec@5 100.000 (97.951)
Epoch: [25][80/97], lr: 0.00010	Time 0.513 (0.557)	Data 0.000 (0.037)	Loss 0.3561 (0.3243)	Prec@1 75.000 (86.728)	Prec@5 100.000 (98.110)
Test: [0/35]	Time 3.562 (3.562)	Loss 0.1345 (0.1345)	Prec@1 93.750 (93.750)	Prec@5 100.000 (100.000)
Test: [20/35]	Time 0.126 (0.324)	Loss 0.4717 (0.5157)	Prec@1 84.375 (84.375)	Prec@5 100.000 (98.512)
Testing Results: Prec@1 85.922 Prec@5 99.001 Loss 0.42686
Best Prec@1: 87.284

Freezing BatchNorm2D except the first one.
Epoch: [26][0/97], lr: 0.00010	Time 3.056 (3.056)	Data 2.690 (2.690)	Loss 0.2563 (0.2563)	Prec@1 90.625 (90.625)	Prec@5 100.000 (100.000)
Epoch: [26][20/97], lr: 0.00010	Time 0.514 (0.644)	Data 0.000 (0.129)	Loss 0.2510 (0.2895)	Prec@1 93.750 (88.095)	Prec@5 96.875 (98.661)
Epoch: [26][40/97], lr: 0.00010	Time 0.515 (0.582)	Data 0.000 (0.066)	Loss 0.4719 (0.2992)	Prec@1 78.125 (87.348)	Prec@5 96.875 (98.552)
Epoch: [26][60/97], lr: 0.00010	Time 0.513 (0.560)	Data 0.000 (0.044)	Loss 0.3875 (0.3030)	Prec@1 87.500 (87.807)	Prec@5 100.000 (98.463)
Epoch: [26][80/97], lr: 0.00010	Time 0.514 (0.549)	Data 0.000 (0.033)	Loss 0.1855 (0.3090)	Prec@1 96.875 (87.616)	Prec@5 100.000 (98.225)
Freezing BatchNorm2D except the first one.
Epoch: [27][0/97], lr: 0.00010	Time 3.812 (3.812)	Data 3.471 (3.471)	Loss 0.2696 (0.2696)	Prec@1 87.500 (87.500)	Prec@5 100.000 (100.000)
Epoch: [27][20/97], lr: 0.00010	Time 0.514 (0.683)	Data 0.000 (0.165)	Loss 0.5445 (0.3222)	Prec@1 81.250 (85.268)	Prec@5 96.875 (98.512)
Epoch: [27][40/97], lr: 0.00010	Time 0.514 (0.602)	Data 0.000 (0.085)	Loss 0.4274 (0.3308)	Prec@1 81.250 (85.899)	Prec@5 96.875 (98.476)
Epoch: [27][60/97], lr: 0.00010	Time 0.528 (0.574)	Data 0.000 (0.057)	Loss 0.3602 (0.3268)	Prec@1 90.625 (86.270)	Prec@5 96.875 (98.361)
Epoch: [27][80/97], lr: 0.00010	Time 0.514 (0.559)	Data 0.000 (0.043)	Loss 0.3195 (0.3247)	Prec@1 87.500 (86.458)	Prec@5 96.875 (98.341)
Test: [0/35]	Time 3.274 (3.274)	Loss 0.1377 (0.1377)	Prec@1 93.750 (93.750)	Prec@5 100.000 (100.000)
Test: [20/35]	Time 0.160 (0.322)	Loss 0.3894 (0.4561)	Prec@1 87.500 (86.310)	Prec@5 100.000 (98.512)
Testing Results: Prec@1 87.375 Prec@5 99.001 Loss 0.39412
Best Prec@1: 87.375

Freezing BatchNorm2D except the first one.
Epoch: [28][0/97], lr: 0.00010	Time 3.207 (3.207)	Data 2.848 (2.848)	Loss 0.2895 (0.2895)	Prec@1 87.500 (87.500)	Prec@5 100.000 (100.000)
Epoch: [28][20/97], lr: 0.00010	Time 0.545 (0.659)	Data 0.000 (0.136)	Loss 0.2825 (0.3104)	Prec@1 81.250 (87.054)	Prec@5 100.000 (98.958)
Epoch: [28][40/97], lr: 0.00010	Time 0.516 (0.589)	Data 0.000 (0.070)	Loss 0.7226 (0.3102)	Prec@1 75.000 (87.271)	Prec@5 96.875 (98.704)
Epoch: [28][60/97], lr: 0.00010	Time 0.516 (0.565)	Data 0.000 (0.047)	Loss 0.4632 (0.3144)	Prec@1 81.250 (87.244)	Prec@5 100.000 (98.514)
Epoch: [28][80/97], lr: 0.00010	Time 0.514 (0.553)	Data 0.000 (0.035)	Loss 0.2525 (0.3171)	Prec@1 93.750 (86.844)	Prec@5 96.875 (98.495)
Freezing BatchNorm2D except the first one.
Epoch: [29][0/97], lr: 0.00010	Time 3.610 (3.610)	Data 3.319 (3.319)	Loss 0.3459 (0.3459)	Prec@1 81.250 (81.250)	Prec@5 93.750 (93.750)
Epoch: [29][20/97], lr: 0.00010	Time 0.514 (0.673)	Data 0.000 (0.158)	Loss 0.2712 (0.3552)	Prec@1 90.625 (84.970)	Prec@5 100.000 (97.470)
Epoch: [29][40/97], lr: 0.00010	Time 0.514 (0.597)	Data 0.000 (0.081)	Loss 0.3032 (0.3229)	Prec@1 78.125 (86.052)	Prec@5 100.000 (97.713)
Epoch: [29][60/97], lr: 0.00010	Time 0.514 (0.570)	Data 0.000 (0.055)	Loss 0.2053 (0.3149)	Prec@1 93.750 (87.039)	Prec@5 100.000 (97.643)
Epoch: [29][80/97], lr: 0.00010	Time 0.514 (0.556)	Data 0.000 (0.041)	Loss 0.2181 (0.3110)	Prec@1 87.500 (87.114)	Prec@5 96.875 (97.762)
Test: [0/35]	Time 3.814 (3.814)	Loss 0.1205 (0.1205)	Prec@1 93.750 (93.750)	Prec@5 100.000 (100.000)
Test: [20/35]	Time 0.126 (0.331)	Loss 0.5116 (0.5428)	Prec@1 90.625 (84.821)	Prec@5 100.000 (98.065)
Testing Results: Prec@1 86.921 Prec@5 98.547 Loss 0.46492
Best Prec@1: 87.375

Freezing BatchNorm2D except the first one.
Epoch: [30][0/97], lr: 0.00010	Time 2.915 (2.915)	Data 2.497 (2.497)	Loss 0.3553 (0.3553)	Prec@1 84.375 (84.375)	Prec@5 100.000 (100.000)
Epoch: [30][20/97], lr: 0.00010	Time 0.514 (0.646)	Data 0.000 (0.119)	Loss 0.1682 (0.3141)	Prec@1 93.750 (88.690)	Prec@5 96.875 (98.214)
Epoch: [30][40/97], lr: 0.00010	Time 0.515 (0.585)	Data 0.000 (0.061)	Loss 0.1612 (0.2915)	Prec@1 93.750 (88.948)	Prec@5 100.000 (98.399)
Epoch: [30][60/97], lr: 0.00010	Time 0.514 (0.563)	Data 0.000 (0.041)	Loss 0.3115 (0.3068)	Prec@1 90.625 (87.551)	Prec@5 93.750 (98.207)
Epoch: [30][80/97], lr: 0.00010	Time 0.514 (0.551)	Data 0.000 (0.031)	Loss 0.3818 (0.2958)	Prec@1 87.500 (87.770)	Prec@5 100.000 (98.418)
Freezing BatchNorm2D except the first one.
Epoch: [31][0/97], lr: 0.00010	Time 3.820 (3.820)	Data 3.560 (3.560)	Loss 0.0935 (0.0935)	Prec@1 93.750 (93.750)	Prec@5 100.000 (100.000)
Epoch: [31][20/97], lr: 0.00010	Time 0.514 (0.684)	Data 0.000 (0.170)	Loss 0.3429 (0.2848)	Prec@1 90.625 (88.393)	Prec@5 93.750 (98.512)
Epoch: [31][40/97], lr: 0.00010	Time 0.550 (0.603)	Data 0.000 (0.087)	Loss 0.2199 (0.3254)	Prec@1 90.625 (86.433)	Prec@5 96.875 (98.247)
Epoch: [31][60/97], lr: 0.00010	Time 0.514 (0.574)	Data 0.000 (0.058)	Loss 0.3766 (0.3200)	Prec@1 84.375 (86.936)	Prec@5 96.875 (98.053)
Epoch: [31][80/97], lr: 0.00010	Time 0.515 (0.560)	Data 0.000 (0.044)	Loss 0.2021 (0.3192)	Prec@1 93.750 (87.076)	Prec@5 100.000 (98.071)
Test: [0/35]	Time 3.944 (3.944)	Loss 0.1284 (0.1284)	Prec@1 93.750 (93.750)	Prec@5 100.000 (100.000)
Test: [20/35]	Time 0.126 (0.335)	Loss 0.3893 (0.5023)	Prec@1 87.500 (86.012)	Prec@5 100.000 (98.363)
Testing Results: Prec@1 87.193 Prec@5 98.819 Loss 0.42469
Best Prec@1: 87.375

Freezing BatchNorm2D except the first one.
Epoch: [32][0/97], lr: 0.00010	Time 3.123 (3.123)	Data 2.788 (2.788)	Loss 0.1572 (0.1572)	Prec@1 93.750 (93.750)	Prec@5 100.000 (100.000)
Epoch: [32][20/97], lr: 0.00010	Time 0.516 (0.672)	Data 0.000 (0.166)	Loss 0.1946 (0.3165)	Prec@1 93.750 (87.351)	Prec@5 100.000 (98.810)
Epoch: [32][40/97], lr: 0.00010	Time 0.517 (0.596)	Data 0.000 (0.085)	Loss 0.3282 (0.2951)	Prec@1 90.625 (88.034)	Prec@5 100.000 (98.933)
Epoch: [32][60/97], lr: 0.00010	Time 0.506 (0.570)	Data 0.000 (0.057)	Loss 0.2415 (0.3072)	Prec@1 81.250 (88.012)	Prec@5 100.000 (98.566)
Epoch: [32][80/97], lr: 0.00010	Time 0.514 (0.556)	Data 0.000 (0.043)	Loss 0.1573 (0.2973)	Prec@1 96.875 (88.194)	Prec@5 100.000 (98.457)
Freezing BatchNorm2D except the first one.
Epoch: [33][0/97], lr: 0.00010	Time 3.305 (3.305)	Data 2.983 (2.983)	Loss 0.3964 (0.3964)	Prec@1 78.125 (78.125)	Prec@5 100.000 (100.000)
Epoch: [33][20/97], lr: 0.00010	Time 0.516 (0.665)	Data 0.000 (0.142)	Loss 0.3074 (0.2378)	Prec@1 87.500 (89.583)	Prec@5 96.875 (98.958)
Epoch: [33][40/97], lr: 0.00010	Time 0.515 (0.592)	Data 0.000 (0.073)	Loss 0.3757 (0.3006)	Prec@1 90.625 (87.043)	Prec@5 96.875 (98.552)
Epoch: [33][60/97], lr: 0.00010	Time 0.514 (0.567)	Data 0.000 (0.049)	Loss 0.1490 (0.2850)	Prec@1 93.750 (87.705)	Prec@5 100.000 (98.566)
Epoch: [33][80/97], lr: 0.00010	Time 0.512 (0.554)	Data 0.000 (0.037)	Loss 0.4179 (0.2877)	Prec@1 81.250 (87.693)	Prec@5 100.000 (98.534)
Test: [0/35]	Time 3.096 (3.096)	Loss 0.1250 (0.1250)	Prec@1 96.875 (96.875)	Prec@5 100.000 (100.000)
Test: [20/35]	Time 0.126 (0.322)	Loss 0.4519 (0.5174)	Prec@1 90.625 (86.310)	Prec@5 100.000 (98.512)
Testing Results: Prec@1 87.648 Prec@5 99.001 Loss 0.43885
Best Prec@1: 87.648

Freezing BatchNorm2D except the first one.
Epoch: [34][0/97], lr: 0.00010	Time 3.650 (3.650)	Data 3.353 (3.353)	Loss 0.3977 (0.3977)	Prec@1 84.375 (84.375)	Prec@5 93.750 (93.750)
Epoch: [34][20/97], lr: 0.00010	Time 0.515 (0.676)	Data 0.000 (0.160)	Loss 0.2457 (0.3028)	Prec@1 87.500 (86.310)	Prec@5 96.875 (98.512)
Epoch: [34][40/97], lr: 0.00010	Time 0.557 (0.599)	Data 0.000 (0.082)	Loss 0.3342 (0.3021)	Prec@1 90.625 (86.966)	Prec@5 93.750 (98.171)
Epoch: [34][60/97], lr: 0.00010	Time 0.515 (0.572)	Data 0.000 (0.055)	Loss 0.2294 (0.3143)	Prec@1 90.625 (86.936)	Prec@5 96.875 (98.258)
Epoch: [34][80/97], lr: 0.00010	Time 0.513 (0.557)	Data 0.000 (0.042)	Loss 0.3156 (0.3039)	Prec@1 87.500 (87.153)	Prec@5 100.000 (98.495)
Freezing BatchNorm2D except the first one.
Epoch: [35][0/97], lr: 0.00010	Time 2.992 (2.992)	Data 2.692 (2.692)	Loss 0.2966 (0.2966)	Prec@1 87.500 (87.500)	Prec@5 96.875 (96.875)
Epoch: [35][20/97], lr: 0.00010	Time 0.515 (0.645)	Data 0.000 (0.131)	Loss 0.1914 (0.2709)	Prec@1 90.625 (86.756)	Prec@5 100.000 (98.958)
Epoch: [35][40/97], lr: 0.00010	Time 0.514 (0.582)	Data 0.000 (0.067)	Loss 0.1974 (0.2821)	Prec@1 90.625 (87.652)	Prec@5 100.000 (98.780)
Epoch: [35][60/97], lr: 0.00010	Time 0.514 (0.560)	Data 0.000 (0.045)	Loss 0.3977 (0.2896)	Prec@1 90.625 (87.756)	Prec@5 100.000 (98.770)
Epoch: [35][80/97], lr: 0.00010	Time 0.514 (0.549)	Data 0.000 (0.034)	Loss 0.1994 (0.2852)	Prec@1 90.625 (88.079)	Prec@5 100.000 (98.765)
Test: [0/35]	Time 3.644 (3.644)	Loss 0.1007 (0.1007)	Prec@1 96.875 (96.875)	Prec@5 100.000 (100.000)
Test: [20/35]	Time 0.127 (0.351)	Loss 0.4612 (0.5184)	Prec@1 87.500 (86.310)	Prec@5 100.000 (98.810)
Testing Results: Prec@1 87.920 Prec@5 99.183 Loss 0.44930
Best Prec@1: 87.920

Freezing BatchNorm2D except the first one.
Epoch: [36][0/97], lr: 0.00010	Time 3.283 (3.283)	Data 2.981 (2.981)	Loss 0.2482 (0.2482)	Prec@1 93.750 (93.750)	Prec@5 96.875 (96.875)
Epoch: [36][20/97], lr: 0.00010	Time 0.515 (0.667)	Data 0.000 (0.157)	Loss 0.1849 (0.2888)	Prec@1 90.625 (87.500)	Prec@5 100.000 (98.363)
Epoch: [36][40/97], lr: 0.00010	Time 0.515 (0.594)	Data 0.000 (0.080)	Loss 0.0881 (0.2772)	Prec@1 100.000 (87.652)	Prec@5 100.000 (98.704)
Epoch: [36][60/97], lr: 0.00010	Time 0.515 (0.569)	Data 0.000 (0.054)	Loss 0.1219 (0.2867)	Prec@1 93.750 (87.807)	Prec@5 100.000 (98.566)
Epoch: [36][80/97], lr: 0.00010	Time 0.514 (0.556)	Data 0.000 (0.041)	Loss 0.2178 (0.2841)	Prec@1 87.500 (87.847)	Prec@5 100.000 (98.727)
Freezing BatchNorm2D except the first one.
Epoch: [37][0/97], lr: 0.00010	Time 3.787 (3.787)	Data 3.481 (3.481)	Loss 0.3287 (0.3287)	Prec@1 90.625 (90.625)	Prec@5 100.000 (100.000)
Epoch: [37][20/97], lr: 0.00010	Time 0.514 (0.684)	Data 0.000 (0.166)	Loss 0.2913 (0.2758)	Prec@1 84.375 (89.286)	Prec@5 96.875 (98.512)
Epoch: [37][40/97], lr: 0.00010	Time 0.529 (0.603)	Data 0.000 (0.085)	Loss 0.2222 (0.2710)	Prec@1 90.625 (88.643)	Prec@5 100.000 (98.704)
Epoch: [37][60/97], lr: 0.00010	Time 0.513 (0.575)	Data 0.000 (0.057)	Loss 0.2885 (0.2901)	Prec@1 90.625 (88.268)	Prec@5 96.875 (98.463)
Epoch: [37][80/97], lr: 0.00010	Time 0.538 (0.561)	Data 0.000 (0.043)	Loss 0.2295 (0.2927)	Prec@1 93.750 (87.847)	Prec@5 96.875 (98.225)
Test: [0/35]	Time 3.401 (3.401)	Loss 0.1102 (0.1102)	Prec@1 93.750 (93.750)	Prec@5 100.000 (100.000)
Test: [20/35]	Time 0.126 (0.327)	Loss 0.5242 (0.5346)	Prec@1 81.250 (85.714)	Prec@5 100.000 (98.363)
Testing Results: Prec@1 87.738 Prec@5 98.910 Loss 0.45864
Best Prec@1: 87.920

Freezing BatchNorm2D except the first one.
Epoch: [38][0/97], lr: 0.00010	Time 3.108 (3.108)	Data 2.766 (2.766)	Loss 0.1623 (0.1623)	Prec@1 87.500 (87.500)	Prec@5 100.000 (100.000)
Epoch: [38][20/97], lr: 0.00010	Time 0.515 (0.650)	Data 0.000 (0.143)	Loss 0.2504 (0.2480)	Prec@1 90.625 (90.476)	Prec@5 100.000 (98.810)
Epoch: [38][40/97], lr: 0.00010	Time 0.513 (0.585)	Data 0.000 (0.073)	Loss 0.4194 (0.2754)	Prec@1 84.375 (89.329)	Prec@5 93.750 (98.552)
Epoch: [38][60/97], lr: 0.00010	Time 0.516 (0.562)	Data 0.000 (0.049)	Loss 0.2937 (0.2743)	Prec@1 81.250 (89.293)	Prec@5 100.000 (98.668)
Epoch: [38][80/97], lr: 0.00010	Time 0.512 (0.550)	Data 0.000 (0.037)	Loss 0.3524 (0.2751)	Prec@1 75.000 (89.352)	Prec@5 100.000 (98.765)
Freezing BatchNorm2D except the first one.
Epoch: [39][0/97], lr: 0.00010	Time 3.839 (3.839)	Data 3.517 (3.517)	Loss 0.1701 (0.1701)	Prec@1 90.625 (90.625)	Prec@5 100.000 (100.000)
Epoch: [39][20/97], lr: 0.00010	Time 0.517 (0.682)	Data 0.000 (0.168)	Loss 0.2671 (0.2876)	Prec@1 87.500 (89.732)	Prec@5 100.000 (98.958)
Epoch: [39][40/97], lr: 0.00010	Time 0.528 (0.601)	Data 0.000 (0.086)	Loss 0.2824 (0.2845)	Prec@1 87.500 (89.024)	Prec@5 100.000 (98.476)
Epoch: [39][60/97], lr: 0.00010	Time 0.515 (0.573)	Data 0.000 (0.058)	Loss 0.2272 (0.2864)	Prec@1 93.750 (88.730)	Prec@5 100.000 (98.412)
Epoch: [39][80/97], lr: 0.00010	Time 0.514 (0.558)	Data 0.000 (0.044)	Loss 0.3183 (0.2844)	Prec@1 81.250 (89.159)	Prec@5 96.875 (98.302)
Test: [0/35]	Time 3.504 (3.504)	Loss 0.0970 (0.0970)	Prec@1 96.875 (96.875)	Prec@5 100.000 (100.000)
Test: [20/35]	Time 0.127 (0.326)	Loss 0.4194 (0.6250)	Prec@1 93.750 (85.119)	Prec@5 100.000 (98.512)
Testing Results: Prec@1 87.466 Prec@5 99.001 Loss 0.51399
Best Prec@1: 87.920

Freezing BatchNorm2D except the first one.
Epoch: [40][0/97], lr: 0.00001	Time 3.002 (3.002)	Data 2.691 (2.691)	Loss 0.3117 (0.3117)	Prec@1 93.750 (93.750)	Prec@5 96.875 (96.875)
Epoch: [40][20/97], lr: 0.00001	Time 0.515 (0.655)	Data 0.000 (0.139)	Loss 0.1261 (0.2747)	Prec@1 96.875 (89.286)	Prec@5 100.000 (98.512)
Epoch: [40][40/97], lr: 0.00001	Time 0.546 (0.588)	Data 0.000 (0.071)	Loss 0.2264 (0.2811)	Prec@1 96.875 (88.491)	Prec@5 100.000 (98.704)
Epoch: [40][60/97], lr: 0.00001	Time 0.514 (0.564)	Data 0.000 (0.048)	Loss 0.2141 (0.2828)	Prec@1 90.625 (88.166)	Prec@5 100.000 (98.873)
Epoch: [40][80/97], lr: 0.00001	Time 0.514 (0.552)	Data 0.000 (0.036)	Loss 0.2846 (0.2871)	Prec@1 90.625 (88.156)	Prec@5 96.875 (98.727)
Freezing BatchNorm2D except the first one.
Epoch: [41][0/97], lr: 0.00001	Time 3.859 (3.859)	Data 3.561 (3.561)	Loss 0.2131 (0.2131)	Prec@1 90.625 (90.625)	Prec@5 96.875 (96.875)
Epoch: [41][20/97], lr: 0.00001	Time 0.515 (0.686)	Data 0.000 (0.170)	Loss 0.3542 (0.2647)	Prec@1 84.375 (88.690)	Prec@5 96.875 (98.512)
Epoch: [41][40/97], lr: 0.00001	Time 0.519 (0.602)	Data 0.000 (0.087)	Loss 0.4428 (0.2720)	Prec@1 87.500 (88.948)	Prec@5 93.750 (98.476)
Epoch: [41][60/97], lr: 0.00001	Time 0.516 (0.574)	Data 0.000 (0.059)	Loss 0.3631 (0.2730)	Prec@1 90.625 (88.934)	Prec@5 100.000 (98.566)
Epoch: [41][80/97], lr: 0.00001	Time 0.514 (0.559)	Data 0.000 (0.044)	Loss 0.3313 (0.2690)	Prec@1 87.500 (89.005)	Prec@5 96.875 (98.534)
Test: [0/35]	Time 3.428 (3.428)	Loss 0.0941 (0.0941)	Prec@1 100.000 (100.000)	Prec@5 100.000 (100.000)
Test: [20/35]	Time 0.126 (0.331)	Loss 0.4310 (0.5924)	Prec@1 90.625 (86.161)	Prec@5 100.000 (98.512)
Testing Results: Prec@1 87.829 Prec@5 99.001 Loss 0.49099
Best Prec@1: 87.920

Freezing BatchNorm2D except the first one.
Epoch: [42][0/97], lr: 0.00001	Time 3.701 (3.701)	Data 3.403 (3.403)	Loss 0.2516 (0.2516)	Prec@1 87.500 (87.500)	Prec@5 100.000 (100.000)
Epoch: [42][20/97], lr: 0.00001	Time 0.525 (0.681)	Data 0.000 (0.162)	Loss 0.1466 (0.2415)	Prec@1 87.500 (90.327)	Prec@5 100.000 (99.107)
Epoch: [42][40/97], lr: 0.00001	Time 0.514 (0.601)	Data 0.000 (0.083)	Loss 0.1505 (0.2546)	Prec@1 93.750 (89.101)	Prec@5 100.000 (98.628)
Epoch: [42][60/97], lr: 0.00001	Time 0.527 (0.574)	Data 0.000 (0.056)	Loss 0.2772 (0.2535)	Prec@1 90.625 (89.344)	Prec@5 100.000 (98.668)
Epoch: [42][80/97], lr: 0.00001	Time 0.514 (0.560)	Data 0.000 (0.042)	Loss 0.0882 (0.2530)	Prec@1 96.875 (89.352)	Prec@5 100.000 (98.765)
Freezing BatchNorm2D except the first one.
Epoch: [43][0/97], lr: 0.00001	Time 3.611 (3.611)	Data 3.237 (3.237)	Loss 0.4556 (0.4556)	Prec@1 84.375 (84.375)	Prec@5 96.875 (96.875)
Epoch: [43][20/97], lr: 0.00001	Time 0.514 (0.671)	Data 0.000 (0.154)	Loss 0.1437 (0.2587)	Prec@1 96.875 (89.137)	Prec@5 100.000 (98.810)
Epoch: [43][40/97], lr: 0.00001	Time 0.517 (0.596)	Data 0.000 (0.079)	Loss 0.3228 (0.2802)	Prec@1 84.375 (88.491)	Prec@5 96.875 (98.628)
Epoch: [43][60/97], lr: 0.00001	Time 0.527 (0.571)	Data 0.000 (0.053)	Loss 0.4929 (0.2740)	Prec@1 78.125 (88.781)	Prec@5 93.750 (98.617)
Epoch: [43][80/97], lr: 0.00001	Time 0.539 (0.557)	Data 0.000 (0.040)	Loss 0.2350 (0.2751)	Prec@1 90.625 (88.927)	Prec@5 96.875 (98.573)
Test: [0/35]	Time 3.835 (3.835)	Loss 0.0956 (0.0956)	Prec@1 96.875 (96.875)	Prec@5 100.000 (100.000)
Test: [20/35]	Time 0.126 (0.332)	Loss 0.4423 (0.5795)	Prec@1 87.500 (85.863)	Prec@5 100.000 (98.512)
Testing Results: Prec@1 87.829 Prec@5 99.001 Loss 0.47637
Best Prec@1: 87.920

Freezing BatchNorm2D except the first one.
Epoch: [44][0/97], lr: 0.00001	Time 3.598 (3.598)	Data 3.244 (3.244)	Loss 0.2126 (0.2126)	Prec@1 93.750 (93.750)	Prec@5 100.000 (100.000)
Epoch: [44][20/97], lr: 0.00001	Time 0.499 (0.665)	Data 0.000 (0.155)	Loss 0.3215 (0.3005)	Prec@1 81.250 (88.244)	Prec@5 96.875 (98.363)
Epoch: [44][40/97], lr: 0.00001	Time 0.516 (0.593)	Data 0.000 (0.079)	Loss 0.2888 (0.3001)	Prec@1 87.500 (87.957)	Prec@5 96.875 (98.323)
Epoch: [44][60/97], lr: 0.00001	Time 0.517 (0.568)	Data 0.000 (0.053)	Loss 0.2875 (0.2826)	Prec@1 84.375 (88.627)	Prec@5 96.875 (98.412)
Epoch: [44][80/97], lr: 0.00001	Time 0.513 (0.555)	Data 0.000 (0.040)	Loss 0.4410 (0.2783)	Prec@1 81.250 (88.850)	Prec@5 96.875 (98.380)
Freezing BatchNorm2D except the first one.
Epoch: [45][0/97], lr: 0.00001	Time 3.657 (3.657)	Data 3.319 (3.319)	Loss 0.1956 (0.1956)	Prec@1 87.500 (87.500)	Prec@5 100.000 (100.000)
Epoch: [45][20/97], lr: 0.00001	Time 0.516 (0.672)	Data 0.000 (0.158)	Loss 0.3572 (0.2928)	Prec@1 87.500 (88.393)	Prec@5 96.875 (98.512)
Epoch: [45][40/97], lr: 0.00001	Time 0.515 (0.596)	Data 0.000 (0.081)	Loss 0.2300 (0.2758)	Prec@1 90.625 (89.634)	Prec@5 100.000 (98.552)
Epoch: [45][60/97], lr: 0.00001	Time 0.515 (0.569)	Data 0.000 (0.055)	Loss 0.3198 (0.2874)	Prec@1 81.250 (88.525)	Prec@5 96.875 (98.361)
Epoch: [45][80/97], lr: 0.00001	Time 0.511 (0.556)	Data 0.000 (0.041)	Loss 0.4078 (0.2947)	Prec@1 84.375 (88.156)	Prec@5 93.750 (98.418)
Test: [0/35]	Time 3.665 (3.665)	Loss 0.0962 (0.0962)	Prec@1 96.875 (96.875)	Prec@5 100.000 (100.000)
Test: [20/35]	Time 0.126 (0.325)	Loss 0.4635 (0.6061)	Prec@1 87.500 (85.714)	Prec@5 100.000 (98.363)
Testing Results: Prec@1 87.920 Prec@5 98.910 Loss 0.49877
Best Prec@1: 87.920

Freezing BatchNorm2D except the first one.
Epoch: [46][0/97], lr: 0.00001	Time 3.727 (3.727)	Data 3.427 (3.427)	Loss 0.3012 (0.3012)	Prec@1 87.500 (87.500)	Prec@5 93.750 (93.750)
Epoch: [46][20/97], lr: 0.00001	Time 0.516 (0.676)	Data 0.000 (0.163)	Loss 0.3022 (0.3322)	Prec@1 87.500 (86.905)	Prec@5 96.875 (97.470)
Epoch: [46][40/97], lr: 0.00001	Time 0.514 (0.599)	Data 0.000 (0.084)	Loss 0.4366 (0.3204)	Prec@1 84.375 (87.424)	Prec@5 96.875 (97.713)
Epoch: [46][60/97], lr: 0.00001	Time 0.516 (0.572)	Data 0.000 (0.056)	Loss 0.2420 (0.3021)	Prec@1 87.500 (88.064)	Prec@5 100.000 (97.900)
Epoch: [46][80/97], lr: 0.00001	Time 0.515 (0.559)	Data 0.000 (0.042)	Loss 0.2104 (0.2893)	Prec@1 90.625 (88.580)	Prec@5 100.000 (98.187)
Freezing BatchNorm2D except the first one.
Epoch: [47][0/97], lr: 0.00001	Time 3.713 (3.713)	Data 3.412 (3.412)	Loss 0.2645 (0.2645)	Prec@1 93.750 (93.750)	Prec@5 96.875 (96.875)
Epoch: [47][20/97], lr: 0.00001	Time 0.550 (0.681)	Data 0.000 (0.163)	Loss 0.2016 (0.2864)	Prec@1 90.625 (88.393)	Prec@5 100.000 (98.214)
Epoch: [47][40/97], lr: 0.00001	Time 0.515 (0.601)	Data 0.000 (0.083)	Loss 0.2743 (0.2872)	Prec@1 90.625 (89.253)	Prec@5 100.000 (98.095)
Epoch: [47][60/97], lr: 0.00001	Time 0.513 (0.574)	Data 0.000 (0.056)	Loss 0.3015 (0.2955)	Prec@1 87.500 (88.627)	Prec@5 100.000 (97.900)
Epoch: [47][80/97], lr: 0.00001	Time 0.538 (0.560)	Data 0.000 (0.042)	Loss 0.2343 (0.2989)	Prec@1 90.625 (88.387)	Prec@5 96.875 (97.878)
Test: [0/35]	Time 3.367 (3.367)	Loss 0.0955 (0.0955)	Prec@1 96.875 (96.875)	Prec@5 100.000 (100.000)
Test: [20/35]	Time 0.138 (0.331)	Loss 0.4502 (0.6002)	Prec@1 87.500 (85.863)	Prec@5 100.000 (98.512)
Testing Results: Prec@1 88.011 Prec@5 99.001 Loss 0.49313
Best Prec@1: 88.011

Freezing BatchNorm2D except the first one.
Epoch: [48][0/97], lr: 0.00001	Time 3.735 (3.735)	Data 3.393 (3.393)	Loss 0.3023 (0.3023)	Prec@1 87.500 (87.500)	Prec@5 100.000 (100.000)
Epoch: [48][20/97], lr: 0.00001	Time 0.517 (0.674)	Data 0.000 (0.162)	Loss 0.3841 (0.2957)	Prec@1 81.250 (88.244)	Prec@5 96.875 (98.363)
Epoch: [48][40/97], lr: 0.00001	Time 0.515 (0.596)	Data 0.000 (0.083)	Loss 0.2828 (0.2767)	Prec@1 90.625 (88.720)	Prec@5 96.875 (98.628)
Epoch: [48][60/97], lr: 0.00001	Time 0.502 (0.570)	Data 0.000 (0.056)	Loss 0.2217 (0.2760)	Prec@1 90.625 (88.781)	Prec@5 100.000 (98.719)
Epoch: [48][80/97], lr: 0.00001	Time 0.514 (0.556)	Data 0.000 (0.042)	Loss 0.1763 (0.2713)	Prec@1 93.750 (88.927)	Prec@5 100.000 (98.804)
Freezing BatchNorm2D except the first one.
Epoch: [49][0/97], lr: 0.00001	Time 3.044 (3.044)	Data 2.670 (2.670)	Loss 0.2775 (0.2775)	Prec@1 90.625 (90.625)	Prec@5 96.875 (96.875)
Epoch: [49][20/97], lr: 0.00001	Time 0.513 (0.649)	Data 0.000 (0.131)	Loss 0.1838 (0.2655)	Prec@1 93.750 (89.435)	Prec@5 100.000 (98.958)
Epoch: [49][40/97], lr: 0.00001	Time 0.514 (0.584)	Data 0.000 (0.067)	Loss 0.2194 (0.2514)	Prec@1 96.875 (89.787)	Prec@5 100.000 (99.162)
Epoch: [49][60/97], lr: 0.00001	Time 0.516 (0.561)	Data 0.000 (0.045)	Loss 0.2899 (0.2499)	Prec@1 90.625 (90.215)	Prec@5 100.000 (98.975)
Epoch: [49][80/97], lr: 0.00001	Time 0.514 (0.550)	Data 0.000 (0.034)	Loss 0.3008 (0.2690)	Prec@1 84.375 (88.927)	Prec@5 100.000 (98.881)
Test: [0/35]	Time 3.197 (3.197)	Loss 0.1008 (0.1008)	Prec@1 96.875 (96.875)	Prec@5 100.000 (100.000)
Test: [20/35]	Time 0.127 (0.319)	Loss 0.4848 (0.5712)	Prec@1 84.375 (85.565)	Prec@5 100.000 (98.363)
Testing Results: Prec@1 87.829 Prec@5 98.910 Loss 0.47428
Best Prec@1: 88.011

