ipn: 14 classes
storing name: TSM_ipn14_RGB_resnet50_shift8_blockres_avg_segment8_e50_lr1e-03_gp30
creating folder log/TSM_ipn14_RGB_resnet50_shift8_blockres_avg_segment8_e50_lr1e-03_gp30
creating folder checkpoint/TSM_ipn14_RGB_resnet50_shift8_blockres_avg_segment8_e50_lr1e-03_gp30

    Initializing TSN with base model: resnet50.
    TSN Configurations:
        input_modality:     RGB
        num_segments:       8
        new_length:         1
        consensus_module:   avg
        dropout_ratio:      0.5
        img_feature_dim:    256
            
=> base model: resnet50
Adding temporal shift...
=> n_segment per stage: [8, 8, 8, 8]
=> Processing stage with 3 blocks residual
=> Using fold div: 8
=> Using fold div: 8
=> Using fold div: 8
=> Processing stage with 4 blocks residual
=> Using fold div: 8
=> Using fold div: 8
=> Using fold div: 8
=> Using fold div: 8
=> Processing stage with 6 blocks residual
=> Using fold div: 8
=> Using fold div: 8
=> Using fold div: 8
=> Using fold div: 8
=> Using fold div: 8
=> Using fold div: 8
=> Processing stage with 3 blocks residual
=> Using fold div: 8
=> Using fold div: 8
=> Using fold div: 8
#################### NO FLIP!!!
video clips:4039
video clips:1610
group: first_conv_weight has 1 params, lr_mult: 1, decay_mult: 1
group: first_conv_bias has 0 params, lr_mult: 2, decay_mult: 0
group: normal_weight has 52 params, lr_mult: 1, decay_mult: 1
group: normal_bias has 0 params, lr_mult: 2, decay_mult: 0
group: BN scale/shift has 2 params, lr_mult: 1, decay_mult: 0
group: custom_ops has 0 params, lr_mult: 1, decay_mult: 1
group: lr5_weight has 1 params, lr_mult: 5, decay_mult: 1
group: lr10_bias has 1 params, lr_mult: 10, decay_mult: 0
Freezing BatchNorm2D except the first one.
Epoch: [0][0/126], lr: 0.00100	Time 21.001 (21.001)	Data 13.111 (13.111)	Loss 2.6421 (2.6421)	Prec@1 3.125 (3.125)	Prec@5 25.000 (25.000)
Epoch: [0][20/126], lr: 0.00100	Time 0.574 (1.497)	Data 0.000 (0.625)	Loss 2.3631 (2.3993)	Prec@1 21.875 (21.577)	Prec@5 62.500 (66.815)
Epoch: [0][40/126], lr: 0.00100	Time 0.519 (1.023)	Data 0.000 (0.320)	Loss 2.2071 (2.3346)	Prec@1 31.250 (23.018)	Prec@5 68.750 (67.454)
Epoch: [0][60/126], lr: 0.00100	Time 0.521 (0.931)	Data 0.000 (0.291)	Loss 2.2715 (2.3006)	Prec@1 25.000 (23.207)	Prec@5 59.375 (67.469)
Epoch: [0][80/126], lr: 0.00100	Time 1.292 (0.841)	Data 1.045 (0.232)	Loss 2.2407 (2.2780)	Prec@1 21.875 (23.495)	Prec@5 62.500 (66.397)
Epoch: [0][100/126], lr: 0.00100	Time 0.525 (0.786)	Data 0.000 (0.197)	Loss 2.1960 (2.2404)	Prec@1 31.250 (24.288)	Prec@5 71.875 (66.986)
Epoch: [0][120/126], lr: 0.00100	Time 0.513 (0.741)	Data 0.000 (0.164)	Loss 2.0294 (2.2069)	Prec@1 37.500 (25.129)	Prec@5 68.750 (67.665)
Freezing BatchNorm2D except the first one.
Epoch: [1][0/126], lr: 0.00100	Time 7.735 (7.735)	Data 7.407 (7.407)	Loss 1.9601 (1.9601)	Prec@1 34.375 (34.375)	Prec@5 71.875 (71.875)
Epoch: [1][20/126], lr: 0.00100	Time 0.523 (0.874)	Data 0.000 (0.353)	Loss 1.8942 (1.8636)	Prec@1 31.250 (33.185)	Prec@5 68.750 (74.256)
Epoch: [1][40/126], lr: 0.00100	Time 0.606 (0.709)	Data 0.000 (0.181)	Loss 1.6058 (1.8288)	Prec@1 40.625 (33.155)	Prec@5 81.250 (75.457)
Epoch: [1][60/126], lr: 0.00100	Time 0.521 (0.653)	Data 0.000 (0.122)	Loss 1.7120 (1.8300)	Prec@1 31.250 (34.734)	Prec@5 81.250 (75.922)
Epoch: [1][80/126], lr: 0.00100	Time 0.639 (0.624)	Data 0.000 (0.092)	Loss 1.4887 (1.8171)	Prec@1 28.125 (34.761)	Prec@5 96.875 (76.659)
Epoch: [1][100/126], lr: 0.00100	Time 0.519 (0.605)	Data 0.000 (0.073)	Loss 1.3921 (1.7672)	Prec@1 40.625 (35.458)	Prec@5 84.375 (77.723)
Epoch: [1][120/126], lr: 0.00100	Time 0.517 (0.590)	Data 0.000 (0.061)	Loss 1.4000 (1.7418)	Prec@1 40.625 (36.338)	Prec@5 81.250 (78.590)
Test: [0/51]	Time 8.822 (8.822)	Loss 1.1099 (1.1099)	Prec@1 59.375 (59.375)	Prec@5 100.000 (100.000)
Test: [20/51]	Time 0.778 (0.882)	Loss 1.3284 (1.5319)	Prec@1 46.875 (42.262)	Prec@5 90.625 (85.119)
Test: [40/51]	Time 0.170 (0.665)	Loss 1.1679 (1.5215)	Prec@1 40.625 (42.530)	Prec@5 93.750 (85.747)
Testing Results: Prec@1 42.733 Prec@5 86.398 Loss 1.51327
Best Prec@1: 42.733

Freezing BatchNorm2D except the first one.
Epoch: [2][0/126], lr: 0.00100	Time 6.770 (6.770)	Data 6.213 (6.213)	Loss 1.4703 (1.4703)	Prec@1 46.875 (46.875)	Prec@5 84.375 (84.375)
Epoch: [2][20/126], lr: 0.00100	Time 0.513 (0.846)	Data 0.000 (0.322)	Loss 1.3799 (1.4279)	Prec@1 46.875 (46.429)	Prec@5 93.750 (88.393)
Epoch: [2][40/126], lr: 0.00100	Time 0.523 (0.698)	Data 0.000 (0.165)	Loss 1.5589 (1.4405)	Prec@1 40.625 (44.588)	Prec@5 75.000 (87.805)
Epoch: [2][60/126], lr: 0.00100	Time 0.521 (0.643)	Data 0.000 (0.111)	Loss 1.4483 (1.4567)	Prec@1 43.750 (44.416)	Prec@5 90.625 (87.295)
Epoch: [2][80/126], lr: 0.00100	Time 0.511 (0.615)	Data 0.000 (0.084)	Loss 1.1017 (1.4427)	Prec@1 62.500 (44.985)	Prec@5 90.625 (87.963)
Epoch: [2][100/126], lr: 0.00100	Time 0.514 (0.598)	Data 0.000 (0.067)	Loss 1.1365 (1.4047)	Prec@1 56.250 (46.689)	Prec@5 90.625 (88.490)
Epoch: [2][120/126], lr: 0.00100	Time 0.515 (0.585)	Data 0.000 (0.056)	Loss 1.0309 (1.3888)	Prec@1 53.125 (47.495)	Prec@5 100.000 (88.946)
Freezing BatchNorm2D except the first one.
Epoch: [3][0/126], lr: 0.00100	Time 6.520 (6.520)	Data 6.273 (6.273)	Loss 0.8637 (0.8637)	Prec@1 62.500 (62.500)	Prec@5 96.875 (96.875)
Epoch: [3][20/126], lr: 0.00100	Time 0.568 (0.832)	Data 0.000 (0.299)	Loss 1.2580 (1.1773)	Prec@1 46.875 (56.399)	Prec@5 90.625 (91.667)
Epoch: [3][40/126], lr: 0.00100	Time 0.523 (0.688)	Data 0.000 (0.153)	Loss 1.2136 (1.1773)	Prec@1 59.375 (56.402)	Prec@5 90.625 (91.997)
Epoch: [3][60/126], lr: 0.00100	Time 0.519 (0.636)	Data 0.000 (0.103)	Loss 0.7814 (1.1927)	Prec@1 68.750 (55.072)	Prec@5 93.750 (92.162)
Epoch: [3][80/126], lr: 0.00100	Time 0.531 (0.610)	Data 0.000 (0.078)	Loss 1.1720 (1.1801)	Prec@1 50.000 (55.556)	Prec@5 100.000 (92.168)
Epoch: [3][100/126], lr: 0.00100	Time 0.513 (0.594)	Data 0.000 (0.062)	Loss 1.4078 (1.2005)	Prec@1 50.000 (55.353)	Prec@5 100.000 (91.925)
Epoch: [3][120/126], lr: 0.00100	Time 0.514 (0.581)	Data 0.000 (0.052)	Loss 1.2041 (1.1851)	Prec@1 50.000 (56.147)	Prec@5 100.000 (91.968)
Test: [0/51]	Time 5.627 (5.627)	Loss 0.5626 (0.5626)	Prec@1 75.000 (75.000)	Prec@5 100.000 (100.000)
Test: [20/51]	Time 0.203 (0.549)	Loss 1.0482 (1.3136)	Prec@1 59.375 (60.714)	Prec@5 100.000 (91.369)
Test: [40/51]	Time 0.170 (0.382)	Loss 0.6691 (1.1857)	Prec@1 75.000 (63.034)	Prec@5 100.000 (93.216)
Testing Results: Prec@1 63.478 Prec@5 93.540 Loss 1.15305
Best Prec@1: 63.478

Freezing BatchNorm2D except the first one.
Epoch: [4][0/126], lr: 0.00100	Time 5.620 (5.620)	Data 5.286 (5.286)	Loss 0.7424 (0.7424)	Prec@1 65.625 (65.625)	Prec@5 100.000 (100.000)
Epoch: [4][20/126], lr: 0.00100	Time 0.814 (0.803)	Data 0.000 (0.261)	Loss 1.0626 (0.9900)	Prec@1 59.375 (63.542)	Prec@5 93.750 (95.238)
Epoch: [4][40/126], lr: 0.00100	Time 0.514 (0.668)	Data 0.000 (0.134)	Loss 0.6490 (0.9896)	Prec@1 78.125 (64.024)	Prec@5 93.750 (94.436)
Epoch: [4][60/126], lr: 0.00100	Time 0.516 (0.621)	Data 0.000 (0.090)	Loss 0.9095 (0.9947)	Prec@1 65.625 (64.242)	Prec@5 90.625 (94.006)
Epoch: [4][80/126], lr: 0.00100	Time 0.521 (0.598)	Data 0.000 (0.068)	Loss 0.7354 (1.0002)	Prec@1 81.250 (64.892)	Prec@5 96.875 (93.634)
Epoch: [4][100/126], lr: 0.00100	Time 0.517 (0.585)	Data 0.000 (0.054)	Loss 1.3733 (1.0060)	Prec@1 56.250 (64.759)	Prec@5 90.625 (93.843)
Epoch: [4][120/126], lr: 0.00100	Time 0.515 (0.574)	Data 0.000 (0.045)	Loss 1.1903 (1.0199)	Prec@1 62.500 (64.592)	Prec@5 87.500 (93.595)
Freezing BatchNorm2D except the first one.
Epoch: [5][0/126], lr: 0.00100	Time 6.016 (6.016)	Data 5.695 (5.695)	Loss 0.9465 (0.9465)	Prec@1 68.750 (68.750)	Prec@5 90.625 (90.625)
Epoch: [5][20/126], lr: 0.00100	Time 0.532 (0.800)	Data 0.000 (0.274)	Loss 0.8642 (0.9117)	Prec@1 68.750 (67.411)	Prec@5 93.750 (94.792)
Epoch: [5][40/126], lr: 0.00100	Time 0.529 (0.677)	Data 0.000 (0.140)	Loss 0.7434 (0.8490)	Prec@1 75.000 (68.674)	Prec@5 96.875 (95.579)
Epoch: [5][60/126], lr: 0.00100	Time 0.564 (0.630)	Data 0.000 (0.094)	Loss 0.7806 (0.8588)	Prec@1 71.875 (69.314)	Prec@5 93.750 (95.338)
Epoch: [5][80/126], lr: 0.00100	Time 0.521 (0.605)	Data 0.000 (0.071)	Loss 0.7451 (0.8606)	Prec@1 75.000 (69.174)	Prec@5 96.875 (95.409)
Epoch: [5][100/126], lr: 0.00100	Time 0.521 (0.590)	Data 0.000 (0.057)	Loss 0.7610 (0.8527)	Prec@1 75.000 (69.462)	Prec@5 96.875 (95.421)
Epoch: [5][120/126], lr: 0.00100	Time 0.515 (0.578)	Data 0.000 (0.048)	Loss 0.6018 (0.8490)	Prec@1 84.375 (69.861)	Prec@5 96.875 (95.274)
Test: [0/51]	Time 5.368 (5.368)	Loss 0.4515 (0.4515)	Prec@1 78.125 (78.125)	Prec@5 100.000 (100.000)
Test: [20/51]	Time 0.365 (0.574)	Loss 0.6560 (0.7964)	Prec@1 78.125 (73.363)	Prec@5 93.750 (95.387)
Test: [40/51]	Time 0.170 (0.396)	Loss 0.4695 (0.8921)	Prec@1 81.250 (72.790)	Prec@5 100.000 (96.875)
Testing Results: Prec@1 74.534 Prec@5 97.391 Loss 0.85282
Best Prec@1: 74.534

Freezing BatchNorm2D except the first one.
Epoch: [6][0/126], lr: 0.00100	Time 7.921 (7.921)	Data 7.598 (7.598)	Loss 1.2098 (1.2098)	Prec@1 62.500 (62.500)	Prec@5 96.875 (96.875)
Epoch: [6][20/126], lr: 0.00100	Time 0.529 (0.905)	Data 0.000 (0.388)	Loss 0.7725 (0.8518)	Prec@1 71.875 (70.833)	Prec@5 93.750 (94.196)
Epoch: [6][40/126], lr: 0.00100	Time 0.592 (0.732)	Data 0.000 (0.199)	Loss 0.9285 (0.8411)	Prec@1 84.375 (72.256)	Prec@5 96.875 (94.817)
Epoch: [6][60/126], lr: 0.00100	Time 0.516 (0.667)	Data 0.000 (0.134)	Loss 0.7237 (0.8042)	Prec@1 71.875 (72.695)	Prec@5 90.625 (95.082)
Epoch: [6][80/126], lr: 0.00100	Time 0.521 (0.634)	Data 0.000 (0.101)	Loss 0.8153 (0.8067)	Prec@1 71.875 (71.836)	Prec@5 100.000 (95.216)
Epoch: [6][100/126], lr: 0.00100	Time 0.525 (0.613)	Data 0.000 (0.081)	Loss 1.1658 (0.7934)	Prec@1 59.375 (71.813)	Prec@5 87.500 (95.483)
Epoch: [6][120/126], lr: 0.00100	Time 0.516 (0.596)	Data 0.000 (0.067)	Loss 0.8520 (0.7881)	Prec@1 59.375 (71.927)	Prec@5 93.750 (95.480)
Freezing BatchNorm2D except the first one.
Epoch: [7][0/126], lr: 0.00100	Time 6.206 (6.206)	Data 5.917 (5.917)	Loss 0.6214 (0.6214)	Prec@1 78.125 (78.125)	Prec@5 96.875 (96.875)
Epoch: [7][20/126], lr: 0.00100	Time 0.573 (0.825)	Data 0.000 (0.301)	Loss 0.8640 (0.7118)	Prec@1 68.750 (75.000)	Prec@5 90.625 (96.577)
Epoch: [7][40/126], lr: 0.00100	Time 0.536 (0.681)	Data 0.000 (0.154)	Loss 0.7575 (0.6978)	Prec@1 75.000 (74.619)	Prec@5 93.750 (96.646)
Epoch: [7][60/126], lr: 0.00100	Time 0.519 (0.631)	Data 0.000 (0.104)	Loss 0.6942 (0.7047)	Prec@1 71.875 (74.641)	Prec@5 96.875 (96.516)
Epoch: [7][80/126], lr: 0.00100	Time 0.516 (0.606)	Data 0.000 (0.078)	Loss 0.6638 (0.7139)	Prec@1 78.125 (74.846)	Prec@5 96.875 (96.528)
Epoch: [7][100/126], lr: 0.00100	Time 0.513 (0.590)	Data 0.000 (0.063)	Loss 0.4830 (0.6955)	Prec@1 81.250 (75.557)	Prec@5 96.875 (96.504)
Epoch: [7][120/126], lr: 0.00100	Time 0.517 (0.577)	Data 0.000 (0.052)	Loss 0.5889 (0.6802)	Prec@1 68.750 (76.033)	Prec@5 100.000 (96.643)
Test: [0/51]	Time 5.516 (5.516)	Loss 0.3356 (0.3356)	Prec@1 84.375 (84.375)	Prec@5 100.000 (100.000)
Test: [20/51]	Time 0.175 (0.515)	Loss 0.3456 (0.6135)	Prec@1 78.125 (80.506)	Prec@5 100.000 (97.768)
Test: [40/51]	Time 0.170 (0.371)	Loss 0.4821 (0.5325)	Prec@1 78.125 (81.631)	Prec@5 100.000 (98.476)
Testing Results: Prec@1 82.547 Prec@5 98.509 Loss 0.51423
Best Prec@1: 82.547

Freezing BatchNorm2D except the first one.
Epoch: [8][0/126], lr: 0.00100	Time 7.897 (7.897)	Data 7.355 (7.355)	Loss 0.8174 (0.8174)	Prec@1 65.625 (65.625)	Prec@5 96.875 (96.875)
Epoch: [8][20/126], lr: 0.00100	Time 0.527 (0.907)	Data 0.000 (0.350)	Loss 0.6637 (0.7324)	Prec@1 78.125 (74.554)	Prec@5 96.875 (95.536)
Epoch: [8][40/126], lr: 0.00100	Time 0.521 (0.722)	Data 0.000 (0.180)	Loss 0.5826 (0.6290)	Prec@1 78.125 (77.515)	Prec@5 96.875 (96.799)
Epoch: [8][60/126], lr: 0.00100	Time 0.532 (0.660)	Data 0.000 (0.121)	Loss 0.8808 (0.6497)	Prec@1 75.000 (76.281)	Prec@5 87.500 (96.670)
Epoch: [8][80/126], lr: 0.00100	Time 0.441 (0.627)	Data 0.000 (0.091)	Loss 0.6003 (0.6506)	Prec@1 78.125 (76.582)	Prec@5 93.750 (96.373)
Epoch: [8][100/126], lr: 0.00100	Time 0.516 (0.606)	Data 0.000 (0.073)	Loss 0.5890 (0.6411)	Prec@1 78.125 (77.568)	Prec@5 100.000 (96.380)
Epoch: [8][120/126], lr: 0.00100	Time 0.516 (0.591)	Data 0.000 (0.061)	Loss 0.5108 (0.6393)	Prec@1 84.375 (77.583)	Prec@5 96.875 (96.488)
Freezing BatchNorm2D except the first one.
Epoch: [9][0/126], lr: 0.00100	Time 5.910 (5.910)	Data 5.363 (5.363)	Loss 0.5683 (0.5683)	Prec@1 78.125 (78.125)	Prec@5 100.000 (100.000)
Epoch: [9][20/126], lr: 0.00100	Time 0.531 (0.815)	Data 0.000 (0.256)	Loss 0.4476 (0.6211)	Prec@1 84.375 (78.125)	Prec@5 100.000 (97.024)
Epoch: [9][40/126], lr: 0.00100	Time 0.522 (0.673)	Data 0.000 (0.131)	Loss 0.5162 (0.5711)	Prec@1 71.875 (78.659)	Prec@5 100.000 (97.104)
Epoch: [9][60/126], lr: 0.00100	Time 0.534 (0.626)	Data 0.000 (0.088)	Loss 0.5820 (0.5929)	Prec@1 78.125 (78.637)	Prec@5 96.875 (97.029)
Epoch: [9][80/126], lr: 0.00100	Time 0.559 (0.602)	Data 0.000 (0.066)	Loss 0.4503 (0.5835)	Prec@1 87.500 (79.321)	Prec@5 100.000 (97.222)
Epoch: [9][100/126], lr: 0.00100	Time 0.514 (0.587)	Data 0.000 (0.053)	Loss 0.5938 (0.5908)	Prec@1 75.000 (79.239)	Prec@5 100.000 (97.153)
Epoch: [9][120/126], lr: 0.00100	Time 0.516 (0.575)	Data 0.000 (0.044)	Loss 0.5078 (0.5964)	Prec@1 81.250 (79.236)	Prec@5 100.000 (97.056)
Test: [0/51]	Time 5.081 (5.081)	Loss 0.1963 (0.1963)	Prec@1 90.625 (90.625)	Prec@5 100.000 (100.000)
Test: [20/51]	Time 0.212 (0.533)	Loss 0.5578 (0.6788)	Prec@1 71.875 (78.571)	Prec@5 100.000 (96.429)
Test: [40/51]	Time 0.171 (0.381)	Loss 0.3485 (0.6740)	Prec@1 81.250 (78.811)	Prec@5 100.000 (97.942)
Testing Results: Prec@1 78.012 Prec@5 98.075 Loss 0.65169
Best Prec@1: 82.547

Freezing BatchNorm2D except the first one.
Epoch: [10][0/126], lr: 0.00100	Time 8.163 (8.163)	Data 7.905 (7.905)	Loss 0.7509 (0.7509)	Prec@1 84.375 (84.375)	Prec@5 100.000 (100.000)
Epoch: [10][20/126], lr: 0.00100	Time 0.529 (0.909)	Data 0.000 (0.377)	Loss 0.5821 (0.5065)	Prec@1 78.125 (81.250)	Prec@5 96.875 (97.917)
Epoch: [10][40/126], lr: 0.00100	Time 0.534 (0.734)	Data 0.000 (0.193)	Loss 0.7341 (0.5455)	Prec@1 84.375 (80.183)	Prec@5 90.625 (97.332)
Epoch: [10][60/126], lr: 0.00100	Time 0.523 (0.668)	Data 0.000 (0.130)	Loss 0.2596 (0.5594)	Prec@1 90.625 (79.867)	Prec@5 100.000 (97.234)
Epoch: [10][80/126], lr: 0.00100	Time 0.529 (0.633)	Data 0.000 (0.098)	Loss 0.2887 (0.5515)	Prec@1 84.375 (80.054)	Prec@5 100.000 (97.068)
Epoch: [10][100/126], lr: 0.00100	Time 0.516 (0.612)	Data 0.000 (0.078)	Loss 0.2252 (0.5325)	Prec@1 90.625 (80.910)	Prec@5 96.875 (97.215)
Epoch: [10][120/126], lr: 0.00100	Time 0.517 (0.596)	Data 0.000 (0.065)	Loss 0.5263 (0.5315)	Prec@1 84.375 (81.173)	Prec@5 96.875 (97.237)
Freezing BatchNorm2D except the first one.
Epoch: [11][0/126], lr: 0.00100	Time 7.182 (7.182)	Data 6.838 (6.838)	Loss 0.5297 (0.5297)	Prec@1 78.125 (78.125)	Prec@5 93.750 (93.750)
Epoch: [11][20/126], lr: 0.00100	Time 0.597 (0.890)	Data 0.000 (0.348)	Loss 0.5052 (0.5229)	Prec@1 87.500 (81.994)	Prec@5 96.875 (96.577)
Epoch: [11][40/126], lr: 0.00100	Time 0.528 (0.714)	Data 0.000 (0.178)	Loss 0.8499 (0.5057)	Prec@1 75.000 (82.851)	Prec@5 93.750 (97.027)
Epoch: [11][60/126], lr: 0.00100	Time 0.530 (0.653)	Data 0.000 (0.120)	Loss 0.3151 (0.4997)	Prec@1 90.625 (83.094)	Prec@5 96.875 (97.285)
Epoch: [11][80/126], lr: 0.00100	Time 0.567 (0.623)	Data 0.000 (0.090)	Loss 0.3219 (0.4921)	Prec@1 93.750 (83.642)	Prec@5 100.000 (97.222)
Epoch: [11][100/126], lr: 0.00100	Time 0.516 (0.604)	Data 0.000 (0.073)	Loss 0.4831 (0.5081)	Prec@1 81.250 (82.580)	Prec@5 100.000 (97.339)
Epoch: [11][120/126], lr: 0.00100	Time 0.516 (0.589)	Data 0.000 (0.061)	Loss 0.3747 (0.5074)	Prec@1 84.375 (82.386)	Prec@5 100.000 (97.366)
Test: [0/51]	Time 5.867 (5.867)	Loss 0.1048 (0.1048)	Prec@1 93.750 (93.750)	Prec@5 100.000 (100.000)
Test: [20/51]	Time 0.377 (0.565)	Loss 0.6915 (1.0562)	Prec@1 75.000 (78.125)	Prec@5 100.000 (90.327)
Test: [40/51]	Time 0.171 (0.385)	Loss 0.1751 (1.2728)	Prec@1 90.625 (77.896)	Prec@5 100.000 (93.369)
Testing Results: Prec@1 76.335 Prec@5 94.161 Loss 1.19878
Best Prec@1: 82.547

Freezing BatchNorm2D except the first one.
Epoch: [12][0/126], lr: 0.00100	Time 6.333 (6.333)	Data 6.064 (6.064)	Loss 0.4510 (0.4510)	Prec@1 84.375 (84.375)	Prec@5 96.875 (96.875)
Epoch: [12][20/126], lr: 0.00100	Time 0.510 (0.828)	Data 0.000 (0.289)	Loss 0.4479 (0.4792)	Prec@1 87.500 (82.887)	Prec@5 96.875 (97.917)
Epoch: [12][40/126], lr: 0.00100	Time 0.563 (0.684)	Data 0.000 (0.148)	Loss 0.5697 (0.4937)	Prec@1 84.375 (82.622)	Prec@5 96.875 (97.713)
Epoch: [12][60/126], lr: 0.00100	Time 0.523 (0.634)	Data 0.000 (0.100)	Loss 0.3001 (0.4949)	Prec@1 90.625 (82.275)	Prec@5 100.000 (97.951)
Epoch: [12][80/126], lr: 0.00100	Time 0.523 (0.608)	Data 0.000 (0.075)	Loss 0.6120 (0.4954)	Prec@1 78.125 (82.292)	Prec@5 100.000 (97.917)
Epoch: [12][100/126], lr: 0.00100	Time 0.518 (0.592)	Data 0.000 (0.060)	Loss 0.5572 (0.4993)	Prec@1 78.125 (82.333)	Prec@5 96.875 (97.772)
Epoch: [12][120/126], lr: 0.00100	Time 0.517 (0.579)	Data 0.000 (0.050)	Loss 0.3495 (0.4911)	Prec@1 87.500 (82.567)	Prec@5 100.000 (97.908)
Freezing BatchNorm2D except the first one.
Epoch: [13][0/126], lr: 0.00100	Time 4.331 (4.331)	Data 3.838 (3.838)	Loss 0.4400 (0.4400)	Prec@1 81.250 (81.250)	Prec@5 100.000 (100.000)
Epoch: [13][20/126], lr: 0.00100	Time 0.538 (0.792)	Data 0.000 (0.241)	Loss 0.9914 (0.5586)	Prec@1 65.625 (79.613)	Prec@5 90.625 (98.065)
Epoch: [13][40/126], lr: 0.00100	Time 0.521 (0.663)	Data 0.000 (0.123)	Loss 0.3478 (0.5047)	Prec@1 84.375 (81.174)	Prec@5 100.000 (97.942)
Epoch: [13][60/126], lr: 0.00100	Time 0.524 (0.618)	Data 0.000 (0.083)	Loss 0.3903 (0.4836)	Prec@1 84.375 (82.428)	Prec@5 100.000 (97.951)
Epoch: [13][80/126], lr: 0.00100	Time 0.522 (0.595)	Data 0.000 (0.063)	Loss 0.3124 (0.4703)	Prec@1 90.625 (83.102)	Prec@5 93.750 (97.801)
Epoch: [13][100/126], lr: 0.00100	Time 0.518 (0.582)	Data 0.000 (0.050)	Loss 0.1332 (0.4707)	Prec@1 96.875 (83.137)	Prec@5 100.000 (97.772)
Epoch: [13][120/126], lr: 0.00100	Time 0.517 (0.571)	Data 0.000 (0.042)	Loss 0.1969 (0.4701)	Prec@1 96.875 (83.342)	Prec@5 100.000 (97.727)
Test: [0/51]	Time 4.747 (4.747)	Loss 0.1198 (0.1198)	Prec@1 93.750 (93.750)	Prec@5 100.000 (100.000)
Test: [20/51]	Time 0.195 (0.543)	Loss 0.5983 (0.6585)	Prec@1 81.250 (83.929)	Prec@5 100.000 (96.131)
Test: [40/51]	Time 0.170 (0.379)	Loss 0.1990 (0.7983)	Prec@1 90.625 (83.384)	Prec@5 100.000 (97.713)
Testing Results: Prec@1 84.596 Prec@5 97.888 Loss 0.71371
Best Prec@1: 84.596

Freezing BatchNorm2D except the first one.
Epoch: [14][0/126], lr: 0.00100	Time 4.545 (4.545)	Data 4.024 (4.024)	Loss 0.4341 (0.4341)	Prec@1 84.375 (84.375)	Prec@5 100.000 (100.000)
Epoch: [14][20/126], lr: 0.00100	Time 0.521 (0.769)	Data 0.000 (0.221)	Loss 0.2892 (0.3690)	Prec@1 87.500 (86.458)	Prec@5 100.000 (98.661)
Epoch: [14][40/126], lr: 0.00100	Time 0.520 (0.652)	Data 0.000 (0.113)	Loss 0.2716 (0.3686)	Prec@1 90.625 (87.195)	Prec@5 100.000 (98.323)
Epoch: [14][60/126], lr: 0.00100	Time 0.527 (0.610)	Data 0.000 (0.076)	Loss 0.4591 (0.4231)	Prec@1 84.375 (85.451)	Prec@5 96.875 (97.643)
Epoch: [14][80/126], lr: 0.00100	Time 0.549 (0.589)	Data 0.000 (0.057)	Loss 0.2779 (0.4370)	Prec@1 90.625 (84.761)	Prec@5 100.000 (97.454)
Epoch: [14][100/126], lr: 0.00100	Time 0.517 (0.576)	Data 0.000 (0.046)	Loss 0.8682 (0.4422)	Prec@1 65.625 (84.035)	Prec@5 87.500 (97.525)
Epoch: [14][120/126], lr: 0.00100	Time 0.515 (0.566)	Data 0.000 (0.038)	Loss 0.5401 (0.4477)	Prec@1 68.750 (83.626)	Prec@5 100.000 (97.546)
Freezing BatchNorm2D except the first one.
Epoch: [15][0/126], lr: 0.00100	Time 5.364 (5.364)	Data 4.987 (4.987)	Loss 0.3687 (0.3687)	Prec@1 87.500 (87.500)	Prec@5 100.000 (100.000)
Epoch: [15][20/126], lr: 0.00100	Time 0.495 (0.791)	Data 0.000 (0.238)	Loss 0.5265 (0.4714)	Prec@1 81.250 (83.185)	Prec@5 100.000 (98.214)
Epoch: [15][40/126], lr: 0.00100	Time 0.572 (0.665)	Data 0.000 (0.122)	Loss 0.5012 (0.4441)	Prec@1 81.250 (83.689)	Prec@5 100.000 (98.247)
Epoch: [15][60/126], lr: 0.00100	Time 0.662 (0.623)	Data 0.000 (0.082)	Loss 0.4263 (0.4406)	Prec@1 81.250 (83.965)	Prec@5 96.875 (98.053)
Epoch: [15][80/126], lr: 0.00100	Time 0.606 (0.599)	Data 0.000 (0.062)	Loss 0.3448 (0.4201)	Prec@1 87.500 (84.568)	Prec@5 96.875 (98.187)
Epoch: [15][100/126], lr: 0.00100	Time 0.515 (0.584)	Data 0.000 (0.050)	Loss 0.3040 (0.4296)	Prec@1 90.625 (84.406)	Prec@5 100.000 (98.020)
Epoch: [15][120/126], lr: 0.00100	Time 0.517 (0.572)	Data 0.000 (0.041)	Loss 0.4694 (0.4387)	Prec@1 87.500 (84.091)	Prec@5 96.875 (97.805)
Test: [0/51]	Time 5.443 (5.443)	Loss 0.1189 (0.1189)	Prec@1 90.625 (90.625)	Prec@5 100.000 (100.000)
Test: [20/51]	Time 0.179 (0.563)	Loss 0.3938 (0.6671)	Prec@1 84.375 (79.613)	Prec@5 96.875 (95.685)
Test: [40/51]	Time 0.171 (0.410)	Loss 0.1644 (0.5990)	Prec@1 90.625 (81.784)	Prec@5 100.000 (97.485)
Testing Results: Prec@1 82.671 Prec@5 97.640 Loss 0.56427
Best Prec@1: 84.596

Freezing BatchNorm2D except the first one.
Epoch: [16][0/126], lr: 0.00100	Time 6.922 (6.922)	Data 6.552 (6.552)	Loss 0.2521 (0.2521)	Prec@1 90.625 (90.625)	Prec@5 100.000 (100.000)
Epoch: [16][20/126], lr: 0.00100	Time 0.541 (0.858)	Data 0.000 (0.336)	Loss 0.1671 (0.3208)	Prec@1 90.625 (87.649)	Prec@5 100.000 (98.363)
Epoch: [16][40/126], lr: 0.00100	Time 0.529 (0.705)	Data 0.000 (0.172)	Loss 0.2582 (0.3515)	Prec@1 90.625 (86.509)	Prec@5 100.000 (98.171)
Epoch: [16][60/126], lr: 0.00100	Time 0.544 (0.648)	Data 0.000 (0.116)	Loss 0.3250 (0.3513)	Prec@1 87.500 (86.680)	Prec@5 100.000 (98.053)
Epoch: [16][80/126], lr: 0.00100	Time 0.535 (0.619)	Data 0.000 (0.087)	Loss 0.3073 (0.4061)	Prec@1 96.875 (85.340)	Prec@5 100.000 (98.110)
Epoch: [16][100/126], lr: 0.00100	Time 0.518 (0.601)	Data 0.000 (0.070)	Loss 0.5711 (0.4332)	Prec@1 81.250 (84.561)	Prec@5 100.000 (98.051)
Epoch: [16][120/126], lr: 0.00100	Time 0.515 (0.587)	Data 0.000 (0.058)	Loss 0.5089 (0.4294)	Prec@1 84.375 (84.607)	Prec@5 93.750 (97.986)
Freezing BatchNorm2D except the first one.
Epoch: [17][0/126], lr: 0.00100	Time 5.941 (5.941)	Data 5.538 (5.538)	Loss 0.4568 (0.4568)	Prec@1 90.625 (90.625)	Prec@5 100.000 (100.000)
Epoch: [17][20/126], lr: 0.00100	Time 0.592 (0.971)	Data 0.000 (0.457)	Loss 0.6370 (0.4241)	Prec@1 71.875 (86.310)	Prec@5 100.000 (97.619)
Epoch: [17][40/126], lr: 0.00100	Time 0.528 (0.755)	Data 0.000 (0.234)	Loss 0.5000 (0.4406)	Prec@1 84.375 (85.061)	Prec@5 90.625 (97.637)
Epoch: [17][60/126], lr: 0.00100	Time 0.547 (0.682)	Data 0.000 (0.157)	Loss 0.3022 (0.4171)	Prec@1 90.625 (85.656)	Prec@5 100.000 (98.053)
Epoch: [17][80/126], lr: 0.00100	Time 0.532 (0.645)	Data 0.000 (0.119)	Loss 0.5228 (0.4188)	Prec@1 78.125 (85.571)	Prec@5 93.750 (97.955)
Epoch: [17][100/126], lr: 0.00100	Time 0.516 (0.622)	Data 0.000 (0.095)	Loss 0.3347 (0.4298)	Prec@1 87.500 (85.427)	Prec@5 100.000 (97.896)
Epoch: [17][120/126], lr: 0.00100	Time 0.516 (0.605)	Data 0.000 (0.079)	Loss 0.5068 (0.4248)	Prec@1 81.250 (85.279)	Prec@5 96.875 (97.856)
Test: [0/51]	Time 5.572 (5.572)	Loss 0.1172 (0.1172)	Prec@1 93.750 (93.750)	Prec@5 100.000 (100.000)
Test: [20/51]	Time 0.292 (0.544)	Loss 0.8439 (1.0089)	Prec@1 84.375 (76.190)	Prec@5 100.000 (90.030)
Test: [40/51]	Time 0.170 (0.381)	Loss 0.1694 (0.7450)	Prec@1 93.750 (81.555)	Prec@5 100.000 (94.512)
Testing Results: Prec@1 82.050 Prec@5 95.342 Loss 0.70857
Best Prec@1: 84.596

Freezing BatchNorm2D except the first one.
Epoch: [18][0/126], lr: 0.00100	Time 5.267 (5.267)	Data 4.865 (4.865)	Loss 0.3205 (0.3205)	Prec@1 84.375 (84.375)	Prec@5 100.000 (100.000)
Epoch: [18][20/126], lr: 0.00100	Time 0.610 (0.781)	Data 0.000 (0.232)	Loss 0.3018 (0.3949)	Prec@1 90.625 (85.268)	Prec@5 96.875 (98.065)
Epoch: [18][40/126], lr: 0.00100	Time 0.526 (0.663)	Data 0.000 (0.119)	Loss 0.3655 (0.4082)	Prec@1 84.375 (85.976)	Prec@5 100.000 (98.323)
Epoch: [18][60/126], lr: 0.00100	Time 0.539 (0.619)	Data 0.000 (0.080)	Loss 0.7030 (0.4026)	Prec@1 78.125 (85.656)	Prec@5 93.750 (98.309)
Epoch: [18][80/126], lr: 0.00100	Time 0.522 (0.597)	Data 0.000 (0.060)	Loss 0.6794 (0.4046)	Prec@1 84.375 (85.802)	Prec@5 96.875 (98.148)
Epoch: [18][100/126], lr: 0.00100	Time 0.516 (0.583)	Data 0.000 (0.048)	Loss 0.1851 (0.3869)	Prec@1 93.750 (86.108)	Prec@5 100.000 (98.175)
Epoch: [18][120/126], lr: 0.00100	Time 0.516 (0.572)	Data 0.000 (0.040)	Loss 0.3854 (0.3889)	Prec@1 84.375 (85.795)	Prec@5 100.000 (98.295)
Freezing BatchNorm2D except the first one.
Epoch: [19][0/126], lr: 0.00100	Time 5.191 (5.191)	Data 4.608 (4.608)	Loss 0.3817 (0.3817)	Prec@1 84.375 (84.375)	Prec@5 100.000 (100.000)
Epoch: [19][20/126], lr: 0.00100	Time 0.545 (0.793)	Data 0.000 (0.231)	Loss 0.6596 (0.3717)	Prec@1 78.125 (86.607)	Prec@5 100.000 (98.810)
Epoch: [19][40/126], lr: 0.00100	Time 0.623 (0.668)	Data 0.000 (0.118)	Loss 0.3437 (0.3766)	Prec@1 81.250 (86.280)	Prec@5 100.000 (98.171)
Epoch: [19][60/126], lr: 0.00100	Time 0.521 (0.621)	Data 0.000 (0.079)	Loss 0.2644 (0.3774)	Prec@1 90.625 (86.424)	Prec@5 100.000 (98.156)
Epoch: [19][80/126], lr: 0.00100	Time 0.510 (0.597)	Data 0.000 (0.060)	Loss 0.2590 (0.3829)	Prec@1 93.750 (86.651)	Prec@5 100.000 (97.955)
Epoch: [19][100/126], lr: 0.00100	Time 0.516 (0.583)	Data 0.000 (0.048)	Loss 0.2965 (0.3929)	Prec@1 87.500 (85.984)	Prec@5 96.875 (97.834)
Epoch: [19][120/126], lr: 0.00100	Time 0.516 (0.572)	Data 0.000 (0.040)	Loss 0.5602 (0.3931)	Prec@1 78.125 (86.054)	Prec@5 100.000 (97.779)
Test: [0/51]	Time 5.195 (5.195)	Loss 0.0988 (0.0988)	Prec@1 93.750 (93.750)	Prec@5 100.000 (100.000)
Test: [20/51]	Time 0.190 (0.523)	Loss 0.6960 (0.8716)	Prec@1 68.750 (77.232)	Prec@5 100.000 (93.750)
Test: [40/51]	Time 0.170 (0.373)	Loss 0.1760 (0.8076)	Prec@1 93.750 (78.354)	Prec@5 100.000 (96.494)
Testing Results: Prec@1 76.398 Prec@5 96.584 Loss 0.87214
Best Prec@1: 84.596

Freezing BatchNorm2D except the first one.
Epoch: [20][0/126], lr: 0.00010	Time 5.711 (5.711)	Data 5.147 (5.147)	Loss 0.3430 (0.3430)	Prec@1 87.500 (87.500)	Prec@5 96.875 (96.875)
Epoch: [20][20/126], lr: 0.00010	Time 0.521 (0.797)	Data 0.000 (0.245)	Loss 0.0961 (0.4070)	Prec@1 96.875 (84.673)	Prec@5 100.000 (98.065)
Epoch: [20][40/126], lr: 0.00010	Time 0.528 (0.666)	Data 0.000 (0.126)	Loss 0.3285 (0.3822)	Prec@1 84.375 (86.357)	Prec@5 100.000 (98.399)
Epoch: [20][60/126], lr: 0.00010	Time 0.511 (0.620)	Data 0.000 (0.085)	Loss 0.1477 (0.3670)	Prec@1 93.750 (86.885)	Prec@5 100.000 (98.514)
Epoch: [20][80/126], lr: 0.00010	Time 0.552 (0.597)	Data 0.000 (0.064)	Loss 0.3373 (0.3399)	Prec@1 84.375 (87.847)	Prec@5 93.750 (98.418)
Epoch: [20][100/126], lr: 0.00010	Time 0.516 (0.582)	Data 0.000 (0.051)	Loss 0.3997 (0.3330)	Prec@1 84.375 (88.057)	Prec@5 100.000 (98.515)
Epoch: [20][120/126], lr: 0.00010	Time 0.517 (0.571)	Data 0.000 (0.043)	Loss 0.3612 (0.3278)	Prec@1 84.375 (88.120)	Prec@5 96.875 (98.476)
Freezing BatchNorm2D except the first one.
Epoch: [21][0/126], lr: 0.00010	Time 5.647 (5.647)	Data 5.257 (5.257)	Loss 0.2580 (0.2580)	Prec@1 87.500 (87.500)	Prec@5 100.000 (100.000)
Epoch: [21][20/126], lr: 0.00010	Time 0.520 (0.805)	Data 0.000 (0.250)	Loss 0.2302 (0.2473)	Prec@1 90.625 (90.774)	Prec@5 100.000 (98.512)
Epoch: [21][40/126], lr: 0.00010	Time 0.565 (0.670)	Data 0.000 (0.128)	Loss 0.2380 (0.2674)	Prec@1 93.750 (90.091)	Prec@5 100.000 (98.552)
Epoch: [21][60/126], lr: 0.00010	Time 0.531 (0.623)	Data 0.000 (0.086)	Loss 0.3083 (0.2655)	Prec@1 84.375 (89.857)	Prec@5 96.875 (98.668)
Epoch: [21][80/126], lr: 0.00010	Time 0.528 (0.599)	Data 0.000 (0.065)	Loss 0.1557 (0.2562)	Prec@1 90.625 (90.201)	Prec@5 100.000 (98.688)
Epoch: [21][100/126], lr: 0.00010	Time 0.514 (0.584)	Data 0.000 (0.052)	Loss 0.2938 (0.2607)	Prec@1 93.750 (90.161)	Prec@5 100.000 (98.731)
Epoch: [21][120/126], lr: 0.00010	Time 0.516 (0.573)	Data 0.000 (0.044)	Loss 0.3912 (0.2691)	Prec@1 84.375 (89.799)	Prec@5 96.875 (98.476)
Test: [0/51]	Time 4.863 (4.863)	Loss 0.0766 (0.0766)	Prec@1 100.000 (100.000)	Prec@5 100.000 (100.000)
Test: [20/51]	Time 0.193 (0.544)	Loss 0.6471 (0.7609)	Prec@1 78.125 (83.185)	Prec@5 100.000 (94.643)
Test: [40/51]	Time 0.170 (0.379)	Loss 0.1126 (0.7202)	Prec@1 90.625 (84.832)	Prec@5 100.000 (97.027)
Testing Results: Prec@1 83.354 Prec@5 97.205 Loss 0.72805
Best Prec@1: 84.596

Freezing BatchNorm2D except the first one.
Epoch: [22][0/126], lr: 0.00010	Time 5.329 (5.329)	Data 4.902 (4.902)	Loss 0.3144 (0.3144)	Prec@1 90.625 (90.625)	Prec@5 93.750 (93.750)
Epoch: [22][20/126], lr: 0.00010	Time 0.524 (0.796)	Data 0.000 (0.234)	Loss 0.1942 (0.2566)	Prec@1 93.750 (89.881)	Prec@5 100.000 (97.917)
Epoch: [22][40/126], lr: 0.00010	Time 0.526 (0.665)	Data 0.000 (0.120)	Loss 0.1999 (0.2598)	Prec@1 90.625 (90.549)	Prec@5 100.000 (98.247)
Epoch: [22][60/126], lr: 0.00010	Time 0.529 (0.620)	Data 0.000 (0.081)	Loss 0.1906 (0.2626)	Prec@1 90.625 (90.369)	Prec@5 100.000 (98.412)
Epoch: [22][80/126], lr: 0.00010	Time 0.523 (0.597)	Data 0.000 (0.061)	Loss 0.1422 (0.2682)	Prec@1 96.875 (90.008)	Prec@5 96.875 (98.495)
Epoch: [22][100/126], lr: 0.00010	Time 0.515 (0.582)	Data 0.000 (0.049)	Loss 0.3048 (0.2722)	Prec@1 87.500 (90.006)	Prec@5 100.000 (98.453)
Epoch: [22][120/126], lr: 0.00010	Time 0.516 (0.571)	Data 0.000 (0.041)	Loss 0.5353 (0.2780)	Prec@1 84.375 (89.902)	Prec@5 90.625 (98.270)
Freezing BatchNorm2D except the first one.
Epoch: [23][0/126], lr: 0.00010	Time 5.498 (5.498)	Data 4.999 (4.999)	Loss 0.2484 (0.2484)	Prec@1 93.750 (93.750)	Prec@5 96.875 (96.875)
Epoch: [23][20/126], lr: 0.00010	Time 0.616 (0.784)	Data 0.000 (0.238)	Loss 0.3294 (0.2882)	Prec@1 87.500 (87.798)	Prec@5 96.875 (98.363)
Epoch: [23][40/126], lr: 0.00010	Time 0.555 (0.659)	Data 0.000 (0.122)	Loss 0.1407 (0.2753)	Prec@1 96.875 (89.024)	Prec@5 100.000 (98.704)
Epoch: [23][60/126], lr: 0.00010	Time 0.525 (0.616)	Data 0.000 (0.082)	Loss 0.1073 (0.2778)	Prec@1 100.000 (89.293)	Prec@5 100.000 (98.412)
Epoch: [23][80/126], lr: 0.00010	Time 0.518 (0.594)	Data 0.000 (0.062)	Loss 0.4533 (0.2776)	Prec@1 81.250 (89.468)	Prec@5 93.750 (98.341)
Epoch: [23][100/126], lr: 0.00010	Time 0.516 (0.580)	Data 0.000 (0.050)	Loss 0.3684 (0.2819)	Prec@1 90.625 (89.356)	Prec@5 96.875 (98.391)
Epoch: [23][120/126], lr: 0.00010	Time 0.515 (0.569)	Data 0.000 (0.041)	Loss 0.5104 (0.2878)	Prec@1 75.000 (89.282)	Prec@5 93.750 (98.218)
Test: [0/51]	Time 6.045 (6.045)	Loss 0.0755 (0.0755)	Prec@1 100.000 (100.000)	Prec@5 100.000 (100.000)
Test: [20/51]	Time 0.290 (0.544)	Loss 0.6904 (0.6609)	Prec@1 78.125 (83.333)	Prec@5 100.000 (95.387)
Test: [40/51]	Time 0.173 (0.378)	Loss 0.1119 (0.6206)	Prec@1 93.750 (85.747)	Prec@5 100.000 (97.485)
Testing Results: Prec@1 84.720 Prec@5 97.453 Loss 0.61463
Best Prec@1: 84.720

Freezing BatchNorm2D except the first one.
Epoch: [24][0/126], lr: 0.00010	Time 6.580 (6.580)	Data 6.296 (6.296)	Loss 0.2838 (0.2838)	Prec@1 90.625 (90.625)	Prec@5 100.000 (100.000)
Epoch: [24][20/126], lr: 0.00010	Time 0.542 (0.848)	Data 0.000 (0.300)	Loss 0.4372 (0.2967)	Prec@1 84.375 (89.137)	Prec@5 96.875 (97.619)
Epoch: [24][40/126], lr: 0.00010	Time 0.521 (0.691)	Data 0.000 (0.154)	Loss 0.2955 (0.2978)	Prec@1 87.500 (88.643)	Prec@5 96.875 (97.866)
Epoch: [24][60/126], lr: 0.00010	Time 0.526 (0.639)	Data 0.000 (0.103)	Loss 0.2897 (0.2861)	Prec@1 87.500 (89.088)	Prec@5 96.875 (98.053)
Epoch: [24][80/126], lr: 0.00010	Time 0.534 (0.613)	Data 0.000 (0.078)	Loss 0.4786 (0.2983)	Prec@1 81.250 (88.773)	Prec@5 96.875 (97.994)
Epoch: [24][100/126], lr: 0.00010	Time 0.515 (0.596)	Data 0.000 (0.062)	Loss 0.1905 (0.2847)	Prec@1 90.625 (89.449)	Prec@5 100.000 (98.113)
Epoch: [24][120/126], lr: 0.00010	Time 0.516 (0.583)	Data 0.000 (0.052)	Loss 0.3248 (0.2881)	Prec@1 90.625 (89.282)	Prec@5 96.875 (98.037)
Freezing BatchNorm2D except the first one.
Epoch: [25][0/126], lr: 0.00010	Time 8.329 (8.329)	Data 7.996 (7.996)	Loss 0.0969 (0.0969)	Prec@1 96.875 (96.875)	Prec@5 100.000 (100.000)
Epoch: [25][20/126], lr: 0.00010	Time 0.557 (0.914)	Data 0.000 (0.395)	Loss 0.1822 (0.2149)	Prec@1 93.750 (92.262)	Prec@5 100.000 (99.256)
Epoch: [25][40/126], lr: 0.00010	Time 0.525 (0.811)	Data 0.000 (0.285)	Loss 0.2621 (0.2435)	Prec@1 90.625 (90.244)	Prec@5 100.000 (98.933)
Epoch: [25][60/126], lr: 0.00010	Time 0.530 (0.721)	Data 0.000 (0.192)	Loss 0.3184 (0.2500)	Prec@1 90.625 (90.266)	Prec@5 96.875 (98.924)
Epoch: [25][80/126], lr: 0.00010	Time 0.531 (0.674)	Data 0.000 (0.144)	Loss 0.0184 (0.2424)	Prec@1 100.000 (90.664)	Prec@5 100.000 (98.843)
Epoch: [25][100/126], lr: 0.00010	Time 0.515 (0.645)	Data 0.000 (0.116)	Loss 0.3104 (0.2575)	Prec@1 87.500 (90.223)	Prec@5 100.000 (98.639)
Epoch: [25][120/126], lr: 0.00010	Time 0.515 (0.623)	Data 0.000 (0.097)	Loss 0.1271 (0.2587)	Prec@1 90.625 (90.289)	Prec@5 100.000 (98.554)
Test: [0/51]	Time 5.223 (5.223)	Loss 0.0802 (0.0802)	Prec@1 100.000 (100.000)	Prec@5 100.000 (100.000)
Test: [20/51]	Time 0.244 (0.547)	Loss 0.5322 (0.6738)	Prec@1 81.250 (85.268)	Prec@5 100.000 (95.536)
Test: [40/51]	Time 0.176 (0.410)	Loss 0.1096 (0.6594)	Prec@1 90.625 (86.738)	Prec@5 100.000 (97.561)
Testing Results: Prec@1 86.149 Prec@5 97.764 Loss 0.63749
Best Prec@1: 86.149

Freezing BatchNorm2D except the first one.
Epoch: [26][0/126], lr: 0.00010	Time 6.441 (6.441)	Data 5.864 (5.864)	Loss 0.1259 (0.1259)	Prec@1 96.875 (96.875)	Prec@5 100.000 (100.000)
Epoch: [26][20/126], lr: 0.00010	Time 0.561 (0.835)	Data 0.000 (0.301)	Loss 0.3204 (0.2771)	Prec@1 87.500 (89.583)	Prec@5 100.000 (97.619)
Epoch: [26][40/126], lr: 0.00010	Time 0.524 (0.692)	Data 0.000 (0.154)	Loss 0.5055 (0.2685)	Prec@1 81.250 (89.787)	Prec@5 93.750 (98.247)
Epoch: [26][60/126], lr: 0.00010	Time 0.514 (0.639)	Data 0.000 (0.104)	Loss 0.3277 (0.2596)	Prec@1 84.375 (90.061)	Prec@5 96.875 (98.412)
Epoch: [26][80/126], lr: 0.00010	Time 0.523 (0.612)	Data 0.000 (0.078)	Loss 0.2855 (0.2602)	Prec@1 90.625 (90.355)	Prec@5 100.000 (98.457)
Epoch: [26][100/126], lr: 0.00010	Time 0.517 (0.596)	Data 0.000 (0.063)	Loss 0.2604 (0.2587)	Prec@1 90.625 (90.347)	Prec@5 96.875 (98.546)
Epoch: [26][120/126], lr: 0.00010	Time 0.518 (0.583)	Data 0.000 (0.052)	Loss 0.4091 (0.2581)	Prec@1 87.500 (90.341)	Prec@5 100.000 (98.657)
Freezing BatchNorm2D except the first one.
Epoch: [27][0/126], lr: 0.00010	Time 6.914 (6.914)	Data 6.531 (6.531)	Loss 0.4117 (0.4117)	Prec@1 84.375 (84.375)	Prec@5 96.875 (96.875)
Epoch: [27][20/126], lr: 0.00010	Time 0.552 (0.845)	Data 0.000 (0.311)	Loss 0.5736 (0.2817)	Prec@1 78.125 (89.732)	Prec@5 93.750 (98.363)
Epoch: [27][40/126], lr: 0.00010	Time 0.523 (0.700)	Data 0.000 (0.159)	Loss 0.4347 (0.2706)	Prec@1 87.500 (91.082)	Prec@5 93.750 (98.476)
Epoch: [27][60/126], lr: 0.00010	Time 0.533 (0.644)	Data 0.000 (0.107)	Loss 0.6064 (0.2785)	Prec@1 84.375 (90.881)	Prec@5 96.875 (98.309)
Epoch: [27][80/126], lr: 0.00010	Time 0.531 (0.615)	Data 0.000 (0.081)	Loss 0.4208 (0.2773)	Prec@1 81.250 (90.702)	Prec@5 96.875 (98.341)
Epoch: [27][100/126], lr: 0.00010	Time 0.517 (0.598)	Data 0.000 (0.065)	Loss 0.1602 (0.2769)	Prec@1 96.875 (90.470)	Prec@5 96.875 (98.236)
Epoch: [27][120/126], lr: 0.00010	Time 0.517 (0.585)	Data 0.000 (0.054)	Loss 0.3504 (0.2716)	Prec@1 84.375 (90.470)	Prec@5 100.000 (98.295)
Test: [0/51]	Time 6.070 (6.070)	Loss 0.0714 (0.0714)	Prec@1 100.000 (100.000)	Prec@5 100.000 (100.000)
Test: [20/51]	Time 0.244 (0.559)	Loss 0.7595 (0.7438)	Prec@1 81.250 (84.077)	Prec@5 100.000 (94.494)
Test: [40/51]	Time 0.173 (0.390)	Loss 0.1081 (0.7715)	Prec@1 90.625 (85.137)	Prec@5 100.000 (96.875)
Testing Results: Prec@1 84.161 Prec@5 96.894 Loss 0.75732
Best Prec@1: 86.149

Freezing BatchNorm2D except the first one.
Epoch: [28][0/126], lr: 0.00010	Time 5.655 (5.655)	Data 5.179 (5.179)	Loss 0.1254 (0.1254)	Prec@1 96.875 (96.875)	Prec@5 100.000 (100.000)
Epoch: [28][20/126], lr: 0.00010	Time 0.522 (0.801)	Data 0.000 (0.254)	Loss 0.4760 (0.2337)	Prec@1 81.250 (90.476)	Prec@5 100.000 (98.958)
Epoch: [28][40/126], lr: 0.00010	Time 0.506 (0.670)	Data 0.000 (0.130)	Loss 0.2477 (0.2431)	Prec@1 90.625 (90.473)	Prec@5 96.875 (98.476)
Epoch: [28][60/126], lr: 0.00010	Time 0.537 (0.626)	Data 0.000 (0.087)	Loss 0.3172 (0.2406)	Prec@1 87.500 (90.830)	Prec@5 100.000 (98.412)
Epoch: [28][80/126], lr: 0.00010	Time 0.527 (0.602)	Data 0.000 (0.066)	Loss 0.1539 (0.2448)	Prec@1 90.625 (90.779)	Prec@5 100.000 (98.380)
Epoch: [28][100/126], lr: 0.00010	Time 0.519 (0.587)	Data 0.000 (0.053)	Loss 0.2692 (0.2435)	Prec@1 90.625 (90.903)	Prec@5 100.000 (98.546)
Epoch: [28][120/126], lr: 0.00010	Time 0.517 (0.576)	Data 0.000 (0.044)	Loss 0.1545 (0.2525)	Prec@1 100.000 (90.418)	Prec@5 100.000 (98.528)
Freezing BatchNorm2D except the first one.
Epoch: [29][0/126], lr: 0.00010	Time 5.785 (5.785)	Data 5.410 (5.410)	Loss 0.2726 (0.2726)	Prec@1 87.500 (87.500)	Prec@5 100.000 (100.000)
Epoch: [29][20/126], lr: 0.00010	Time 0.552 (0.820)	Data 0.000 (0.277)	Loss 0.1390 (0.2736)	Prec@1 93.750 (89.137)	Prec@5 100.000 (98.512)
Epoch: [29][40/126], lr: 0.00010	Time 0.543 (0.677)	Data 0.000 (0.142)	Loss 0.1301 (0.2507)	Prec@1 96.875 (90.244)	Prec@5 100.000 (98.704)
Epoch: [29][60/126], lr: 0.00010	Time 0.527 (0.630)	Data 0.000 (0.096)	Loss 0.5242 (0.2664)	Prec@1 84.375 (89.600)	Prec@5 96.875 (98.566)
Epoch: [29][80/126], lr: 0.00010	Time 0.514 (0.604)	Data 0.000 (0.072)	Loss 0.1492 (0.2696)	Prec@1 90.625 (89.622)	Prec@5 100.000 (98.341)
Epoch: [29][100/126], lr: 0.00010	Time 0.517 (0.588)	Data 0.000 (0.058)	Loss 0.3160 (0.2721)	Prec@1 81.250 (89.573)	Prec@5 100.000 (98.205)
Epoch: [29][120/126], lr: 0.00010	Time 0.518 (0.577)	Data 0.000 (0.048)	Loss 0.2940 (0.2661)	Prec@1 90.625 (89.850)	Prec@5 100.000 (98.321)
Test: [0/51]	Time 6.125 (6.125)	Loss 0.0683 (0.0683)	Prec@1 100.000 (100.000)	Prec@5 100.000 (100.000)
Test: [20/51]	Time 0.425 (0.553)	Loss 0.5872 (0.6589)	Prec@1 81.250 (84.673)	Prec@5 100.000 (95.685)
Test: [40/51]	Time 0.171 (0.384)	Loss 0.1132 (0.6733)	Prec@1 90.625 (86.052)	Prec@5 100.000 (97.561)
Testing Results: Prec@1 85.776 Prec@5 97.453 Loss 0.64618
Best Prec@1: 86.149

Freezing BatchNorm2D except the first one.
Epoch: [30][0/126], lr: 0.00010	Time 5.385 (5.385)	Data 5.006 (5.006)	Loss 0.1388 (0.1388)	Prec@1 96.875 (96.875)	Prec@5 100.000 (100.000)
Epoch: [30][20/126], lr: 0.00010	Time 0.532 (0.802)	Data 0.000 (0.239)	Loss 0.3329 (0.2796)	Prec@1 84.375 (90.030)	Prec@5 96.875 (98.065)
Epoch: [30][40/126], lr: 0.00010	Time 0.526 (0.669)	Data 0.000 (0.122)	Loss 0.4071 (0.2649)	Prec@1 87.500 (90.244)	Prec@5 93.750 (98.171)
Epoch: [30][60/126], lr: 0.00010	Time 0.521 (0.621)	Data 0.000 (0.082)	Loss 0.2269 (0.2500)	Prec@1 93.750 (90.830)	Prec@5 96.875 (98.309)
Epoch: [30][80/126], lr: 0.00010	Time 0.556 (0.598)	Data 0.000 (0.062)	Loss 0.1645 (0.2470)	Prec@1 93.750 (90.972)	Prec@5 100.000 (98.457)
Epoch: [30][100/126], lr: 0.00010	Time 0.515 (0.583)	Data 0.000 (0.050)	Loss 0.1147 (0.2468)	Prec@1 100.000 (91.027)	Prec@5 100.000 (98.577)
Epoch: [30][120/126], lr: 0.00010	Time 0.518 (0.572)	Data 0.000 (0.042)	Loss 0.1491 (0.2472)	Prec@1 90.625 (90.909)	Prec@5 100.000 (98.554)
Freezing BatchNorm2D except the first one.
Epoch: [31][0/126], lr: 0.00010	Time 5.597 (5.597)	Data 5.108 (5.108)	Loss 0.1956 (0.1956)	Prec@1 93.750 (93.750)	Prec@5 96.875 (96.875)
Epoch: [31][20/126], lr: 0.00010	Time 0.531 (0.805)	Data 0.000 (0.243)	Loss 0.5062 (0.2720)	Prec@1 78.125 (89.881)	Prec@5 100.000 (98.065)
Epoch: [31][40/126], lr: 0.00010	Time 0.504 (0.669)	Data 0.000 (0.125)	Loss 0.2042 (0.2683)	Prec@1 93.750 (90.015)	Prec@5 100.000 (97.942)
Epoch: [31][60/126], lr: 0.00010	Time 0.559 (0.624)	Data 0.000 (0.084)	Loss 0.3414 (0.2766)	Prec@1 84.375 (89.447)	Prec@5 96.875 (98.156)
Epoch: [31][80/126], lr: 0.00010	Time 0.610 (0.601)	Data 0.000 (0.063)	Loss 0.3193 (0.2710)	Prec@1 90.625 (89.892)	Prec@5 100.000 (98.187)
Epoch: [31][100/126], lr: 0.00010	Time 0.520 (0.585)	Data 0.000 (0.051)	Loss 0.2263 (0.2741)	Prec@1 87.500 (89.666)	Prec@5 100.000 (98.236)
Epoch: [31][120/126], lr: 0.00010	Time 0.516 (0.574)	Data 0.000 (0.042)	Loss 0.2316 (0.2679)	Prec@1 87.500 (89.979)	Prec@5 100.000 (98.399)
Test: [0/51]	Time 4.838 (4.838)	Loss 0.0692 (0.0692)	Prec@1 100.000 (100.000)	Prec@5 100.000 (100.000)
Test: [20/51]	Time 0.205 (0.526)	Loss 0.6959 (0.7544)	Prec@1 81.250 (83.185)	Prec@5 100.000 (94.643)
Test: [40/51]	Time 0.171 (0.372)	Loss 0.1105 (0.7800)	Prec@1 93.750 (84.680)	Prec@5 100.000 (97.027)
Testing Results: Prec@1 84.037 Prec@5 97.019 Loss 0.74650
Best Prec@1: 86.149

Freezing BatchNorm2D except the first one.
Epoch: [32][0/126], lr: 0.00010	Time 5.513 (5.513)	Data 5.201 (5.201)	Loss 0.1679 (0.1679)	Prec@1 96.875 (96.875)	Prec@5 100.000 (100.000)
Epoch: [32][20/126], lr: 0.00010	Time 0.538 (0.796)	Data 0.000 (0.260)	Loss 0.1247 (0.2753)	Prec@1 96.875 (90.625)	Prec@5 100.000 (97.917)
Epoch: [32][40/126], lr: 0.00010	Time 0.522 (0.666)	Data 0.000 (0.133)	Loss 0.0963 (0.2764)	Prec@1 93.750 (89.558)	Prec@5 100.000 (98.018)
Epoch: [32][60/126], lr: 0.00010	Time 0.546 (0.623)	Data 0.000 (0.090)	Loss 0.1302 (0.2599)	Prec@1 93.750 (90.471)	Prec@5 100.000 (98.258)
Epoch: [32][80/126], lr: 0.00010	Time 0.554 (0.599)	Data 0.000 (0.067)	Loss 0.2696 (0.2575)	Prec@1 90.625 (90.471)	Prec@5 100.000 (98.302)
Epoch: [32][100/126], lr: 0.00010	Time 0.517 (0.584)	Data 0.000 (0.054)	Loss 0.1922 (0.2539)	Prec@1 87.500 (90.347)	Prec@5 100.000 (98.515)
Epoch: [32][120/126], lr: 0.00010	Time 0.516 (0.573)	Data 0.000 (0.045)	Loss 0.1405 (0.2504)	Prec@1 93.750 (90.470)	Prec@5 100.000 (98.502)
Freezing BatchNorm2D except the first one.
Epoch: [33][0/126], lr: 0.00010	Time 4.657 (4.657)	Data 4.045 (4.045)	Loss 0.1218 (0.1218)	Prec@1 96.875 (96.875)	Prec@5 100.000 (100.000)
Epoch: [33][20/126], lr: 0.00010	Time 0.546 (0.775)	Data 0.000 (0.193)	Loss 0.5004 (0.2588)	Prec@1 84.375 (90.179)	Prec@5 90.625 (98.214)
Epoch: [33][40/126], lr: 0.00010	Time 0.549 (0.656)	Data 0.000 (0.099)	Loss 0.1378 (0.2477)	Prec@1 96.875 (90.625)	Prec@5 100.000 (98.552)
Epoch: [33][60/126], lr: 0.00010	Time 0.523 (0.614)	Data 0.000 (0.067)	Loss 0.2525 (0.2461)	Prec@1 90.625 (90.523)	Prec@5 100.000 (98.566)
Epoch: [33][80/126], lr: 0.00010	Time 0.532 (0.593)	Data 0.000 (0.050)	Loss 0.1297 (0.2472)	Prec@1 96.875 (90.548)	Prec@5 96.875 (98.534)
Epoch: [33][100/126], lr: 0.00010	Time 0.517 (0.579)	Data 0.000 (0.040)	Loss 0.2249 (0.2468)	Prec@1 93.750 (90.532)	Prec@5 100.000 (98.577)
Epoch: [33][120/126], lr: 0.00010	Time 0.517 (0.569)	Data 0.000 (0.034)	Loss 0.2727 (0.2519)	Prec@1 93.750 (90.651)	Prec@5 96.875 (98.476)
Test: [0/51]	Time 5.880 (5.880)	Loss 0.0638 (0.0638)	Prec@1 100.000 (100.000)	Prec@5 100.000 (100.000)
Test: [20/51]	Time 0.230 (0.544)	Loss 0.6357 (0.7569)	Prec@1 84.375 (83.631)	Prec@5 100.000 (95.089)
Test: [40/51]	Time 0.171 (0.377)	Loss 0.1091 (0.7204)	Prec@1 93.750 (85.595)	Prec@5 100.000 (97.332)
Testing Results: Prec@1 85.155 Prec@5 97.329 Loss 0.69931
Best Prec@1: 86.149

Freezing BatchNorm2D except the first one.
Epoch: [34][0/126], lr: 0.00010	Time 5.889 (5.889)	Data 5.491 (5.491)	Loss 0.0663 (0.0663)	Prec@1 100.000 (100.000)	Prec@5 100.000 (100.000)
Epoch: [34][20/126], lr: 0.00010	Time 0.526 (0.809)	Data 0.000 (0.262)	Loss 0.2962 (0.2586)	Prec@1 90.625 (91.220)	Prec@5 100.000 (98.363)
Epoch: [34][40/126], lr: 0.00010	Time 0.532 (0.673)	Data 0.000 (0.134)	Loss 0.2414 (0.2379)	Prec@1 93.750 (91.235)	Prec@5 96.875 (98.704)
Epoch: [34][60/126], lr: 0.00010	Time 0.556 (0.627)	Data 0.000 (0.090)	Loss 0.2662 (0.2419)	Prec@1 93.750 (91.547)	Prec@5 96.875 (98.514)
Epoch: [34][80/126], lr: 0.00010	Time 0.544 (0.603)	Data 0.000 (0.068)	Loss 0.1203 (0.2275)	Prec@1 96.875 (91.860)	Prec@5 100.000 (98.688)
Epoch: [34][100/126], lr: 0.00010	Time 0.517 (0.587)	Data 0.000 (0.055)	Loss 0.5007 (0.2492)	Prec@1 78.125 (91.182)	Prec@5 93.750 (98.422)
Epoch: [34][120/126], lr: 0.00010	Time 0.519 (0.575)	Data 0.000 (0.046)	Loss 0.2783 (0.2458)	Prec@1 96.875 (91.193)	Prec@5 100.000 (98.528)
Freezing BatchNorm2D except the first one.
Epoch: [35][0/126], lr: 0.00010	Time 5.768 (5.768)	Data 5.332 (5.332)	Loss 0.1751 (0.1751)	Prec@1 93.750 (93.750)	Prec@5 100.000 (100.000)
Epoch: [35][20/126], lr: 0.00010	Time 0.566 (0.810)	Data 0.000 (0.254)	Loss 0.2061 (0.2670)	Prec@1 93.750 (89.137)	Prec@5 100.000 (98.363)
Epoch: [35][40/126], lr: 0.00010	Time 0.529 (0.674)	Data 0.000 (0.130)	Loss 0.3602 (0.2679)	Prec@1 84.375 (89.787)	Prec@5 96.875 (98.247)
Epoch: [35][60/126], lr: 0.00010	Time 0.569 (0.628)	Data 0.000 (0.088)	Loss 0.2166 (0.2544)	Prec@1 90.625 (90.369)	Prec@5 96.875 (98.412)
Epoch: [35][80/126], lr: 0.00010	Time 0.536 (0.604)	Data 0.000 (0.066)	Loss 0.3136 (0.2544)	Prec@1 90.625 (90.239)	Prec@5 96.875 (98.457)
Epoch: [35][100/126], lr: 0.00010	Time 0.516 (0.589)	Data 0.000 (0.053)	Loss 0.3515 (0.2602)	Prec@1 87.500 (90.099)	Prec@5 93.750 (98.391)
Epoch: [35][120/126], lr: 0.00010	Time 0.518 (0.577)	Data 0.000 (0.044)	Loss 0.1277 (0.2546)	Prec@1 93.750 (90.444)	Prec@5 100.000 (98.399)
Test: [0/51]	Time 4.673 (4.673)	Loss 0.0561 (0.0561)	Prec@1 100.000 (100.000)	Prec@5 100.000 (100.000)
Test: [20/51]	Time 0.362 (0.547)	Loss 0.7280 (0.7995)	Prec@1 78.125 (83.036)	Prec@5 100.000 (94.494)
Test: [40/51]	Time 0.171 (0.383)	Loss 0.1133 (0.7289)	Prec@1 93.750 (85.442)	Prec@5 100.000 (97.027)
Testing Results: Prec@1 84.410 Prec@5 96.957 Loss 0.74173
Best Prec@1: 86.149

Freezing BatchNorm2D except the first one.
Epoch: [36][0/126], lr: 0.00010	Time 5.806 (5.806)	Data 5.411 (5.411)	Loss 0.2953 (0.2953)	Prec@1 84.375 (84.375)	Prec@5 96.875 (96.875)
Epoch: [36][20/126], lr: 0.00010	Time 0.524 (0.802)	Data 0.000 (0.258)	Loss 0.1907 (0.2408)	Prec@1 96.875 (91.964)	Prec@5 96.875 (98.512)
Epoch: [36][40/126], lr: 0.00010	Time 0.522 (0.668)	Data 0.000 (0.132)	Loss 0.4619 (0.2620)	Prec@1 78.125 (91.387)	Prec@5 93.750 (98.323)
Epoch: [36][60/126], lr: 0.00010	Time 0.558 (0.623)	Data 0.000 (0.089)	Loss 0.1553 (0.2433)	Prec@1 93.750 (91.906)	Prec@5 96.875 (98.719)
Epoch: [36][80/126], lr: 0.00010	Time 0.530 (0.600)	Data 0.000 (0.067)	Loss 0.3615 (0.2422)	Prec@1 84.375 (91.628)	Prec@5 100.000 (98.765)
Epoch: [36][100/126], lr: 0.00010	Time 0.518 (0.585)	Data 0.000 (0.054)	Loss 0.2611 (0.2477)	Prec@1 93.750 (91.275)	Prec@5 96.875 (98.670)
Epoch: [36][120/126], lr: 0.00010	Time 0.518 (0.574)	Data 0.000 (0.045)	Loss 0.1384 (0.2455)	Prec@1 93.750 (91.116)	Prec@5 100.000 (98.735)
Freezing BatchNorm2D except the first one.
Epoch: [37][0/126], lr: 0.00010	Time 4.799 (4.799)	Data 4.215 (4.215)	Loss 0.3162 (0.3162)	Prec@1 84.375 (84.375)	Prec@5 96.875 (96.875)
Epoch: [37][20/126], lr: 0.00010	Time 0.522 (0.800)	Data 0.000 (0.233)	Loss 0.2140 (0.2498)	Prec@1 87.500 (90.476)	Prec@5 100.000 (97.917)
Epoch: [37][40/126], lr: 0.00010	Time 0.524 (0.666)	Data 0.000 (0.120)	Loss 0.2206 (0.2569)	Prec@1 90.625 (90.091)	Prec@5 96.875 (98.323)
Epoch: [37][60/126], lr: 0.00010	Time 0.531 (0.620)	Data 0.000 (0.080)	Loss 0.1128 (0.2473)	Prec@1 96.875 (90.574)	Prec@5 100.000 (98.412)
Epoch: [37][80/126], lr: 0.00010	Time 0.515 (0.597)	Data 0.000 (0.061)	Loss 0.1746 (0.2381)	Prec@1 93.750 (91.011)	Prec@5 96.875 (98.495)
Epoch: [37][100/126], lr: 0.00010	Time 0.516 (0.582)	Data 0.000 (0.049)	Loss 0.2167 (0.2398)	Prec@1 87.500 (90.780)	Prec@5 100.000 (98.546)
Epoch: [37][120/126], lr: 0.00010	Time 0.520 (0.572)	Data 0.000 (0.041)	Loss 0.1744 (0.2292)	Prec@1 93.750 (91.348)	Prec@5 96.875 (98.683)
Test: [0/51]	Time 5.911 (5.911)	Loss 0.0621 (0.0621)	Prec@1 100.000 (100.000)	Prec@5 100.000 (100.000)
Test: [20/51]	Time 0.294 (0.578)	Loss 0.7178 (0.7883)	Prec@1 81.250 (83.333)	Prec@5 100.000 (94.643)
Test: [40/51]	Time 0.172 (0.394)	Loss 0.1145 (0.7372)	Prec@1 90.625 (85.213)	Prec@5 100.000 (97.104)
Testing Results: Prec@1 84.472 Prec@5 97.081 Loss 0.73476
Best Prec@1: 86.149

Freezing BatchNorm2D except the first one.
Epoch: [38][0/126], lr: 0.00010	Time 5.126 (5.126)	Data 4.498 (4.498)	Loss 0.3304 (0.3304)	Prec@1 87.500 (87.500)	Prec@5 96.875 (96.875)
Epoch: [38][20/126], lr: 0.00010	Time 0.566 (0.789)	Data 0.000 (0.214)	Loss 0.0846 (0.2103)	Prec@1 100.000 (93.155)	Prec@5 100.000 (98.661)
Epoch: [38][40/126], lr: 0.00010	Time 0.525 (0.663)	Data 0.000 (0.110)	Loss 0.3374 (0.2328)	Prec@1 84.375 (92.073)	Prec@5 100.000 (98.780)
Epoch: [38][60/126], lr: 0.00010	Time 0.515 (0.619)	Data 0.000 (0.074)	Loss 0.2859 (0.2553)	Prec@1 84.375 (91.445)	Prec@5 100.000 (98.617)
Epoch: [38][80/126], lr: 0.00010	Time 0.533 (0.596)	Data 0.000 (0.056)	Loss 0.3202 (0.2454)	Prec@1 87.500 (91.667)	Prec@5 96.875 (98.611)
Epoch: [38][100/126], lr: 0.00010	Time 0.517 (0.583)	Data 0.000 (0.045)	Loss 0.4534 (0.2434)	Prec@1 81.250 (91.491)	Prec@5 93.750 (98.639)
Epoch: [38][120/126], lr: 0.00010	Time 0.518 (0.572)	Data 0.000 (0.037)	Loss 0.3646 (0.2556)	Prec@1 90.625 (91.167)	Prec@5 96.875 (98.450)
Freezing BatchNorm2D except the first one.
Epoch: [39][0/126], lr: 0.00010	Time 6.944 (6.944)	Data 6.658 (6.658)	Loss 0.1999 (0.1999)	Prec@1 93.750 (93.750)	Prec@5 100.000 (100.000)
Epoch: [39][20/126], lr: 0.00010	Time 0.483 (0.854)	Data 0.000 (0.317)	Loss 0.2572 (0.2050)	Prec@1 87.500 (93.601)	Prec@5 100.000 (98.810)
Epoch: [39][40/126], lr: 0.00010	Time 0.524 (0.699)	Data 0.000 (0.163)	Loss 0.2422 (0.2265)	Prec@1 90.625 (91.997)	Prec@5 96.875 (98.857)
Epoch: [39][60/126], lr: 0.00010	Time 0.521 (0.643)	Data 0.000 (0.109)	Loss 0.2816 (0.2322)	Prec@1 87.500 (91.650)	Prec@5 100.000 (98.873)
Epoch: [39][80/126], lr: 0.00010	Time 0.545 (0.615)	Data 0.000 (0.082)	Loss 0.3350 (0.2277)	Prec@1 93.750 (91.744)	Prec@5 96.875 (98.958)
Epoch: [39][100/126], lr: 0.00010	Time 0.515 (0.598)	Data 0.000 (0.066)	Loss 0.2393 (0.2218)	Prec@1 90.625 (91.801)	Prec@5 100.000 (99.010)
Epoch: [39][120/126], lr: 0.00010	Time 0.517 (0.584)	Data 0.000 (0.055)	Loss 0.2521 (0.2152)	Prec@1 90.625 (92.175)	Prec@5 96.875 (98.915)
Test: [0/51]	Time 5.065 (5.065)	Loss 0.0659 (0.0659)	Prec@1 100.000 (100.000)	Prec@5 100.000 (100.000)
Test: [20/51]	Time 0.220 (0.545)	Loss 0.5855 (0.7905)	Prec@1 81.250 (83.333)	Prec@5 100.000 (95.685)
Test: [40/51]	Time 0.171 (0.378)	Loss 0.1208 (0.7942)	Prec@1 90.625 (85.290)	Prec@5 100.000 (97.561)
Testing Results: Prec@1 84.410 Prec@5 97.453 Loss 0.80675
Best Prec@1: 86.149

Freezing BatchNorm2D except the first one.
Epoch: [40][0/126], lr: 0.00001	Time 6.228 (6.228)	Data 5.761 (5.761)	Loss 0.2972 (0.2972)	Prec@1 87.500 (87.500)	Prec@5 96.875 (96.875)
Epoch: [40][20/126], lr: 0.00001	Time 0.554 (0.826)	Data 0.000 (0.275)	Loss 0.1972 (0.2686)	Prec@1 90.625 (89.583)	Prec@5 100.000 (98.363)
Epoch: [40][40/126], lr: 0.00001	Time 0.521 (0.681)	Data 0.000 (0.141)	Loss 0.2614 (0.2613)	Prec@1 90.625 (89.863)	Prec@5 96.875 (98.399)
Epoch: [40][60/126], lr: 0.00001	Time 0.522 (0.632)	Data 0.000 (0.095)	Loss 0.2827 (0.2474)	Prec@1 90.625 (90.523)	Prec@5 100.000 (98.770)
Epoch: [40][80/126], lr: 0.00001	Time 0.525 (0.607)	Data 0.000 (0.071)	Loss 0.1238 (0.2433)	Prec@1 96.875 (90.394)	Prec@5 100.000 (98.688)
Epoch: [40][100/126], lr: 0.00001	Time 0.518 (0.591)	Data 0.000 (0.057)	Loss 0.2554 (0.2366)	Prec@1 93.750 (90.780)	Prec@5 96.875 (98.577)
Epoch: [40][120/126], lr: 0.00001	Time 0.516 (0.579)	Data 0.000 (0.048)	Loss 0.0872 (0.2435)	Prec@1 100.000 (90.548)	Prec@5 100.000 (98.528)
Freezing BatchNorm2D except the first one.
Epoch: [41][0/126], lr: 0.00001	Time 5.475 (5.475)	Data 5.073 (5.073)	Loss 0.4854 (0.4854)	Prec@1 90.625 (90.625)	Prec@5 93.750 (93.750)
Epoch: [41][20/126], lr: 0.00001	Time 0.531 (0.796)	Data 0.000 (0.255)	Loss 0.1787 (0.2475)	Prec@1 93.750 (90.327)	Prec@5 96.875 (98.661)
Epoch: [41][40/126], lr: 0.00001	Time 0.525 (0.665)	Data 0.000 (0.130)	Loss 0.4495 (0.2294)	Prec@1 84.375 (91.235)	Prec@5 93.750 (98.704)
Epoch: [41][60/126], lr: 0.00001	Time 0.543 (0.620)	Data 0.000 (0.088)	Loss 0.2440 (0.2338)	Prec@1 90.625 (91.240)	Prec@5 93.750 (98.719)
Epoch: [41][80/126], lr: 0.00001	Time 0.532 (0.599)	Data 0.000 (0.066)	Loss 0.1942 (0.2288)	Prec@1 87.500 (91.512)	Prec@5 96.875 (98.611)
Epoch: [41][100/126], lr: 0.00001	Time 0.517 (0.585)	Data 0.000 (0.053)	Loss 0.3245 (0.2275)	Prec@1 87.500 (91.615)	Prec@5 96.875 (98.515)
Epoch: [41][120/126], lr: 0.00001	Time 0.519 (0.574)	Data 0.000 (0.044)	Loss 0.2455 (0.2305)	Prec@1 90.625 (91.477)	Prec@5 96.875 (98.554)
Test: [0/51]	Time 5.093 (5.093)	Loss 0.0586 (0.0586)	Prec@1 100.000 (100.000)	Prec@5 100.000 (100.000)
Test: [20/51]	Time 0.416 (0.549)	Loss 0.6173 (0.7870)	Prec@1 81.250 (83.482)	Prec@5 100.000 (95.387)
Test: [40/51]	Time 0.173 (0.382)	Loss 0.1137 (0.8032)	Prec@1 90.625 (85.061)	Prec@5 100.000 (97.485)
Testing Results: Prec@1 84.224 Prec@5 97.329 Loss 0.79814
Best Prec@1: 86.149

Freezing BatchNorm2D except the first one.
Epoch: [42][0/126], lr: 0.00001	Time 5.650 (5.650)	Data 5.112 (5.112)	Loss 0.2387 (0.2387)	Prec@1 93.750 (93.750)	Prec@5 100.000 (100.000)
Epoch: [42][20/126], lr: 0.00001	Time 0.514 (0.811)	Data 0.000 (0.244)	Loss 0.4428 (0.2542)	Prec@1 87.500 (91.220)	Prec@5 100.000 (98.214)
Epoch: [42][40/126], lr: 0.00001	Time 0.529 (0.673)	Data 0.000 (0.125)	Loss 0.1791 (0.2290)	Prec@1 93.750 (91.845)	Prec@5 96.875 (98.552)
Epoch: [42][60/126], lr: 0.00001	Time 0.568 (0.626)	Data 0.000 (0.084)	Loss 0.1615 (0.2219)	Prec@1 93.750 (92.008)	Prec@5 100.000 (98.719)
Epoch: [42][80/126], lr: 0.00001	Time 0.548 (0.602)	Data 0.000 (0.063)	Loss 0.0705 (0.2274)	Prec@1 96.875 (91.782)	Prec@5 100.000 (98.688)
Epoch: [42][100/126], lr: 0.00001	Time 0.517 (0.587)	Data 0.000 (0.051)	Loss 0.1087 (0.2184)	Prec@1 100.000 (92.203)	Prec@5 100.000 (98.793)
Epoch: [42][120/126], lr: 0.00001	Time 0.517 (0.575)	Data 0.000 (0.042)	Loss 0.2003 (0.2134)	Prec@1 90.625 (92.252)	Prec@5 100.000 (98.967)
Freezing BatchNorm2D except the first one.
Epoch: [43][0/126], lr: 0.00001	Time 6.410 (6.410)	Data 6.041 (6.041)	Loss 0.3401 (0.3401)	Prec@1 87.500 (87.500)	Prec@5 96.875 (96.875)
Epoch: [43][20/126], lr: 0.00001	Time 0.542 (0.845)	Data 0.000 (0.288)	Loss 0.2965 (0.2077)	Prec@1 87.500 (91.518)	Prec@5 96.875 (99.107)
Epoch: [43][40/126], lr: 0.00001	Time 0.540 (0.696)	Data 0.000 (0.148)	Loss 0.1829 (0.2161)	Prec@1 93.750 (91.768)	Prec@5 96.875 (98.857)
Epoch: [43][60/126], lr: 0.00001	Time 0.522 (0.642)	Data 0.000 (0.099)	Loss 0.3789 (0.2334)	Prec@1 84.375 (91.086)	Prec@5 96.875 (98.361)
Epoch: [43][80/126], lr: 0.00001	Time 0.536 (0.614)	Data 0.000 (0.075)	Loss 0.2505 (0.2301)	Prec@1 87.500 (91.435)	Prec@5 96.875 (98.380)
Epoch: [43][100/126], lr: 0.00001	Time 0.517 (0.597)	Data 0.000 (0.060)	Loss 0.4154 (0.2400)	Prec@1 84.375 (91.120)	Prec@5 90.625 (98.267)
Epoch: [43][120/126], lr: 0.00001	Time 0.520 (0.584)	Data 0.000 (0.050)	Loss 0.1682 (0.2375)	Prec@1 90.625 (91.322)	Prec@5 100.000 (98.347)
Test: [0/51]	Time 6.115 (6.115)	Loss 0.0599 (0.0599)	Prec@1 100.000 (100.000)	Prec@5 100.000 (100.000)
Test: [20/51]	Time 0.210 (0.561)	Loss 0.6827 (0.7937)	Prec@1 81.250 (83.482)	Prec@5 100.000 (95.238)
Test: [40/51]	Time 0.171 (0.395)	Loss 0.1159 (0.7960)	Prec@1 90.625 (84.909)	Prec@5 100.000 (97.409)
Testing Results: Prec@1 84.037 Prec@5 97.267 Loss 0.79844
Best Prec@1: 86.149

Freezing BatchNorm2D except the first one.
Epoch: [44][0/126], lr: 0.00001	Time 6.398 (6.398)	Data 6.083 (6.083)	Loss 0.0776 (0.0776)	Prec@1 100.000 (100.000)	Prec@5 100.000 (100.000)
Epoch: [44][20/126], lr: 0.00001	Time 0.611 (0.837)	Data 0.000 (0.290)	Loss 0.3394 (0.2334)	Prec@1 84.375 (92.262)	Prec@5 100.000 (98.214)
Epoch: [44][40/126], lr: 0.00001	Time 0.552 (0.686)	Data 0.000 (0.149)	Loss 0.1318 (0.2394)	Prec@1 93.750 (91.082)	Prec@5 100.000 (98.323)
Epoch: [44][60/126], lr: 0.00001	Time 0.524 (0.634)	Data 0.001 (0.100)	Loss 0.3216 (0.2313)	Prec@1 90.625 (91.393)	Prec@5 90.625 (98.412)
Epoch: [44][80/126], lr: 0.00001	Time 0.552 (0.608)	Data 0.000 (0.075)	Loss 0.2916 (0.2306)	Prec@1 87.500 (91.435)	Prec@5 96.875 (98.457)
Epoch: [44][100/126], lr: 0.00001	Time 0.516 (0.591)	Data 0.000 (0.060)	Loss 0.3671 (0.2282)	Prec@1 87.500 (91.615)	Prec@5 96.875 (98.515)
Epoch: [44][120/126], lr: 0.00001	Time 0.518 (0.579)	Data 0.000 (0.050)	Loss 0.3644 (0.2292)	Prec@1 90.625 (91.658)	Prec@5 93.750 (98.580)
Freezing BatchNorm2D except the first one.
Epoch: [45][0/126], lr: 0.00001	Time 5.265 (5.265)	Data 4.660 (4.660)	Loss 0.0829 (0.0829)	Prec@1 96.875 (96.875)	Prec@5 100.000 (100.000)
Epoch: [45][20/126], lr: 0.00001	Time 0.521 (0.790)	Data 0.000 (0.222)	Loss 0.0743 (0.2167)	Prec@1 93.750 (91.369)	Prec@5 100.000 (99.405)
Epoch: [45][40/126], lr: 0.00001	Time 0.506 (0.662)	Data 0.000 (0.114)	Loss 0.0533 (0.2102)	Prec@1 100.000 (92.149)	Prec@5 100.000 (99.390)
Epoch: [45][60/126], lr: 0.00001	Time 0.535 (0.617)	Data 0.000 (0.077)	Loss 0.1829 (0.2247)	Prec@1 96.875 (91.547)	Prec@5 96.875 (98.822)
Epoch: [45][80/126], lr: 0.00001	Time 0.537 (0.595)	Data 0.000 (0.058)	Loss 0.2333 (0.2346)	Prec@1 87.500 (90.934)	Prec@5 100.000 (98.534)
Epoch: [45][100/126], lr: 0.00001	Time 0.514 (0.581)	Data 0.000 (0.046)	Loss 0.2059 (0.2368)	Prec@1 90.625 (90.842)	Prec@5 96.875 (98.546)
Epoch: [45][120/126], lr: 0.00001	Time 0.516 (0.570)	Data 0.000 (0.039)	Loss 0.1893 (0.2449)	Prec@1 93.750 (90.651)	Prec@5 96.875 (98.321)
Test: [0/51]	Time 5.036 (5.036)	Loss 0.0613 (0.0613)	Prec@1 100.000 (100.000)	Prec@5 100.000 (100.000)
Test: [20/51]	Time 0.211 (0.552)	Loss 0.6505 (0.8212)	Prec@1 81.250 (83.036)	Prec@5 100.000 (94.792)
Test: [40/51]	Time 0.171 (0.383)	Loss 0.1145 (0.8198)	Prec@1 90.625 (84.375)	Prec@5 100.000 (97.104)
Testing Results: Prec@1 83.540 Prec@5 97.019 Loss 0.83181
Best Prec@1: 86.149

Freezing BatchNorm2D except the first one.
Epoch: [46][0/126], lr: 0.00001	Time 5.147 (5.147)	Data 4.605 (4.605)	Loss 0.3357 (0.3357)	Prec@1 93.750 (93.750)	Prec@5 93.750 (93.750)
Epoch: [46][20/126], lr: 0.00001	Time 0.520 (0.793)	Data 0.000 (0.228)	Loss 0.2149 (0.2290)	Prec@1 90.625 (92.560)	Prec@5 100.000 (98.214)
Epoch: [46][40/126], lr: 0.00001	Time 0.470 (0.664)	Data 0.000 (0.117)	Loss 0.3591 (0.2417)	Prec@1 90.625 (91.463)	Prec@5 96.875 (98.399)
Epoch: [46][60/126], lr: 0.00001	Time 0.520 (0.619)	Data 0.000 (0.079)	Loss 0.4333 (0.2364)	Prec@1 84.375 (91.701)	Prec@5 90.625 (98.412)
Epoch: [46][80/126], lr: 0.00001	Time 0.528 (0.596)	Data 0.000 (0.059)	Loss 0.1215 (0.2332)	Prec@1 90.625 (91.435)	Prec@5 100.000 (98.573)
Epoch: [46][100/126], lr: 0.00001	Time 0.516 (0.582)	Data 0.000 (0.047)	Loss 0.2649 (0.2338)	Prec@1 90.625 (91.460)	Prec@5 93.750 (98.670)
Epoch: [46][120/126], lr: 0.00001	Time 0.516 (0.571)	Data 0.000 (0.040)	Loss 0.2882 (0.2338)	Prec@1 90.625 (91.477)	Prec@5 100.000 (98.709)
Freezing BatchNorm2D except the first one.
Epoch: [47][0/126], lr: 0.00001	Time 6.144 (6.144)	Data 5.663 (5.663)	Loss 0.0666 (0.0666)	Prec@1 96.875 (96.875)	Prec@5 100.000 (100.000)
Epoch: [47][20/126], lr: 0.00001	Time 0.507 (0.821)	Data 0.000 (0.270)	Loss 0.1038 (0.1953)	Prec@1 93.750 (92.857)	Prec@5 100.000 (99.107)
Epoch: [47][40/126], lr: 0.00001	Time 0.525 (0.680)	Data 0.000 (0.138)	Loss 0.1038 (0.1946)	Prec@1 96.875 (92.607)	Prec@5 100.000 (98.704)
Epoch: [47][60/126], lr: 0.00001	Time 0.526 (0.630)	Data 0.000 (0.093)	Loss 0.1663 (0.1987)	Prec@1 93.750 (92.520)	Prec@5 100.000 (98.822)
Epoch: [47][80/126], lr: 0.00001	Time 0.517 (0.605)	Data 0.000 (0.070)	Loss 0.1258 (0.2001)	Prec@1 96.875 (92.747)	Prec@5 100.000 (98.881)
Epoch: [47][100/126], lr: 0.00001	Time 0.526 (0.590)	Data 0.000 (0.056)	Loss 0.1663 (0.2110)	Prec@1 87.500 (92.172)	Prec@5 100.000 (98.824)
Epoch: [47][120/126], lr: 0.00001	Time 0.516 (0.577)	Data 0.000 (0.047)	Loss 0.1866 (0.2083)	Prec@1 93.750 (92.278)	Prec@5 100.000 (98.889)
Test: [0/51]	Time 6.536 (6.536)	Loss 0.0545 (0.0545)	Prec@1 100.000 (100.000)	Prec@5 100.000 (100.000)
Test: [20/51]	Time 0.243 (0.677)	Loss 0.6509 (0.8056)	Prec@1 81.250 (83.631)	Prec@5 100.000 (95.089)
Test: [40/51]	Time 0.174 (0.456)	Loss 0.1120 (0.8056)	Prec@1 90.625 (84.909)	Prec@5 100.000 (97.332)
Testing Results: Prec@1 84.037 Prec@5 97.205 Loss 0.80971
Best Prec@1: 86.149

Freezing BatchNorm2D except the first one.
Epoch: [48][0/126], lr: 0.00001	Time 6.756 (6.756)	Data 6.428 (6.428)	Loss 0.1890 (0.1890)	Prec@1 93.750 (93.750)	Prec@5 100.000 (100.000)
Epoch: [48][20/126], lr: 0.00001	Time 0.541 (0.842)	Data 0.000 (0.311)	Loss 0.1535 (0.1992)	Prec@1 90.625 (93.155)	Prec@5 100.000 (98.958)
Epoch: [48][40/126], lr: 0.00001	Time 0.558 (0.698)	Data 0.000 (0.159)	Loss 0.1743 (0.2190)	Prec@1 90.625 (91.997)	Prec@5 96.875 (99.085)
Epoch: [48][60/126], lr: 0.00001	Time 0.544 (0.645)	Data 0.000 (0.107)	Loss 0.2011 (0.2211)	Prec@1 93.750 (92.213)	Prec@5 96.875 (98.975)
Epoch: [48][80/126], lr: 0.00001	Time 0.518 (0.617)	Data 0.000 (0.081)	Loss 0.3525 (0.2202)	Prec@1 90.625 (92.168)	Prec@5 93.750 (98.843)
Epoch: [48][100/126], lr: 0.00001	Time 0.517 (0.599)	Data 0.000 (0.065)	Loss 0.2185 (0.2177)	Prec@1 90.625 (92.234)	Prec@5 100.000 (98.886)
Epoch: [48][120/126], lr: 0.00001	Time 0.517 (0.586)	Data 0.000 (0.054)	Loss 0.2859 (0.2256)	Prec@1 93.750 (91.890)	Prec@5 96.875 (98.786)
Freezing BatchNorm2D except the first one.
Epoch: [49][0/126], lr: 0.00001	Time 6.256 (6.256)	Data 6.006 (6.006)	Loss 0.2703 (0.2703)	Prec@1 90.625 (90.625)	Prec@5 96.875 (96.875)
Epoch: [49][20/126], lr: 0.00001	Time 0.465 (0.829)	Data 0.000 (0.312)	Loss 0.1035 (0.2456)	Prec@1 96.875 (90.327)	Prec@5 100.000 (98.661)
Epoch: [49][40/126], lr: 0.00001	Time 0.605 (0.694)	Data 0.000 (0.160)	Loss 0.1016 (0.2566)	Prec@1 96.875 (90.244)	Prec@5 100.000 (98.399)
Epoch: [49][60/126], lr: 0.00001	Time 0.583 (0.641)	Data 0.000 (0.107)	Loss 0.2229 (0.2558)	Prec@1 93.750 (90.164)	Prec@5 93.750 (98.361)
Epoch: [49][80/126], lr: 0.00001	Time 0.512 (0.614)	Data 0.000 (0.081)	Loss 0.2148 (0.2466)	Prec@1 93.750 (90.432)	Prec@5 96.875 (98.650)
Epoch: [49][100/126], lr: 0.00001	Time 0.518 (0.597)	Data 0.000 (0.065)	Loss 0.3447 (0.2419)	Prec@1 87.500 (90.656)	Prec@5 96.875 (98.639)
Epoch: [49][120/126], lr: 0.00001	Time 0.516 (0.584)	Data 0.000 (0.054)	Loss 0.2499 (0.2293)	Prec@1 93.750 (91.271)	Prec@5 96.875 (98.760)
Test: [0/51]	Time 6.149 (6.149)	Loss 0.0584 (0.0584)	Prec@1 100.000 (100.000)	Prec@5 100.000 (100.000)
Test: [20/51]	Time 0.195 (0.555)	Loss 0.6675 (0.8089)	Prec@1 81.250 (83.482)	Prec@5 100.000 (95.238)
Test: [40/51]	Time 0.171 (0.390)	Loss 0.1138 (0.8147)	Prec@1 90.625 (84.985)	Prec@5 100.000 (97.409)
Testing Results: Prec@1 84.037 Prec@5 97.267 Loss 0.82044
Best Prec@1: 86.149

