ipn: 14 classes
storing name: TSM_ipn14_RGB-seg_resnet50_shift8_blockres_avg_segment8_e40_lr5e-04_tuned_gp23

    Initializing TSN with base model: resnet50.
    TSN Configurations:
        input_modality:     RGB-seg
        num_segments:       8
        new_length:         5
        consensus_module:   avg
        dropout_ratio:      0.5
        img_feature_dim:    256
            
=> base model: resnet50
Adding temporal shift...
=> n_segment per stage: [8, 8, 8, 8]
=> Processing stage with 3 blocks residual
=> Using fold div: 8
=> Using fold div: 8
=> Using fold div: 8
=> Processing stage with 4 blocks residual
=> Using fold div: 8
=> Using fold div: 8
=> Using fold div: 8
=> Using fold div: 8
=> Processing stage with 6 blocks residual
=> Using fold div: 8
=> Using fold div: 8
=> Using fold div: 8
=> Using fold div: 8
=> Using fold div: 8
=> Using fold div: 8
=> Processing stage with 3 blocks residual
=> Using fold div: 8
=> Using fold div: 8
=> Using fold div: 8
#################### NO FLIP!!!
=> fine-tuning from 'checkpoint/TSM_jester_RGB_resnet50_shift8_blockres_avg_segment8_e50/ckpt.best.pth.tar'
#### Notice: keys that failed to load: set()
=> New dataset, do not load fc weights
Converting the ImageNet model to a flow init model
Done. Flow model ready...
video clips:4039
video clips:1610
group: first_conv_weight has 1 params, lr_mult: 1, decay_mult: 1
group: first_conv_bias has 0 params, lr_mult: 2, decay_mult: 0
group: normal_weight has 52 params, lr_mult: 1, decay_mult: 1
group: normal_bias has 0 params, lr_mult: 2, decay_mult: 0
group: BN scale/shift has 2 params, lr_mult: 1, decay_mult: 0
group: custom_ops has 0 params, lr_mult: 1, decay_mult: 1
group: lr5_weight has 1 params, lr_mult: 5, decay_mult: 1
group: lr10_bias has 1 params, lr_mult: 10, decay_mult: 0
Freezing BatchNorm2D except the first one.
Epoch: [0][0/126], lr: 0.00050	Time 20.053 (20.053)	Data 8.343 (8.343)	Loss 2.6338 (2.6338)	Prec@1 9.375 (9.375)	Prec@5 50.000 (50.000)
Epoch: [0][20/126], lr: 0.00050	Time 0.503 (1.426)	Data 0.000 (0.398)	Loss 1.7353 (2.1743)	Prec@1 50.000 (30.060)	Prec@5 78.125 (70.685)
Epoch: [0][40/126], lr: 0.00050	Time 0.526 (0.980)	Data 0.000 (0.204)	Loss 1.5919 (1.8960)	Prec@1 53.125 (39.024)	Prec@5 90.625 (76.143)
Epoch: [0][60/126], lr: 0.00050	Time 0.494 (0.826)	Data 0.000 (0.137)	Loss 0.7002 (1.5997)	Prec@1 75.000 (49.744)	Prec@5 96.875 (82.582)
Epoch: [0][80/126], lr: 0.00050	Time 0.539 (0.750)	Data 0.000 (0.103)	Loss 0.3965 (1.3876)	Prec@1 84.375 (56.211)	Prec@5 100.000 (85.764)
Epoch: [0][100/126], lr: 0.00050	Time 0.501 (0.703)	Data 0.000 (0.083)	Loss 0.5841 (1.2445)	Prec@1 81.250 (60.272)	Prec@5 100.000 (88.026)
Epoch: [0][120/126], lr: 0.00050	Time 0.502 (0.670)	Data 0.000 (0.069)	Loss 0.6339 (1.1437)	Prec@1 75.000 (63.611)	Prec@5 100.000 (89.747)
Freezing BatchNorm2D except the first one.
Epoch: [1][0/126], lr: 0.00050	Time 6.159 (6.159)	Data 5.570 (5.570)	Loss 0.4981 (0.4981)	Prec@1 81.250 (81.250)	Prec@5 96.875 (96.875)
Epoch: [1][20/126], lr: 0.00050	Time 0.534 (0.905)	Data 0.000 (0.354)	Loss 0.3950 (0.5858)	Prec@1 90.625 (79.464)	Prec@5 100.000 (97.768)
Epoch: [1][40/126], lr: 0.00050	Time 0.502 (0.716)	Data 0.000 (0.182)	Loss 0.6505 (0.5696)	Prec@1 87.500 (80.564)	Prec@5 100.000 (97.866)
Epoch: [1][60/126], lr: 0.00050	Time 0.475 (0.650)	Data 0.000 (0.122)	Loss 0.3843 (0.5509)	Prec@1 84.375 (81.814)	Prec@5 100.000 (97.848)
Epoch: [1][80/126], lr: 0.00050	Time 0.524 (0.616)	Data 0.000 (0.092)	Loss 0.4545 (0.5321)	Prec@1 84.375 (82.407)	Prec@5 96.875 (97.955)
Epoch: [1][100/126], lr: 0.00050	Time 0.504 (0.596)	Data 0.000 (0.074)	Loss 0.3885 (0.5129)	Prec@1 84.375 (82.921)	Prec@5 93.750 (98.020)
Epoch: [1][120/126], lr: 0.00050	Time 0.503 (0.581)	Data 0.000 (0.062)	Loss 0.4902 (0.4970)	Prec@1 78.125 (83.264)	Prec@5 93.750 (98.140)
Test: [0/51]	Time 7.990 (7.990)	Loss 0.1278 (0.1278)	Prec@1 90.625 (90.625)	Prec@5 100.000 (100.000)
Test: [20/51]	Time 0.355 (0.726)	Loss 0.1843 (0.3253)	Prec@1 90.625 (89.286)	Prec@5 100.000 (98.512)
Test: [40/51]	Time 0.143 (0.499)	Loss 0.1632 (0.3134)	Prec@1 93.750 (88.796)	Prec@5 100.000 (99.162)
Testing Results: Prec@1 89.006 Prec@5 99.255 Loss 0.31093
Best Prec@1: 89.006
Freezing BatchNorm2D except the first one.
Epoch: [2][0/126], lr: 0.00050	Time 8.071 (8.071)	Data 7.392 (7.392)	Loss 0.4686 (0.4686)	Prec@1 81.250 (81.250)	Prec@5 96.875 (96.875)
Epoch: [2][20/126], lr: 0.00050	Time 0.542 (0.910)	Data 0.000 (0.352)	Loss 0.5407 (0.4539)	Prec@1 81.250 (84.673)	Prec@5 96.875 (97.917)
Epoch: [2][40/126], lr: 0.00050	Time 0.515 (0.721)	Data 0.000 (0.180)	Loss 0.3901 (0.4021)	Prec@1 84.375 (86.662)	Prec@5 100.000 (98.399)
Epoch: [2][60/126], lr: 0.00050	Time 0.511 (0.654)	Data 0.000 (0.121)	Loss 0.2839 (0.4025)	Prec@1 93.750 (86.680)	Prec@5 100.000 (98.309)
Epoch: [2][80/126], lr: 0.00050	Time 0.515 (0.619)	Data 0.000 (0.091)	Loss 0.3286 (0.4012)	Prec@1 90.625 (86.921)	Prec@5 100.000 (98.380)
Epoch: [2][100/126], lr: 0.00050	Time 0.508 (0.599)	Data 0.000 (0.073)	Loss 0.3604 (0.3978)	Prec@1 90.625 (86.943)	Prec@5 100.000 (98.391)
Epoch: [2][120/126], lr: 0.00050	Time 0.509 (0.584)	Data 0.000 (0.061)	Loss 0.2741 (0.3956)	Prec@1 87.500 (86.958)	Prec@5 100.000 (98.347)
Freezing BatchNorm2D except the first one.
Epoch: [3][0/126], lr: 0.00050	Time 7.787 (7.787)	Data 7.395 (7.395)	Loss 0.5975 (0.5975)	Prec@1 81.250 (81.250)	Prec@5 100.000 (100.000)
Epoch: [3][20/126], lr: 0.00050	Time 0.533 (0.904)	Data 0.000 (0.352)	Loss 0.3372 (0.4112)	Prec@1 93.750 (87.798)	Prec@5 100.000 (98.363)
Epoch: [3][40/126], lr: 0.00050	Time 0.504 (0.716)	Data 0.000 (0.181)	Loss 0.0792 (0.3788)	Prec@1 96.875 (88.110)	Prec@5 100.000 (98.323)
Epoch: [3][60/126], lr: 0.00050	Time 0.526 (0.652)	Data 0.000 (0.121)	Loss 0.3524 (0.3874)	Prec@1 87.500 (87.295)	Prec@5 96.875 (98.463)
Epoch: [3][80/126], lr: 0.00050	Time 0.469 (0.618)	Data 0.000 (0.091)	Loss 0.3523 (0.3817)	Prec@1 87.500 (87.230)	Prec@5 100.000 (98.495)
Epoch: [3][100/126], lr: 0.00050	Time 0.509 (0.599)	Data 0.000 (0.073)	Loss 0.2979 (0.3884)	Prec@1 87.500 (87.005)	Prec@5 100.000 (98.391)
Epoch: [3][120/126], lr: 0.00050	Time 0.512 (0.584)	Data 0.000 (0.061)	Loss 0.6577 (0.3882)	Prec@1 75.000 (87.216)	Prec@5 100.000 (98.347)
Test: [0/51]	Time 9.246 (9.246)	Loss 0.0966 (0.0966)	Prec@1 93.750 (93.750)	Prec@5 100.000 (100.000)
Test: [20/51]	Time 0.201 (0.760)	Loss 0.2713 (0.3006)	Prec@1 87.500 (91.220)	Prec@5 100.000 (98.661)
Test: [40/51]	Time 0.143 (0.495)	Loss 0.1296 (0.2680)	Prec@1 93.750 (91.616)	Prec@5 100.000 (99.238)
Testing Results: Prec@1 91.615 Prec@5 99.379 Loss 0.28401
Best Prec@1: 91.615
Freezing BatchNorm2D except the first one.
Epoch: [4][0/126], lr: 0.00050	Time 7.520 (7.520)	Data 7.061 (7.061)	Loss 0.2366 (0.2366)	Prec@1 93.750 (93.750)	Prec@5 100.000 (100.000)
Epoch: [4][20/126], lr: 0.00050	Time 0.557 (0.896)	Data 0.000 (0.336)	Loss 0.3762 (0.2888)	Prec@1 84.375 (89.583)	Prec@5 96.875 (99.107)
Epoch: [4][40/126], lr: 0.00050	Time 0.556 (0.714)	Data 0.000 (0.172)	Loss 0.2696 (0.3281)	Prec@1 90.625 (87.881)	Prec@5 100.000 (98.857)
Epoch: [4][60/126], lr: 0.00050	Time 0.614 (0.649)	Data 0.000 (0.116)	Loss 0.5337 (0.3208)	Prec@1 78.125 (88.934)	Prec@5 100.000 (98.822)
Epoch: [4][80/126], lr: 0.00050	Time 0.506 (0.616)	Data 0.000 (0.087)	Loss 0.2763 (0.3295)	Prec@1 90.625 (88.966)	Prec@5 96.875 (98.727)
Epoch: [4][100/126], lr: 0.00050	Time 0.511 (0.597)	Data 0.000 (0.070)	Loss 0.2161 (0.3432)	Prec@1 93.750 (88.335)	Prec@5 100.000 (98.453)
Epoch: [4][120/126], lr: 0.00050	Time 0.518 (0.583)	Data 0.000 (0.059)	Loss 0.5086 (0.3453)	Prec@1 87.500 (88.378)	Prec@5 96.875 (98.425)
Freezing BatchNorm2D except the first one.
Epoch: [5][0/126], lr: 0.00050	Time 8.417 (8.417)	Data 7.904 (7.904)	Loss 0.5600 (0.5600)	Prec@1 87.500 (87.500)	Prec@5 90.625 (90.625)
Epoch: [5][20/126], lr: 0.00050	Time 0.504 (0.921)	Data 0.000 (0.376)	Loss 0.4783 (0.3606)	Prec@1 84.375 (88.244)	Prec@5 100.000 (97.619)
Epoch: [5][40/126], lr: 0.00050	Time 0.550 (0.724)	Data 0.000 (0.193)	Loss 0.2458 (0.3309)	Prec@1 93.750 (89.177)	Prec@5 100.000 (98.247)
Epoch: [5][60/126], lr: 0.00050	Time 0.513 (0.656)	Data 0.000 (0.130)	Loss 0.5303 (0.3173)	Prec@1 84.375 (89.088)	Prec@5 90.625 (98.207)
Epoch: [5][80/126], lr: 0.00050	Time 0.549 (0.622)	Data 0.000 (0.098)	Loss 0.0787 (0.3056)	Prec@1 100.000 (89.236)	Prec@5 100.000 (98.418)
Epoch: [5][100/126], lr: 0.00050	Time 0.515 (0.600)	Data 0.000 (0.078)	Loss 0.4934 (0.3193)	Prec@1 87.500 (88.954)	Prec@5 96.875 (98.329)
Epoch: [5][120/126], lr: 0.00050	Time 0.511 (0.585)	Data 0.000 (0.065)	Loss 0.1256 (0.3126)	Prec@1 96.875 (89.360)	Prec@5 100.000 (98.502)
Test: [0/51]	Time 8.094 (8.094)	Loss 0.0341 (0.0341)	Prec@1 100.000 (100.000)	Prec@5 100.000 (100.000)
Test: [20/51]	Time 0.467 (0.720)	Loss 0.1158 (0.2906)	Prec@1 96.875 (92.262)	Prec@5 100.000 (98.661)
Test: [40/51]	Time 0.143 (0.501)	Loss 0.1413 (0.2781)	Prec@1 93.750 (91.845)	Prec@5 100.000 (99.238)
Testing Results: Prec@1 92.609 Prec@5 99.317 Loss 0.27363
Best Prec@1: 92.609
Freezing BatchNorm2D except the first one.
Epoch: [6][0/126], lr: 0.00050	Time 6.881 (6.881)	Data 6.433 (6.433)	Loss 0.3325 (0.3325)	Prec@1 90.625 (90.625)	Prec@5 93.750 (93.750)
Epoch: [6][20/126], lr: 0.00050	Time 0.502 (0.886)	Data 0.000 (0.306)	Loss 0.5687 (0.3389)	Prec@1 81.250 (87.649)	Prec@5 93.750 (98.214)
Epoch: [6][40/126], lr: 0.00050	Time 0.507 (0.702)	Data 0.000 (0.157)	Loss 0.2852 (0.2978)	Prec@1 87.500 (88.796)	Prec@5 100.000 (98.780)
Epoch: [6][60/126], lr: 0.00050	Time 0.529 (0.639)	Data 0.000 (0.106)	Loss 0.3999 (0.2874)	Prec@1 81.250 (89.344)	Prec@5 100.000 (98.975)
Epoch: [6][80/126], lr: 0.00050	Time 0.536 (0.610)	Data 0.000 (0.080)	Loss 0.4003 (0.2810)	Prec@1 87.500 (89.660)	Prec@5 100.000 (99.074)
Epoch: [6][100/126], lr: 0.00050	Time 0.512 (0.590)	Data 0.000 (0.064)	Loss 0.2980 (0.2769)	Prec@1 87.500 (89.944)	Prec@5 96.875 (99.041)
Epoch: [6][120/126], lr: 0.00050	Time 0.510 (0.577)	Data 0.000 (0.053)	Loss 0.3495 (0.2881)	Prec@1 87.500 (89.824)	Prec@5 96.875 (98.967)
Freezing BatchNorm2D except the first one.
Epoch: [7][0/126], lr: 0.00050	Time 6.714 (6.714)	Data 6.216 (6.216)	Loss 0.2368 (0.2368)	Prec@1 93.750 (93.750)	Prec@5 96.875 (96.875)
Epoch: [7][20/126], lr: 0.00050	Time 0.526 (0.887)	Data 0.000 (0.338)	Loss 0.4300 (0.2849)	Prec@1 81.250 (91.071)	Prec@5 96.875 (98.810)
Epoch: [7][40/126], lr: 0.00050	Time 0.533 (0.709)	Data 0.000 (0.173)	Loss 0.2079 (0.2630)	Prec@1 93.750 (91.540)	Prec@5 100.000 (98.704)
Epoch: [7][60/126], lr: 0.00050	Time 0.506 (0.646)	Data 0.000 (0.117)	Loss 0.3940 (0.2704)	Prec@1 81.250 (91.496)	Prec@5 100.000 (98.617)
Epoch: [7][80/126], lr: 0.00050	Time 0.552 (0.615)	Data 0.000 (0.088)	Loss 0.1039 (0.2591)	Prec@1 96.875 (91.667)	Prec@5 100.000 (98.881)
Epoch: [7][100/126], lr: 0.00050	Time 0.503 (0.595)	Data 0.000 (0.071)	Loss 0.3053 (0.2496)	Prec@1 90.625 (91.986)	Prec@5 96.875 (98.855)
Epoch: [7][120/126], lr: 0.00050	Time 0.503 (0.581)	Data 0.000 (0.059)	Loss 0.2316 (0.2608)	Prec@1 87.500 (91.503)	Prec@5 100.000 (98.760)
Test: [0/51]	Time 6.429 (6.429)	Loss 0.1265 (0.1265)	Prec@1 90.625 (90.625)	Prec@5 100.000 (100.000)
Test: [20/51]	Time 0.288 (0.740)	Loss 0.1344 (0.2420)	Prec@1 90.625 (94.048)	Prec@5 100.000 (98.958)
Test: [40/51]	Time 0.143 (0.500)	Loss 0.0856 (0.2008)	Prec@1 93.750 (93.902)	Prec@5 100.000 (99.466)
Testing Results: Prec@1 94.037 Prec@5 99.565 Loss 0.19785
Best Prec@1: 94.037
Freezing BatchNorm2D except the first one.
Epoch: [8][0/126], lr: 0.00050	Time 6.229 (6.229)	Data 5.678 (5.678)	Loss 0.2403 (0.2403)	Prec@1 87.500 (87.500)	Prec@5 100.000 (100.000)
Epoch: [8][20/126], lr: 0.00050	Time 0.549 (0.872)	Data 0.000 (0.275)	Loss 0.1554 (0.2826)	Prec@1 93.750 (90.030)	Prec@5 100.000 (98.214)
Epoch: [8][40/126], lr: 0.00050	Time 0.500 (0.699)	Data 0.000 (0.141)	Loss 0.2552 (0.2871)	Prec@1 87.500 (89.634)	Prec@5 100.000 (98.704)
Epoch: [8][60/126], lr: 0.00050	Time 0.475 (0.638)	Data 0.000 (0.095)	Loss 0.2637 (0.2754)	Prec@1 87.500 (90.420)	Prec@5 100.000 (98.924)
Epoch: [8][80/126], lr: 0.00050	Time 0.534 (0.609)	Data 0.000 (0.071)	Loss 0.3147 (0.2838)	Prec@1 93.750 (90.008)	Prec@5 96.875 (98.804)
Epoch: [8][100/126], lr: 0.00050	Time 0.492 (0.590)	Data 0.000 (0.057)	Loss 0.1016 (0.2741)	Prec@1 100.000 (90.377)	Prec@5 100.000 (98.824)
Epoch: [8][120/126], lr: 0.00050	Time 0.519 (0.577)	Data 0.000 (0.048)	Loss 0.2066 (0.2847)	Prec@1 90.625 (89.954)	Prec@5 100.000 (98.735)
Freezing BatchNorm2D except the first one.
Epoch: [9][0/126], lr: 0.00050	Time 6.987 (6.987)	Data 6.490 (6.490)	Loss 0.3468 (0.3468)	Prec@1 90.625 (90.625)	Prec@5 96.875 (96.875)
Epoch: [9][20/126], lr: 0.00050	Time 0.513 (0.895)	Data 0.000 (0.351)	Loss 0.0158 (0.2258)	Prec@1 100.000 (92.708)	Prec@5 100.000 (99.107)
Epoch: [9][40/126], lr: 0.00050	Time 0.515 (0.713)	Data 0.000 (0.180)	Loss 0.2203 (0.2425)	Prec@1 93.750 (92.378)	Prec@5 100.000 (98.933)
Epoch: [9][60/126], lr: 0.00050	Time 0.509 (0.649)	Data 0.000 (0.121)	Loss 0.3757 (0.2465)	Prec@1 87.500 (92.059)	Prec@5 93.750 (98.924)
Epoch: [9][80/126], lr: 0.00050	Time 0.550 (0.616)	Data 0.000 (0.091)	Loss 0.4068 (0.2595)	Prec@1 87.500 (91.628)	Prec@5 96.875 (98.611)
Epoch: [9][100/126], lr: 0.00050	Time 0.513 (0.596)	Data 0.000 (0.073)	Loss 0.2045 (0.2671)	Prec@1 93.750 (91.399)	Prec@5 96.875 (98.670)
Epoch: [9][120/126], lr: 0.00050	Time 0.515 (0.582)	Data 0.000 (0.061)	Loss 0.6088 (0.2637)	Prec@1 81.250 (91.296)	Prec@5 100.000 (98.709)
Test: [0/51]	Time 8.186 (8.186)	Loss 0.0934 (0.0934)	Prec@1 93.750 (93.750)	Prec@5 100.000 (100.000)
Test: [20/51]	Time 0.948 (0.695)	Loss 0.1080 (0.2972)	Prec@1 93.750 (92.857)	Prec@5 100.000 (98.065)
Test: [40/51]	Time 0.143 (0.495)	Loss 0.1076 (0.2965)	Prec@1 93.750 (91.235)	Prec@5 100.000 (98.857)
Testing Results: Prec@1 89.627 Prec@5 98.758 Loss 0.32174
Best Prec@1: 94.037
Freezing BatchNorm2D except the first one.
Epoch: [10][0/126], lr: 0.00050	Time 6.556 (6.556)	Data 6.209 (6.209)	Loss 0.1650 (0.1650)	Prec@1 96.875 (96.875)	Prec@5 100.000 (100.000)
Epoch: [10][20/126], lr: 0.00050	Time 0.719 (0.867)	Data 0.000 (0.296)	Loss 0.2319 (0.2389)	Prec@1 87.500 (91.220)	Prec@5 100.000 (99.256)
Epoch: [10][40/126], lr: 0.00050	Time 0.497 (0.701)	Data 0.000 (0.152)	Loss 0.3378 (0.2626)	Prec@1 81.250 (90.473)	Prec@5 100.000 (99.162)
Epoch: [10][60/126], lr: 0.00050	Time 0.540 (0.641)	Data 0.000 (0.102)	Loss 0.2406 (0.2603)	Prec@1 93.750 (90.523)	Prec@5 100.000 (99.078)
Epoch: [10][80/126], lr: 0.00050	Time 0.511 (0.612)	Data 0.000 (0.077)	Loss 0.1435 (0.2418)	Prec@1 93.750 (91.204)	Prec@5 96.875 (99.190)
Epoch: [10][100/126], lr: 0.00050	Time 0.519 (0.594)	Data 0.000 (0.062)	Loss 0.2359 (0.2469)	Prec@1 87.500 (91.027)	Prec@5 100.000 (99.134)
Epoch: [10][120/126], lr: 0.00050	Time 0.503 (0.580)	Data 0.000 (0.051)	Loss 0.2172 (0.2504)	Prec@1 93.750 (90.935)	Prec@5 100.000 (99.148)
Freezing BatchNorm2D except the first one.
Epoch: [11][0/126], lr: 0.00050	Time 7.389 (7.389)	Data 6.958 (6.958)	Loss 0.4845 (0.4845)	Prec@1 87.500 (87.500)	Prec@5 93.750 (93.750)
Epoch: [11][20/126], lr: 0.00050	Time 0.520 (0.899)	Data 0.000 (0.353)	Loss 0.1918 (0.2384)	Prec@1 93.750 (91.220)	Prec@5 100.000 (98.661)
Epoch: [11][40/126], lr: 0.00050	Time 0.541 (0.719)	Data 0.000 (0.181)	Loss 0.3053 (0.2430)	Prec@1 90.625 (91.997)	Prec@5 96.875 (98.780)
Epoch: [11][60/126], lr: 0.00050	Time 0.539 (0.655)	Data 0.000 (0.122)	Loss 0.3111 (0.2318)	Prec@1 90.625 (91.906)	Prec@5 96.875 (98.975)
Epoch: [11][80/126], lr: 0.00050	Time 0.522 (0.624)	Data 0.000 (0.092)	Loss 0.1468 (0.2394)	Prec@1 90.625 (91.705)	Prec@5 100.000 (98.958)
Epoch: [11][100/126], lr: 0.00050	Time 0.508 (0.604)	Data 0.000 (0.074)	Loss 0.1552 (0.2445)	Prec@1 90.625 (91.553)	Prec@5 100.000 (98.824)
Epoch: [11][120/126], lr: 0.00050	Time 0.509 (0.589)	Data 0.000 (0.061)	Loss 0.5628 (0.2452)	Prec@1 84.375 (91.451)	Prec@5 96.875 (98.889)
Test: [0/51]	Time 8.346 (8.346)	Loss 0.0300 (0.0300)	Prec@1 100.000 (100.000)	Prec@5 100.000 (100.000)
Test: [20/51]	Time 0.221 (0.758)	Loss 0.1931 (0.2503)	Prec@1 90.625 (93.750)	Prec@5 100.000 (98.810)
Test: [40/51]	Time 0.144 (0.509)	Loss 0.1197 (0.2158)	Prec@1 93.750 (93.521)	Prec@5 100.000 (99.390)
Testing Results: Prec@1 94.099 Prec@5 99.503 Loss 0.19619
Best Prec@1: 94.099
Freezing BatchNorm2D except the first one.
Epoch: [12][0/126], lr: 0.00050	Time 7.665 (7.665)	Data 7.282 (7.282)	Loss 0.3479 (0.3479)	Prec@1 87.500 (87.500)	Prec@5 96.875 (96.875)
Epoch: [12][20/126], lr: 0.00050	Time 0.464 (0.907)	Data 0.000 (0.365)	Loss 0.1859 (0.1978)	Prec@1 90.625 (92.262)	Prec@5 100.000 (99.405)
Epoch: [12][40/126], lr: 0.00050	Time 0.505 (0.715)	Data 0.000 (0.187)	Loss 0.3858 (0.2255)	Prec@1 93.750 (92.226)	Prec@5 100.000 (99.085)
Epoch: [12][60/126], lr: 0.00050	Time 0.505 (0.652)	Data 0.000 (0.126)	Loss 0.2660 (0.2342)	Prec@1 84.375 (91.803)	Prec@5 100.000 (99.078)
Epoch: [12][80/126], lr: 0.00050	Time 0.518 (0.619)	Data 0.000 (0.095)	Loss 0.1893 (0.2309)	Prec@1 96.875 (92.091)	Prec@5 100.000 (99.074)
Epoch: [12][100/126], lr: 0.00050	Time 0.505 (0.599)	Data 0.000 (0.076)	Loss 0.1622 (0.2252)	Prec@1 96.875 (92.203)	Prec@5 100.000 (98.886)
Epoch: [12][120/126], lr: 0.00050	Time 0.504 (0.584)	Data 0.000 (0.064)	Loss 0.1762 (0.2205)	Prec@1 93.750 (92.226)	Prec@5 100.000 (98.967)
Freezing BatchNorm2D except the first one.
Epoch: [13][0/126], lr: 0.00050	Time 6.849 (6.849)	Data 6.350 (6.350)	Loss 0.2780 (0.2780)	Prec@1 90.625 (90.625)	Prec@5 96.875 (96.875)
Epoch: [13][20/126], lr: 0.00050	Time 0.566 (0.882)	Data 0.000 (0.309)	Loss 0.2926 (0.2148)	Prec@1 90.625 (91.964)	Prec@5 93.750 (98.661)
Epoch: [13][40/126], lr: 0.00050	Time 0.502 (0.704)	Data 0.000 (0.159)	Loss 0.3528 (0.2553)	Prec@1 84.375 (90.777)	Prec@5 100.000 (98.704)
Epoch: [13][60/126], lr: 0.00050	Time 0.542 (0.642)	Data 0.000 (0.107)	Loss 0.0561 (0.2395)	Prec@1 96.875 (91.393)	Prec@5 100.000 (98.873)
Epoch: [13][80/126], lr: 0.00050	Time 0.563 (0.612)	Data 0.000 (0.080)	Loss 0.1534 (0.2329)	Prec@1 96.875 (91.667)	Prec@5 100.000 (98.843)
Epoch: [13][100/126], lr: 0.00050	Time 0.516 (0.595)	Data 0.000 (0.064)	Loss 0.2407 (0.2373)	Prec@1 93.750 (91.677)	Prec@5 100.000 (98.886)
Epoch: [13][120/126], lr: 0.00050	Time 0.520 (0.581)	Data 0.000 (0.054)	Loss 0.0319 (0.2351)	Prec@1 100.000 (91.787)	Prec@5 100.000 (98.864)
Test: [0/51]	Time 8.040 (8.040)	Loss 0.0940 (0.0940)	Prec@1 96.875 (96.875)	Prec@5 100.000 (100.000)
Test: [20/51]	Time 0.220 (0.728)	Loss 0.1833 (0.2650)	Prec@1 93.750 (93.155)	Prec@5 100.000 (99.107)
Test: [40/51]	Time 0.144 (0.499)	Loss 0.1247 (0.3014)	Prec@1 90.625 (90.549)	Prec@5 100.000 (99.466)
Testing Results: Prec@1 90.248 Prec@5 99.565 Loss 0.30296
Best Prec@1: 94.099
Freezing BatchNorm2D except the first one.
Epoch: [14][0/126], lr: 0.00050	Time 7.415 (7.415)	Data 7.000 (7.000)	Loss 0.0893 (0.0893)	Prec@1 96.875 (96.875)	Prec@5 100.000 (100.000)
Epoch: [14][20/126], lr: 0.00050	Time 0.547 (0.900)	Data 0.000 (0.351)	Loss 0.4235 (0.1793)	Prec@1 81.250 (93.304)	Prec@5 96.875 (98.958)
Epoch: [14][40/126], lr: 0.00050	Time 0.486 (0.711)	Data 0.000 (0.180)	Loss 0.1019 (0.2127)	Prec@1 96.875 (92.149)	Prec@5 100.000 (99.085)
Epoch: [14][60/126], lr: 0.00050	Time 0.469 (0.644)	Data 0.000 (0.121)	Loss 0.2360 (0.2164)	Prec@1 93.750 (92.111)	Prec@5 96.875 (98.873)
Epoch: [14][80/126], lr: 0.00050	Time 0.541 (0.615)	Data 0.000 (0.091)	Loss 0.2838 (0.2176)	Prec@1 87.500 (92.168)	Prec@5 100.000 (99.035)
Epoch: [14][100/126], lr: 0.00050	Time 0.505 (0.595)	Data 0.000 (0.073)	Loss 0.3463 (0.2086)	Prec@1 87.500 (92.450)	Prec@5 96.875 (99.196)
Epoch: [14][120/126], lr: 0.00050	Time 0.514 (0.581)	Data 0.000 (0.061)	Loss 0.1733 (0.2058)	Prec@1 96.875 (92.614)	Prec@5 100.000 (99.225)
Freezing BatchNorm2D except the first one.
Epoch: [15][0/126], lr: 0.00005	Time 8.367 (8.367)	Data 7.887 (7.887)	Loss 0.1189 (0.1189)	Prec@1 93.750 (93.750)	Prec@5 100.000 (100.000)
Epoch: [15][20/126], lr: 0.00005	Time 0.541 (0.927)	Data 0.000 (0.376)	Loss 0.3353 (0.1923)	Prec@1 87.500 (93.304)	Prec@5 96.875 (99.256)
Epoch: [15][40/126], lr: 0.00005	Time 0.503 (0.728)	Data 0.000 (0.193)	Loss 0.2236 (0.1852)	Prec@1 90.625 (93.750)	Prec@5 96.875 (99.466)
Epoch: [15][60/126], lr: 0.00005	Time 0.535 (0.661)	Data 0.000 (0.129)	Loss 0.1969 (0.1829)	Prec@1 93.750 (94.057)	Prec@5 100.000 (99.385)
Epoch: [15][80/126], lr: 0.00005	Time 0.536 (0.626)	Data 0.000 (0.098)	Loss 0.1418 (0.1886)	Prec@1 96.875 (93.634)	Prec@5 100.000 (99.306)
Epoch: [15][100/126], lr: 0.00005	Time 0.503 (0.605)	Data 0.000 (0.078)	Loss 0.1276 (0.1847)	Prec@1 93.750 (93.750)	Prec@5 100.000 (99.257)
Epoch: [15][120/126], lr: 0.00005	Time 0.511 (0.589)	Data 0.000 (0.065)	Loss 0.2802 (0.1891)	Prec@1 87.500 (93.388)	Prec@5 100.000 (99.251)
Test: [0/51]	Time 7.266 (7.266)	Loss 0.0931 (0.0931)	Prec@1 96.875 (96.875)	Prec@5 100.000 (100.000)
Test: [20/51]	Time 0.266 (0.719)	Loss 0.0840 (0.2269)	Prec@1 100.000 (95.685)	Prec@5 100.000 (98.958)
Test: [40/51]	Time 0.144 (0.494)	Loss 0.0607 (0.2140)	Prec@1 96.875 (94.207)	Prec@5 100.000 (99.466)
Testing Results: Prec@1 93.913 Prec@5 99.565 Loss 0.21976
Best Prec@1: 94.099
Freezing BatchNorm2D except the first one.
Epoch: [16][0/126], lr: 0.00005	Time 6.833 (6.833)	Data 6.283 (6.283)	Loss 0.2314 (0.2314)	Prec@1 84.375 (84.375)	Prec@5 100.000 (100.000)
Epoch: [16][20/126], lr: 0.00005	Time 0.478 (0.878)	Data 0.000 (0.299)	Loss 0.3743 (0.1848)	Prec@1 84.375 (93.601)	Prec@5 96.875 (99.256)
Epoch: [16][40/126], lr: 0.00005	Time 0.540 (0.699)	Data 0.000 (0.153)	Loss 0.1470 (0.1837)	Prec@1 93.750 (93.445)	Prec@5 96.875 (99.085)
Epoch: [16][60/126], lr: 0.00005	Time 0.502 (0.638)	Data 0.000 (0.103)	Loss 0.1619 (0.1862)	Prec@1 93.750 (93.186)	Prec@5 100.000 (99.129)
Epoch: [16][80/126], lr: 0.00005	Time 0.537 (0.608)	Data 0.000 (0.078)	Loss 0.1790 (0.1742)	Prec@1 96.875 (93.557)	Prec@5 96.875 (99.190)
Epoch: [16][100/126], lr: 0.00005	Time 0.513 (0.592)	Data 0.000 (0.062)	Loss 0.1632 (0.1734)	Prec@1 90.625 (93.379)	Prec@5 100.000 (99.196)
Epoch: [16][120/126], lr: 0.00005	Time 0.507 (0.578)	Data 0.000 (0.052)	Loss 0.0983 (0.1734)	Prec@1 93.750 (93.466)	Prec@5 100.000 (99.174)
Freezing BatchNorm2D except the first one.
Epoch: [17][0/126], lr: 0.00005	Time 8.645 (8.645)	Data 8.283 (8.283)	Loss 0.1625 (0.1625)	Prec@1 90.625 (90.625)	Prec@5 100.000 (100.000)
Epoch: [17][20/126], lr: 0.00005	Time 0.547 (0.937)	Data 0.000 (0.395)	Loss 0.2037 (0.1657)	Prec@1 90.625 (94.048)	Prec@5 100.000 (99.405)
Epoch: [17][40/126], lr: 0.00005	Time 0.529 (0.733)	Data 0.000 (0.202)	Loss 0.2054 (0.1815)	Prec@1 93.750 (93.750)	Prec@5 100.000 (99.314)
Epoch: [17][60/126], lr: 0.00005	Time 0.507 (0.664)	Data 0.000 (0.136)	Loss 0.1761 (0.1700)	Prec@1 93.750 (94.262)	Prec@5 100.000 (99.232)
Epoch: [17][80/126], lr: 0.00005	Time 0.546 (0.630)	Data 0.000 (0.102)	Loss 0.2204 (0.1717)	Prec@1 90.625 (94.252)	Prec@5 100.000 (99.151)
Epoch: [17][100/126], lr: 0.00005	Time 0.507 (0.608)	Data 0.000 (0.082)	Loss 0.1885 (0.1762)	Prec@1 93.750 (93.998)	Prec@5 100.000 (99.072)
Epoch: [17][120/126], lr: 0.00005	Time 0.515 (0.592)	Data 0.000 (0.069)	Loss 0.0585 (0.1765)	Prec@1 96.875 (93.853)	Prec@5 100.000 (99.096)
Test: [0/51]	Time 7.187 (7.187)	Loss 0.1006 (0.1006)	Prec@1 96.875 (96.875)	Prec@5 100.000 (100.000)
Test: [20/51]	Time 0.227 (0.741)	Loss 0.0917 (0.2461)	Prec@1 96.875 (95.238)	Prec@5 100.000 (98.810)
Test: [40/51]	Time 0.145 (0.503)	Loss 0.0640 (0.2435)	Prec@1 96.875 (93.902)	Prec@5 100.000 (99.390)
Testing Results: Prec@1 93.106 Prec@5 99.441 Loss 0.25716
Best Prec@1: 94.099
Freezing BatchNorm2D except the first one.
Epoch: [18][0/126], lr: 0.00005	Time 7.530 (7.530)	Data 7.087 (7.087)	Loss 0.0095 (0.0095)	Prec@1 100.000 (100.000)	Prec@5 100.000 (100.000)
Epoch: [18][20/126], lr: 0.00005	Time 0.552 (0.895)	Data 0.000 (0.338)	Loss 0.0488 (0.1807)	Prec@1 100.000 (94.196)	Prec@5 100.000 (99.256)
Epoch: [18][40/126], lr: 0.00005	Time 0.462 (0.708)	Data 0.000 (0.173)	Loss 0.0755 (0.1515)	Prec@1 96.875 (94.970)	Prec@5 100.000 (99.314)
Epoch: [18][60/126], lr: 0.00005	Time 0.498 (0.645)	Data 0.000 (0.116)	Loss 0.2368 (0.1546)	Prec@1 90.625 (94.928)	Prec@5 100.000 (99.180)
Epoch: [18][80/126], lr: 0.00005	Time 0.520 (0.613)	Data 0.000 (0.088)	Loss 0.0850 (0.1662)	Prec@1 96.875 (94.329)	Prec@5 100.000 (99.228)
Epoch: [18][100/126], lr: 0.00005	Time 0.505 (0.593)	Data 0.000 (0.070)	Loss 0.0566 (0.1703)	Prec@1 96.875 (94.121)	Prec@5 100.000 (99.134)
Epoch: [18][120/126], lr: 0.00005	Time 0.516 (0.579)	Data 0.000 (0.059)	Loss 0.1766 (0.1736)	Prec@1 93.750 (93.957)	Prec@5 100.000 (99.070)
Freezing BatchNorm2D except the first one.
Epoch: [19][0/126], lr: 0.00005	Time 6.925 (6.925)	Data 6.468 (6.468)	Loss 0.0102 (0.0102)	Prec@1 100.000 (100.000)	Prec@5 100.000 (100.000)
Epoch: [19][20/126], lr: 0.00005	Time 0.488 (0.895)	Data 0.000 (0.334)	Loss 0.0504 (0.1601)	Prec@1 100.000 (94.940)	Prec@5 100.000 (99.554)
Epoch: [19][40/126], lr: 0.00005	Time 0.503 (0.708)	Data 0.000 (0.171)	Loss 0.0655 (0.1704)	Prec@1 96.875 (94.284)	Prec@5 100.000 (99.314)
Epoch: [19][60/126], lr: 0.00005	Time 0.533 (0.645)	Data 0.000 (0.115)	Loss 0.0454 (0.1673)	Prec@1 100.000 (94.109)	Prec@5 100.000 (99.334)
Epoch: [19][80/126], lr: 0.00005	Time 0.501 (0.612)	Data 0.000 (0.087)	Loss 0.0802 (0.1589)	Prec@1 100.000 (94.522)	Prec@5 100.000 (99.344)
Epoch: [19][100/126], lr: 0.00005	Time 0.517 (0.592)	Data 0.000 (0.070)	Loss 0.1791 (0.1575)	Prec@1 93.750 (94.554)	Prec@5 100.000 (99.319)
Epoch: [19][120/126], lr: 0.00005	Time 0.520 (0.579)	Data 0.000 (0.058)	Loss 0.0837 (0.1647)	Prec@1 100.000 (94.318)	Prec@5 100.000 (99.225)
Test: [0/51]	Time 7.529 (7.529)	Loss 0.1053 (0.1053)	Prec@1 96.875 (96.875)	Prec@5 100.000 (100.000)
Test: [20/51]	Time 0.343 (0.734)	Loss 0.1086 (0.2569)	Prec@1 93.750 (94.643)	Prec@5 100.000 (98.810)
Test: [40/51]	Time 0.143 (0.501)	Loss 0.0671 (0.2779)	Prec@1 96.875 (92.759)	Prec@5 100.000 (99.314)
Testing Results: Prec@1 91.739 Prec@5 99.379 Loss 0.29791
Best Prec@1: 94.099
Freezing BatchNorm2D except the first one.
Epoch: [20][0/126], lr: 0.00005	Time 7.482 (7.482)	Data 7.038 (7.038)	Loss 0.4547 (0.4547)	Prec@1 90.625 (90.625)	Prec@5 93.750 (93.750)
Epoch: [20][20/126], lr: 0.00005	Time 0.536 (0.899)	Data 0.000 (0.335)	Loss 0.2994 (0.1912)	Prec@1 87.500 (93.452)	Prec@5 93.750 (98.512)
Epoch: [20][40/126], lr: 0.00005	Time 0.543 (0.712)	Data 0.000 (0.172)	Loss 0.2527 (0.1792)	Prec@1 90.625 (93.445)	Prec@5 96.875 (99.085)
Epoch: [20][60/126], lr: 0.00005	Time 0.507 (0.651)	Data 0.000 (0.116)	Loss 0.1905 (0.1704)	Prec@1 90.625 (93.852)	Prec@5 100.000 (99.078)
Epoch: [20][80/126], lr: 0.00005	Time 0.524 (0.619)	Data 0.000 (0.087)	Loss 0.0956 (0.1674)	Prec@1 96.875 (94.059)	Prec@5 100.000 (99.151)
Epoch: [20][100/126], lr: 0.00005	Time 0.505 (0.601)	Data 0.000 (0.070)	Loss 0.0347 (0.1688)	Prec@1 100.000 (93.967)	Prec@5 100.000 (99.257)
Epoch: [20][120/126], lr: 0.00005	Time 0.512 (0.586)	Data 0.000 (0.058)	Loss 0.0211 (0.1708)	Prec@1 100.000 (93.750)	Prec@5 100.000 (99.174)
Freezing BatchNorm2D except the first one.
Epoch: [21][0/126], lr: 0.00005	Time 6.210 (6.210)	Data 5.713 (5.713)	Loss 0.0899 (0.0899)	Prec@1 96.875 (96.875)	Prec@5 100.000 (100.000)
Epoch: [21][20/126], lr: 0.00005	Time 0.537 (0.877)	Data 0.000 (0.332)	Loss 0.0362 (0.1403)	Prec@1 100.000 (95.685)	Prec@5 100.000 (99.107)
Epoch: [21][40/126], lr: 0.00005	Time 0.532 (0.706)	Data 0.000 (0.170)	Loss 0.2912 (0.1742)	Prec@1 90.625 (94.360)	Prec@5 96.875 (98.628)
Epoch: [21][60/126], lr: 0.00005	Time 0.525 (0.648)	Data 0.000 (0.115)	Loss 0.0490 (0.1595)	Prec@1 96.875 (94.826)	Prec@5 100.000 (98.822)
Epoch: [21][80/126], lr: 0.00005	Time 0.472 (0.616)	Data 0.000 (0.086)	Loss 0.0202 (0.1710)	Prec@1 100.000 (94.290)	Prec@5 100.000 (98.881)
Epoch: [21][100/126], lr: 0.00005	Time 0.525 (0.596)	Data 0.000 (0.070)	Loss 0.1357 (0.1744)	Prec@1 93.750 (94.121)	Prec@5 96.875 (98.855)
Epoch: [21][120/126], lr: 0.00005	Time 0.515 (0.582)	Data 0.000 (0.058)	Loss 0.3153 (0.1768)	Prec@1 87.500 (93.853)	Prec@5 100.000 (98.889)
Test: [0/51]	Time 6.536 (6.536)	Loss 0.1556 (0.1556)	Prec@1 96.875 (96.875)	Prec@5 100.000 (100.000)
Test: [20/51]	Time 0.232 (0.711)	Loss 0.1104 (0.2590)	Prec@1 93.750 (93.750)	Prec@5 100.000 (98.810)
Test: [40/51]	Time 0.144 (0.490)	Loss 0.0669 (0.2610)	Prec@1 96.875 (92.226)	Prec@5 100.000 (99.390)
Testing Results: Prec@1 91.491 Prec@5 99.503 Loss 0.27913
Best Prec@1: 94.099
Freezing BatchNorm2D except the first one.
Epoch: [22][0/126], lr: 0.00005	Time 7.432 (7.432)	Data 7.010 (7.010)	Loss 0.1919 (0.1919)	Prec@1 93.750 (93.750)	Prec@5 100.000 (100.000)
Epoch: [22][20/126], lr: 0.00005	Time 0.553 (0.897)	Data 0.000 (0.334)	Loss 0.1177 (0.1371)	Prec@1 93.750 (94.940)	Prec@5 100.000 (100.000)
Epoch: [22][40/126], lr: 0.00005	Time 0.540 (0.714)	Data 0.000 (0.171)	Loss 0.1551 (0.1640)	Prec@1 90.625 (93.674)	Prec@5 100.000 (99.238)
Epoch: [22][60/126], lr: 0.00005	Time 0.553 (0.652)	Data 0.000 (0.115)	Loss 0.3811 (0.1660)	Prec@1 84.375 (93.801)	Prec@5 100.000 (99.180)
Epoch: [22][80/126], lr: 0.00005	Time 0.540 (0.621)	Data 0.000 (0.087)	Loss 0.3838 (0.1673)	Prec@1 87.500 (94.059)	Prec@5 96.875 (99.074)
Epoch: [22][100/126], lr: 0.00005	Time 0.507 (0.602)	Data 0.000 (0.070)	Loss 0.2815 (0.1665)	Prec@1 90.625 (94.183)	Prec@5 100.000 (99.134)
Epoch: [22][120/126], lr: 0.00005	Time 0.519 (0.587)	Data 0.000 (0.058)	Loss 0.4100 (0.1733)	Prec@1 87.500 (93.931)	Prec@5 93.750 (99.070)
Freezing BatchNorm2D except the first one.
Epoch: [23][0/126], lr: 0.00005	Time 8.539 (8.539)	Data 7.968 (7.968)	Loss 0.4987 (0.4987)	Prec@1 81.250 (81.250)	Prec@5 100.000 (100.000)
Epoch: [23][20/126], lr: 0.00005	Time 0.505 (0.923)	Data 0.000 (0.380)	Loss 0.2756 (0.1874)	Prec@1 87.500 (93.155)	Prec@5 100.000 (98.958)
Epoch: [23][40/126], lr: 0.00005	Time 0.543 (0.729)	Data 0.000 (0.195)	Loss 0.2291 (0.1576)	Prec@1 90.625 (94.665)	Prec@5 100.000 (99.238)
Epoch: [23][60/126], lr: 0.00005	Time 0.516 (0.662)	Data 0.000 (0.131)	Loss 0.1562 (0.1572)	Prec@1 93.750 (94.621)	Prec@5 100.000 (99.232)
Epoch: [23][80/126], lr: 0.00005	Time 0.537 (0.629)	Data 0.000 (0.099)	Loss 0.0149 (0.1562)	Prec@1 100.000 (94.522)	Prec@5 100.000 (99.267)
Epoch: [23][100/126], lr: 0.00005	Time 0.513 (0.607)	Data 0.000 (0.079)	Loss 0.0486 (0.1591)	Prec@1 100.000 (94.524)	Prec@5 100.000 (99.257)
Epoch: [23][120/126], lr: 0.00005	Time 0.516 (0.592)	Data 0.000 (0.066)	Loss 0.1622 (0.1585)	Prec@1 93.750 (94.473)	Prec@5 96.875 (99.303)
Test: [0/51]	Time 8.056 (8.056)	Loss 0.1169 (0.1169)	Prec@1 96.875 (96.875)	Prec@5 100.000 (100.000)
Test: [20/51]	Time 0.542 (0.713)	Loss 0.1366 (0.2324)	Prec@1 93.750 (95.238)	Prec@5 100.000 (99.107)
Test: [40/51]	Time 0.144 (0.503)	Loss 0.0764 (0.2118)	Prec@1 93.750 (94.055)	Prec@5 100.000 (99.543)
Testing Results: Prec@1 93.478 Prec@5 99.627 Loss 0.22147
Best Prec@1: 94.099
Freezing BatchNorm2D except the first one.
Epoch: [24][0/126], lr: 0.00005	Time 8.487 (8.487)	Data 8.037 (8.037)	Loss 0.2687 (0.2687)	Prec@1 90.625 (90.625)	Prec@5 100.000 (100.000)
Epoch: [24][20/126], lr: 0.00005	Time 0.503 (0.925)	Data 0.000 (0.383)	Loss 0.3278 (0.1582)	Prec@1 87.500 (93.750)	Prec@5 96.875 (99.554)
Epoch: [24][40/126], lr: 0.00005	Time 0.503 (0.727)	Data 0.000 (0.196)	Loss 0.1138 (0.1485)	Prec@1 96.875 (94.207)	Prec@5 100.000 (99.466)
Epoch: [24][60/126], lr: 0.00005	Time 0.549 (0.659)	Data 0.000 (0.132)	Loss 0.0213 (0.1534)	Prec@1 100.000 (94.467)	Prec@5 100.000 (99.436)
Epoch: [24][80/126], lr: 0.00005	Time 0.513 (0.627)	Data 0.000 (0.099)	Loss 0.1145 (0.1569)	Prec@1 93.750 (94.174)	Prec@5 100.000 (99.306)
Epoch: [24][100/126], lr: 0.00005	Time 0.513 (0.607)	Data 0.000 (0.080)	Loss 0.1807 (0.1657)	Prec@1 90.625 (93.781)	Prec@5 100.000 (99.103)
Epoch: [24][120/126], lr: 0.00005	Time 0.511 (0.591)	Data 0.000 (0.067)	Loss 0.0456 (0.1681)	Prec@1 100.000 (93.724)	Prec@5 100.000 (99.096)
Freezing BatchNorm2D except the first one.
Epoch: [25][0/126], lr: 0.00005	Time 6.808 (6.808)	Data 6.356 (6.356)	Loss 0.1143 (0.1143)	Prec@1 93.750 (93.750)	Prec@5 100.000 (100.000)
Epoch: [25][20/126], lr: 0.00005	Time 0.524 (0.886)	Data 0.000 (0.303)	Loss 0.1549 (0.1406)	Prec@1 93.750 (95.387)	Prec@5 96.875 (99.256)
Epoch: [25][40/126], lr: 0.00005	Time 0.535 (0.710)	Data 0.000 (0.155)	Loss 0.1028 (0.1493)	Prec@1 96.875 (95.274)	Prec@5 100.000 (99.390)
Epoch: [25][60/126], lr: 0.00005	Time 0.506 (0.649)	Data 0.000 (0.104)	Loss 0.1820 (0.1595)	Prec@1 93.750 (94.723)	Prec@5 100.000 (99.385)
Epoch: [25][80/126], lr: 0.00005	Time 0.504 (0.618)	Data 0.000 (0.079)	Loss 0.1751 (0.1625)	Prec@1 93.750 (94.367)	Prec@5 96.875 (99.344)
Epoch: [25][100/126], lr: 0.00005	Time 0.505 (0.599)	Data 0.000 (0.063)	Loss 0.1629 (0.1623)	Prec@1 93.750 (94.338)	Prec@5 100.000 (99.288)
Epoch: [25][120/126], lr: 0.00005	Time 0.504 (0.584)	Data 0.000 (0.053)	Loss 0.0547 (0.1598)	Prec@1 96.875 (94.396)	Prec@5 100.000 (99.277)
Test: [0/51]	Time 6.595 (6.595)	Loss 0.0931 (0.0931)	Prec@1 96.875 (96.875)	Prec@5 100.000 (100.000)
Test: [20/51]	Time 0.289 (0.740)	Loss 0.0851 (0.2593)	Prec@1 96.875 (94.792)	Prec@5 100.000 (98.810)
Test: [40/51]	Time 0.143 (0.502)	Loss 0.0669 (0.2368)	Prec@1 93.750 (93.750)	Prec@5 100.000 (99.390)
Testing Results: Prec@1 92.795 Prec@5 99.441 Loss 0.25463
Best Prec@1: 94.099
Freezing BatchNorm2D except the first one.
Epoch: [26][0/126], lr: 0.00005	Time 8.833 (8.833)	Data 8.444 (8.444)	Loss 0.2052 (0.2052)	Prec@1 96.875 (96.875)	Prec@5 100.000 (100.000)
Epoch: [26][20/126], lr: 0.00005	Time 0.486 (0.932)	Data 0.000 (0.402)	Loss 0.4643 (0.1541)	Prec@1 87.500 (94.643)	Prec@5 96.875 (99.256)
Epoch: [26][40/126], lr: 0.00005	Time 0.513 (0.725)	Data 0.000 (0.206)	Loss 0.1728 (0.1450)	Prec@1 90.625 (94.741)	Prec@5 96.875 (99.238)
Epoch: [26][60/126], lr: 0.00005	Time 0.507 (0.657)	Data 0.000 (0.139)	Loss 0.1442 (0.1576)	Prec@1 93.750 (94.109)	Prec@5 100.000 (99.180)
Epoch: [26][80/126], lr: 0.00005	Time 0.552 (0.626)	Data 0.000 (0.104)	Loss 0.3071 (0.1542)	Prec@1 90.625 (94.020)	Prec@5 93.750 (99.074)
Epoch: [26][100/126], lr: 0.00005	Time 0.507 (0.605)	Data 0.000 (0.084)	Loss 0.1578 (0.1494)	Prec@1 90.625 (94.276)	Prec@5 100.000 (99.134)
Epoch: [26][120/126], lr: 0.00005	Time 0.516 (0.590)	Data 0.000 (0.070)	Loss 0.1673 (0.1527)	Prec@1 96.875 (94.267)	Prec@5 100.000 (99.070)
Freezing BatchNorm2D except the first one.
Epoch: [27][0/126], lr: 0.00005	Time 6.142 (6.142)	Data 5.583 (5.583)	Loss 0.0647 (0.0647)	Prec@1 100.000 (100.000)	Prec@5 100.000 (100.000)
Epoch: [27][20/126], lr: 0.00005	Time 0.482 (0.910)	Data 0.000 (0.369)	Loss 0.1878 (0.1821)	Prec@1 90.625 (93.601)	Prec@5 100.000 (99.107)
Epoch: [27][40/126], lr: 0.00005	Time 0.525 (0.717)	Data 0.000 (0.189)	Loss 0.2991 (0.1637)	Prec@1 87.500 (94.360)	Prec@5 100.000 (99.466)
Epoch: [27][60/126], lr: 0.00005	Time 0.514 (0.654)	Data 0.000 (0.127)	Loss 0.1080 (0.1634)	Prec@1 93.750 (94.262)	Prec@5 100.000 (99.385)
Epoch: [27][80/126], lr: 0.00005	Time 0.559 (0.621)	Data 0.000 (0.096)	Loss 0.1446 (0.1577)	Prec@1 96.875 (94.406)	Prec@5 100.000 (99.344)
Epoch: [27][100/126], lr: 0.00005	Time 0.517 (0.600)	Data 0.000 (0.077)	Loss 0.1684 (0.1643)	Prec@1 96.875 (94.276)	Prec@5 96.875 (99.165)
Epoch: [27][120/126], lr: 0.00005	Time 0.514 (0.585)	Data 0.000 (0.064)	Loss 0.0083 (0.1646)	Prec@1 100.000 (94.241)	Prec@5 100.000 (99.174)
Test: [0/51]	Time 9.141 (9.141)	Loss 0.1162 (0.1162)	Prec@1 96.875 (96.875)	Prec@5 100.000 (100.000)
Test: [20/51]	Time 0.219 (0.759)	Loss 0.0905 (0.2633)	Prec@1 96.875 (95.089)	Prec@5 100.000 (98.661)
Test: [40/51]	Time 0.144 (0.502)	Loss 0.0695 (0.2547)	Prec@1 93.750 (93.140)	Prec@5 100.000 (99.314)
Testing Results: Prec@1 92.360 Prec@5 99.441 Loss 0.26885
Best Prec@1: 94.099
Freezing BatchNorm2D except the first one.
Epoch: [28][0/126], lr: 0.00005	Time 7.423 (7.423)	Data 6.901 (6.901)	Loss 0.0689 (0.0689)	Prec@1 96.875 (96.875)	Prec@5 100.000 (100.000)
Epoch: [28][20/126], lr: 0.00005	Time 0.497 (0.895)	Data 0.000 (0.336)	Loss 0.1517 (0.1237)	Prec@1 90.625 (95.238)	Prec@5 100.000 (99.702)
Epoch: [28][40/126], lr: 0.00005	Time 0.488 (0.707)	Data 0.000 (0.172)	Loss 0.0733 (0.1355)	Prec@1 96.875 (95.427)	Prec@5 100.000 (99.466)
Epoch: [28][60/126], lr: 0.00005	Time 0.519 (0.647)	Data 0.000 (0.116)	Loss 0.1552 (0.1388)	Prec@1 93.750 (95.338)	Prec@5 100.000 (99.436)
Epoch: [28][80/126], lr: 0.00005	Time 0.521 (0.617)	Data 0.000 (0.087)	Loss 0.1847 (0.1519)	Prec@1 90.625 (94.830)	Prec@5 100.000 (99.383)
Epoch: [28][100/126], lr: 0.00005	Time 0.516 (0.599)	Data 0.000 (0.070)	Loss 0.1481 (0.1516)	Prec@1 90.625 (94.678)	Prec@5 100.000 (99.381)
Epoch: [28][120/126], lr: 0.00005	Time 0.524 (0.585)	Data 0.000 (0.059)	Loss 0.0459 (0.1538)	Prec@1 96.875 (94.576)	Prec@5 100.000 (99.380)
Freezing BatchNorm2D except the first one.
Epoch: [29][0/126], lr: 0.00005	Time 7.710 (7.710)	Data 7.261 (7.261)	Loss 0.4111 (0.4111)	Prec@1 90.625 (90.625)	Prec@5 100.000 (100.000)
Epoch: [29][20/126], lr: 0.00005	Time 0.537 (0.926)	Data 0.000 (0.379)	Loss 0.0934 (0.1684)	Prec@1 96.875 (93.750)	Prec@5 100.000 (99.107)
Epoch: [29][40/126], lr: 0.00005	Time 0.505 (0.724)	Data 0.000 (0.194)	Loss 0.0575 (0.1512)	Prec@1 96.875 (94.360)	Prec@5 100.000 (99.314)
Epoch: [29][60/126], lr: 0.00005	Time 0.505 (0.660)	Data 0.000 (0.131)	Loss 0.1226 (0.1488)	Prec@1 93.750 (94.467)	Prec@5 100.000 (99.488)
Epoch: [29][80/126], lr: 0.00005	Time 0.486 (0.627)	Data 0.000 (0.098)	Loss 0.0755 (0.1526)	Prec@1 96.875 (94.483)	Prec@5 100.000 (99.344)
Epoch: [29][100/126], lr: 0.00005	Time 0.511 (0.606)	Data 0.000 (0.079)	Loss 0.0126 (0.1471)	Prec@1 100.000 (94.647)	Prec@5 100.000 (99.381)
Epoch: [29][120/126], lr: 0.00005	Time 0.515 (0.590)	Data 0.000 (0.066)	Loss 0.0987 (0.1513)	Prec@1 93.750 (94.421)	Prec@5 100.000 (99.380)
Test: [0/51]	Time 7.506 (7.506)	Loss 0.1036 (0.1036)	Prec@1 96.875 (96.875)	Prec@5 100.000 (100.000)
Test: [20/51]	Time 0.475 (0.715)	Loss 0.1037 (0.2680)	Prec@1 96.875 (94.940)	Prec@5 100.000 (98.661)
Test: [40/51]	Time 0.144 (0.499)	Loss 0.0696 (0.2672)	Prec@1 93.750 (92.912)	Prec@5 100.000 (99.314)
Testing Results: Prec@1 91.988 Prec@5 99.317 Loss 0.28393
Best Prec@1: 94.099
Freezing BatchNorm2D except the first one.
Epoch: [30][0/126], lr: 0.00001	Time 7.363 (7.363)	Data 6.882 (6.882)	Loss 0.0420 (0.0420)	Prec@1 100.000 (100.000)	Prec@5 100.000 (100.000)
Epoch: [30][20/126], lr: 0.00001	Time 0.460 (0.895)	Data 0.000 (0.342)	Loss 0.2342 (0.1345)	Prec@1 90.625 (95.982)	Prec@5 100.000 (98.958)
Epoch: [30][40/126], lr: 0.00001	Time 0.534 (0.712)	Data 0.000 (0.175)	Loss 0.5036 (0.1568)	Prec@1 87.500 (94.970)	Prec@5 96.875 (99.085)
Epoch: [30][60/126], lr: 0.00001	Time 0.504 (0.650)	Data 0.000 (0.118)	Loss 0.0487 (0.1557)	Prec@1 100.000 (94.621)	Prec@5 100.000 (99.232)
Epoch: [30][80/126], lr: 0.00001	Time 0.541 (0.619)	Data 0.000 (0.089)	Loss 0.1387 (0.1595)	Prec@1 96.875 (94.406)	Prec@5 100.000 (99.113)
Epoch: [30][100/126], lr: 0.00001	Time 0.513 (0.601)	Data 0.000 (0.071)	Loss 0.1447 (0.1575)	Prec@1 93.750 (94.462)	Prec@5 100.000 (99.257)
Epoch: [30][120/126], lr: 0.00001	Time 0.516 (0.587)	Data 0.000 (0.060)	Loss 0.1463 (0.1535)	Prec@1 93.750 (94.576)	Prec@5 100.000 (99.277)
Freezing BatchNorm2D except the first one.
Epoch: [31][0/126], lr: 0.00001	Time 7.691 (7.691)	Data 7.206 (7.206)	Loss 0.6837 (0.6837)	Prec@1 75.000 (75.000)	Prec@5 90.625 (90.625)
Epoch: [31][20/126], lr: 0.00001	Time 0.497 (0.895)	Data 0.000 (0.343)	Loss 0.3898 (0.1847)	Prec@1 93.750 (93.601)	Prec@5 96.875 (99.107)
Epoch: [31][40/126], lr: 0.00001	Time 0.517 (0.715)	Data 0.000 (0.176)	Loss 0.1224 (0.1795)	Prec@1 96.875 (94.207)	Prec@5 96.875 (98.857)
Epoch: [31][60/126], lr: 0.00001	Time 0.521 (0.654)	Data 0.000 (0.118)	Loss 0.0422 (0.1739)	Prec@1 96.875 (94.160)	Prec@5 100.000 (98.975)
Epoch: [31][80/126], lr: 0.00001	Time 0.488 (0.622)	Data 0.000 (0.089)	Loss 0.0909 (0.1708)	Prec@1 96.875 (94.213)	Prec@5 100.000 (98.997)
Epoch: [31][100/126], lr: 0.00001	Time 0.507 (0.602)	Data 0.000 (0.071)	Loss 0.2624 (0.1624)	Prec@1 90.625 (94.524)	Prec@5 100.000 (99.103)
Epoch: [31][120/126], lr: 0.00001	Time 0.506 (0.587)	Data 0.000 (0.060)	Loss 0.3503 (0.1619)	Prec@1 93.750 (94.525)	Prec@5 93.750 (99.019)
Test: [0/51]	Time 8.264 (8.264)	Loss 0.1156 (0.1156)	Prec@1 96.875 (96.875)	Prec@5 100.000 (100.000)
Test: [20/51]	Time 0.248 (0.766)	Loss 0.1004 (0.2682)	Prec@1 93.750 (94.792)	Prec@5 100.000 (98.661)
Test: [40/51]	Time 0.143 (0.510)	Loss 0.0715 (0.2623)	Prec@1 93.750 (92.912)	Prec@5 100.000 (99.314)
Testing Results: Prec@1 92.174 Prec@5 99.379 Loss 0.27578
Best Prec@1: 94.099
Freezing BatchNorm2D except the first one.
Epoch: [32][0/126], lr: 0.00001	Time 7.959 (7.959)	Data 7.540 (7.540)	Loss 0.1565 (0.1565)	Prec@1 93.750 (93.750)	Prec@5 100.000 (100.000)
Epoch: [32][20/126], lr: 0.00001	Time 0.535 (0.907)	Data 0.000 (0.360)	Loss 0.1398 (0.1617)	Prec@1 93.750 (93.601)	Prec@5 96.875 (99.256)
Epoch: [32][40/126], lr: 0.00001	Time 0.549 (0.717)	Data 0.000 (0.184)	Loss 0.0674 (0.1500)	Prec@1 96.875 (94.284)	Prec@5 100.000 (99.238)
Epoch: [32][60/126], lr: 0.00001	Time 0.525 (0.652)	Data 0.000 (0.124)	Loss 0.1894 (0.1532)	Prec@1 90.625 (94.262)	Prec@5 100.000 (99.283)
Epoch: [32][80/126], lr: 0.00001	Time 0.555 (0.621)	Data 0.000 (0.093)	Loss 0.0485 (0.1527)	Prec@1 100.000 (94.406)	Prec@5 100.000 (99.306)
Epoch: [32][100/126], lr: 0.00001	Time 0.508 (0.602)	Data 0.000 (0.075)	Loss 0.2698 (0.1572)	Prec@1 90.625 (94.121)	Prec@5 96.875 (99.319)
Epoch: [32][120/126], lr: 0.00001	Time 0.519 (0.587)	Data 0.000 (0.063)	Loss 0.1534 (0.1542)	Prec@1 96.875 (94.370)	Prec@5 100.000 (99.303)
Freezing BatchNorm2D except the first one.
Epoch: [33][0/126], lr: 0.00001	Time 7.265 (7.265)	Data 6.761 (6.761)	Loss 0.2210 (0.2210)	Prec@1 90.625 (90.625)	Prec@5 100.000 (100.000)
Epoch: [33][20/126], lr: 0.00001	Time 0.525 (0.904)	Data 0.000 (0.345)	Loss 0.0753 (0.1667)	Prec@1 100.000 (94.196)	Prec@5 100.000 (99.107)
Epoch: [33][40/126], lr: 0.00001	Time 0.494 (0.713)	Data 0.000 (0.177)	Loss 0.2595 (0.1612)	Prec@1 90.625 (94.360)	Prec@5 100.000 (99.390)
Epoch: [33][60/126], lr: 0.00001	Time 0.545 (0.651)	Data 0.000 (0.119)	Loss 0.0280 (0.1666)	Prec@1 100.000 (94.006)	Prec@5 100.000 (99.129)
Epoch: [33][80/126], lr: 0.00001	Time 0.533 (0.621)	Data 0.000 (0.090)	Loss 0.1878 (0.1606)	Prec@1 93.750 (94.252)	Prec@5 100.000 (99.113)
Epoch: [33][100/126], lr: 0.00001	Time 0.505 (0.602)	Data 0.000 (0.072)	Loss 0.0476 (0.1552)	Prec@1 100.000 (94.585)	Prec@5 100.000 (99.103)
Epoch: [33][120/126], lr: 0.00001	Time 0.504 (0.586)	Data 0.000 (0.060)	Loss 0.3504 (0.1574)	Prec@1 81.250 (94.344)	Prec@5 100.000 (99.199)
Test: [0/51]	Time 8.779 (8.779)	Loss 0.1093 (0.1093)	Prec@1 96.875 (96.875)	Prec@5 100.000 (100.000)
Test: [20/51]	Time 0.269 (0.773)	Loss 0.1028 (0.2568)	Prec@1 93.750 (94.792)	Prec@5 100.000 (98.810)
Test: [40/51]	Time 0.145 (0.495)	Loss 0.0728 (0.2454)	Prec@1 93.750 (93.445)	Prec@5 100.000 (99.390)
Testing Results: Prec@1 92.919 Prec@5 99.503 Loss 0.25237
Best Prec@1: 94.099
Freezing BatchNorm2D except the first one.
Epoch: [34][0/126], lr: 0.00001	Time 7.323 (7.323)	Data 6.911 (6.911)	Loss 0.0851 (0.0851)	Prec@1 96.875 (96.875)	Prec@5 100.000 (100.000)
Epoch: [34][20/126], lr: 0.00001	Time 0.546 (0.893)	Data 0.000 (0.339)	Loss 0.1749 (0.1337)	Prec@1 96.875 (95.387)	Prec@5 96.875 (99.256)
Epoch: [34][40/126], lr: 0.00001	Time 0.525 (0.711)	Data 0.000 (0.174)	Loss 0.1682 (0.1514)	Prec@1 93.750 (94.817)	Prec@5 100.000 (99.238)
Epoch: [34][60/126], lr: 0.00001	Time 0.505 (0.650)	Data 0.000 (0.117)	Loss 0.1226 (0.1422)	Prec@1 96.875 (95.031)	Prec@5 100.000 (99.283)
Epoch: [34][80/126], lr: 0.00001	Time 0.539 (0.621)	Data 0.000 (0.088)	Loss 0.0652 (0.1454)	Prec@1 96.875 (95.062)	Prec@5 100.000 (99.228)
Epoch: [34][100/126], lr: 0.00001	Time 0.504 (0.603)	Data 0.000 (0.071)	Loss 0.0214 (0.1520)	Prec@1 100.000 (94.833)	Prec@5 100.000 (99.196)
Epoch: [34][120/126], lr: 0.00001	Time 0.506 (0.587)	Data 0.000 (0.059)	Loss 0.2010 (0.1451)	Prec@1 93.750 (95.015)	Prec@5 96.875 (99.303)
Freezing BatchNorm2D except the first one.
Epoch: [35][0/126], lr: 0.00001	Time 9.120 (9.120)	Data 8.649 (8.649)	Loss 0.0554 (0.0554)	Prec@1 100.000 (100.000)	Prec@5 100.000 (100.000)
Epoch: [35][20/126], lr: 0.00001	Time 0.517 (0.945)	Data 0.000 (0.412)	Loss 0.1149 (0.1597)	Prec@1 93.750 (95.089)	Prec@5 100.000 (99.107)
Epoch: [35][40/126], lr: 0.00001	Time 0.536 (0.742)	Data 0.000 (0.211)	Loss 0.0557 (0.1317)	Prec@1 96.875 (95.579)	Prec@5 100.000 (99.238)
Epoch: [35][60/126], lr: 0.00001	Time 0.542 (0.671)	Data 0.000 (0.142)	Loss 0.0905 (0.1460)	Prec@1 93.750 (95.133)	Prec@5 100.000 (99.129)
Epoch: [35][80/126], lr: 0.00001	Time 0.531 (0.636)	Data 0.000 (0.107)	Loss 0.3400 (0.1492)	Prec@1 87.500 (95.023)	Prec@5 100.000 (99.113)
Epoch: [35][100/126], lr: 0.00001	Time 0.504 (0.613)	Data 0.000 (0.086)	Loss 0.3141 (0.1451)	Prec@1 87.500 (95.111)	Prec@5 96.875 (99.103)
Epoch: [35][120/126], lr: 0.00001	Time 0.509 (0.596)	Data 0.000 (0.072)	Loss 0.1340 (0.1442)	Prec@1 96.875 (95.093)	Prec@5 100.000 (99.070)
Test: [0/51]	Time 9.434 (9.434)	Loss 0.1176 (0.1176)	Prec@1 96.875 (96.875)	Prec@5 100.000 (100.000)
Test: [20/51]	Time 0.294 (0.749)	Loss 0.0993 (0.2646)	Prec@1 93.750 (94.940)	Prec@5 100.000 (98.810)
Test: [40/51]	Time 0.144 (0.497)	Loss 0.0722 (0.2517)	Prec@1 93.750 (93.521)	Prec@5 100.000 (99.390)
Testing Results: Prec@1 92.857 Prec@5 99.441 Loss 0.26217
Best Prec@1: 94.099
Freezing BatchNorm2D except the first one.
Epoch: [36][0/126], lr: 0.00001	Time 7.816 (7.816)	Data 7.338 (7.338)	Loss 0.1890 (0.1890)	Prec@1 93.750 (93.750)	Prec@5 96.875 (96.875)
Epoch: [36][20/126], lr: 0.00001	Time 0.512 (0.915)	Data 0.000 (0.378)	Loss 0.1239 (0.1157)	Prec@1 93.750 (95.387)	Prec@5 100.000 (99.702)
Epoch: [36][40/126], lr: 0.00001	Time 0.536 (0.722)	Data 0.000 (0.194)	Loss 0.1427 (0.1506)	Prec@1 93.750 (94.436)	Prec@5 100.000 (99.466)
Epoch: [36][60/126], lr: 0.00001	Time 0.503 (0.654)	Data 0.000 (0.130)	Loss 0.1677 (0.1482)	Prec@1 90.625 (94.314)	Prec@5 100.000 (99.488)
Epoch: [36][80/126], lr: 0.00001	Time 0.512 (0.622)	Data 0.000 (0.098)	Loss 0.0652 (0.1506)	Prec@1 100.000 (94.136)	Prec@5 100.000 (99.383)
Epoch: [36][100/126], lr: 0.00001	Time 0.512 (0.603)	Data 0.000 (0.079)	Loss 0.1061 (0.1519)	Prec@1 96.875 (94.183)	Prec@5 100.000 (99.350)
Epoch: [36][120/126], lr: 0.00001	Time 0.517 (0.588)	Data 0.000 (0.066)	Loss 0.0465 (0.1554)	Prec@1 100.000 (94.137)	Prec@5 100.000 (99.329)
Freezing BatchNorm2D except the first one.
Epoch: [37][0/126], lr: 0.00001	Time 7.700 (7.700)	Data 7.200 (7.200)	Loss 0.0947 (0.0947)	Prec@1 100.000 (100.000)	Prec@5 100.000 (100.000)
Epoch: [37][20/126], lr: 0.00001	Time 0.556 (0.909)	Data 0.000 (0.343)	Loss 0.2092 (0.1474)	Prec@1 90.625 (94.643)	Prec@5 100.000 (99.702)
Epoch: [37][40/126], lr: 0.00001	Time 0.542 (0.721)	Data 0.000 (0.176)	Loss 0.0721 (0.1714)	Prec@1 96.875 (93.902)	Prec@5 100.000 (99.466)
Epoch: [37][60/126], lr: 0.00001	Time 0.540 (0.657)	Data 0.000 (0.118)	Loss 0.0495 (0.1566)	Prec@1 96.875 (94.160)	Prec@5 100.000 (99.539)
Epoch: [37][80/126], lr: 0.00001	Time 0.500 (0.624)	Data 0.000 (0.089)	Loss 0.0689 (0.1637)	Prec@1 96.875 (93.904)	Prec@5 100.000 (99.383)
Epoch: [37][100/126], lr: 0.00001	Time 0.504 (0.603)	Data 0.000 (0.071)	Loss 0.0733 (0.1674)	Prec@1 96.875 (94.028)	Prec@5 100.000 (99.288)
Epoch: [37][120/126], lr: 0.00001	Time 0.505 (0.588)	Data 0.000 (0.060)	Loss 0.1353 (0.1606)	Prec@1 90.625 (94.241)	Prec@5 100.000 (99.354)
Test: [0/51]	Time 7.897 (7.897)	Loss 0.1253 (0.1253)	Prec@1 96.875 (96.875)	Prec@5 100.000 (100.000)
Test: [20/51]	Time 0.191 (0.743)	Loss 0.1063 (0.2683)	Prec@1 93.750 (94.494)	Prec@5 100.000 (98.810)
Test: [40/51]	Time 0.144 (0.505)	Loss 0.0712 (0.2593)	Prec@1 93.750 (92.912)	Prec@5 100.000 (99.390)
Testing Results: Prec@1 92.298 Prec@5 99.503 Loss 0.26893
Best Prec@1: 94.099
Freezing BatchNorm2D except the first one.
Epoch: [38][0/126], lr: 0.00001	Time 7.180 (7.180)	Data 6.686 (6.686)	Loss 0.1053 (0.1053)	Prec@1 96.875 (96.875)	Prec@5 96.875 (96.875)
Epoch: [38][20/126], lr: 0.00001	Time 0.504 (0.893)	Data 0.000 (0.345)	Loss 0.3807 (0.1937)	Prec@1 84.375 (93.750)	Prec@5 93.750 (98.214)
Epoch: [38][40/126], lr: 0.00001	Time 0.533 (0.713)	Data 0.000 (0.177)	Loss 0.0731 (0.1668)	Prec@1 96.875 (94.588)	Prec@5 100.000 (98.704)
Epoch: [38][60/126], lr: 0.00001	Time 0.506 (0.649)	Data 0.000 (0.119)	Loss 0.1283 (0.1676)	Prec@1 93.750 (94.467)	Prec@5 100.000 (98.822)
Epoch: [38][80/126], lr: 0.00001	Time 0.507 (0.616)	Data 0.000 (0.090)	Loss 0.0866 (0.1788)	Prec@1 96.875 (93.943)	Prec@5 100.000 (98.765)
Epoch: [38][100/126], lr: 0.00001	Time 0.504 (0.598)	Data 0.000 (0.072)	Loss 0.3740 (0.1705)	Prec@1 90.625 (94.121)	Prec@5 96.875 (98.886)
Epoch: [38][120/126], lr: 0.00001	Time 0.522 (0.584)	Data 0.000 (0.060)	Loss 0.0622 (0.1653)	Prec@1 96.875 (94.370)	Prec@5 100.000 (98.993)
Freezing BatchNorm2D except the first one.
Epoch: [39][0/126], lr: 0.00001	Time 7.375 (7.375)	Data 6.684 (6.684)	Loss 0.0950 (0.0950)	Prec@1 96.875 (96.875)	Prec@5 96.875 (96.875)
Epoch: [39][20/126], lr: 0.00001	Time 0.518 (0.896)	Data 0.000 (0.347)	Loss 0.1669 (0.1187)	Prec@1 96.875 (96.131)	Prec@5 96.875 (99.256)
Epoch: [39][40/126], lr: 0.00001	Time 0.541 (0.712)	Data 0.000 (0.178)	Loss 0.0627 (0.1353)	Prec@1 100.000 (95.732)	Prec@5 100.000 (99.009)
Epoch: [39][60/126], lr: 0.00001	Time 0.534 (0.651)	Data 0.000 (0.119)	Loss 0.4362 (0.1358)	Prec@1 87.500 (95.543)	Prec@5 93.750 (99.180)
Epoch: [39][80/126], lr: 0.00001	Time 0.515 (0.620)	Data 0.000 (0.090)	Loss 0.1248 (0.1272)	Prec@1 93.750 (95.718)	Prec@5 100.000 (99.306)
Epoch: [39][100/126], lr: 0.00001	Time 0.511 (0.600)	Data 0.000 (0.072)	Loss 0.2156 (0.1284)	Prec@1 93.750 (95.637)	Prec@5 96.875 (99.196)
Epoch: [39][120/126], lr: 0.00001	Time 0.504 (0.585)	Data 0.000 (0.060)	Loss 0.0184 (0.1332)	Prec@1 100.000 (95.429)	Prec@5 100.000 (99.122)
Test: [0/51]	Time 6.692 (6.692)	Loss 0.1208 (0.1208)	Prec@1 96.875 (96.875)	Prec@5 100.000 (100.000)
Test: [20/51]	Time 0.249 (0.764)	Loss 0.1048 (0.2741)	Prec@1 93.750 (94.643)	Prec@5 100.000 (98.810)
Test: [40/51]	Time 0.144 (0.503)	Loss 0.0718 (0.2683)	Prec@1 93.750 (92.912)	Prec@5 100.000 (99.390)
Testing Results: Prec@1 92.236 Prec@5 99.441 Loss 0.27991
Best Prec@1: 94.099
