ipn: 13 classes
storing name: TSM_ipn13_RGB_resnet50_shift8_blockres_avg_segment8_e40_lr5e-04_tuned_gp39

    Initializing TSN with base model: resnet50.
    TSN Configurations:
        input_modality:     RGB
        num_segments:       8
        new_length:         1
        consensus_module:   avg
        dropout_ratio:      0.5
        img_feature_dim:    256
            
=> base model: resnet50
Adding temporal shift...
=> n_segment per stage: [8, 8, 8, 8]
=> Processing stage with 3 blocks residual
=> Using fold div: 8
=> Using fold div: 8
=> Using fold div: 8
=> Processing stage with 4 blocks residual
=> Using fold div: 8
=> Using fold div: 8
=> Using fold div: 8
=> Using fold div: 8
=> Processing stage with 6 blocks residual
=> Using fold div: 8
=> Using fold div: 8
=> Using fold div: 8
=> Using fold div: 8
=> Using fold div: 8
=> Using fold div: 8
=> Processing stage with 3 blocks residual
=> Using fold div: 8
=> Using fold div: 8
=> Using fold div: 8
#################### NO FLIP!!!
=> fine-tuning from 'checkpoint/TSM_jester_RGB_resnet50_shift8_blockres_avg_segment8_e50/ckpt.best.pth.tar'
#### Notice: keys that failed to load: set()
=> New dataset, do not load fc weights
video clips:3117
video clips:1101
group: first_conv_weight has 1 params, lr_mult: 1, decay_mult: 1
group: first_conv_bias has 0 params, lr_mult: 2, decay_mult: 0
group: normal_weight has 52 params, lr_mult: 1, decay_mult: 1
group: normal_bias has 0 params, lr_mult: 2, decay_mult: 0
group: BN scale/shift has 2 params, lr_mult: 1, decay_mult: 0
group: custom_ops has 0 params, lr_mult: 1, decay_mult: 1
group: lr5_weight has 1 params, lr_mult: 5, decay_mult: 1
group: lr10_bias has 1 params, lr_mult: 10, decay_mult: 0
Freezing BatchNorm2D except the first one.
Epoch: [0][0/97], lr: 0.00050	Time 19.833 (19.833)	Data 9.172 (9.172)	Loss 2.5622 (2.5622)	Prec@1 15.625 (15.625)	Prec@5 50.000 (50.000)
Epoch: [0][20/97], lr: 0.00050	Time 0.555 (1.465)	Data 0.000 (0.437)	Loss 1.6985 (2.0423)	Prec@1 50.000 (31.548)	Prec@5 75.000 (72.470)
Epoch: [0][40/97], lr: 0.00050	Time 0.608 (1.025)	Data 0.000 (0.224)	Loss 1.1383 (1.7959)	Prec@1 65.625 (40.473)	Prec@5 100.000 (80.869)
Epoch: [0][60/97], lr: 0.00050	Time 0.557 (0.873)	Data 0.000 (0.151)	Loss 0.8120 (1.5715)	Prec@1 75.000 (49.129)	Prec@5 100.000 (85.502)
Epoch: [0][80/97], lr: 0.00050	Time 0.556 (0.795)	Data 0.000 (0.113)	Loss 0.6282 (1.3998)	Prec@1 81.250 (54.437)	Prec@5 93.750 (88.194)
Freezing BatchNorm2D except the first one.
Epoch: [1][0/97], lr: 0.00050	Time 7.219 (7.219)	Data 6.897 (6.897)	Loss 0.3504 (0.3504)	Prec@1 87.500 (87.500)	Prec@5 96.875 (96.875)
Epoch: [1][20/97], lr: 0.00050	Time 0.564 (0.896)	Data 0.000 (0.356)	Loss 0.4589 (0.5394)	Prec@1 81.250 (79.315)	Prec@5 100.000 (97.321)
Epoch: [1][40/97], lr: 0.00050	Time 0.560 (0.732)	Data 0.000 (0.183)	Loss 0.3986 (0.5709)	Prec@1 84.375 (78.735)	Prec@5 100.000 (97.104)
Epoch: [1][60/97], lr: 0.00050	Time 0.568 (0.676)	Data 0.000 (0.123)	Loss 0.6902 (0.5699)	Prec@1 81.250 (79.098)	Prec@5 93.750 (97.080)
Epoch: [1][80/97], lr: 0.00050	Time 0.564 (0.648)	Data 0.000 (0.092)	Loss 0.8536 (0.5343)	Prec@1 87.500 (80.980)	Prec@5 100.000 (97.338)
Test: [0/35]	Time 5.278 (5.278)	Loss 0.0984 (0.0984)	Prec@1 100.000 (100.000)	Prec@5 100.000 (100.000)
Test: [20/35]	Time 0.150 (0.429)	Loss 0.3929 (0.3707)	Prec@1 90.625 (87.054)	Prec@5 93.750 (98.363)
Testing Results: Prec@1 88.374 Prec@5 98.819 Loss 0.35596
Best Prec@1: 88.374

Freezing BatchNorm2D except the first one.
Epoch: [2][0/97], lr: 0.00050	Time 6.323 (6.323)	Data 5.789 (5.789)	Loss 0.7501 (0.7501)	Prec@1 75.000 (75.000)	Prec@5 96.875 (96.875)
Epoch: [2][20/97], lr: 0.00050	Time 0.570 (0.848)	Data 0.000 (0.276)	Loss 0.4641 (0.4216)	Prec@1 81.250 (83.482)	Prec@5 100.000 (98.958)
Epoch: [2][40/97], lr: 0.00050	Time 0.552 (0.711)	Data 0.000 (0.141)	Loss 0.7411 (0.4470)	Prec@1 71.875 (82.774)	Prec@5 100.000 (99.009)
Epoch: [2][60/97], lr: 0.00050	Time 0.560 (0.663)	Data 0.000 (0.095)	Loss 0.3694 (0.4444)	Prec@1 84.375 (83.402)	Prec@5 100.000 (98.412)
Epoch: [2][80/97], lr: 0.00050	Time 0.559 (0.638)	Data 0.000 (0.072)	Loss 0.5824 (0.4336)	Prec@1 75.000 (83.758)	Prec@5 96.875 (98.534)
Freezing BatchNorm2D except the first one.
Epoch: [3][0/97], lr: 0.00050	Time 6.360 (6.360)	Data 6.100 (6.100)	Loss 0.3836 (0.3836)	Prec@1 84.375 (84.375)	Prec@5 100.000 (100.000)
Epoch: [3][20/97], lr: 0.00050	Time 0.573 (0.845)	Data 0.000 (0.291)	Loss 0.7167 (0.4141)	Prec@1 75.000 (85.119)	Prec@5 93.750 (98.512)
Epoch: [3][40/97], lr: 0.00050	Time 0.557 (0.708)	Data 0.000 (0.149)	Loss 0.5232 (0.4200)	Prec@1 78.125 (84.375)	Prec@5 96.875 (98.323)
Epoch: [3][60/97], lr: 0.00050	Time 0.558 (0.662)	Data 0.000 (0.100)	Loss 0.5109 (0.4115)	Prec@1 81.250 (84.529)	Prec@5 96.875 (98.207)
Epoch: [3][80/97], lr: 0.00050	Time 0.564 (0.638)	Data 0.000 (0.075)	Loss 0.3064 (0.4056)	Prec@1 90.625 (85.108)	Prec@5 100.000 (98.264)
Test: [0/35]	Time 5.396 (5.396)	Loss 0.1312 (0.1312)	Prec@1 87.500 (87.500)	Prec@5 100.000 (100.000)
Test: [20/35]	Time 0.152 (0.435)	Loss 0.2324 (0.2396)	Prec@1 90.625 (91.518)	Prec@5 100.000 (98.958)
Testing Results: Prec@1 92.007 Prec@5 99.183 Loss 0.21922
Best Prec@1: 92.007

Freezing BatchNorm2D except the first one.
Epoch: [4][0/97], lr: 0.00050	Time 4.901 (4.901)	Data 4.534 (4.534)	Loss 0.4252 (0.4252)	Prec@1 84.375 (84.375)	Prec@5 93.750 (93.750)
Epoch: [4][20/97], lr: 0.00050	Time 0.557 (0.780)	Data 0.000 (0.229)	Loss 0.2956 (0.3501)	Prec@1 84.375 (86.161)	Prec@5 100.000 (98.958)
Epoch: [4][40/97], lr: 0.00050	Time 0.566 (0.674)	Data 0.000 (0.117)	Loss 0.3855 (0.3788)	Prec@1 87.500 (85.747)	Prec@5 96.875 (98.552)
Epoch: [4][60/97], lr: 0.00050	Time 0.560 (0.638)	Data 0.000 (0.079)	Loss 0.3520 (0.3696)	Prec@1 87.500 (85.861)	Prec@5 96.875 (98.668)
Epoch: [4][80/97], lr: 0.00050	Time 0.557 (0.620)	Data 0.000 (0.059)	Loss 0.2620 (0.3682)	Prec@1 93.750 (86.265)	Prec@5 100.000 (98.765)
Freezing BatchNorm2D except the first one.
Epoch: [5][0/97], lr: 0.00050	Time 5.052 (5.052)	Data 4.691 (4.691)	Loss 0.6463 (0.6463)	Prec@1 75.000 (75.000)	Prec@5 100.000 (100.000)
Epoch: [5][20/97], lr: 0.00050	Time 0.565 (0.786)	Data 0.000 (0.224)	Loss 0.1901 (0.2909)	Prec@1 90.625 (88.542)	Prec@5 100.000 (99.405)
Epoch: [5][40/97], lr: 0.00050	Time 0.559 (0.676)	Data 0.000 (0.115)	Loss 0.4214 (0.3110)	Prec@1 81.250 (87.729)	Prec@5 93.750 (99.085)
Epoch: [5][60/97], lr: 0.00050	Time 0.533 (0.639)	Data 0.000 (0.077)	Loss 0.6262 (0.3104)	Prec@1 71.875 (88.217)	Prec@5 96.875 (98.770)
Epoch: [5][80/97], lr: 0.00050	Time 0.557 (0.619)	Data 0.000 (0.058)	Loss 0.1505 (0.3021)	Prec@1 90.625 (88.387)	Prec@5 100.000 (98.920)
Test: [0/35]	Time 4.522 (4.522)	Loss 0.0775 (0.0775)	Prec@1 96.875 (96.875)	Prec@5 100.000 (100.000)
Test: [20/35]	Time 0.151 (0.422)	Loss 0.1418 (0.2070)	Prec@1 96.875 (94.196)	Prec@5 100.000 (98.958)
Testing Results: Prec@1 94.369 Prec@5 99.183 Loss 0.18261
Best Prec@1: 94.369

Freezing BatchNorm2D except the first one.
Epoch: [6][0/97], lr: 0.00050	Time 5.262 (5.262)	Data 4.920 (4.920)	Loss 0.3090 (0.3090)	Prec@1 93.750 (93.750)	Prec@5 100.000 (100.000)
Epoch: [6][20/97], lr: 0.00050	Time 0.560 (0.792)	Data 0.000 (0.234)	Loss 0.2416 (0.2486)	Prec@1 93.750 (92.262)	Prec@5 100.000 (99.107)
Epoch: [6][40/97], lr: 0.00050	Time 0.587 (0.681)	Data 0.000 (0.120)	Loss 0.0881 (0.2747)	Prec@1 100.000 (91.006)	Prec@5 100.000 (99.009)
Epoch: [6][60/97], lr: 0.00050	Time 0.557 (0.643)	Data 0.000 (0.081)	Loss 0.1299 (0.2913)	Prec@1 93.750 (90.266)	Prec@5 100.000 (98.770)
Epoch: [6][80/97], lr: 0.00050	Time 0.556 (0.623)	Data 0.000 (0.061)	Loss 0.2378 (0.2902)	Prec@1 90.625 (89.931)	Prec@5 96.875 (98.611)
Freezing BatchNorm2D except the first one.
Epoch: [7][0/97], lr: 0.00050	Time 4.898 (4.898)	Data 4.528 (4.528)	Loss 0.6309 (0.6309)	Prec@1 68.750 (68.750)	Prec@5 100.000 (100.000)
Epoch: [7][20/97], lr: 0.00050	Time 0.559 (0.782)	Data 0.000 (0.216)	Loss 0.5027 (0.3343)	Prec@1 81.250 (86.607)	Prec@5 96.875 (98.661)
Epoch: [7][40/97], lr: 0.00050	Time 0.560 (0.676)	Data 0.000 (0.111)	Loss 0.1451 (0.3038)	Prec@1 96.875 (88.186)	Prec@5 100.000 (98.704)
Epoch: [7][60/97], lr: 0.00050	Time 0.567 (0.638)	Data 0.000 (0.074)	Loss 0.1153 (0.2961)	Prec@1 96.875 (88.832)	Prec@5 100.000 (98.924)
Epoch: [7][80/97], lr: 0.00050	Time 0.559 (0.619)	Data 0.000 (0.056)	Loss 0.2473 (0.2878)	Prec@1 87.500 (89.120)	Prec@5 96.875 (98.727)
Test: [0/35]	Time 5.828 (5.828)	Loss 0.1767 (0.1767)	Prec@1 90.625 (90.625)	Prec@5 100.000 (100.000)
Test: [20/35]	Time 0.151 (0.445)	Loss 0.2240 (0.2290)	Prec@1 90.625 (92.857)	Prec@5 100.000 (98.810)
Testing Results: Prec@1 93.097 Prec@5 99.183 Loss 0.22292
Best Prec@1: 94.369

Freezing BatchNorm2D except the first one.
Epoch: [8][0/97], lr: 0.00050	Time 5.270 (5.270)	Data 4.905 (4.905)	Loss 0.3201 (0.3201)	Prec@1 90.625 (90.625)	Prec@5 96.875 (96.875)
Epoch: [8][20/97], lr: 0.00050	Time 0.584 (0.800)	Data 0.000 (0.234)	Loss 0.2299 (0.2931)	Prec@1 90.625 (89.286)	Prec@5 100.000 (98.512)
Epoch: [8][40/97], lr: 0.00050	Time 0.559 (0.686)	Data 0.000 (0.120)	Loss 0.1937 (0.3038)	Prec@1 90.625 (88.643)	Prec@5 100.000 (98.476)
Epoch: [8][60/97], lr: 0.00050	Time 0.558 (0.645)	Data 0.000 (0.081)	Loss 0.1371 (0.2886)	Prec@1 93.750 (89.242)	Prec@5 100.000 (98.668)
Epoch: [8][80/97], lr: 0.00050	Time 0.560 (0.625)	Data 0.000 (0.061)	Loss 0.3267 (0.3009)	Prec@1 84.375 (88.927)	Prec@5 96.875 (98.495)
Freezing BatchNorm2D except the first one.
Epoch: [9][0/97], lr: 0.00050	Time 4.402 (4.402)	Data 4.032 (4.032)	Loss 0.2432 (0.2432)	Prec@1 90.625 (90.625)	Prec@5 100.000 (100.000)
Epoch: [9][20/97], lr: 0.00050	Time 0.561 (0.759)	Data 0.000 (0.200)	Loss 0.6970 (0.2965)	Prec@1 78.125 (89.435)	Prec@5 93.750 (98.363)
Epoch: [9][40/97], lr: 0.00050	Time 0.565 (0.664)	Data 0.000 (0.103)	Loss 0.1177 (0.2727)	Prec@1 96.875 (89.634)	Prec@5 100.000 (98.933)
Epoch: [9][60/97], lr: 0.00050	Time 0.561 (0.632)	Data 0.000 (0.069)	Loss 0.2529 (0.2780)	Prec@1 93.750 (89.447)	Prec@5 100.000 (98.822)
Epoch: [9][80/97], lr: 0.00050	Time 0.565 (0.614)	Data 0.000 (0.052)	Loss 0.1764 (0.2718)	Prec@1 90.625 (89.931)	Prec@5 100.000 (98.881)
Test: [0/35]	Time 3.802 (3.802)	Loss 0.1098 (0.1098)	Prec@1 93.750 (93.750)	Prec@5 100.000 (100.000)
Test: [20/35]	Time 0.151 (0.422)	Loss 0.0626 (0.1759)	Prec@1 96.875 (94.048)	Prec@5 100.000 (99.107)
Testing Results: Prec@1 94.550 Prec@5 99.455 Loss 0.15287
Best Prec@1: 94.550

Freezing BatchNorm2D except the first one.
Epoch: [10][0/97], lr: 0.00050	Time 4.945 (4.945)	Data 4.571 (4.571)	Loss 0.3456 (0.3456)	Prec@1 87.500 (87.500)	Prec@5 96.875 (96.875)
Epoch: [10][20/97], lr: 0.00050	Time 0.567 (0.775)	Data 0.000 (0.218)	Loss 0.2472 (0.2755)	Prec@1 87.500 (89.435)	Prec@5 100.000 (99.256)
Epoch: [10][40/97], lr: 0.00050	Time 0.563 (0.672)	Data 0.000 (0.112)	Loss 0.3306 (0.2698)	Prec@1 81.250 (89.710)	Prec@5 100.000 (99.238)
Epoch: [10][60/97], lr: 0.00050	Time 0.565 (0.637)	Data 0.000 (0.075)	Loss 0.2012 (0.2655)	Prec@1 93.750 (90.164)	Prec@5 100.000 (99.027)
Epoch: [10][80/97], lr: 0.00050	Time 0.557 (0.619)	Data 0.000 (0.057)	Loss 0.1308 (0.2542)	Prec@1 93.750 (90.664)	Prec@5 100.000 (99.035)
Freezing BatchNorm2D except the first one.
Epoch: [11][0/97], lr: 0.00050	Time 4.719 (4.719)	Data 4.359 (4.359)	Loss 0.1202 (0.1202)	Prec@1 93.750 (93.750)	Prec@5 100.000 (100.000)
Epoch: [11][20/97], lr: 0.00050	Time 0.563 (0.770)	Data 0.000 (0.208)	Loss 0.2984 (0.2442)	Prec@1 90.625 (90.625)	Prec@5 100.000 (99.107)
Epoch: [11][40/97], lr: 0.00050	Time 0.565 (0.669)	Data 0.000 (0.106)	Loss 0.0646 (0.2499)	Prec@1 100.000 (90.168)	Prec@5 100.000 (99.009)
Epoch: [11][60/97], lr: 0.00050	Time 0.559 (0.634)	Data 0.000 (0.072)	Loss 0.4097 (0.2531)	Prec@1 84.375 (90.061)	Prec@5 100.000 (99.129)
Epoch: [11][80/97], lr: 0.00050	Time 0.558 (0.616)	Data 0.000 (0.054)	Loss 0.1014 (0.2472)	Prec@1 96.875 (90.432)	Prec@5 100.000 (98.958)
Test: [0/35]	Time 4.366 (4.366)	Loss 0.0364 (0.0364)	Prec@1 100.000 (100.000)	Prec@5 100.000 (100.000)
Test: [20/35]	Time 0.152 (0.411)	Loss 0.1318 (0.1624)	Prec@1 96.875 (95.536)	Prec@5 100.000 (99.554)
Testing Results: Prec@1 94.914 Prec@5 99.728 Loss 0.15940
Best Prec@1: 94.914

Freezing BatchNorm2D except the first one.
Epoch: [12][0/97], lr: 0.00050	Time 4.482 (4.482)	Data 4.007 (4.007)	Loss 0.2882 (0.2882)	Prec@1 87.500 (87.500)	Prec@5 96.875 (96.875)
Epoch: [12][20/97], lr: 0.00050	Time 0.556 (0.761)	Data 0.000 (0.191)	Loss 0.0528 (0.2393)	Prec@1 100.000 (89.881)	Prec@5 100.000 (98.661)
Epoch: [12][40/97], lr: 0.00050	Time 0.585 (0.665)	Data 0.000 (0.098)	Loss 0.1276 (0.2155)	Prec@1 93.750 (91.159)	Prec@5 100.000 (98.933)
Epoch: [12][60/97], lr: 0.00050	Time 0.564 (0.631)	Data 0.000 (0.066)	Loss 0.3374 (0.2179)	Prec@1 84.375 (91.240)	Prec@5 100.000 (99.027)
Epoch: [12][80/97], lr: 0.00050	Time 0.558 (0.614)	Data 0.000 (0.050)	Loss 0.2970 (0.2476)	Prec@1 90.625 (90.471)	Prec@5 100.000 (98.804)
Freezing BatchNorm2D except the first one.
Epoch: [13][0/97], lr: 0.00050	Time 4.472 (4.472)	Data 4.060 (4.060)	Loss 0.2926 (0.2926)	Prec@1 90.625 (90.625)	Prec@5 100.000 (100.000)
Epoch: [13][20/97], lr: 0.00050	Time 0.558 (0.757)	Data 0.000 (0.193)	Loss 0.2233 (0.2517)	Prec@1 93.750 (90.774)	Prec@5 100.000 (99.405)
Epoch: [13][40/97], lr: 0.00050	Time 0.559 (0.662)	Data 0.000 (0.099)	Loss 0.0770 (0.2550)	Prec@1 100.000 (91.082)	Prec@5 100.000 (98.857)
Epoch: [13][60/97], lr: 0.00050	Time 0.558 (0.629)	Data 0.000 (0.067)	Loss 0.2336 (0.2497)	Prec@1 87.500 (90.984)	Prec@5 96.875 (98.822)
Epoch: [13][80/97], lr: 0.00050	Time 0.559 (0.613)	Data 0.000 (0.050)	Loss 0.1373 (0.2412)	Prec@1 96.875 (91.281)	Prec@5 100.000 (98.804)
Test: [0/35]	Time 4.682 (4.682)	Loss 0.0751 (0.0751)	Prec@1 93.750 (93.750)	Prec@5 100.000 (100.000)
Test: [20/35]	Time 0.151 (0.430)	Loss 0.0689 (0.2948)	Prec@1 100.000 (92.708)	Prec@5 100.000 (99.405)
Testing Results: Prec@1 92.643 Prec@5 99.637 Loss 0.26811
Best Prec@1: 94.914

Freezing BatchNorm2D except the first one.
Epoch: [14][0/97], lr: 0.00050	Time 4.960 (4.960)	Data 4.656 (4.656)	Loss 0.4482 (0.4482)	Prec@1 90.625 (90.625)	Prec@5 100.000 (100.000)
Epoch: [14][20/97], lr: 0.00050	Time 0.561 (0.782)	Data 0.000 (0.222)	Loss 0.0804 (0.2280)	Prec@1 96.875 (91.071)	Prec@5 100.000 (99.405)
Epoch: [14][40/97], lr: 0.00050	Time 0.560 (0.676)	Data 0.000 (0.114)	Loss 0.4401 (0.2800)	Prec@1 81.250 (89.787)	Prec@5 100.000 (98.933)
Epoch: [14][60/97], lr: 0.00050	Time 0.562 (0.639)	Data 0.000 (0.076)	Loss 0.3602 (0.2631)	Prec@1 87.500 (90.318)	Prec@5 100.000 (99.129)
Epoch: [14][80/97], lr: 0.00050	Time 0.563 (0.620)	Data 0.000 (0.058)	Loss 0.1701 (0.2490)	Prec@1 90.625 (90.664)	Prec@5 100.000 (99.113)
Freezing BatchNorm2D except the first one.
Epoch: [15][0/97], lr: 0.00005	Time 4.210 (4.210)	Data 3.814 (3.814)	Loss 0.1149 (0.1149)	Prec@1 100.000 (100.000)	Prec@5 100.000 (100.000)
Epoch: [15][20/97], lr: 0.00005	Time 0.560 (0.762)	Data 0.000 (0.182)	Loss 0.1315 (0.2479)	Prec@1 93.750 (90.923)	Prec@5 100.000 (98.958)
Epoch: [15][40/97], lr: 0.00005	Time 0.560 (0.666)	Data 0.000 (0.093)	Loss 0.1617 (0.2170)	Prec@1 93.750 (91.845)	Prec@5 100.000 (99.314)
Epoch: [15][60/97], lr: 0.00005	Time 0.587 (0.633)	Data 0.000 (0.063)	Loss 0.1222 (0.2166)	Prec@1 90.625 (91.803)	Prec@5 100.000 (99.129)
Epoch: [15][80/97], lr: 0.00005	Time 0.566 (0.616)	Data 0.000 (0.047)	Loss 0.1178 (0.2162)	Prec@1 93.750 (91.898)	Prec@5 100.000 (99.074)
Test: [0/35]	Time 4.363 (4.363)	Loss 0.1179 (0.1179)	Prec@1 93.750 (93.750)	Prec@5 100.000 (100.000)
Test: [20/35]	Time 0.151 (0.435)	Loss 0.0310 (0.1854)	Prec@1 100.000 (93.899)	Prec@5 100.000 (99.256)
Testing Results: Prec@1 93.460 Prec@5 99.546 Loss 0.18097
Best Prec@1: 94.914

Freezing BatchNorm2D except the first one.
Epoch: [16][0/97], lr: 0.00005	Time 4.335 (4.335)	Data 3.934 (3.934)	Loss 0.1367 (0.1367)	Prec@1 93.750 (93.750)	Prec@5 100.000 (100.000)
Epoch: [16][20/97], lr: 0.00005	Time 0.559 (0.763)	Data 0.000 (0.215)	Loss 0.1950 (0.2323)	Prec@1 90.625 (91.220)	Prec@5 100.000 (98.810)
Epoch: [16][40/97], lr: 0.00005	Time 0.576 (0.668)	Data 0.000 (0.110)	Loss 0.4513 (0.2355)	Prec@1 90.625 (91.540)	Prec@5 100.000 (98.399)
Epoch: [16][60/97], lr: 0.00005	Time 0.559 (0.634)	Data 0.000 (0.074)	Loss 0.3916 (0.2229)	Prec@1 87.500 (91.855)	Prec@5 93.750 (98.668)
Epoch: [16][80/97], lr: 0.00005	Time 0.560 (0.616)	Data 0.000 (0.056)	Loss 0.0693 (0.2078)	Prec@1 96.875 (92.438)	Prec@5 100.000 (98.804)
Freezing BatchNorm2D except the first one.
Epoch: [17][0/97], lr: 0.00005	Time 5.146 (5.146)	Data 4.833 (4.833)	Loss 0.0545 (0.0545)	Prec@1 96.875 (96.875)	Prec@5 100.000 (100.000)
Epoch: [17][20/97], lr: 0.00005	Time 0.560 (0.791)	Data 0.000 (0.230)	Loss 0.1450 (0.1842)	Prec@1 93.750 (93.155)	Prec@5 100.000 (98.661)
Epoch: [17][40/97], lr: 0.00005	Time 0.565 (0.679)	Data 0.000 (0.118)	Loss 0.1035 (0.1938)	Prec@1 96.875 (92.835)	Prec@5 100.000 (98.857)
Epoch: [17][60/97], lr: 0.00005	Time 0.560 (0.641)	Data 0.000 (0.079)	Loss 0.1751 (0.1818)	Prec@1 93.750 (93.135)	Prec@5 100.000 (98.975)
Epoch: [17][80/97], lr: 0.00005	Time 0.559 (0.621)	Data 0.000 (0.060)	Loss 0.1240 (0.1810)	Prec@1 96.875 (93.364)	Prec@5 100.000 (98.997)
Test: [0/35]	Time 4.724 (4.724)	Loss 0.1410 (0.1410)	Prec@1 90.625 (90.625)	Prec@5 100.000 (100.000)
Test: [20/35]	Time 0.151 (0.428)	Loss 0.0221 (0.2015)	Prec@1 100.000 (94.048)	Prec@5 100.000 (99.405)
Testing Results: Prec@1 93.642 Prec@5 99.637 Loss 0.18937
Best Prec@1: 94.914

Freezing BatchNorm2D except the first one.
Epoch: [18][0/97], lr: 0.00005	Time 5.153 (5.153)	Data 4.785 (4.785)	Loss 0.1862 (0.1862)	Prec@1 93.750 (93.750)	Prec@5 100.000 (100.000)
Epoch: [18][20/97], lr: 0.00005	Time 0.596 (0.797)	Data 0.000 (0.228)	Loss 0.3018 (0.1907)	Prec@1 90.625 (92.113)	Prec@5 96.875 (99.405)
Epoch: [18][40/97], lr: 0.00005	Time 0.582 (0.683)	Data 0.000 (0.117)	Loss 0.0642 (0.1842)	Prec@1 96.875 (92.683)	Prec@5 100.000 (99.162)
Epoch: [18][60/97], lr: 0.00005	Time 0.561 (0.643)	Data 0.000 (0.079)	Loss 0.0538 (0.1748)	Prec@1 96.875 (93.238)	Prec@5 100.000 (99.180)
Epoch: [18][80/97], lr: 0.00005	Time 0.560 (0.623)	Data 0.000 (0.059)	Loss 0.6254 (0.1749)	Prec@1 75.000 (93.519)	Prec@5 100.000 (99.190)
Freezing BatchNorm2D except the first one.
Epoch: [19][0/97], lr: 0.00005	Time 3.953 (3.953)	Data 3.560 (3.560)	Loss 0.1549 (0.1549)	Prec@1 93.750 (93.750)	Prec@5 100.000 (100.000)
Epoch: [19][20/97], lr: 0.00005	Time 0.559 (0.776)	Data 0.000 (0.221)	Loss 0.1880 (0.2026)	Prec@1 96.875 (93.006)	Prec@5 100.000 (98.810)
Epoch: [19][40/97], lr: 0.00005	Time 0.568 (0.673)	Data 0.000 (0.113)	Loss 0.1542 (0.1747)	Prec@1 96.875 (94.207)	Prec@5 96.875 (99.009)
Epoch: [19][60/97], lr: 0.00005	Time 0.559 (0.637)	Data 0.000 (0.076)	Loss 0.2216 (0.1738)	Prec@1 84.375 (94.057)	Prec@5 100.000 (99.129)
Epoch: [19][80/97], lr: 0.00005	Time 0.561 (0.618)	Data 0.000 (0.057)	Loss 0.3648 (0.1736)	Prec@1 87.500 (94.020)	Prec@5 96.875 (99.228)
Test: [0/35]	Time 5.539 (5.539)	Loss 0.0449 (0.0449)	Prec@1 96.875 (96.875)	Prec@5 100.000 (100.000)
Test: [20/35]	Time 0.152 (0.438)	Loss 0.0190 (0.1730)	Prec@1 100.000 (95.238)	Prec@5 100.000 (99.405)
Testing Results: Prec@1 95.005 Prec@5 99.637 Loss 0.16121
Best Prec@1: 95.005

Freezing BatchNorm2D except the first one.
Epoch: [20][0/97], lr: 0.00005	Time 3.938 (3.938)	Data 3.486 (3.486)	Loss 0.4134 (0.4134)	Prec@1 87.500 (87.500)	Prec@5 100.000 (100.000)
Epoch: [20][20/97], lr: 0.00005	Time 0.566 (0.747)	Data 0.000 (0.188)	Loss 0.1782 (0.1927)	Prec@1 93.750 (93.304)	Prec@5 100.000 (99.405)
Epoch: [20][40/97], lr: 0.00005	Time 0.563 (0.658)	Data 0.000 (0.097)	Loss 0.2427 (0.1906)	Prec@1 93.750 (93.293)	Prec@5 100.000 (99.619)
Epoch: [20][60/97], lr: 0.00005	Time 0.584 (0.629)	Data 0.000 (0.065)	Loss 0.2320 (0.1964)	Prec@1 90.625 (93.084)	Prec@5 100.000 (99.232)
Epoch: [20][80/97], lr: 0.00005	Time 0.558 (0.612)	Data 0.000 (0.049)	Loss 0.0307 (0.1888)	Prec@1 100.000 (93.326)	Prec@5 100.000 (99.190)
Freezing BatchNorm2D except the first one.
Epoch: [21][0/97], lr: 0.00005	Time 4.103 (4.103)	Data 3.527 (3.527)	Loss 0.0690 (0.0690)	Prec@1 96.875 (96.875)	Prec@5 100.000 (100.000)
Epoch: [21][20/97], lr: 0.00005	Time 0.560 (0.748)	Data 0.000 (0.171)	Loss 0.1497 (0.1662)	Prec@1 93.750 (94.048)	Prec@5 100.000 (99.405)
Epoch: [21][40/97], lr: 0.00005	Time 0.564 (0.658)	Data 0.000 (0.088)	Loss 0.1702 (0.1708)	Prec@1 93.750 (93.674)	Prec@5 100.000 (99.085)
Epoch: [21][60/97], lr: 0.00005	Time 0.563 (0.627)	Data 0.000 (0.059)	Loss 0.1357 (0.1764)	Prec@1 96.875 (93.596)	Prec@5 100.000 (98.924)
Epoch: [21][80/97], lr: 0.00005	Time 0.565 (0.611)	Data 0.000 (0.044)	Loss 0.1496 (0.1744)	Prec@1 93.750 (93.557)	Prec@5 100.000 (98.997)
Test: [0/35]	Time 3.980 (3.980)	Loss 0.0929 (0.0929)	Prec@1 93.750 (93.750)	Prec@5 100.000 (100.000)
Test: [20/35]	Time 0.151 (0.431)	Loss 0.0417 (0.1828)	Prec@1 100.000 (94.940)	Prec@5 100.000 (99.256)
Testing Results: Prec@1 94.187 Prec@5 99.546 Loss 0.18115
Best Prec@1: 95.005

Freezing BatchNorm2D except the first one.
Epoch: [22][0/97], lr: 0.00005	Time 3.548 (3.548)	Data 3.164 (3.164)	Loss 0.1290 (0.1290)	Prec@1 96.875 (96.875)	Prec@5 100.000 (100.000)
Epoch: [22][20/97], lr: 0.00005	Time 0.565 (0.753)	Data 0.001 (0.198)	Loss 0.0851 (0.1831)	Prec@1 100.000 (93.452)	Prec@5 100.000 (98.810)
Epoch: [22][40/97], lr: 0.00005	Time 0.580 (0.661)	Data 0.000 (0.102)	Loss 0.1811 (0.1876)	Prec@1 93.750 (92.988)	Prec@5 100.000 (98.628)
Epoch: [22][60/97], lr: 0.00005	Time 0.558 (0.628)	Data 0.000 (0.068)	Loss 0.1005 (0.1809)	Prec@1 96.875 (92.982)	Prec@5 100.000 (98.873)
Epoch: [22][80/97], lr: 0.00005	Time 0.563 (0.612)	Data 0.000 (0.052)	Loss 0.0750 (0.1746)	Prec@1 96.875 (93.287)	Prec@5 100.000 (98.881)
Freezing BatchNorm2D except the first one.
Epoch: [23][0/97], lr: 0.00005	Time 4.269 (4.269)	Data 3.905 (3.905)	Loss 0.0723 (0.0723)	Prec@1 96.875 (96.875)	Prec@5 100.000 (100.000)
Epoch: [23][20/97], lr: 0.00005	Time 0.563 (0.772)	Data 0.000 (0.218)	Loss 0.2202 (0.1835)	Prec@1 90.625 (93.452)	Prec@5 100.000 (99.405)
Epoch: [23][40/97], lr: 0.00005	Time 0.561 (0.669)	Data 0.000 (0.112)	Loss 0.1875 (0.2079)	Prec@1 90.625 (92.378)	Prec@5 100.000 (99.009)
Epoch: [23][60/97], lr: 0.00005	Time 0.556 (0.634)	Data 0.000 (0.075)	Loss 0.3359 (0.1934)	Prec@1 84.375 (93.186)	Prec@5 96.875 (99.232)
Epoch: [23][80/97], lr: 0.00005	Time 0.559 (0.616)	Data 0.000 (0.057)	Loss 0.0656 (0.1888)	Prec@1 100.000 (93.326)	Prec@5 100.000 (99.151)
Test: [0/35]	Time 5.094 (5.094)	Loss 0.1042 (0.1042)	Prec@1 93.750 (93.750)	Prec@5 100.000 (100.000)
Test: [20/35]	Time 0.151 (0.430)	Loss 0.0208 (0.1709)	Prec@1 100.000 (94.940)	Prec@5 100.000 (99.405)
Testing Results: Prec@1 94.369 Prec@5 99.637 Loss 0.16263
Best Prec@1: 95.005

Freezing BatchNorm2D except the first one.
Epoch: [24][0/97], lr: 0.00005	Time 4.382 (4.382)	Data 3.877 (3.877)	Loss 0.0783 (0.0783)	Prec@1 96.875 (96.875)	Prec@5 100.000 (100.000)
Epoch: [24][20/97], lr: 0.00005	Time 0.563 (0.759)	Data 0.000 (0.196)	Loss 0.1814 (0.1650)	Prec@1 96.875 (94.048)	Prec@5 96.875 (99.554)
Epoch: [24][40/97], lr: 0.00005	Time 0.581 (0.664)	Data 0.000 (0.101)	Loss 0.2801 (0.1820)	Prec@1 90.625 (93.598)	Prec@5 96.875 (98.857)
Epoch: [24][60/97], lr: 0.00005	Time 0.559 (0.630)	Data 0.000 (0.068)	Loss 0.2216 (0.1781)	Prec@1 90.625 (93.750)	Prec@5 96.875 (98.873)
Epoch: [24][80/97], lr: 0.00005	Time 0.559 (0.613)	Data 0.000 (0.051)	Loss 0.3072 (0.1815)	Prec@1 90.625 (93.519)	Prec@5 100.000 (98.804)
Freezing BatchNorm2D except the first one.
Epoch: [25][0/97], lr: 0.00005	Time 4.791 (4.791)	Data 4.344 (4.344)	Loss 0.0938 (0.0938)	Prec@1 100.000 (100.000)	Prec@5 100.000 (100.000)
Epoch: [25][20/97], lr: 0.00005	Time 0.559 (0.781)	Data 0.000 (0.229)	Loss 0.0663 (0.1518)	Prec@1 100.000 (94.345)	Prec@5 100.000 (99.405)
Epoch: [25][40/97], lr: 0.00005	Time 0.559 (0.675)	Data 0.000 (0.118)	Loss 0.4057 (0.1748)	Prec@1 84.375 (93.369)	Prec@5 100.000 (99.466)
Epoch: [25][60/97], lr: 0.00005	Time 0.559 (0.638)	Data 0.000 (0.079)	Loss 0.1082 (0.1714)	Prec@1 96.875 (93.494)	Prec@5 100.000 (99.436)
Epoch: [25][80/97], lr: 0.00005	Time 0.559 (0.619)	Data 0.000 (0.060)	Loss 0.1052 (0.1748)	Prec@1 96.875 (93.364)	Prec@5 100.000 (99.383)
Test: [0/35]	Time 5.163 (5.163)	Loss 0.0625 (0.0625)	Prec@1 96.875 (96.875)	Prec@5 100.000 (100.000)
Test: [20/35]	Time 0.151 (0.435)	Loss 0.0264 (0.1674)	Prec@1 100.000 (94.940)	Prec@5 100.000 (99.554)
Testing Results: Prec@1 94.823 Prec@5 99.728 Loss 0.15716
Best Prec@1: 95.005

Freezing BatchNorm2D except the first one.
Epoch: [26][0/97], lr: 0.00005	Time 4.933 (4.933)	Data 4.624 (4.624)	Loss 0.0980 (0.0980)	Prec@1 96.875 (96.875)	Prec@5 100.000 (100.000)
Epoch: [26][20/97], lr: 0.00005	Time 0.569 (0.783)	Data 0.000 (0.220)	Loss 0.2050 (0.1533)	Prec@1 93.750 (93.601)	Prec@5 96.875 (99.405)
Epoch: [26][40/97], lr: 0.00005	Time 0.559 (0.676)	Data 0.000 (0.113)	Loss 0.2349 (0.1772)	Prec@1 93.750 (92.912)	Prec@5 96.875 (99.162)
Epoch: [26][60/97], lr: 0.00005	Time 0.559 (0.639)	Data 0.000 (0.076)	Loss 0.2548 (0.1831)	Prec@1 84.375 (92.777)	Prec@5 100.000 (99.129)
Epoch: [26][80/97], lr: 0.00005	Time 0.558 (0.620)	Data 0.000 (0.057)	Loss 0.1400 (0.1785)	Prec@1 96.875 (93.171)	Prec@5 96.875 (99.151)
Freezing BatchNorm2D except the first one.
Epoch: [27][0/97], lr: 0.00005	Time 3.872 (3.872)	Data 3.466 (3.466)	Loss 0.3472 (0.3472)	Prec@1 90.625 (90.625)	Prec@5 96.875 (96.875)
Epoch: [27][20/97], lr: 0.00005	Time 0.564 (0.759)	Data 0.000 (0.194)	Loss 0.1406 (0.1896)	Prec@1 93.750 (92.708)	Prec@5 96.875 (98.958)
Epoch: [27][40/97], lr: 0.00005	Time 0.558 (0.664)	Data 0.000 (0.100)	Loss 0.1839 (0.1852)	Prec@1 87.500 (93.445)	Prec@5 100.000 (99.009)
Epoch: [27][60/97], lr: 0.00005	Time 0.558 (0.631)	Data 0.000 (0.067)	Loss 0.1075 (0.1747)	Prec@1 96.875 (93.391)	Prec@5 100.000 (99.129)
Epoch: [27][80/97], lr: 0.00005	Time 0.566 (0.613)	Data 0.000 (0.051)	Loss 0.1992 (0.1753)	Prec@1 90.625 (93.403)	Prec@5 100.000 (99.151)
Test: [0/35]	Time 4.113 (4.113)	Loss 0.1345 (0.1345)	Prec@1 93.750 (93.750)	Prec@5 100.000 (100.000)
Test: [20/35]	Time 0.152 (0.441)	Loss 0.0289 (0.1913)	Prec@1 100.000 (94.494)	Prec@5 100.000 (99.405)
Testing Results: Prec@1 93.733 Prec@5 99.637 Loss 0.18893
Best Prec@1: 95.005

Freezing BatchNorm2D except the first one.
Epoch: [28][0/97], lr: 0.00005	Time 4.619 (4.619)	Data 4.171 (4.171)	Loss 0.3469 (0.3469)	Prec@1 84.375 (84.375)	Prec@5 96.875 (96.875)
Epoch: [28][20/97], lr: 0.00005	Time 0.562 (0.769)	Data 0.000 (0.199)	Loss 0.0432 (0.1821)	Prec@1 100.000 (93.452)	Prec@5 100.000 (98.810)
Epoch: [28][40/97], lr: 0.00005	Time 0.573 (0.669)	Data 0.000 (0.102)	Loss 0.4107 (0.1813)	Prec@1 87.500 (93.293)	Prec@5 100.000 (98.780)
Epoch: [28][60/97], lr: 0.00005	Time 0.560 (0.635)	Data 0.000 (0.069)	Loss 0.3346 (0.1852)	Prec@1 90.625 (93.135)	Prec@5 96.875 (98.924)
Epoch: [28][80/97], lr: 0.00005	Time 0.569 (0.616)	Data 0.000 (0.052)	Loss 0.1988 (0.1855)	Prec@1 96.875 (93.094)	Prec@5 96.875 (98.958)
Freezing BatchNorm2D except the first one.
Epoch: [29][0/97], lr: 0.00005	Time 3.972 (3.972)	Data 3.603 (3.603)	Loss 0.0611 (0.0611)	Prec@1 96.875 (96.875)	Prec@5 100.000 (100.000)
Epoch: [29][20/97], lr: 0.00005	Time 0.561 (0.770)	Data 0.000 (0.213)	Loss 0.1644 (0.1577)	Prec@1 93.750 (93.601)	Prec@5 100.000 (99.554)
Epoch: [29][40/97], lr: 0.00005	Time 0.559 (0.668)	Data 0.000 (0.109)	Loss 0.2892 (0.1708)	Prec@1 90.625 (93.521)	Prec@5 100.000 (99.619)
Epoch: [29][60/97], lr: 0.00005	Time 0.561 (0.633)	Data 0.000 (0.073)	Loss 0.0885 (0.1596)	Prec@1 93.750 (93.904)	Prec@5 100.000 (99.641)
Epoch: [29][80/97], lr: 0.00005	Time 0.559 (0.615)	Data 0.000 (0.055)	Loss 0.2271 (0.1623)	Prec@1 93.750 (93.943)	Prec@5 100.000 (99.498)
Test: [0/35]	Time 4.249 (4.249)	Loss 0.0971 (0.0971)	Prec@1 93.750 (93.750)	Prec@5 100.000 (100.000)
Test: [20/35]	Time 0.151 (0.411)	Loss 0.0312 (0.1824)	Prec@1 100.000 (94.196)	Prec@5 100.000 (99.405)
Testing Results: Prec@1 93.824 Prec@5 99.637 Loss 0.17826
Best Prec@1: 95.005

Freezing BatchNorm2D except the first one.
Epoch: [30][0/97], lr: 0.00001	Time 4.018 (4.018)	Data 3.611 (3.611)	Loss 0.2275 (0.2275)	Prec@1 90.625 (90.625)	Prec@5 96.875 (96.875)
Epoch: [30][20/97], lr: 0.00001	Time 0.560 (0.761)	Data 0.000 (0.192)	Loss 0.1593 (0.1562)	Prec@1 96.875 (93.899)	Prec@5 96.875 (99.256)
Epoch: [30][40/97], lr: 0.00001	Time 0.593 (0.665)	Data 0.000 (0.099)	Loss 0.2322 (0.1527)	Prec@1 87.500 (94.360)	Prec@5 100.000 (99.314)
Epoch: [30][60/97], lr: 0.00001	Time 0.565 (0.631)	Data 0.000 (0.066)	Loss 0.1584 (0.1707)	Prec@1 96.875 (93.545)	Prec@5 100.000 (99.334)
Epoch: [30][80/97], lr: 0.00001	Time 0.558 (0.614)	Data 0.000 (0.050)	Loss 0.0519 (0.1717)	Prec@1 100.000 (93.711)	Prec@5 100.000 (99.344)
Freezing BatchNorm2D except the first one.
Epoch: [31][0/97], lr: 0.00001	Time 4.347 (4.347)	Data 3.898 (3.898)	Loss 0.1493 (0.1493)	Prec@1 93.750 (93.750)	Prec@5 100.000 (100.000)
Epoch: [31][20/97], lr: 0.00001	Time 0.563 (0.762)	Data 0.000 (0.201)	Loss 0.0230 (0.1731)	Prec@1 100.000 (93.601)	Prec@5 100.000 (99.107)
Epoch: [31][40/97], lr: 0.00001	Time 0.581 (0.665)	Data 0.000 (0.103)	Loss 0.1647 (0.1872)	Prec@1 93.750 (93.064)	Prec@5 96.875 (98.628)
Epoch: [31][60/97], lr: 0.00001	Time 0.572 (0.631)	Data 0.000 (0.069)	Loss 0.3555 (0.1853)	Prec@1 84.375 (92.930)	Prec@5 100.000 (98.924)
Epoch: [31][80/97], lr: 0.00001	Time 0.559 (0.613)	Data 0.000 (0.052)	Loss 0.1698 (0.1839)	Prec@1 93.750 (93.094)	Prec@5 100.000 (98.997)
Test: [0/35]	Time 5.751 (5.751)	Loss 0.0964 (0.0964)	Prec@1 96.875 (96.875)	Prec@5 100.000 (100.000)
Test: [20/35]	Time 0.152 (0.440)	Loss 0.0256 (0.1794)	Prec@1 100.000 (94.940)	Prec@5 100.000 (99.405)
Testing Results: Prec@1 94.187 Prec@5 99.637 Loss 0.17339
Best Prec@1: 95.005

Freezing BatchNorm2D except the first one.
Epoch: [32][0/97], lr: 0.00001	Time 4.803 (4.803)	Data 4.304 (4.304)	Loss 0.1312 (0.1312)	Prec@1 96.875 (96.875)	Prec@5 96.875 (96.875)
Epoch: [32][20/97], lr: 0.00001	Time 0.562 (0.777)	Data 0.000 (0.205)	Loss 0.2311 (0.1985)	Prec@1 96.875 (92.560)	Prec@5 96.875 (98.810)
Epoch: [32][40/97], lr: 0.00001	Time 0.552 (0.673)	Data 0.000 (0.105)	Loss 0.0814 (0.1801)	Prec@1 96.875 (93.140)	Prec@5 100.000 (99.162)
Epoch: [32][60/97], lr: 0.00001	Time 0.561 (0.637)	Data 0.000 (0.071)	Loss 0.0794 (0.1849)	Prec@1 96.875 (93.084)	Prec@5 100.000 (98.924)
Epoch: [32][80/97], lr: 0.00001	Time 0.560 (0.618)	Data 0.000 (0.053)	Loss 0.2433 (0.1792)	Prec@1 90.625 (93.364)	Prec@5 100.000 (99.113)
Freezing BatchNorm2D except the first one.
Epoch: [33][0/97], lr: 0.00001	Time 4.781 (4.781)	Data 4.303 (4.303)	Loss 0.0729 (0.0729)	Prec@1 96.875 (96.875)	Prec@5 100.000 (100.000)
Epoch: [33][20/97], lr: 0.00001	Time 0.561 (0.778)	Data 0.000 (0.210)	Loss 0.2655 (0.1493)	Prec@1 90.625 (94.494)	Prec@5 96.875 (99.702)
Epoch: [33][40/97], lr: 0.00001	Time 0.559 (0.673)	Data 0.000 (0.107)	Loss 0.1598 (0.1615)	Prec@1 87.500 (94.131)	Prec@5 100.000 (99.314)
Epoch: [33][60/97], lr: 0.00001	Time 0.561 (0.637)	Data 0.000 (0.072)	Loss 0.2322 (0.1781)	Prec@1 87.500 (93.494)	Prec@5 100.000 (99.232)
Epoch: [33][80/97], lr: 0.00001	Time 0.564 (0.619)	Data 0.000 (0.054)	Loss 0.2644 (0.1791)	Prec@1 93.750 (93.403)	Prec@5 100.000 (99.306)
Test: [0/35]	Time 4.781 (4.781)	Loss 0.0962 (0.0962)	Prec@1 96.875 (96.875)	Prec@5 100.000 (100.000)
Test: [20/35]	Time 0.151 (0.421)	Loss 0.0264 (0.1789)	Prec@1 100.000 (94.940)	Prec@5 100.000 (99.405)
Testing Results: Prec@1 94.187 Prec@5 99.637 Loss 0.17412
Best Prec@1: 95.005

Freezing BatchNorm2D except the first one.
Epoch: [34][0/97], lr: 0.00001	Time 5.206 (5.206)	Data 4.820 (4.820)	Loss 0.1583 (0.1583)	Prec@1 93.750 (93.750)	Prec@5 100.000 (100.000)
Epoch: [34][20/97], lr: 0.00001	Time 0.565 (0.795)	Data 0.000 (0.230)	Loss 0.2082 (0.1679)	Prec@1 90.625 (93.304)	Prec@5 100.000 (99.107)
Epoch: [34][40/97], lr: 0.00001	Time 0.565 (0.681)	Data 0.000 (0.118)	Loss 0.0359 (0.1670)	Prec@1 100.000 (92.988)	Prec@5 100.000 (99.162)
Epoch: [34][60/97], lr: 0.00001	Time 0.547 (0.643)	Data 0.000 (0.079)	Loss 0.2004 (0.1561)	Prec@1 90.625 (93.596)	Prec@5 100.000 (99.180)
Epoch: [34][80/97], lr: 0.00001	Time 0.561 (0.623)	Data 0.000 (0.060)	Loss 0.2463 (0.1613)	Prec@1 90.625 (93.673)	Prec@5 100.000 (99.113)
Freezing BatchNorm2D except the first one.
Epoch: [35][0/97], lr: 0.00001	Time 3.736 (3.736)	Data 3.234 (3.234)	Loss 0.3062 (0.3062)	Prec@1 90.625 (90.625)	Prec@5 100.000 (100.000)
Epoch: [35][20/97], lr: 0.00001	Time 0.559 (0.752)	Data 0.000 (0.185)	Loss 0.2759 (0.1838)	Prec@1 93.750 (93.304)	Prec@5 100.000 (99.107)
Epoch: [35][40/97], lr: 0.00001	Time 0.560 (0.659)	Data 0.000 (0.095)	Loss 0.1308 (0.1548)	Prec@1 96.875 (94.055)	Prec@5 100.000 (99.238)
Epoch: [35][60/97], lr: 0.00001	Time 0.561 (0.627)	Data 0.000 (0.064)	Loss 0.3440 (0.1681)	Prec@1 90.625 (93.699)	Prec@5 96.875 (99.180)
Epoch: [35][80/97], lr: 0.00001	Time 0.558 (0.611)	Data 0.000 (0.048)	Loss 0.1150 (0.1760)	Prec@1 93.750 (93.441)	Prec@5 100.000 (99.190)
Test: [0/35]	Time 4.617 (4.617)	Loss 0.1057 (0.1057)	Prec@1 96.875 (96.875)	Prec@5 100.000 (100.000)
Test: [20/35]	Time 0.151 (0.429)	Loss 0.0258 (0.1807)	Prec@1 100.000 (94.643)	Prec@5 100.000 (99.405)
Testing Results: Prec@1 94.096 Prec@5 99.637 Loss 0.17543
Best Prec@1: 95.005

Freezing BatchNorm2D except the first one.
Epoch: [36][0/97], lr: 0.00001	Time 5.198 (5.198)	Data 4.779 (4.779)	Loss 0.0864 (0.0864)	Prec@1 100.000 (100.000)	Prec@5 100.000 (100.000)
Epoch: [36][20/97], lr: 0.00001	Time 0.560 (0.790)	Data 0.000 (0.228)	Loss 0.0796 (0.1552)	Prec@1 96.875 (93.601)	Prec@5 100.000 (99.256)
Epoch: [36][40/97], lr: 0.00001	Time 0.584 (0.679)	Data 0.000 (0.117)	Loss 0.1114 (0.1561)	Prec@1 93.750 (93.750)	Prec@5 100.000 (99.314)
Epoch: [36][60/97], lr: 0.00001	Time 0.560 (0.641)	Data 0.000 (0.078)	Loss 0.2924 (0.1632)	Prec@1 87.500 (93.904)	Prec@5 100.000 (99.232)
Epoch: [36][80/97], lr: 0.00001	Time 0.560 (0.621)	Data 0.000 (0.059)	Loss 0.2237 (0.1648)	Prec@1 90.625 (93.943)	Prec@5 100.000 (99.267)
Freezing BatchNorm2D except the first one.
Epoch: [37][0/97], lr: 0.00001	Time 3.926 (3.926)	Data 3.525 (3.525)	Loss 0.3590 (0.3590)	Prec@1 87.500 (87.500)	Prec@5 93.750 (93.750)
Epoch: [37][20/97], lr: 0.00001	Time 0.581 (0.748)	Data 0.000 (0.168)	Loss 0.0165 (0.1819)	Prec@1 100.000 (92.411)	Prec@5 100.000 (99.107)
Epoch: [37][40/97], lr: 0.00001	Time 0.572 (0.657)	Data 0.000 (0.086)	Loss 0.0346 (0.1773)	Prec@1 100.000 (93.064)	Prec@5 100.000 (99.009)
Epoch: [37][60/97], lr: 0.00001	Time 0.561 (0.625)	Data 0.000 (0.058)	Loss 0.1024 (0.1821)	Prec@1 96.875 (93.238)	Prec@5 100.000 (99.078)
Epoch: [37][80/97], lr: 0.00001	Time 0.562 (0.609)	Data 0.000 (0.044)	Loss 0.1118 (0.1772)	Prec@1 96.875 (93.326)	Prec@5 100.000 (99.113)
Test: [0/35]	Time 5.973 (5.973)	Loss 0.1118 (0.1118)	Prec@1 96.875 (96.875)	Prec@5 100.000 (100.000)
Test: [20/35]	Time 0.151 (0.445)	Loss 0.0311 (0.1830)	Prec@1 100.000 (94.643)	Prec@5 100.000 (99.405)
Testing Results: Prec@1 94.005 Prec@5 99.637 Loss 0.18003
Best Prec@1: 95.005

Freezing BatchNorm2D except the first one.
Epoch: [38][0/97], lr: 0.00001	Time 5.488 (5.488)	Data 5.138 (5.138)	Loss 0.2272 (0.2272)	Prec@1 93.750 (93.750)	Prec@5 96.875 (96.875)
Epoch: [38][20/97], lr: 0.00001	Time 0.564 (0.801)	Data 0.000 (0.245)	Loss 0.2521 (0.1423)	Prec@1 87.500 (93.899)	Prec@5 96.875 (99.405)
Epoch: [38][40/97], lr: 0.00001	Time 0.573 (0.686)	Data 0.000 (0.125)	Loss 0.0371 (0.1728)	Prec@1 96.875 (93.140)	Prec@5 100.000 (99.466)
Epoch: [38][60/97], lr: 0.00001	Time 0.561 (0.645)	Data 0.000 (0.084)	Loss 0.0776 (0.1735)	Prec@1 96.875 (93.340)	Prec@5 100.000 (99.129)
Epoch: [38][80/97], lr: 0.00001	Time 0.558 (0.624)	Data 0.000 (0.064)	Loss 0.0502 (0.1710)	Prec@1 100.000 (93.557)	Prec@5 100.000 (99.113)
Freezing BatchNorm2D except the first one.
Epoch: [39][0/97], lr: 0.00001	Time 5.446 (5.446)	Data 4.987 (4.987)	Loss 0.1866 (0.1866)	Prec@1 93.750 (93.750)	Prec@5 100.000 (100.000)
Epoch: [39][20/97], lr: 0.00001	Time 0.560 (0.801)	Data 0.000 (0.238)	Loss 0.2414 (0.1809)	Prec@1 87.500 (92.411)	Prec@5 100.000 (99.554)
Epoch: [39][40/97], lr: 0.00001	Time 0.558 (0.685)	Data 0.000 (0.122)	Loss 0.2380 (0.1641)	Prec@1 93.750 (93.674)	Prec@5 93.750 (99.238)
Epoch: [39][60/97], lr: 0.00001	Time 0.561 (0.644)	Data 0.000 (0.082)	Loss 0.5337 (0.1653)	Prec@1 81.250 (93.904)	Prec@5 96.875 (99.232)
Epoch: [39][80/97], lr: 0.00001	Time 0.561 (0.623)	Data 0.000 (0.062)	Loss 0.1082 (0.1643)	Prec@1 100.000 (93.789)	Prec@5 100.000 (99.267)
Test: [0/35]	Time 5.901 (5.901)	Loss 0.1039 (0.1039)	Prec@1 96.875 (96.875)	Prec@5 100.000 (100.000)
Test: [20/35]	Time 0.152 (0.450)	Loss 0.0310 (0.1806)	Prec@1 100.000 (94.940)	Prec@5 100.000 (99.405)
Testing Results: Prec@1 94.187 Prec@5 99.637 Loss 0.17850
Best Prec@1: 95.005

