ipn: 11 classes
storing name: TSM_ipn_RGB_resnet50_shift8_blockres_avg_segment8_e50_lr1e-03_npb_gp18
creating folder log/TSM_ipn_RGB_resnet50_shift8_blockres_avg_segment8_e50_lr1e-03_npb_gp18
creating folder checkpoint/TSM_ipn_RGB_resnet50_shift8_blockres_avg_segment8_e50_lr1e-03_npb_gp18

    Initializing TSN with base model: resnet50.
    TSN Configurations:
        input_modality:     RGB
        num_segments:       8
        new_length:         1
        consensus_module:   avg
        dropout_ratio:      0.5
        img_feature_dim:    256
            
=> base model: resnet50
Adding temporal shift...
=> n_segment per stage: [8, 8, 8, 8]
=> Processing stage with 3 blocks residual
=> Using fold div: 8
=> Using fold div: 8
=> Using fold div: 8
=> Processing stage with 4 blocks residual
=> Using fold div: 8
=> Using fold div: 8
=> Using fold div: 8
=> Using fold div: 8
=> Processing stage with 6 blocks residual
=> Using fold div: 8
=> Using fold div: 8
=> Using fold div: 8
=> Using fold div: 8
=> Using fold div: 8
=> Using fold div: 8
=> Processing stage with 3 blocks residual
=> Using fold div: 8
=> Using fold div: 8
=> Using fold div: 8
#################### NO FLIP!!!
video clips:1629
video clips:572
group: first_conv_weight has 1 params, lr_mult: 1, decay_mult: 1
group: first_conv_bias has 0 params, lr_mult: 2, decay_mult: 0
group: normal_weight has 52 params, lr_mult: 1, decay_mult: 1
group: normal_bias has 0 params, lr_mult: 2, decay_mult: 0
group: BN scale/shift has 106 params, lr_mult: 1, decay_mult: 0
group: custom_ops has 0 params, lr_mult: 1, decay_mult: 1
group: lr5_weight has 1 params, lr_mult: 5, decay_mult: 1
group: lr10_bias has 1 params, lr_mult: 10, decay_mult: 0
Epoch: [0][0/50], lr: 0.00100	Time 14.862 (14.862)	Data 5.983 (5.983)	Loss 2.3933 (2.3933)	Prec@1 6.250 (6.250)	Prec@5 53.125 (53.125)
Epoch: [0][20/50], lr: 0.00100	Time 0.535 (1.220)	Data 0.000 (0.285)	Loss 2.7637 (2.5070)	Prec@1 9.375 (7.887)	Prec@5 25.000 (44.494)
Epoch: [0][40/50], lr: 0.00100	Time 0.537 (0.887)	Data 0.000 (0.146)	Loss 2.5839 (2.5350)	Prec@1 6.250 (9.909)	Prec@5 46.875 (46.341)
Epoch: [1][0/50], lr: 0.00100	Time 4.764 (4.764)	Data 4.188 (4.188)	Loss 2.5621 (2.5621)	Prec@1 9.375 (9.375)	Prec@5 34.375 (34.375)
Epoch: [1][20/50], lr: 0.00100	Time 0.537 (0.794)	Data 0.000 (0.229)	Loss 2.6199 (2.4837)	Prec@1 9.375 (10.119)	Prec@5 43.750 (47.470)
Epoch: [1][40/50], lr: 0.00100	Time 0.538 (0.669)	Data 0.000 (0.117)	Loss 2.3257 (2.4682)	Prec@1 15.625 (10.595)	Prec@5 56.250 (49.543)
Test: [0/18]	Time 4.095 (4.095)	Loss 2.4187 (2.4187)	Prec@1 21.875 (21.875)	Prec@5 50.000 (50.000)
Testing Results: Prec@1 15.909 Prec@5 57.168 Loss 2.39149
Best Prec@1: 15.909

Epoch: [2][0/50], lr: 0.00100	Time 6.118 (6.118)	Data 5.033 (5.033)	Loss 2.3439 (2.3439)	Prec@1 6.250 (6.250)	Prec@5 53.125 (53.125)
Epoch: [2][20/50], lr: 0.00100	Time 0.539 (0.825)	Data 0.000 (0.240)	Loss 2.3736 (2.3818)	Prec@1 12.500 (13.988)	Prec@5 62.500 (58.185)
Epoch: [2][40/50], lr: 0.00100	Time 0.539 (0.685)	Data 0.000 (0.123)	Loss 1.9944 (2.3429)	Prec@1 31.250 (15.777)	Prec@5 78.125 (61.052)
Epoch: [3][0/50], lr: 0.00100	Time 4.354 (4.354)	Data 3.757 (3.757)	Loss 2.2123 (2.2123)	Prec@1 31.250 (31.250)	Prec@5 68.750 (68.750)
Epoch: [3][20/50], lr: 0.00100	Time 0.537 (0.796)	Data 0.000 (0.216)	Loss 1.9666 (2.0774)	Prec@1 34.375 (25.595)	Prec@5 81.250 (75.744)
Epoch: [3][40/50], lr: 0.00100	Time 0.540 (0.670)	Data 0.000 (0.111)	Loss 1.9600 (2.0486)	Prec@1 28.125 (25.686)	Prec@5 81.250 (76.982)
Test: [0/18]	Time 4.438 (4.438)	Loss 1.5707 (1.5707)	Prec@1 37.500 (37.500)	Prec@5 96.875 (96.875)
Testing Results: Prec@1 35.839 Prec@5 87.238 Loss 1.76983
Best Prec@1: 35.839

Epoch: [4][0/50], lr: 0.00100	Time 4.346 (4.346)	Data 3.758 (3.758)	Loss 1.7367 (1.7367)	Prec@1 25.000 (25.000)	Prec@5 90.625 (90.625)
Epoch: [4][20/50], lr: 0.00100	Time 0.536 (0.776)	Data 0.000 (0.194)	Loss 1.9732 (1.7599)	Prec@1 25.000 (36.905)	Prec@5 78.125 (83.929)
Epoch: [4][40/50], lr: 0.00100	Time 0.538 (0.660)	Data 0.000 (0.099)	Loss 1.4908 (1.7373)	Prec@1 43.750 (37.576)	Prec@5 87.500 (83.765)
Epoch: [5][0/50], lr: 0.00100	Time 4.408 (4.408)	Data 3.772 (3.772)	Loss 1.4982 (1.4982)	Prec@1 46.875 (46.875)	Prec@5 87.500 (87.500)
Epoch: [5][20/50], lr: 0.00100	Time 0.537 (0.776)	Data 0.000 (0.196)	Loss 1.5764 (1.5168)	Prec@1 31.250 (44.048)	Prec@5 90.625 (89.583)
Epoch: [5][40/50], lr: 0.00100	Time 0.538 (0.660)	Data 0.000 (0.100)	Loss 1.3968 (1.5127)	Prec@1 56.250 (43.445)	Prec@5 93.750 (87.881)
Test: [0/18]	Time 4.340 (4.340)	Loss 1.0532 (1.0532)	Prec@1 53.125 (53.125)	Prec@5 93.750 (93.750)
Testing Results: Prec@1 56.643 Prec@5 95.455 Loss 1.14092
Best Prec@1: 56.643

Epoch: [6][0/50], lr: 0.00100	Time 4.904 (4.904)	Data 4.340 (4.340)	Loss 1.7971 (1.7971)	Prec@1 28.125 (28.125)	Prec@5 84.375 (84.375)
Epoch: [6][20/50], lr: 0.00100	Time 0.537 (0.786)	Data 0.000 (0.207)	Loss 1.4490 (1.3379)	Prec@1 53.125 (49.702)	Prec@5 87.500 (90.030)
Epoch: [6][40/50], lr: 0.00100	Time 0.538 (0.665)	Data 0.000 (0.106)	Loss 1.4198 (1.3676)	Prec@1 40.625 (48.552)	Prec@5 84.375 (89.787)
Epoch: [7][0/50], lr: 0.00100	Time 4.743 (4.743)	Data 4.090 (4.090)	Loss 1.3492 (1.3492)	Prec@1 46.875 (46.875)	Prec@5 81.250 (81.250)
Epoch: [7][20/50], lr: 0.00100	Time 0.538 (0.786)	Data 0.000 (0.195)	Loss 1.2301 (1.2638)	Prec@1 56.250 (52.976)	Prec@5 84.375 (90.774)
Epoch: [7][40/50], lr: 0.00100	Time 0.537 (0.665)	Data 0.000 (0.100)	Loss 1.5276 (1.2597)	Prec@1 46.875 (52.820)	Prec@5 87.500 (91.311)
Test: [0/18]	Time 4.006 (4.006)	Loss 0.4379 (0.4379)	Prec@1 78.125 (78.125)	Prec@5 100.000 (100.000)
Testing Results: Prec@1 67.657 Prec@5 95.979 Loss 0.95932
Best Prec@1: 67.657

Epoch: [8][0/50], lr: 0.00100	Time 4.209 (4.209)	Data 3.656 (3.656)	Loss 0.8008 (0.8008)	Prec@1 68.750 (68.750)	Prec@5 100.000 (100.000)
Epoch: [8][20/50], lr: 0.00100	Time 0.538 (0.792)	Data 0.000 (0.222)	Loss 1.4097 (1.0345)	Prec@1 50.000 (62.054)	Prec@5 84.375 (93.006)
Epoch: [8][40/50], lr: 0.00100	Time 0.539 (0.668)	Data 0.000 (0.114)	Loss 1.3996 (1.0397)	Prec@1 43.750 (61.509)	Prec@5 84.375 (92.607)
Epoch: [9][0/50], lr: 0.00100	Time 4.486 (4.486)	Data 3.891 (3.891)	Loss 0.9197 (0.9197)	Prec@1 65.625 (65.625)	Prec@5 93.750 (93.750)
Epoch: [9][20/50], lr: 0.00100	Time 0.538 (0.794)	Data 0.000 (0.224)	Loss 1.4561 (1.0031)	Prec@1 46.875 (62.500)	Prec@5 81.250 (93.155)
Epoch: [9][40/50], lr: 0.00100	Time 0.541 (0.670)	Data 0.000 (0.115)	Loss 0.8303 (0.9724)	Prec@1 68.750 (63.872)	Prec@5 93.750 (93.445)
Test: [0/18]	Time 4.166 (4.166)	Loss 0.2780 (0.2780)	Prec@1 81.250 (81.250)	Prec@5 100.000 (100.000)
Testing Results: Prec@1 71.503 Prec@5 97.902 Loss 0.74878
Best Prec@1: 71.503

Epoch: [10][0/50], lr: 0.00100	Time 5.484 (5.484)	Data 4.856 (4.856)	Loss 0.8735 (0.8735)	Prec@1 62.500 (62.500)	Prec@5 90.625 (90.625)
Epoch: [10][20/50], lr: 0.00100	Time 0.540 (0.808)	Data 0.000 (0.231)	Loss 0.9792 (0.9987)	Prec@1 59.375 (64.286)	Prec@5 93.750 (93.155)
Epoch: [10][40/50], lr: 0.00100	Time 0.538 (0.676)	Data 0.000 (0.119)	Loss 0.9059 (0.9900)	Prec@1 62.500 (62.729)	Prec@5 96.875 (94.131)
Epoch: [11][0/50], lr: 0.00100	Time 4.873 (4.873)	Data 4.192 (4.192)	Loss 0.6900 (0.6900)	Prec@1 84.375 (84.375)	Prec@5 100.000 (100.000)
Epoch: [11][20/50], lr: 0.00100	Time 0.537 (0.788)	Data 0.000 (0.200)	Loss 0.7690 (0.8822)	Prec@1 68.750 (67.262)	Prec@5 93.750 (95.536)
Epoch: [11][40/50], lr: 0.00100	Time 0.539 (0.666)	Data 0.000 (0.102)	Loss 0.9083 (0.9413)	Prec@1 65.625 (64.101)	Prec@5 93.750 (94.665)
Test: [0/18]	Time 4.455 (4.455)	Loss 0.4226 (0.4226)	Prec@1 81.250 (81.250)	Prec@5 100.000 (100.000)
Testing Results: Prec@1 68.007 Prec@5 97.203 Loss 1.01879
Best Prec@1: 71.503

Epoch: [12][0/50], lr: 0.00100	Time 5.098 (5.098)	Data 4.491 (4.491)	Loss 1.0752 (1.0752)	Prec@1 62.500 (62.500)	Prec@5 90.625 (90.625)
Epoch: [12][20/50], lr: 0.00100	Time 0.539 (0.790)	Data 0.000 (0.215)	Loss 0.6213 (0.8652)	Prec@1 81.250 (67.560)	Prec@5 96.875 (95.089)
Epoch: [12][40/50], lr: 0.00100	Time 0.537 (0.668)	Data 0.000 (0.110)	Loss 0.8431 (0.8552)	Prec@1 65.625 (67.149)	Prec@5 90.625 (95.351)
Epoch: [13][0/50], lr: 0.00100	Time 5.163 (5.163)	Data 4.597 (4.597)	Loss 0.7712 (0.7712)	Prec@1 84.375 (84.375)	Prec@5 93.750 (93.750)
Epoch: [13][20/50], lr: 0.00100	Time 0.540 (0.791)	Data 0.000 (0.219)	Loss 0.9255 (0.8140)	Prec@1 65.625 (69.345)	Prec@5 96.875 (95.982)
Epoch: [13][40/50], lr: 0.00100	Time 0.541 (0.668)	Data 0.000 (0.112)	Loss 0.9528 (0.7919)	Prec@1 62.500 (69.360)	Prec@5 96.875 (96.723)
Test: [0/18]	Time 4.701 (4.701)	Loss 0.3682 (0.3682)	Prec@1 81.250 (81.250)	Prec@5 100.000 (100.000)
Testing Results: Prec@1 71.678 Prec@5 97.028 Loss 0.82496
Best Prec@1: 71.678

Epoch: [14][0/50], lr: 0.00100	Time 4.484 (4.484)	Data 3.838 (3.838)	Loss 0.6762 (0.6762)	Prec@1 75.000 (75.000)	Prec@5 96.875 (96.875)
Epoch: [14][20/50], lr: 0.00100	Time 0.538 (0.778)	Data 0.000 (0.193)	Loss 0.8409 (0.7439)	Prec@1 59.375 (71.577)	Prec@5 93.750 (95.833)
Epoch: [14][40/50], lr: 0.00100	Time 0.538 (0.661)	Data 0.000 (0.099)	Loss 0.7661 (0.7265)	Prec@1 68.750 (72.409)	Prec@5 93.750 (96.113)
Epoch: [15][0/50], lr: 0.00100	Time 4.176 (4.176)	Data 3.632 (3.632)	Loss 0.7457 (0.7457)	Prec@1 65.625 (65.625)	Prec@5 96.875 (96.875)
Epoch: [15][20/50], lr: 0.00100	Time 0.538 (0.795)	Data 0.000 (0.227)	Loss 0.9116 (0.7792)	Prec@1 62.500 (71.280)	Prec@5 90.625 (95.387)
Epoch: [15][40/50], lr: 0.00100	Time 0.536 (0.670)	Data 0.000 (0.117)	Loss 0.8670 (0.7690)	Prec@1 71.875 (70.732)	Prec@5 90.625 (96.037)
Test: [0/18]	Time 4.142 (4.142)	Loss 0.2517 (0.2517)	Prec@1 90.625 (90.625)	Prec@5 100.000 (100.000)
Testing Results: Prec@1 70.979 Prec@5 97.902 Loss 0.80795
Best Prec@1: 71.678

Epoch: [16][0/50], lr: 0.00100	Time 5.138 (5.138)	Data 4.526 (4.526)	Loss 0.8479 (0.8479)	Prec@1 68.750 (68.750)	Prec@5 93.750 (93.750)
Epoch: [16][20/50], lr: 0.00100	Time 0.539 (0.797)	Data 0.000 (0.220)	Loss 0.8743 (0.6920)	Prec@1 71.875 (74.256)	Prec@5 93.750 (97.470)
Epoch: [16][40/50], lr: 0.00100	Time 0.541 (0.671)	Data 0.000 (0.113)	Loss 0.9783 (0.7124)	Prec@1 59.375 (73.247)	Prec@5 90.625 (96.951)
Epoch: [17][0/50], lr: 0.00100	Time 5.136 (5.136)	Data 4.535 (4.535)	Loss 0.5653 (0.5653)	Prec@1 81.250 (81.250)	Prec@5 100.000 (100.000)
Epoch: [17][20/50], lr: 0.00100	Time 0.539 (0.796)	Data 0.000 (0.216)	Loss 0.4402 (0.6728)	Prec@1 87.500 (74.107)	Prec@5 100.000 (97.470)
Epoch: [17][40/50], lr: 0.00100	Time 0.540 (0.671)	Data 0.000 (0.111)	Loss 0.5740 (0.6823)	Prec@1 71.875 (73.552)	Prec@5 100.000 (97.332)
Test: [0/18]	Time 4.060 (4.060)	Loss 0.3774 (0.3774)	Prec@1 75.000 (75.000)	Prec@5 100.000 (100.000)
Testing Results: Prec@1 71.329 Prec@5 98.077 Loss 0.81733
Best Prec@1: 71.678

Epoch: [18][0/50], lr: 0.00100	Time 4.738 (4.738)	Data 4.005 (4.005)	Loss 0.7293 (0.7293)	Prec@1 71.875 (71.875)	Prec@5 93.750 (93.750)
Epoch: [18][20/50], lr: 0.00100	Time 0.539 (0.792)	Data 0.000 (0.207)	Loss 0.8483 (0.7094)	Prec@1 75.000 (74.405)	Prec@5 93.750 (96.131)
Epoch: [18][40/50], lr: 0.00100	Time 0.538 (0.669)	Data 0.000 (0.106)	Loss 0.6275 (0.7188)	Prec@1 75.000 (72.790)	Prec@5 100.000 (95.732)
Epoch: [19][0/50], lr: 0.00100	Time 5.316 (5.316)	Data 4.665 (4.665)	Loss 0.8845 (0.8845)	Prec@1 62.500 (62.500)	Prec@5 90.625 (90.625)
Epoch: [19][20/50], lr: 0.00100	Time 0.536 (0.796)	Data 0.000 (0.222)	Loss 0.5967 (0.6926)	Prec@1 75.000 (74.107)	Prec@5 90.625 (95.982)
Epoch: [19][40/50], lr: 0.00100	Time 0.538 (0.671)	Data 0.000 (0.114)	Loss 0.7439 (0.6605)	Prec@1 68.750 (75.305)	Prec@5 100.000 (95.884)
Test: [0/18]	Time 4.298 (4.298)	Loss 0.3709 (0.3709)	Prec@1 78.125 (78.125)	Prec@5 100.000 (100.000)
Testing Results: Prec@1 75.874 Prec@5 98.252 Loss 0.79061
Best Prec@1: 75.874

Epoch: [20][0/50], lr: 0.00010	Time 4.903 (4.903)	Data 4.289 (4.289)	Loss 0.6341 (0.6341)	Prec@1 71.875 (71.875)	Prec@5 96.875 (96.875)
Epoch: [20][20/50], lr: 0.00010	Time 0.537 (0.788)	Data 0.000 (0.204)	Loss 0.6327 (0.6394)	Prec@1 75.000 (76.637)	Prec@5 100.000 (95.833)
Epoch: [20][40/50], lr: 0.00010	Time 0.539 (0.666)	Data 0.000 (0.105)	Loss 0.4477 (0.6235)	Prec@1 84.375 (76.448)	Prec@5 96.875 (95.960)
Epoch: [21][0/50], lr: 0.00010	Time 5.517 (5.517)	Data 4.945 (4.945)	Loss 0.5844 (0.5844)	Prec@1 71.875 (71.875)	Prec@5 96.875 (96.875)
Epoch: [21][20/50], lr: 0.00010	Time 0.547 (0.808)	Data 0.000 (0.236)	Loss 0.2923 (0.5450)	Prec@1 84.375 (79.315)	Prec@5 96.875 (96.429)
Epoch: [21][40/50], lr: 0.00010	Time 0.541 (0.677)	Data 0.000 (0.121)	Loss 0.7028 (0.5749)	Prec@1 68.750 (79.192)	Prec@5 90.625 (96.418)
Test: [0/18]	Time 4.053 (4.053)	Loss 0.2354 (0.2354)	Prec@1 90.625 (90.625)	Prec@5 100.000 (100.000)
Testing Results: Prec@1 77.098 Prec@5 98.601 Loss 0.64879
Best Prec@1: 77.098

Epoch: [22][0/50], lr: 0.00010	Time 5.799 (5.799)	Data 5.291 (5.291)	Loss 0.4561 (0.4561)	Prec@1 81.250 (81.250)	Prec@5 100.000 (100.000)
Epoch: [22][20/50], lr: 0.00010	Time 0.538 (0.814)	Data 0.000 (0.252)	Loss 0.6389 (0.5365)	Prec@1 71.875 (78.869)	Prec@5 96.875 (97.768)
Epoch: [22][40/50], lr: 0.00010	Time 0.540 (0.680)	Data 0.000 (0.129)	Loss 0.4934 (0.5395)	Prec@1 84.375 (79.649)	Prec@5 96.875 (97.866)
Epoch: [23][0/50], lr: 0.00010	Time 4.471 (4.471)	Data 3.919 (3.919)	Loss 0.3954 (0.3954)	Prec@1 84.375 (84.375)	Prec@5 100.000 (100.000)
Epoch: [23][20/50], lr: 0.00010	Time 0.538 (0.787)	Data 0.000 (0.187)	Loss 0.4016 (0.5740)	Prec@1 84.375 (79.315)	Prec@5 100.000 (96.726)
Epoch: [23][40/50], lr: 0.00010	Time 0.540 (0.666)	Data 0.000 (0.096)	Loss 0.5777 (0.5928)	Prec@1 68.750 (77.820)	Prec@5 96.875 (96.189)
Test: [0/18]	Time 4.278 (4.278)	Loss 0.2268 (0.2268)	Prec@1 87.500 (87.500)	Prec@5 100.000 (100.000)
Testing Results: Prec@1 76.399 Prec@5 98.951 Loss 0.64001
Best Prec@1: 77.098

Epoch: [24][0/50], lr: 0.00010	Time 5.892 (5.892)	Data 5.359 (5.359)	Loss 0.6419 (0.6419)	Prec@1 68.750 (68.750)	Prec@5 96.875 (96.875)
Epoch: [24][20/50], lr: 0.00010	Time 0.537 (0.815)	Data 0.000 (0.256)	Loss 0.5454 (0.5948)	Prec@1 84.375 (78.423)	Prec@5 96.875 (96.429)
Epoch: [24][40/50], lr: 0.00010	Time 0.540 (0.680)	Data 0.000 (0.131)	Loss 0.5845 (0.5673)	Prec@1 78.125 (78.125)	Prec@5 96.875 (96.723)
Epoch: [25][0/50], lr: 0.00010	Time 5.626 (5.626)	Data 5.069 (5.069)	Loss 0.6034 (0.6034)	Prec@1 84.375 (84.375)	Prec@5 93.750 (93.750)
Epoch: [25][20/50], lr: 0.00010	Time 0.540 (0.812)	Data 0.000 (0.242)	Loss 0.5646 (0.5436)	Prec@1 75.000 (80.804)	Prec@5 100.000 (96.280)
Epoch: [25][40/50], lr: 0.00010	Time 0.536 (0.679)	Data 0.000 (0.124)	Loss 0.5218 (0.5524)	Prec@1 78.125 (79.116)	Prec@5 93.750 (96.723)
Test: [0/18]	Time 4.589 (4.589)	Loss 0.2365 (0.2365)	Prec@1 87.500 (87.500)	Prec@5 100.000 (100.000)
Testing Results: Prec@1 75.874 Prec@5 98.601 Loss 0.62844
Best Prec@1: 77.098

Epoch: [26][0/50], lr: 0.00010	Time 4.434 (4.434)	Data 3.823 (3.823)	Loss 0.3265 (0.3265)	Prec@1 87.500 (87.500)	Prec@5 100.000 (100.000)
Epoch: [26][20/50], lr: 0.00010	Time 0.538 (0.804)	Data 0.000 (0.237)	Loss 1.1232 (0.5250)	Prec@1 59.375 (81.696)	Prec@5 93.750 (97.024)
Epoch: [26][40/50], lr: 0.00010	Time 0.537 (0.675)	Data 0.000 (0.121)	Loss 0.7074 (0.5338)	Prec@1 78.125 (81.326)	Prec@5 93.750 (97.027)
Epoch: [27][0/50], lr: 0.00010	Time 4.714 (4.714)	Data 4.138 (4.138)	Loss 0.3946 (0.3946)	Prec@1 81.250 (81.250)	Prec@5 100.000 (100.000)
Epoch: [27][20/50], lr: 0.00010	Time 0.539 (0.794)	Data 0.000 (0.197)	Loss 0.4516 (0.5385)	Prec@1 78.125 (79.167)	Prec@5 100.000 (98.065)
Epoch: [27][40/50], lr: 0.00010	Time 0.541 (0.670)	Data 0.000 (0.101)	Loss 0.5126 (0.5520)	Prec@1 81.250 (78.277)	Prec@5 96.875 (97.561)
Test: [0/18]	Time 4.342 (4.342)	Loss 0.2396 (0.2396)	Prec@1 93.750 (93.750)	Prec@5 100.000 (100.000)
Testing Results: Prec@1 75.350 Prec@5 99.126 Loss 0.65434
Best Prec@1: 77.098

Epoch: [28][0/50], lr: 0.00010	Time 4.085 (4.085)	Data 3.380 (3.380)	Loss 0.5263 (0.5263)	Prec@1 78.125 (78.125)	Prec@5 93.750 (93.750)
Epoch: [28][20/50], lr: 0.00010	Time 0.541 (0.778)	Data 0.000 (0.166)	Loss 0.4528 (0.4972)	Prec@1 81.250 (82.440)	Prec@5 100.000 (97.619)
Epoch: [28][40/50], lr: 0.00010	Time 0.540 (0.661)	Data 0.000 (0.085)	Loss 0.6420 (0.5250)	Prec@1 78.125 (80.640)	Prec@5 96.875 (97.332)
Epoch: [29][0/50], lr: 0.00010	Time 4.834 (4.834)	Data 4.202 (4.202)	Loss 0.5195 (0.5195)	Prec@1 78.125 (78.125)	Prec@5 96.875 (96.875)
Epoch: [29][20/50], lr: 0.00010	Time 0.539 (0.788)	Data 0.000 (0.200)	Loss 0.6723 (0.5416)	Prec@1 75.000 (80.208)	Prec@5 93.750 (96.875)
Epoch: [29][40/50], lr: 0.00010	Time 0.538 (0.667)	Data 0.000 (0.103)	Loss 0.6754 (0.5496)	Prec@1 75.000 (79.116)	Prec@5 93.750 (96.113)
Test: [0/18]	Time 4.700 (4.700)	Loss 0.2509 (0.2509)	Prec@1 90.625 (90.625)	Prec@5 100.000 (100.000)
Testing Results: Prec@1 76.049 Prec@5 98.951 Loss 0.66187
Best Prec@1: 77.098

Epoch: [30][0/50], lr: 0.00010	Time 5.076 (5.076)	Data 4.373 (4.373)	Loss 0.5250 (0.5250)	Prec@1 78.125 (78.125)	Prec@5 96.875 (96.875)
Epoch: [30][20/50], lr: 0.00010	Time 0.540 (0.791)	Data 0.000 (0.208)	Loss 0.6151 (0.5253)	Prec@1 71.875 (80.060)	Prec@5 96.875 (97.321)
Epoch: [30][40/50], lr: 0.00010	Time 0.539 (0.668)	Data 0.000 (0.107)	Loss 0.2448 (0.5187)	Prec@1 90.625 (79.573)	Prec@5 96.875 (97.332)
Epoch: [31][0/50], lr: 0.00010	Time 4.603 (4.603)	Data 3.900 (3.900)	Loss 0.7315 (0.7315)	Prec@1 75.000 (75.000)	Prec@5 93.750 (93.750)
Epoch: [31][20/50], lr: 0.00010	Time 0.539 (0.783)	Data 0.000 (0.186)	Loss 0.4549 (0.5694)	Prec@1 81.250 (80.357)	Prec@5 100.000 (95.536)
Epoch: [31][40/50], lr: 0.00010	Time 0.538 (0.664)	Data 0.000 (0.095)	Loss 0.5410 (0.5565)	Prec@1 84.375 (80.183)	Prec@5 96.875 (96.341)
Test: [0/18]	Time 4.053 (4.053)	Loss 0.2361 (0.2361)	Prec@1 93.750 (93.750)	Prec@5 100.000 (100.000)
Testing Results: Prec@1 75.524 Prec@5 98.601 Loss 0.66665
Best Prec@1: 77.098

Epoch: [32][0/50], lr: 0.00010	Time 4.239 (4.239)	Data 3.506 (3.506)	Loss 0.5462 (0.5462)	Prec@1 84.375 (84.375)	Prec@5 93.750 (93.750)
Epoch: [32][20/50], lr: 0.00010	Time 0.541 (0.784)	Data 0.000 (0.187)	Loss 0.6126 (0.5209)	Prec@1 75.000 (81.696)	Prec@5 96.875 (96.577)
Epoch: [32][40/50], lr: 0.00010	Time 0.538 (0.664)	Data 0.000 (0.096)	Loss 0.6616 (0.5050)	Prec@1 75.000 (82.012)	Prec@5 90.625 (96.570)
Epoch: [33][0/50], lr: 0.00010	Time 5.715 (5.715)	Data 4.998 (4.998)	Loss 0.6340 (0.6340)	Prec@1 81.250 (81.250)	Prec@5 96.875 (96.875)
Epoch: [33][20/50], lr: 0.00010	Time 0.540 (0.814)	Data 0.000 (0.238)	Loss 0.5228 (0.4956)	Prec@1 75.000 (81.101)	Prec@5 100.000 (97.321)
Epoch: [33][40/50], lr: 0.00010	Time 0.539 (0.680)	Data 0.000 (0.122)	Loss 0.5247 (0.5046)	Prec@1 87.500 (81.250)	Prec@5 93.750 (96.951)
Test: [0/18]	Time 4.194 (4.194)	Loss 0.2351 (0.2351)	Prec@1 84.375 (84.375)	Prec@5 100.000 (100.000)
Testing Results: Prec@1 76.573 Prec@5 98.776 Loss 0.71646
Best Prec@1: 77.098

Epoch: [34][0/50], lr: 0.00010	Time 5.089 (5.089)	Data 4.423 (4.423)	Loss 0.4837 (0.4837)	Prec@1 81.250 (81.250)	Prec@5 93.750 (93.750)
Epoch: [34][20/50], lr: 0.00010	Time 0.539 (0.802)	Data 0.000 (0.220)	Loss 0.6426 (0.5002)	Prec@1 71.875 (79.762)	Prec@5 93.750 (97.173)
Epoch: [34][40/50], lr: 0.00010	Time 0.538 (0.674)	Data 0.000 (0.113)	Loss 0.5513 (0.5055)	Prec@1 78.125 (80.412)	Prec@5 100.000 (96.875)
Epoch: [35][0/50], lr: 0.00010	Time 4.360 (4.360)	Data 3.735 (3.735)	Loss 0.3090 (0.3090)	Prec@1 90.625 (90.625)	Prec@5 100.000 (100.000)
Epoch: [35][20/50], lr: 0.00010	Time 0.539 (0.799)	Data 0.000 (0.230)	Loss 0.3139 (0.5012)	Prec@1 87.500 (81.250)	Prec@5 100.000 (97.768)
Epoch: [35][40/50], lr: 0.00010	Time 0.541 (0.672)	Data 0.000 (0.118)	Loss 0.4694 (0.5178)	Prec@1 84.375 (80.869)	Prec@5 93.750 (97.180)
Test: [0/18]	Time 4.174 (4.174)	Loss 0.2660 (0.2660)	Prec@1 87.500 (87.500)	Prec@5 100.000 (100.000)
Testing Results: Prec@1 74.476 Prec@5 98.776 Loss 0.71072
Best Prec@1: 77.098

Epoch: [36][0/50], lr: 0.00010	Time 5.179 (5.179)	Data 4.631 (4.631)	Loss 0.5077 (0.5077)	Prec@1 84.375 (84.375)	Prec@5 93.750 (93.750)
Epoch: [36][20/50], lr: 0.00010	Time 0.539 (0.799)	Data 0.000 (0.221)	Loss 0.5931 (0.5186)	Prec@1 75.000 (80.357)	Prec@5 100.000 (97.173)
Epoch: [36][40/50], lr: 0.00010	Time 0.540 (0.672)	Data 0.000 (0.113)	Loss 0.5468 (0.4967)	Prec@1 78.125 (81.631)	Prec@5 96.875 (97.332)
Epoch: [37][0/50], lr: 0.00010	Time 5.935 (5.935)	Data 5.344 (5.344)	Loss 0.6310 (0.6310)	Prec@1 62.500 (62.500)	Prec@5 96.875 (96.875)
Epoch: [37][20/50], lr: 0.00010	Time 0.539 (0.822)	Data 0.000 (0.255)	Loss 0.3795 (0.4929)	Prec@1 84.375 (79.464)	Prec@5 100.000 (97.619)
Epoch: [37][40/50], lr: 0.00010	Time 0.540 (0.684)	Data 0.000 (0.130)	Loss 0.2229 (0.5092)	Prec@1 93.750 (79.421)	Prec@5 100.000 (98.018)
Test: [0/18]	Time 4.061 (4.061)	Loss 0.2353 (0.2353)	Prec@1 87.500 (87.500)	Prec@5 100.000 (100.000)
Testing Results: Prec@1 76.399 Prec@5 99.126 Loss 0.70244
Best Prec@1: 77.098

Epoch: [38][0/50], lr: 0.00010	Time 4.054 (4.054)	Data 3.343 (3.343)	Loss 0.3249 (0.3249)	Prec@1 93.750 (93.750)	Prec@5 100.000 (100.000)
Epoch: [38][20/50], lr: 0.00010	Time 0.539 (0.783)	Data 0.000 (0.179)	Loss 0.4101 (0.4802)	Prec@1 81.250 (83.780)	Prec@5 100.000 (96.577)
Epoch: [38][40/50], lr: 0.00010	Time 0.538 (0.664)	Data 0.000 (0.092)	Loss 0.3142 (0.4904)	Prec@1 87.500 (82.317)	Prec@5 96.875 (96.799)
Epoch: [39][0/50], lr: 0.00010	Time 5.057 (5.057)	Data 4.375 (4.375)	Loss 0.3015 (0.3015)	Prec@1 87.500 (87.500)	Prec@5 100.000 (100.000)
Epoch: [39][20/50], lr: 0.00010	Time 0.536 (0.794)	Data 0.000 (0.209)	Loss 0.5712 (0.4561)	Prec@1 75.000 (82.738)	Prec@5 96.875 (98.214)
Epoch: [39][40/50], lr: 0.00010	Time 0.541 (0.670)	Data 0.000 (0.107)	Loss 0.5826 (0.4971)	Prec@1 81.250 (81.707)	Prec@5 93.750 (97.637)
Test: [0/18]	Time 4.032 (4.032)	Loss 0.2383 (0.2383)	Prec@1 93.750 (93.750)	Prec@5 100.000 (100.000)
Testing Results: Prec@1 74.126 Prec@5 98.601 Loss 0.71895
Best Prec@1: 77.098

Epoch: [40][0/50], lr: 0.00001	Time 5.581 (5.581)	Data 4.941 (4.941)	Loss 0.7134 (0.7134)	Prec@1 71.875 (71.875)	Prec@5 96.875 (96.875)
Epoch: [40][20/50], lr: 0.00001	Time 0.540 (0.807)	Data 0.000 (0.236)	Loss 0.5484 (0.5015)	Prec@1 78.125 (81.696)	Prec@5 96.875 (97.619)
Epoch: [40][40/50], lr: 0.00001	Time 0.539 (0.676)	Data 0.000 (0.121)	Loss 0.4911 (0.5162)	Prec@1 81.250 (81.402)	Prec@5 100.000 (97.256)
Epoch: [41][0/50], lr: 0.00001	Time 5.602 (5.602)	Data 5.075 (5.075)	Loss 0.2956 (0.2956)	Prec@1 87.500 (87.500)	Prec@5 100.000 (100.000)
Epoch: [41][20/50], lr: 0.00001	Time 0.539 (0.816)	Data 0.000 (0.242)	Loss 0.8696 (0.4864)	Prec@1 65.625 (82.887)	Prec@5 90.625 (97.024)
Epoch: [41][40/50], lr: 0.00001	Time 0.542 (0.681)	Data 0.000 (0.124)	Loss 0.3975 (0.4964)	Prec@1 90.625 (83.155)	Prec@5 100.000 (97.027)
Test: [0/18]	Time 4.732 (4.732)	Loss 0.2327 (0.2327)	Prec@1 90.625 (90.625)	Prec@5 100.000 (100.000)
Testing Results: Prec@1 75.000 Prec@5 98.776 Loss 0.71110
Best Prec@1: 77.098

Epoch: [42][0/50], lr: 0.00001	Time 5.393 (5.393)	Data 4.780 (4.780)	Loss 0.6035 (0.6035)	Prec@1 81.250 (81.250)	Prec@5 90.625 (90.625)
Epoch: [42][20/50], lr: 0.00001	Time 0.539 (0.796)	Data 0.000 (0.228)	Loss 0.4435 (0.5401)	Prec@1 84.375 (80.506)	Prec@5 96.875 (95.089)
Epoch: [42][40/50], lr: 0.00001	Time 0.540 (0.671)	Data 0.000 (0.117)	Loss 0.7549 (0.5038)	Prec@1 65.625 (81.402)	Prec@5 87.500 (96.265)
Epoch: [43][0/50], lr: 0.00001	Time 5.522 (5.522)	Data 4.839 (4.839)	Loss 0.5356 (0.5356)	Prec@1 84.375 (84.375)	Prec@5 93.750 (93.750)
Epoch: [43][20/50], lr: 0.00001	Time 0.548 (0.803)	Data 0.000 (0.231)	Loss 0.7505 (0.4692)	Prec@1 75.000 (83.780)	Prec@5 93.750 (96.429)
Epoch: [43][40/50], lr: 0.00001	Time 0.540 (0.675)	Data 0.000 (0.118)	Loss 0.6065 (0.4656)	Prec@1 84.375 (84.070)	Prec@5 100.000 (97.180)
Test: [0/18]	Time 4.602 (4.602)	Loss 0.2273 (0.2273)	Prec@1 90.625 (90.625)	Prec@5 100.000 (100.000)
Testing Results: Prec@1 75.350 Prec@5 98.776 Loss 0.69868
Best Prec@1: 77.098

Epoch: [44][0/50], lr: 0.00001	Time 5.542 (5.542)	Data 5.000 (5.000)	Loss 0.5375 (0.5375)	Prec@1 81.250 (81.250)	Prec@5 100.000 (100.000)
Epoch: [44][20/50], lr: 0.00001	Time 0.537 (0.810)	Data 0.000 (0.238)	Loss 0.4345 (0.4541)	Prec@1 84.375 (82.589)	Prec@5 96.875 (97.917)
Epoch: [44][40/50], lr: 0.00001	Time 0.538 (0.678)	Data 0.000 (0.122)	Loss 0.2979 (0.4657)	Prec@1 93.750 (82.165)	Prec@5 100.000 (97.713)
Epoch: [45][0/50], lr: 0.00001	Time 4.987 (4.987)	Data 4.350 (4.350)	Loss 0.4316 (0.4316)	Prec@1 81.250 (81.250)	Prec@5 100.000 (100.000)
Epoch: [45][20/50], lr: 0.00001	Time 0.537 (0.799)	Data 0.000 (0.207)	Loss 0.5489 (0.4715)	Prec@1 81.250 (82.440)	Prec@5 93.750 (98.214)
Epoch: [45][40/50], lr: 0.00001	Time 0.538 (0.672)	Data 0.000 (0.106)	Loss 0.3230 (0.4734)	Prec@1 87.500 (83.003)	Prec@5 96.875 (97.332)
Test: [0/18]	Time 4.204 (4.204)	Loss 0.2267 (0.2267)	Prec@1 87.500 (87.500)	Prec@5 100.000 (100.000)
Testing Results: Prec@1 76.049 Prec@5 98.951 Loss 0.68809
Best Prec@1: 77.098

Epoch: [46][0/50], lr: 0.00001	Time 4.102 (4.102)	Data 3.459 (3.459)	Loss 0.6839 (0.6839)	Prec@1 75.000 (75.000)	Prec@5 90.625 (90.625)
Epoch: [46][20/50], lr: 0.00001	Time 0.538 (0.798)	Data 0.000 (0.213)	Loss 0.4722 (0.4989)	Prec@1 78.125 (81.101)	Prec@5 100.000 (97.173)
Epoch: [46][40/50], lr: 0.00001	Time 0.539 (0.672)	Data 0.000 (0.109)	Loss 0.4884 (0.4722)	Prec@1 81.250 (81.479)	Prec@5 100.000 (97.332)
Epoch: [47][0/50], lr: 0.00001	Time 5.523 (5.523)	Data 4.969 (4.969)	Loss 0.5834 (0.5834)	Prec@1 68.750 (68.750)	Prec@5 100.000 (100.000)
Epoch: [47][20/50], lr: 0.00001	Time 0.539 (0.809)	Data 0.000 (0.237)	Loss 0.5196 (0.4859)	Prec@1 81.250 (82.589)	Prec@5 100.000 (96.875)
Epoch: [47][40/50], lr: 0.00001	Time 0.537 (0.677)	Data 0.000 (0.121)	Loss 0.2476 (0.4791)	Prec@1 90.625 (82.622)	Prec@5 96.875 (97.104)
Test: [0/18]	Time 4.619 (4.619)	Loss 0.2275 (0.2275)	Prec@1 87.500 (87.500)	Prec@5 100.000 (100.000)
Testing Results: Prec@1 75.874 Prec@5 98.776 Loss 0.70168
Best Prec@1: 77.098

Epoch: [48][0/50], lr: 0.00001	Time 5.410 (5.410)	Data 4.765 (4.765)	Loss 0.4626 (0.4626)	Prec@1 84.375 (84.375)	Prec@5 100.000 (100.000)
Epoch: [48][20/50], lr: 0.00001	Time 0.540 (0.799)	Data 0.000 (0.227)	Loss 0.5370 (0.4811)	Prec@1 81.250 (82.589)	Prec@5 96.875 (98.363)
Epoch: [48][40/50], lr: 0.00001	Time 0.540 (0.672)	Data 0.000 (0.116)	Loss 0.4095 (0.4688)	Prec@1 93.750 (83.079)	Prec@5 96.875 (98.095)
Epoch: [49][0/50], lr: 0.00001	Time 5.656 (5.656)	Data 4.959 (4.959)	Loss 0.4455 (0.4455)	Prec@1 87.500 (87.500)	Prec@5 100.000 (100.000)
Epoch: [49][20/50], lr: 0.00001	Time 0.537 (0.812)	Data 0.000 (0.236)	Loss 0.4008 (0.5130)	Prec@1 84.375 (81.548)	Prec@5 96.875 (97.321)
Epoch: [49][40/50], lr: 0.00001	Time 0.539 (0.679)	Data 0.000 (0.121)	Loss 0.6866 (0.4913)	Prec@1 75.000 (82.241)	Prec@5 87.500 (97.180)
Test: [0/18]	Time 4.756 (4.756)	Loss 0.2271 (0.2271)	Prec@1 90.625 (90.625)	Prec@5 100.000 (100.000)
Testing Results: Prec@1 75.524 Prec@5 98.951 Loss 0.67975
Best Prec@1: 77.098

