ipn: 11 classes
storing name: TSM_ipn_RGB_resnet50_shift8_blockres_avg_segment8_e40_lr5e-04_tuned_gp39
creating folder log/TSM_ipn_RGB_resnet50_shift8_blockres_avg_segment8_e40_lr5e-04_tuned_gp39
creating folder checkpoint/TSM_ipn_RGB_resnet50_shift8_blockres_avg_segment8_e40_lr5e-04_tuned_gp39

    Initializing TSN with base model: resnet50.
    TSN Configurations:
        input_modality:     RGB
        num_segments:       8
        new_length:         1
        consensus_module:   avg
        dropout_ratio:      0.5
        img_feature_dim:    256
            
=> base model: resnet50
Adding temporal shift...
=> n_segment per stage: [8, 8, 8, 8]
=> Processing stage with 3 blocks residual
=> Using fold div: 8
=> Using fold div: 8
=> Using fold div: 8
=> Processing stage with 4 blocks residual
=> Using fold div: 8
=> Using fold div: 8
=> Using fold div: 8
=> Using fold div: 8
=> Processing stage with 6 blocks residual
=> Using fold div: 8
=> Using fold div: 8
=> Using fold div: 8
=> Using fold div: 8
=> Using fold div: 8
=> Using fold div: 8
=> Processing stage with 3 blocks residual
=> Using fold div: 8
=> Using fold div: 8
=> Using fold div: 8
#################### NO FLIP!!!
=> fine-tuning from 'checkpoint/TSM_jester_RGB_resnet50_shift8_blockres_avg_segment8_e50/ckpt.best.pth.tar'
#### Notice: keys that failed to load: set()
=> New dataset, do not load fc weights
video clips:1629
video clips:572
group: first_conv_weight has 1 params, lr_mult: 1, decay_mult: 1
group: first_conv_bias has 0 params, lr_mult: 2, decay_mult: 0
group: normal_weight has 52 params, lr_mult: 1, decay_mult: 1
group: normal_bias has 0 params, lr_mult: 2, decay_mult: 0
group: BN scale/shift has 2 params, lr_mult: 1, decay_mult: 0
group: custom_ops has 0 params, lr_mult: 1, decay_mult: 1
group: lr5_weight has 1 params, lr_mult: 5, decay_mult: 1
group: lr10_bias has 1 params, lr_mult: 10, decay_mult: 0
Freezing BatchNorm2D except the first one.
Epoch: [0][0/50], lr: 0.00050	Time 15.359 (15.359)	Data 6.039 (6.039)	Loss 2.3984 (2.3984)	Prec@1 3.125 (3.125)	Prec@5 46.875 (46.875)
Epoch: [0][20/50], lr: 0.00050	Time 0.566 (1.253)	Data 0.000 (0.288)	Loss 1.8671 (2.2440)	Prec@1 53.125 (26.042)	Prec@5 90.625 (69.494)
Epoch: [0][40/50], lr: 0.00050	Time 0.558 (0.913)	Data 0.000 (0.147)	Loss 1.5184 (1.7768)	Prec@1 53.125 (42.073)	Prec@5 90.625 (82.088)
Freezing BatchNorm2D except the first one.
Epoch: [1][0/50], lr: 0.00050	Time 4.268 (4.268)	Data 3.776 (3.776)	Loss 1.0240 (1.0240)	Prec@1 75.000 (75.000)	Prec@5 96.875 (96.875)
Epoch: [1][20/50], lr: 0.00050	Time 0.558 (0.763)	Data 0.000 (0.199)	Loss 0.7110 (0.8724)	Prec@1 68.750 (70.833)	Prec@5 96.875 (95.387)
Epoch: [1][40/50], lr: 0.00050	Time 0.559 (0.663)	Data 0.000 (0.102)	Loss 0.5863 (0.7613)	Prec@1 78.125 (72.713)	Prec@5 100.000 (96.265)
Test: [0/18]	Time 4.098 (4.098)	Loss 0.3466 (0.3466)	Prec@1 87.500 (87.500)	Prec@5 100.000 (100.000)
Testing Results: Prec@1 81.294 Prec@5 98.951 Loss 0.46534
Best Prec@1: 81.294

Freezing BatchNorm2D except the first one.
Epoch: [2][0/50], lr: 0.00050	Time 5.537 (5.537)	Data 4.809 (4.809)	Loss 0.4937 (0.4937)	Prec@1 78.125 (78.125)	Prec@5 100.000 (100.000)
Epoch: [2][20/50], lr: 0.00050	Time 0.556 (0.808)	Data 0.000 (0.229)	Loss 0.6903 (0.5638)	Prec@1 71.875 (77.976)	Prec@5 96.875 (97.619)
Epoch: [2][40/50], lr: 0.00050	Time 0.559 (0.686)	Data 0.000 (0.117)	Loss 0.6075 (0.5798)	Prec@1 81.250 (78.277)	Prec@5 100.000 (97.713)
Freezing BatchNorm2D except the first one.
Epoch: [3][0/50], lr: 0.00050	Time 4.833 (4.833)	Data 4.338 (4.338)	Loss 0.9316 (0.9316)	Prec@1 65.625 (65.625)	Prec@5 96.875 (96.875)
Epoch: [3][20/50], lr: 0.00050	Time 0.558 (0.781)	Data 0.000 (0.207)	Loss 0.4999 (0.6105)	Prec@1 81.250 (79.018)	Prec@5 96.875 (96.726)
Epoch: [3][40/50], lr: 0.00050	Time 0.559 (0.673)	Data 0.000 (0.106)	Loss 0.7203 (0.5917)	Prec@1 84.375 (79.649)	Prec@5 96.875 (97.027)
Test: [0/18]	Time 4.002 (4.002)	Loss 0.1988 (0.1988)	Prec@1 90.625 (90.625)	Prec@5 100.000 (100.000)
Testing Results: Prec@1 88.287 Prec@5 99.650 Loss 0.31157
Best Prec@1: 88.287

Freezing BatchNorm2D except the first one.
Epoch: [4][0/50], lr: 0.00050	Time 3.994 (3.994)	Data 3.483 (3.483)	Loss 0.3477 (0.3477)	Prec@1 81.250 (81.250)	Prec@5 100.000 (100.000)
Epoch: [4][20/50], lr: 0.00050	Time 0.557 (0.750)	Data 0.000 (0.172)	Loss 0.6952 (0.5051)	Prec@1 84.375 (80.506)	Prec@5 93.750 (98.512)
Epoch: [4][40/50], lr: 0.00050	Time 0.559 (0.657)	Data 0.000 (0.088)	Loss 0.3286 (0.4799)	Prec@1 87.500 (81.098)	Prec@5 100.000 (98.247)
Freezing BatchNorm2D except the first one.
Epoch: [5][0/50], lr: 0.00050	Time 4.845 (4.845)	Data 4.408 (4.408)	Loss 0.5012 (0.5012)	Prec@1 81.250 (81.250)	Prec@5 100.000 (100.000)
Epoch: [5][20/50], lr: 0.00050	Time 0.559 (0.777)	Data 0.000 (0.210)	Loss 0.6727 (0.5509)	Prec@1 78.125 (80.060)	Prec@5 100.000 (97.768)
Epoch: [5][40/50], lr: 0.00050	Time 0.559 (0.671)	Data 0.000 (0.108)	Loss 0.3535 (0.5067)	Prec@1 81.250 (80.869)	Prec@5 100.000 (97.942)
Test: [0/18]	Time 3.933 (3.933)	Loss 0.1085 (0.1085)	Prec@1 96.875 (96.875)	Prec@5 100.000 (100.000)
Testing Results: Prec@1 90.035 Prec@5 99.825 Loss 0.26239
Best Prec@1: 90.035

Freezing BatchNorm2D except the first one.
Epoch: [6][0/50], lr: 0.00050	Time 5.158 (5.158)	Data 4.686 (4.686)	Loss 0.4695 (0.4695)	Prec@1 84.375 (84.375)	Prec@5 96.875 (96.875)
Epoch: [6][20/50], lr: 0.00050	Time 0.558 (0.798)	Data 0.000 (0.223)	Loss 0.5585 (0.4617)	Prec@1 75.000 (82.887)	Prec@5 96.875 (97.470)
Epoch: [6][40/50], lr: 0.00050	Time 0.560 (0.682)	Data 0.000 (0.114)	Loss 0.4581 (0.4752)	Prec@1 87.500 (82.698)	Prec@5 96.875 (97.485)
Freezing BatchNorm2D except the first one.
Epoch: [7][0/50], lr: 0.00050	Time 4.432 (4.432)	Data 3.972 (3.972)	Loss 0.5183 (0.5183)	Prec@1 81.250 (81.250)	Prec@5 96.875 (96.875)
Epoch: [7][20/50], lr: 0.00050	Time 0.545 (0.766)	Data 0.000 (0.189)	Loss 0.2905 (0.4422)	Prec@1 84.375 (83.482)	Prec@5 100.000 (97.470)
Epoch: [7][40/50], lr: 0.00050	Time 0.560 (0.665)	Data 0.000 (0.097)	Loss 0.3624 (0.4484)	Prec@1 84.375 (83.689)	Prec@5 100.000 (97.332)
Test: [0/18]	Time 3.870 (3.870)	Loss 0.3188 (0.3188)	Prec@1 87.500 (87.500)	Prec@5 100.000 (100.000)
Testing Results: Prec@1 86.713 Prec@5 99.650 Loss 0.33896
Best Prec@1: 90.035

Freezing BatchNorm2D except the first one.
Epoch: [8][0/50], lr: 0.00050	Time 5.014 (5.014)	Data 4.678 (4.678)	Loss 0.4178 (0.4178)	Prec@1 81.250 (81.250)	Prec@5 96.875 (96.875)
Epoch: [8][20/50], lr: 0.00050	Time 0.564 (0.785)	Data 0.000 (0.223)	Loss 0.4825 (0.4007)	Prec@1 81.250 (85.119)	Prec@5 93.750 (97.619)
Epoch: [8][40/50], lr: 0.00050	Time 0.560 (0.675)	Data 0.000 (0.114)	Loss 0.1651 (0.4122)	Prec@1 93.750 (84.223)	Prec@5 100.000 (98.323)
Freezing BatchNorm2D except the first one.
Epoch: [9][0/50], lr: 0.00050	Time 5.100 (5.100)	Data 4.700 (4.700)	Loss 0.4221 (0.4221)	Prec@1 81.250 (81.250)	Prec@5 100.000 (100.000)
Epoch: [9][20/50], lr: 0.00050	Time 0.557 (0.786)	Data 0.000 (0.224)	Loss 0.5519 (0.4350)	Prec@1 84.375 (84.226)	Prec@5 96.875 (97.768)
Epoch: [9][40/50], lr: 0.00050	Time 0.560 (0.676)	Data 0.000 (0.115)	Loss 0.2643 (0.4172)	Prec@1 90.625 (83.994)	Prec@5 100.000 (97.866)
Test: [0/18]	Time 4.303 (4.303)	Loss 0.1430 (0.1430)	Prec@1 96.875 (96.875)	Prec@5 100.000 (100.000)
Testing Results: Prec@1 89.161 Prec@5 99.825 Loss 0.29473
Best Prec@1: 90.035

Freezing BatchNorm2D except the first one.
Epoch: [10][0/50], lr: 0.00050	Time 3.733 (3.733)	Data 3.281 (3.281)	Loss 0.4338 (0.4338)	Prec@1 84.375 (84.375)	Prec@5 96.875 (96.875)
Epoch: [10][20/50], lr: 0.00050	Time 0.559 (0.740)	Data 0.000 (0.180)	Loss 0.3963 (0.4158)	Prec@1 87.500 (85.565)	Prec@5 100.000 (98.810)
Epoch: [10][40/50], lr: 0.00050	Time 0.568 (0.653)	Data 0.000 (0.092)	Loss 0.3755 (0.3802)	Prec@1 81.250 (86.052)	Prec@5 96.875 (98.780)
Freezing BatchNorm2D except the first one.
Epoch: [11][0/50], lr: 0.00050	Time 4.070 (4.070)	Data 3.701 (3.701)	Loss 0.4120 (0.4120)	Prec@1 90.625 (90.625)	Prec@5 100.000 (100.000)
Epoch: [11][20/50], lr: 0.00050	Time 0.559 (0.752)	Data 0.000 (0.184)	Loss 0.3199 (0.4334)	Prec@1 84.375 (84.375)	Prec@5 100.000 (98.214)
Epoch: [11][40/50], lr: 0.00050	Time 0.560 (0.659)	Data 0.000 (0.094)	Loss 0.3485 (0.4068)	Prec@1 87.500 (86.128)	Prec@5 100.000 (98.095)
Test: [0/18]	Time 4.361 (4.361)	Loss 0.2198 (0.2198)	Prec@1 87.500 (87.500)	Prec@5 100.000 (100.000)
Testing Results: Prec@1 87.063 Prec@5 99.650 Loss 0.35776
Best Prec@1: 90.035

Freezing BatchNorm2D except the first one.
Epoch: [12][0/50], lr: 0.00050	Time 4.108 (4.108)	Data 3.683 (3.683)	Loss 0.5068 (0.5068)	Prec@1 78.125 (78.125)	Prec@5 96.875 (96.875)
Epoch: [12][20/50], lr: 0.00050	Time 0.560 (0.760)	Data 0.000 (0.175)	Loss 0.3299 (0.3872)	Prec@1 87.500 (84.970)	Prec@5 100.000 (97.619)
Epoch: [12][40/50], lr: 0.00050	Time 0.558 (0.662)	Data 0.000 (0.090)	Loss 0.1102 (0.3962)	Prec@1 93.750 (85.290)	Prec@5 100.000 (97.561)
Freezing BatchNorm2D except the first one.
Epoch: [13][0/50], lr: 0.00050	Time 4.418 (4.418)	Data 3.957 (3.957)	Loss 0.3394 (0.3394)	Prec@1 90.625 (90.625)	Prec@5 100.000 (100.000)
Epoch: [13][20/50], lr: 0.00050	Time 0.562 (0.759)	Data 0.000 (0.189)	Loss 0.4462 (0.3858)	Prec@1 81.250 (87.202)	Prec@5 100.000 (98.661)
Epoch: [13][40/50], lr: 0.00050	Time 0.560 (0.662)	Data 0.000 (0.097)	Loss 0.3851 (0.3867)	Prec@1 78.125 (85.823)	Prec@5 100.000 (98.780)
Test: [0/18]	Time 3.995 (3.995)	Loss 0.1181 (0.1181)	Prec@1 96.875 (96.875)	Prec@5 100.000 (100.000)
Testing Results: Prec@1 88.636 Prec@5 99.650 Loss 0.33067
Best Prec@1: 90.035

Freezing BatchNorm2D except the first one.
Epoch: [14][0/50], lr: 0.00050	Time 4.017 (4.017)	Data 3.587 (3.587)	Loss 0.3696 (0.3696)	Prec@1 78.125 (78.125)	Prec@5 100.000 (100.000)
Epoch: [14][20/50], lr: 0.00050	Time 0.564 (0.772)	Data 0.000 (0.216)	Loss 0.4191 (0.3719)	Prec@1 90.625 (84.970)	Prec@5 100.000 (98.065)
Epoch: [14][40/50], lr: 0.00050	Time 0.566 (0.668)	Data 0.000 (0.111)	Loss 0.4407 (0.3640)	Prec@1 81.250 (86.509)	Prec@5 96.875 (98.095)
Freezing BatchNorm2D except the first one.
Epoch: [15][0/50], lr: 0.00005	Time 4.093 (4.093)	Data 3.688 (3.688)	Loss 0.4525 (0.4525)	Prec@1 87.500 (87.500)	Prec@5 96.875 (96.875)
Epoch: [15][20/50], lr: 0.00005	Time 0.560 (0.751)	Data 0.000 (0.184)	Loss 0.1013 (0.3658)	Prec@1 96.875 (86.607)	Prec@5 100.000 (97.619)
Epoch: [15][40/50], lr: 0.00005	Time 0.561 (0.658)	Data 0.000 (0.094)	Loss 0.2288 (0.3191)	Prec@1 90.625 (88.643)	Prec@5 100.000 (98.171)
Test: [0/18]	Time 3.976 (3.976)	Loss 0.2255 (0.2255)	Prec@1 90.625 (90.625)	Prec@5 100.000 (100.000)
Testing Results: Prec@1 90.385 Prec@5 99.825 Loss 0.27416
Best Prec@1: 90.385

Freezing BatchNorm2D except the first one.
Epoch: [16][0/50], lr: 0.00005	Time 3.959 (3.959)	Data 3.512 (3.512)	Loss 0.3435 (0.3435)	Prec@1 90.625 (90.625)	Prec@5 96.875 (96.875)
Epoch: [16][20/50], lr: 0.00005	Time 0.558 (0.769)	Data 0.000 (0.206)	Loss 0.2181 (0.3738)	Prec@1 90.625 (86.161)	Prec@5 100.000 (98.214)
Epoch: [16][40/50], lr: 0.00005	Time 0.559 (0.667)	Data 0.000 (0.106)	Loss 0.3531 (0.3377)	Prec@1 87.500 (87.652)	Prec@5 96.875 (98.323)
Freezing BatchNorm2D except the first one.
Epoch: [17][0/50], lr: 0.00005	Time 5.013 (5.013)	Data 4.624 (4.624)	Loss 0.2234 (0.2234)	Prec@1 96.875 (96.875)	Prec@5 100.000 (100.000)
Epoch: [17][20/50], lr: 0.00005	Time 0.559 (0.784)	Data 0.000 (0.220)	Loss 0.2104 (0.3084)	Prec@1 93.750 (88.095)	Prec@5 100.000 (98.363)
Epoch: [17][40/50], lr: 0.00005	Time 0.559 (0.674)	Data 0.000 (0.113)	Loss 0.1635 (0.3052)	Prec@1 93.750 (88.796)	Prec@5 100.000 (97.942)
Test: [0/18]	Time 3.908 (3.908)	Loss 0.1956 (0.1956)	Prec@1 96.875 (96.875)	Prec@5 100.000 (100.000)
Testing Results: Prec@1 89.685 Prec@5 99.825 Loss 0.26792
Best Prec@1: 90.385

Freezing BatchNorm2D except the first one.
Epoch: [18][0/50], lr: 0.00005	Time 5.080 (5.080)	Data 4.652 (4.652)	Loss 0.0505 (0.0505)	Prec@1 100.000 (100.000)	Prec@5 100.000 (100.000)
Epoch: [18][20/50], lr: 0.00005	Time 0.560 (0.795)	Data 0.000 (0.222)	Loss 0.2127 (0.2968)	Prec@1 90.625 (88.690)	Prec@5 100.000 (98.661)
Epoch: [18][40/50], lr: 0.00005	Time 0.562 (0.681)	Data 0.000 (0.114)	Loss 0.2153 (0.3037)	Prec@1 87.500 (87.729)	Prec@5 100.000 (98.476)
Freezing BatchNorm2D except the first one.
Epoch: [19][0/50], lr: 0.00005	Time 5.539 (5.539)	Data 5.108 (5.108)	Loss 0.2905 (0.2905)	Prec@1 90.625 (90.625)	Prec@5 100.000 (100.000)
Epoch: [19][20/50], lr: 0.00005	Time 0.563 (0.808)	Data 0.000 (0.243)	Loss 0.1415 (0.2871)	Prec@1 93.750 (88.542)	Prec@5 100.000 (99.256)
Epoch: [19][40/50], lr: 0.00005	Time 0.561 (0.687)	Data 0.000 (0.125)	Loss 0.3663 (0.2803)	Prec@1 84.375 (89.101)	Prec@5 100.000 (98.933)
Test: [0/18]	Time 3.789 (3.789)	Loss 0.2276 (0.2276)	Prec@1 93.750 (93.750)	Prec@5 100.000 (100.000)
Testing Results: Prec@1 90.035 Prec@5 99.825 Loss 0.29549
Best Prec@1: 90.385

Freezing BatchNorm2D except the first one.
Epoch: [20][0/50], lr: 0.00005	Time 4.393 (4.393)	Data 3.916 (3.916)	Loss 0.1714 (0.1714)	Prec@1 87.500 (87.500)	Prec@5 100.000 (100.000)
Epoch: [20][20/50], lr: 0.00005	Time 0.560 (0.762)	Data 0.000 (0.198)	Loss 0.3029 (0.2658)	Prec@1 90.625 (88.988)	Prec@5 96.875 (98.661)
Epoch: [20][40/50], lr: 0.00005	Time 0.560 (0.664)	Data 0.000 (0.101)	Loss 0.4311 (0.2986)	Prec@1 81.250 (88.872)	Prec@5 100.000 (98.476)
Freezing BatchNorm2D except the first one.
Epoch: [21][0/50], lr: 0.00005	Time 5.072 (5.072)	Data 4.655 (4.655)	Loss 0.2831 (0.2831)	Prec@1 90.625 (90.625)	Prec@5 100.000 (100.000)
Epoch: [21][20/50], lr: 0.00005	Time 0.560 (0.783)	Data 0.000 (0.222)	Loss 0.3174 (0.2382)	Prec@1 87.500 (90.774)	Prec@5 96.875 (98.661)
Epoch: [21][40/50], lr: 0.00005	Time 0.560 (0.674)	Data 0.000 (0.114)	Loss 0.2460 (0.2614)	Prec@1 90.625 (89.710)	Prec@5 100.000 (98.704)
Test: [0/18]	Time 4.460 (4.460)	Loss 0.1747 (0.1747)	Prec@1 96.875 (96.875)	Prec@5 100.000 (100.000)
Testing Results: Prec@1 89.336 Prec@5 99.650 Loss 0.31060
Best Prec@1: 90.385

Freezing BatchNorm2D except the first one.
Epoch: [22][0/50], lr: 0.00005	Time 5.348 (5.348)	Data 4.874 (4.874)	Loss 0.0986 (0.0986)	Prec@1 93.750 (93.750)	Prec@5 100.000 (100.000)
Epoch: [22][20/50], lr: 0.00005	Time 0.562 (0.803)	Data 0.000 (0.232)	Loss 0.1793 (0.2620)	Prec@1 93.750 (89.881)	Prec@5 100.000 (99.256)
Epoch: [22][40/50], lr: 0.00005	Time 0.560 (0.684)	Data 0.000 (0.119)	Loss 0.3616 (0.2812)	Prec@1 87.500 (88.948)	Prec@5 96.875 (99.162)
Freezing BatchNorm2D except the first one.
Epoch: [23][0/50], lr: 0.00005	Time 4.435 (4.435)	Data 3.974 (3.974)	Loss 0.4118 (0.4118)	Prec@1 84.375 (84.375)	Prec@5 100.000 (100.000)
Epoch: [23][20/50], lr: 0.00005	Time 0.560 (0.766)	Data 0.000 (0.197)	Loss 0.2939 (0.2913)	Prec@1 90.625 (89.732)	Prec@5 100.000 (98.661)
Epoch: [23][40/50], lr: 0.00005	Time 0.561 (0.665)	Data 0.000 (0.101)	Loss 0.1595 (0.3170)	Prec@1 93.750 (88.491)	Prec@5 100.000 (97.942)
Test: [0/18]	Time 3.668 (3.668)	Loss 0.2090 (0.2090)	Prec@1 96.875 (96.875)	Prec@5 100.000 (100.000)
Testing Results: Prec@1 90.035 Prec@5 99.825 Loss 0.27869
Best Prec@1: 90.385

Freezing BatchNorm2D except the first one.
Epoch: [24][0/50], lr: 0.00005	Time 4.731 (4.731)	Data 4.341 (4.341)	Loss 0.3174 (0.3174)	Prec@1 93.750 (93.750)	Prec@5 100.000 (100.000)
Epoch: [24][20/50], lr: 0.00005	Time 0.559 (0.779)	Data 0.000 (0.207)	Loss 0.4894 (0.3262)	Prec@1 78.125 (87.649)	Prec@5 96.875 (98.214)
Epoch: [24][40/50], lr: 0.00005	Time 0.558 (0.673)	Data 0.000 (0.106)	Loss 0.2581 (0.3106)	Prec@1 87.500 (87.805)	Prec@5 100.000 (98.399)
Freezing BatchNorm2D except the first one.
Epoch: [25][0/50], lr: 0.00005	Time 5.200 (5.200)	Data 4.703 (4.703)	Loss 0.2852 (0.2852)	Prec@1 87.500 (87.500)	Prec@5 100.000 (100.000)
Epoch: [25][20/50], lr: 0.00005	Time 0.562 (0.795)	Data 0.000 (0.224)	Loss 0.1904 (0.2786)	Prec@1 93.750 (88.839)	Prec@5 100.000 (99.107)
Epoch: [25][40/50], lr: 0.00005	Time 0.560 (0.680)	Data 0.000 (0.115)	Loss 0.2614 (0.3052)	Prec@1 87.500 (88.262)	Prec@5 100.000 (98.628)
Test: [0/18]	Time 4.408 (4.408)	Loss 0.1430 (0.1430)	Prec@1 96.875 (96.875)	Prec@5 100.000 (100.000)
Testing Results: Prec@1 90.559 Prec@5 99.650 Loss 0.26362
Best Prec@1: 90.559

Freezing BatchNorm2D except the first one.
Epoch: [26][0/50], lr: 0.00005	Time 3.585 (3.585)	Data 3.172 (3.172)	Loss 0.2790 (0.2790)	Prec@1 84.375 (84.375)	Prec@5 100.000 (100.000)
Epoch: [26][20/50], lr: 0.00005	Time 0.559 (0.787)	Data 0.000 (0.229)	Loss 0.3525 (0.3139)	Prec@1 84.375 (87.798)	Prec@5 96.875 (98.661)
Epoch: [26][40/50], lr: 0.00005	Time 0.560 (0.677)	Data 0.000 (0.117)	Loss 0.2614 (0.3042)	Prec@1 93.750 (88.643)	Prec@5 100.000 (98.628)
Freezing BatchNorm2D except the first one.
Epoch: [27][0/50], lr: 0.00005	Time 5.499 (5.499)	Data 5.119 (5.119)	Loss 0.1663 (0.1663)	Prec@1 96.875 (96.875)	Prec@5 100.000 (100.000)
Epoch: [27][20/50], lr: 0.00005	Time 0.560 (0.803)	Data 0.000 (0.244)	Loss 0.3126 (0.2435)	Prec@1 87.500 (90.476)	Prec@5 100.000 (99.107)
Epoch: [27][40/50], lr: 0.00005	Time 0.565 (0.685)	Data 0.000 (0.125)	Loss 0.2213 (0.2694)	Prec@1 90.625 (90.015)	Prec@5 96.875 (98.552)
Test: [0/18]	Time 4.242 (4.242)	Loss 0.2079 (0.2079)	Prec@1 96.875 (96.875)	Prec@5 100.000 (100.000)
Testing Results: Prec@1 90.385 Prec@5 99.650 Loss 0.28266
Best Prec@1: 90.559

Freezing BatchNorm2D except the first one.
Epoch: [28][0/50], lr: 0.00005	Time 3.570 (3.570)	Data 3.114 (3.114)	Loss 0.5747 (0.5747)	Prec@1 81.250 (81.250)	Prec@5 93.750 (93.750)
Epoch: [28][20/50], lr: 0.00005	Time 0.559 (0.744)	Data 0.000 (0.168)	Loss 0.1668 (0.3310)	Prec@1 93.750 (86.458)	Prec@5 100.000 (98.065)
Epoch: [28][40/50], lr: 0.00005	Time 0.559 (0.654)	Data 0.000 (0.086)	Loss 0.4133 (0.2990)	Prec@1 84.375 (87.805)	Prec@5 100.000 (98.552)
Freezing BatchNorm2D except the first one.
Epoch: [29][0/50], lr: 0.00005	Time 3.849 (3.849)	Data 3.434 (3.434)	Loss 0.3414 (0.3414)	Prec@1 87.500 (87.500)	Prec@5 96.875 (96.875)
Epoch: [29][20/50], lr: 0.00005	Time 0.561 (0.746)	Data 0.000 (0.164)	Loss 0.3293 (0.3042)	Prec@1 87.500 (86.905)	Prec@5 100.000 (98.512)
Epoch: [29][40/50], lr: 0.00005	Time 0.563 (0.656)	Data 0.000 (0.084)	Loss 0.2157 (0.2924)	Prec@1 87.500 (87.348)	Prec@5 100.000 (98.628)
Test: [0/18]	Time 3.883 (3.883)	Loss 0.2396 (0.2396)	Prec@1 96.875 (96.875)	Prec@5 100.000 (100.000)
Testing Results: Prec@1 89.161 Prec@5 99.825 Loss 0.29826
Best Prec@1: 90.559

Freezing BatchNorm2D except the first one.
Epoch: [30][0/50], lr: 0.00001	Time 4.178 (4.178)	Data 3.720 (3.720)	Loss 0.1485 (0.1485)	Prec@1 90.625 (90.625)	Prec@5 100.000 (100.000)
Epoch: [30][20/50], lr: 0.00001	Time 0.558 (0.756)	Data 0.000 (0.177)	Loss 0.2310 (0.2923)	Prec@1 90.625 (89.286)	Prec@5 100.000 (99.405)
Epoch: [30][40/50], lr: 0.00001	Time 0.563 (0.661)	Data 0.000 (0.091)	Loss 0.5284 (0.2958)	Prec@1 78.125 (89.177)	Prec@5 96.875 (98.933)
Freezing BatchNorm2D except the first one.
Epoch: [31][0/50], lr: 0.00001	Time 4.584 (4.584)	Data 4.122 (4.122)	Loss 0.4347 (0.4347)	Prec@1 81.250 (81.250)	Prec@5 96.875 (96.875)
Epoch: [31][20/50], lr: 0.00001	Time 0.560 (0.778)	Data 0.000 (0.216)	Loss 0.2404 (0.3062)	Prec@1 93.750 (88.095)	Prec@5 100.000 (98.512)
Epoch: [31][40/50], lr: 0.00001	Time 0.558 (0.671)	Data 0.000 (0.111)	Loss 0.4455 (0.2840)	Prec@1 84.375 (89.405)	Prec@5 96.875 (98.552)
Test: [0/18]	Time 4.377 (4.377)	Loss 0.2094 (0.2094)	Prec@1 96.875 (96.875)	Prec@5 100.000 (100.000)
Testing Results: Prec@1 89.860 Prec@5 99.825 Loss 0.28373
Best Prec@1: 90.559

Freezing BatchNorm2D except the first one.
Epoch: [32][0/50], lr: 0.00001	Time 4.224 (4.224)	Data 3.754 (3.754)	Loss 0.3261 (0.3261)	Prec@1 84.375 (84.375)	Prec@5 96.875 (96.875)
Epoch: [32][20/50], lr: 0.00001	Time 0.559 (0.759)	Data 0.000 (0.179)	Loss 0.4866 (0.2794)	Prec@1 81.250 (89.583)	Prec@5 93.750 (98.214)
Epoch: [32][40/50], lr: 0.00001	Time 0.559 (0.662)	Data 0.000 (0.092)	Loss 0.1878 (0.2746)	Prec@1 93.750 (89.405)	Prec@5 100.000 (98.399)
Freezing BatchNorm2D except the first one.
Epoch: [33][0/50], lr: 0.00001	Time 4.745 (4.745)	Data 4.170 (4.170)	Loss 0.2021 (0.2021)	Prec@1 93.750 (93.750)	Prec@5 100.000 (100.000)
Epoch: [33][20/50], lr: 0.00001	Time 0.560 (0.765)	Data 0.000 (0.199)	Loss 0.3072 (0.3286)	Prec@1 84.375 (85.863)	Prec@5 100.000 (98.363)
Epoch: [33][40/50], lr: 0.00001	Time 0.558 (0.665)	Data 0.000 (0.102)	Loss 0.3273 (0.3113)	Prec@1 87.500 (87.271)	Prec@5 96.875 (98.780)
Test: [0/18]	Time 3.894 (3.894)	Loss 0.2214 (0.2214)	Prec@1 96.875 (96.875)	Prec@5 100.000 (100.000)
Testing Results: Prec@1 89.510 Prec@5 99.825 Loss 0.29286
Best Prec@1: 90.559

Freezing BatchNorm2D except the first one.
Epoch: [34][0/50], lr: 0.00001	Time 4.184 (4.184)	Data 3.718 (3.718)	Loss 0.4277 (0.4277)	Prec@1 84.375 (84.375)	Prec@5 93.750 (93.750)
Epoch: [34][20/50], lr: 0.00001	Time 0.563 (0.760)	Data 0.000 (0.197)	Loss 0.2313 (0.2915)	Prec@1 93.750 (88.393)	Prec@5 96.875 (98.065)
Epoch: [34][40/50], lr: 0.00001	Time 0.559 (0.663)	Data 0.000 (0.101)	Loss 0.2243 (0.2652)	Prec@1 93.750 (90.168)	Prec@5 100.000 (98.628)
Freezing BatchNorm2D except the first one.
Epoch: [35][0/50], lr: 0.00001	Time 4.962 (4.962)	Data 4.473 (4.473)	Loss 0.2107 (0.2107)	Prec@1 90.625 (90.625)	Prec@5 100.000 (100.000)
Epoch: [35][20/50], lr: 0.00001	Time 0.560 (0.782)	Data 0.000 (0.231)	Loss 0.2245 (0.2764)	Prec@1 90.625 (90.625)	Prec@5 96.875 (98.363)
Epoch: [35][40/50], lr: 0.00001	Time 0.559 (0.673)	Data 0.000 (0.118)	Loss 0.3430 (0.2844)	Prec@1 87.500 (88.796)	Prec@5 96.875 (98.704)
Test: [0/18]	Time 3.708 (3.708)	Loss 0.2087 (0.2087)	Prec@1 96.875 (96.875)	Prec@5 100.000 (100.000)
Testing Results: Prec@1 89.510 Prec@5 99.650 Loss 0.28629
Best Prec@1: 90.559

Freezing BatchNorm2D except the first one.
Epoch: [36][0/50], lr: 0.00001	Time 3.834 (3.834)	Data 3.372 (3.372)	Loss 0.2570 (0.2570)	Prec@1 90.625 (90.625)	Prec@5 96.875 (96.875)
Epoch: [36][20/50], lr: 0.00001	Time 0.560 (0.785)	Data 0.000 (0.222)	Loss 0.3450 (0.2306)	Prec@1 90.625 (91.815)	Prec@5 96.875 (98.810)
Epoch: [36][40/50], lr: 0.00001	Time 0.560 (0.675)	Data 0.000 (0.114)	Loss 0.3775 (0.2535)	Prec@1 84.375 (91.006)	Prec@5 96.875 (98.476)
Freezing BatchNorm2D except the first one.
Epoch: [37][0/50], lr: 0.00001	Time 5.133 (5.133)	Data 4.775 (4.775)	Loss 0.0747 (0.0747)	Prec@1 100.000 (100.000)	Prec@5 100.000 (100.000)
Epoch: [37][20/50], lr: 0.00001	Time 0.561 (0.785)	Data 0.000 (0.228)	Loss 0.1936 (0.2581)	Prec@1 87.500 (89.583)	Prec@5 100.000 (98.661)
Epoch: [37][40/50], lr: 0.00001	Time 0.563 (0.675)	Data 0.000 (0.117)	Loss 0.3709 (0.2577)	Prec@1 81.250 (89.482)	Prec@5 100.000 (98.780)
Test: [0/18]	Time 3.977 (3.977)	Loss 0.2082 (0.2082)	Prec@1 96.875 (96.875)	Prec@5 100.000 (100.000)
Testing Results: Prec@1 89.860 Prec@5 99.650 Loss 0.28817
Best Prec@1: 90.559

Freezing BatchNorm2D except the first one.
Epoch: [38][0/50], lr: 0.00001	Time 4.764 (4.764)	Data 4.292 (4.292)	Loss 0.3301 (0.3301)	Prec@1 90.625 (90.625)	Prec@5 100.000 (100.000)
Epoch: [38][20/50], lr: 0.00001	Time 0.562 (0.784)	Data 0.000 (0.204)	Loss 0.2340 (0.2728)	Prec@1 90.625 (89.732)	Prec@5 100.000 (99.107)
Epoch: [38][40/50], lr: 0.00001	Time 0.560 (0.675)	Data 0.000 (0.105)	Loss 0.2424 (0.2737)	Prec@1 87.500 (89.482)	Prec@5 100.000 (98.552)
Freezing BatchNorm2D except the first one.
Epoch: [39][0/50], lr: 0.00001	Time 5.214 (5.214)	Data 4.772 (4.772)	Loss 0.3683 (0.3683)	Prec@1 84.375 (84.375)	Prec@5 100.000 (100.000)
Epoch: [39][20/50], lr: 0.00001	Time 0.559 (0.795)	Data 0.000 (0.227)	Loss 0.1876 (0.2600)	Prec@1 93.750 (89.881)	Prec@5 100.000 (99.256)
Epoch: [39][40/50], lr: 0.00001	Time 0.567 (0.681)	Data 0.000 (0.116)	Loss 0.3138 (0.2713)	Prec@1 87.500 (89.329)	Prec@5 96.875 (98.704)
Test: [0/18]	Time 4.202 (4.202)	Loss 0.2107 (0.2107)	Prec@1 96.875 (96.875)	Prec@5 100.000 (100.000)
Testing Results: Prec@1 89.510 Prec@5 99.650 Loss 0.28658
Best Prec@1: 90.559

