ipn: 11 classes
storing name: TSM_ipn_RGB_resnet50_shift8_blockres_avg_segment8_e50_lr1e-03_gd20_npb_gp29

    Initializing TSN with base model: resnet50.
    TSN Configurations:
        input_modality:     RGB
        num_segments:       8
        new_length:         1
        consensus_module:   avg
        dropout_ratio:      0.5
        img_feature_dim:    256
            
=> base model: resnet50
Adding temporal shift...
=> n_segment per stage: [8, 8, 8, 8]
=> Processing stage with 3 blocks residual
=> Using fold div: 8
=> Using fold div: 8
=> Using fold div: 8
=> Processing stage with 4 blocks residual
=> Using fold div: 8
=> Using fold div: 8
=> Using fold div: 8
=> Using fold div: 8
=> Processing stage with 6 blocks residual
=> Using fold div: 8
=> Using fold div: 8
=> Using fold div: 8
=> Using fold div: 8
=> Using fold div: 8
=> Using fold div: 8
=> Processing stage with 3 blocks residual
=> Using fold div: 8
=> Using fold div: 8
=> Using fold div: 8
#################### NO FLIP!!!
video clips:1629
video clips:572
group: first_conv_weight has 1 params, lr_mult: 1, decay_mult: 1
group: first_conv_bias has 0 params, lr_mult: 2, decay_mult: 0
group: normal_weight has 52 params, lr_mult: 1, decay_mult: 1
group: normal_bias has 0 params, lr_mult: 2, decay_mult: 0
group: BN scale/shift has 106 params, lr_mult: 1, decay_mult: 0
group: custom_ops has 0 params, lr_mult: 1, decay_mult: 1
group: lr5_weight has 1 params, lr_mult: 5, decay_mult: 1
group: lr10_bias has 1 params, lr_mult: 10, decay_mult: 0
Epoch: [0][0/50], lr: 0.00100	Time 13.851 (13.851)	Data 3.930 (3.930)	Loss 2.3940 (2.3940)	Prec@1 9.375 (9.375)	Prec@5 53.125 (53.125)
Epoch: [0][20/50], lr: 0.00100	Time 0.525 (1.170)	Data 0.000 (0.187)	Loss 2.5925 (2.4758)	Prec@1 6.250 (9.673)	Prec@5 50.000 (44.345)
Epoch: [0][40/50], lr: 0.00100	Time 0.525 (0.856)	Data 0.000 (0.096)	Loss 2.4574 (2.5533)	Prec@1 6.250 (9.070)	Prec@5 50.000 (44.588)
Epoch: [1][0/50], lr: 0.00100	Time 5.228 (5.228)	Data 4.597 (4.597)	Loss 2.5277 (2.5277)	Prec@1 18.750 (18.750)	Prec@5 46.875 (46.875)
Epoch: [1][20/50], lr: 0.00100	Time 0.530 (0.797)	Data 0.000 (0.219)	Loss 2.5495 (2.4905)	Prec@1 6.250 (11.310)	Prec@5 46.875 (48.661)
Epoch: [1][40/50], lr: 0.00100	Time 0.526 (0.665)	Data 0.000 (0.112)	Loss 2.3158 (2.4690)	Prec@1 12.500 (11.890)	Prec@5 65.625 (50.305)
Test: [0/18]	Time 4.114 (4.114)	Loss 2.4024 (2.4024)	Prec@1 9.375 (9.375)	Prec@5 65.625 (65.625)
Testing Results: Prec@1 13.636 Prec@5 55.944 Loss 2.46349
Best Prec@1: 13.636

Epoch: [2][0/50], lr: 0.00100	Time 5.155 (5.155)	Data 4.086 (4.086)	Loss 2.4052 (2.4052)	Prec@1 12.500 (12.500)	Prec@5 62.500 (62.500)
Epoch: [2][20/50], lr: 0.00100	Time 0.527 (0.805)	Data 0.000 (0.195)	Loss 2.2193 (2.3462)	Prec@1 15.625 (17.560)	Prec@5 78.125 (59.970)
Epoch: [2][40/50], lr: 0.00100	Time 0.525 (0.670)	Data 0.000 (0.100)	Loss 2.5762 (2.3277)	Prec@1 15.625 (17.607)	Prec@5 43.750 (61.814)
Epoch: [3][0/50], lr: 0.00100	Time 5.324 (5.324)	Data 4.625 (4.625)	Loss 1.9002 (1.9002)	Prec@1 28.125 (28.125)	Prec@5 87.500 (87.500)
Epoch: [3][20/50], lr: 0.00100	Time 0.527 (0.800)	Data 0.000 (0.220)	Loss 2.1286 (2.1297)	Prec@1 21.875 (25.298)	Prec@5 68.750 (72.321)
Epoch: [3][40/50], lr: 0.00100	Time 0.527 (0.667)	Data 0.000 (0.113)	Loss 2.3047 (2.0568)	Prec@1 21.875 (27.287)	Prec@5 68.750 (75.152)
Test: [0/18]	Time 4.479 (4.479)	Loss 1.4237 (1.4237)	Prec@1 37.500 (37.500)	Prec@5 93.750 (93.750)
Testing Results: Prec@1 44.755 Prec@5 86.888 Loss 1.62800
Best Prec@1: 44.755

Epoch: [4][0/50], lr: 0.00100	Time 5.804 (5.804)	Data 4.977 (4.977)	Loss 1.9588 (1.9588)	Prec@1 37.500 (37.500)	Prec@5 75.000 (75.000)
Epoch: [4][20/50], lr: 0.00100	Time 0.527 (0.816)	Data 0.000 (0.237)	Loss 1.2500 (1.7737)	Prec@1 68.750 (33.631)	Prec@5 96.875 (84.673)
Epoch: [4][40/50], lr: 0.00100	Time 0.527 (0.675)	Data 0.000 (0.122)	Loss 1.6203 (1.7073)	Prec@1 40.625 (36.433)	Prec@5 81.250 (85.290)
Epoch: [5][0/50], lr: 0.00100	Time 4.959 (4.959)	Data 4.247 (4.247)	Loss 1.4543 (1.4543)	Prec@1 31.250 (31.250)	Prec@5 84.375 (84.375)
Epoch: [5][20/50], lr: 0.00100	Time 0.526 (0.800)	Data 0.000 (0.202)	Loss 1.2230 (1.4836)	Prec@1 56.250 (44.792)	Prec@5 93.750 (86.905)
Epoch: [5][40/50], lr: 0.00100	Time 0.528 (0.667)	Data 0.000 (0.104)	Loss 1.3535 (1.4625)	Prec@1 53.125 (45.655)	Prec@5 84.375 (87.881)
Test: [0/18]	Time 4.484 (4.484)	Loss 1.0197 (1.0197)	Prec@1 53.125 (53.125)	Prec@5 100.000 (100.000)
Testing Results: Prec@1 52.797 Prec@5 95.804 Loss 1.31472
Best Prec@1: 52.797

Epoch: [6][0/50], lr: 0.00100	Time 5.027 (5.027)	Data 4.347 (4.347)	Loss 1.5346 (1.5346)	Prec@1 31.250 (31.250)	Prec@5 90.625 (90.625)
Epoch: [6][20/50], lr: 0.00100	Time 0.532 (0.793)	Data 0.000 (0.207)	Loss 1.5615 (1.3554)	Prec@1 43.750 (49.405)	Prec@5 84.375 (90.923)
Epoch: [6][40/50], lr: 0.00100	Time 0.530 (0.664)	Data 0.000 (0.106)	Loss 0.9095 (1.3123)	Prec@1 59.375 (50.534)	Prec@5 93.750 (91.387)
Epoch: [7][0/50], lr: 0.00100	Time 5.323 (5.323)	Data 4.476 (4.476)	Loss 1.1627 (1.1627)	Prec@1 62.500 (62.500)	Prec@5 93.750 (93.750)
Epoch: [7][20/50], lr: 0.00100	Time 0.524 (0.810)	Data 0.000 (0.225)	Loss 0.6971 (1.2308)	Prec@1 81.250 (53.720)	Prec@5 96.875 (90.774)
Epoch: [7][40/50], lr: 0.00100	Time 0.528 (0.672)	Data 0.000 (0.115)	Loss 1.0942 (1.1892)	Prec@1 56.250 (55.412)	Prec@5 100.000 (92.073)
Test: [0/18]	Time 4.788 (4.788)	Loss 0.5028 (0.5028)	Prec@1 75.000 (75.000)	Prec@5 100.000 (100.000)
Testing Results: Prec@1 67.308 Prec@5 97.028 Loss 0.87998
Best Prec@1: 67.308

Epoch: [8][0/50], lr: 0.00100	Time 4.627 (4.627)	Data 3.960 (3.960)	Loss 1.0742 (1.0742)	Prec@1 71.875 (71.875)	Prec@5 93.750 (93.750)
Epoch: [8][20/50], lr: 0.00100	Time 0.525 (0.808)	Data 0.000 (0.231)	Loss 0.8548 (1.0616)	Prec@1 62.500 (60.714)	Prec@5 100.000 (94.345)
Epoch: [8][40/50], lr: 0.00100	Time 0.529 (0.672)	Data 0.000 (0.118)	Loss 1.1129 (1.0579)	Prec@1 56.250 (61.128)	Prec@5 90.625 (94.284)
Epoch: [9][0/50], lr: 0.00100	Time 5.672 (5.672)	Data 4.979 (4.979)	Loss 0.6738 (0.6738)	Prec@1 78.125 (78.125)	Prec@5 100.000 (100.000)
Epoch: [9][20/50], lr: 0.00100	Time 0.526 (0.814)	Data 0.000 (0.237)	Loss 1.2837 (1.0234)	Prec@1 46.875 (61.012)	Prec@5 90.625 (93.899)
Epoch: [9][40/50], lr: 0.00100	Time 0.526 (0.674)	Data 0.000 (0.122)	Loss 1.0240 (1.0648)	Prec@1 65.625 (59.070)	Prec@5 96.875 (94.817)
Test: [0/18]	Time 4.445 (4.445)	Loss 0.5909 (0.5909)	Prec@1 71.875 (71.875)	Prec@5 100.000 (100.000)
Testing Results: Prec@1 63.462 Prec@5 96.853 Loss 1.00326
Best Prec@1: 67.308

Epoch: [10][0/50], lr: 0.00100	Time 5.611 (5.611)	Data 4.900 (4.900)	Loss 1.0807 (1.0807)	Prec@1 53.125 (53.125)	Prec@5 93.750 (93.750)
Epoch: [10][20/50], lr: 0.00100	Time 0.530 (0.810)	Data 0.000 (0.234)	Loss 1.2035 (0.9225)	Prec@1 50.000 (65.327)	Prec@5 87.500 (94.494)
Epoch: [10][40/50], lr: 0.00100	Time 0.531 (0.673)	Data 0.000 (0.120)	Loss 0.9952 (0.9389)	Prec@1 56.250 (64.101)	Prec@5 96.875 (94.360)
Epoch: [11][0/50], lr: 0.00100	Time 4.664 (4.664)	Data 3.939 (3.939)	Loss 0.7407 (0.7407)	Prec@1 68.750 (68.750)	Prec@5 96.875 (96.875)
Epoch: [11][20/50], lr: 0.00100	Time 0.528 (0.814)	Data 0.000 (0.233)	Loss 0.8332 (0.9525)	Prec@1 68.750 (64.881)	Prec@5 93.750 (94.196)
Epoch: [11][40/50], lr: 0.00100	Time 0.527 (0.674)	Data 0.000 (0.120)	Loss 1.3958 (0.9251)	Prec@1 53.125 (65.930)	Prec@5 84.375 (94.284)
Test: [0/18]	Time 4.292 (4.292)	Loss 0.3446 (0.3446)	Prec@1 81.250 (81.250)	Prec@5 100.000 (100.000)
Testing Results: Prec@1 69.930 Prec@5 97.727 Loss 0.81565
Best Prec@1: 69.930

Epoch: [12][0/50], lr: 0.00100	Time 5.744 (5.744)	Data 4.990 (4.990)	Loss 0.7042 (0.7042)	Prec@1 75.000 (75.000)	Prec@5 96.875 (96.875)
Epoch: [12][20/50], lr: 0.00100	Time 0.529 (0.814)	Data 0.000 (0.238)	Loss 1.0573 (0.9372)	Prec@1 56.250 (63.839)	Prec@5 96.875 (93.750)
Epoch: [12][40/50], lr: 0.00100	Time 0.530 (0.674)	Data 0.000 (0.122)	Loss 0.7436 (0.9025)	Prec@1 78.125 (65.091)	Prec@5 100.000 (94.436)
Epoch: [13][0/50], lr: 0.00100	Time 5.843 (5.843)	Data 5.219 (5.219)	Loss 0.6791 (0.6791)	Prec@1 78.125 (78.125)	Prec@5 96.875 (96.875)
Epoch: [13][20/50], lr: 0.00100	Time 0.527 (0.822)	Data 0.000 (0.249)	Loss 0.5658 (0.7983)	Prec@1 78.125 (69.048)	Prec@5 100.000 (96.577)
Epoch: [13][40/50], lr: 0.00100	Time 0.531 (0.678)	Data 0.000 (0.127)	Loss 0.8732 (0.7787)	Prec@1 65.625 (69.436)	Prec@5 90.625 (96.265)
Test: [0/18]	Time 4.166 (4.166)	Loss 0.4331 (0.4331)	Prec@1 71.875 (71.875)	Prec@5 100.000 (100.000)
Testing Results: Prec@1 63.462 Prec@5 97.902 Loss 1.10016
Best Prec@1: 69.930

Epoch: [14][0/50], lr: 0.00100	Time 5.542 (5.542)	Data 4.873 (4.873)	Loss 0.6451 (0.6451)	Prec@1 75.000 (75.000)	Prec@5 96.875 (96.875)
Epoch: [14][20/50], lr: 0.00100	Time 0.524 (0.807)	Data 0.000 (0.233)	Loss 0.8156 (0.7432)	Prec@1 75.000 (71.131)	Prec@5 96.875 (95.833)
Epoch: [14][40/50], lr: 0.00100	Time 0.527 (0.671)	Data 0.000 (0.119)	Loss 0.4263 (0.7604)	Prec@1 81.250 (69.512)	Prec@5 100.000 (95.808)
Epoch: [15][0/50], lr: 0.00100	Time 5.757 (5.757)	Data 5.041 (5.041)	Loss 0.9306 (0.9306)	Prec@1 59.375 (59.375)	Prec@5 93.750 (93.750)
Epoch: [15][20/50], lr: 0.00100	Time 0.527 (0.819)	Data 0.000 (0.240)	Loss 1.0028 (0.8234)	Prec@1 65.625 (67.708)	Prec@5 93.750 (95.536)
Epoch: [15][40/50], lr: 0.00100	Time 0.527 (0.677)	Data 0.000 (0.123)	Loss 0.7389 (0.7832)	Prec@1 65.625 (69.207)	Prec@5 90.625 (95.579)
Test: [0/18]	Time 4.773 (4.773)	Loss 0.4930 (0.4930)	Prec@1 81.250 (81.250)	Prec@5 100.000 (100.000)
Testing Results: Prec@1 71.503 Prec@5 98.252 Loss 0.78479
Best Prec@1: 71.503

Epoch: [16][0/50], lr: 0.00100	Time 4.359 (4.359)	Data 3.623 (3.623)	Loss 1.1653 (1.1653)	Prec@1 53.125 (53.125)	Prec@5 87.500 (87.500)
Epoch: [16][20/50], lr: 0.00100	Time 0.525 (0.805)	Data 0.000 (0.225)	Loss 1.0807 (0.6846)	Prec@1 65.625 (73.512)	Prec@5 93.750 (95.685)
Epoch: [16][40/50], lr: 0.00100	Time 0.526 (0.670)	Data 0.000 (0.115)	Loss 0.5164 (0.7485)	Prec@1 81.250 (70.579)	Prec@5 100.000 (95.732)
Epoch: [17][0/50], lr: 0.00100	Time 4.641 (4.641)	Data 3.844 (3.844)	Loss 0.4199 (0.4199)	Prec@1 81.250 (81.250)	Prec@5 100.000 (100.000)
Epoch: [17][20/50], lr: 0.00100	Time 0.526 (0.791)	Data 0.000 (0.194)	Loss 0.4985 (0.6903)	Prec@1 84.375 (73.214)	Prec@5 96.875 (95.982)
Epoch: [17][40/50], lr: 0.00100	Time 0.525 (0.662)	Data 0.000 (0.099)	Loss 1.2502 (0.7242)	Prec@1 56.250 (72.180)	Prec@5 87.500 (96.037)
Test: [0/18]	Time 4.220 (4.220)	Loss 0.3899 (0.3899)	Prec@1 81.250 (81.250)	Prec@5 100.000 (100.000)
Testing Results: Prec@1 74.301 Prec@5 97.727 Loss 0.78974
Best Prec@1: 74.301

Epoch: [18][0/50], lr: 0.00100	Time 5.117 (5.117)	Data 4.383 (4.383)	Loss 0.5856 (0.5856)	Prec@1 75.000 (75.000)	Prec@5 96.875 (96.875)
Epoch: [18][20/50], lr: 0.00100	Time 0.528 (0.804)	Data 0.000 (0.210)	Loss 0.6065 (0.7335)	Prec@1 78.125 (73.065)	Prec@5 96.875 (95.238)
Epoch: [18][40/50], lr: 0.00100	Time 0.527 (0.669)	Data 0.000 (0.108)	Loss 0.5692 (0.7161)	Prec@1 71.875 (72.256)	Prec@5 96.875 (95.579)
Epoch: [19][0/50], lr: 0.00100	Time 4.721 (4.721)	Data 3.893 (3.893)	Loss 0.9158 (0.9158)	Prec@1 59.375 (59.375)	Prec@5 100.000 (100.000)
Epoch: [19][20/50], lr: 0.00100	Time 0.527 (0.804)	Data 0.000 (0.223)	Loss 0.5220 (0.6965)	Prec@1 84.375 (74.405)	Prec@5 96.875 (96.429)
Epoch: [19][40/50], lr: 0.00100	Time 0.530 (0.670)	Data 0.000 (0.114)	Loss 0.9269 (0.7002)	Prec@1 62.500 (73.018)	Prec@5 87.500 (96.113)
Test: [0/18]	Time 4.667 (4.667)	Loss 0.2768 (0.2768)	Prec@1 84.375 (84.375)	Prec@5 100.000 (100.000)
Testing Results: Prec@1 75.350 Prec@5 98.951 Loss 0.69297
Best Prec@1: 75.350

Epoch: [20][0/50], lr: 0.00010	Time 5.368 (5.368)	Data 4.548 (4.548)	Loss 0.3970 (0.3970)	Prec@1 87.500 (87.500)	Prec@5 100.000 (100.000)
Epoch: [20][20/50], lr: 0.00010	Time 0.530 (0.805)	Data 0.000 (0.217)	Loss 0.6646 (0.6201)	Prec@1 78.125 (78.423)	Prec@5 96.875 (96.726)
Epoch: [20][40/50], lr: 0.00010	Time 0.527 (0.670)	Data 0.000 (0.111)	Loss 0.4642 (0.5611)	Prec@1 84.375 (79.649)	Prec@5 100.000 (97.180)
Epoch: [21][0/50], lr: 0.00010	Time 5.446 (5.446)	Data 4.584 (4.584)	Loss 0.9901 (0.9901)	Prec@1 68.750 (68.750)	Prec@5 87.500 (87.500)
Epoch: [21][20/50], lr: 0.00010	Time 0.526 (0.809)	Data 0.000 (0.218)	Loss 0.5656 (0.6237)	Prec@1 81.250 (77.381)	Prec@5 93.750 (95.685)
Epoch: [21][40/50], lr: 0.00010	Time 0.528 (0.672)	Data 0.000 (0.112)	Loss 0.5339 (0.6017)	Prec@1 81.250 (77.515)	Prec@5 93.750 (96.189)
Test: [0/18]	Time 4.136 (4.136)	Loss 0.2869 (0.2869)	Prec@1 90.625 (90.625)	Prec@5 100.000 (100.000)
Testing Results: Prec@1 75.524 Prec@5 98.951 Loss 0.67655
Best Prec@1: 75.524

Epoch: [22][0/50], lr: 0.00010	Time 5.135 (5.135)	Data 4.361 (4.361)	Loss 0.5693 (0.5693)	Prec@1 71.875 (71.875)	Prec@5 93.750 (93.750)
Epoch: [22][20/50], lr: 0.00010	Time 0.531 (0.803)	Data 0.000 (0.208)	Loss 0.4676 (0.5626)	Prec@1 84.375 (79.464)	Prec@5 96.875 (97.470)
Epoch: [22][40/50], lr: 0.00010	Time 0.528 (0.669)	Data 0.000 (0.107)	Loss 0.6220 (0.5505)	Prec@1 71.875 (78.887)	Prec@5 96.875 (97.332)
Epoch: [23][0/50], lr: 0.00010	Time 5.020 (5.020)	Data 4.223 (4.223)	Loss 0.5199 (0.5199)	Prec@1 81.250 (81.250)	Prec@5 96.875 (96.875)
Epoch: [23][20/50], lr: 0.00010	Time 0.527 (0.803)	Data 0.000 (0.202)	Loss 0.7106 (0.6085)	Prec@1 65.625 (77.381)	Prec@5 100.000 (95.982)
Epoch: [23][40/50], lr: 0.00010	Time 0.528 (0.669)	Data 0.000 (0.103)	Loss 0.7976 (0.6010)	Prec@1 71.875 (77.591)	Prec@5 96.875 (95.960)
Test: [0/18]	Time 4.200 (4.200)	Loss 0.3016 (0.3016)	Prec@1 84.375 (84.375)	Prec@5 100.000 (100.000)
Testing Results: Prec@1 75.874 Prec@5 98.776 Loss 0.62213
Best Prec@1: 75.874

Epoch: [24][0/50], lr: 0.00010	Time 5.952 (5.952)	Data 5.195 (5.195)	Loss 0.5356 (0.5356)	Prec@1 81.250 (81.250)	Prec@5 100.000 (100.000)
Epoch: [24][20/50], lr: 0.00010	Time 0.529 (0.818)	Data 0.000 (0.248)	Loss 0.4242 (0.4889)	Prec@1 84.375 (83.631)	Prec@5 96.875 (97.470)
Epoch: [24][40/50], lr: 0.00010	Time 0.524 (0.676)	Data 0.000 (0.127)	Loss 0.6260 (0.5253)	Prec@1 78.125 (82.088)	Prec@5 96.875 (96.646)
Epoch: [25][0/50], lr: 0.00010	Time 4.985 (4.985)	Data 4.157 (4.157)	Loss 0.5627 (0.5627)	Prec@1 81.250 (81.250)	Prec@5 100.000 (100.000)
Epoch: [25][20/50], lr: 0.00010	Time 0.527 (0.800)	Data 0.000 (0.198)	Loss 0.5753 (0.5640)	Prec@1 71.875 (78.571)	Prec@5 100.000 (96.577)
Epoch: [25][40/50], lr: 0.00010	Time 0.532 (0.668)	Data 0.000 (0.102)	Loss 0.5190 (0.5628)	Prec@1 81.250 (78.963)	Prec@5 93.750 (97.027)
Test: [0/18]	Time 4.331 (4.331)	Loss 0.2483 (0.2483)	Prec@1 84.375 (84.375)	Prec@5 100.000 (100.000)
Testing Results: Prec@1 76.923 Prec@5 99.126 Loss 0.60778
Best Prec@1: 76.923

Epoch: [26][0/50], lr: 0.00010	Time 5.929 (5.929)	Data 5.246 (5.246)	Loss 0.5010 (0.5010)	Prec@1 81.250 (81.250)	Prec@5 96.875 (96.875)
Epoch: [26][20/50], lr: 0.00010	Time 0.530 (0.820)	Data 0.000 (0.250)	Loss 0.5457 (0.5175)	Prec@1 84.375 (81.845)	Prec@5 100.000 (97.768)
Epoch: [26][40/50], lr: 0.00010	Time 0.527 (0.677)	Data 0.000 (0.128)	Loss 0.5127 (0.5267)	Prec@1 71.875 (82.012)	Prec@5 100.000 (97.637)
Epoch: [27][0/50], lr: 0.00010	Time 5.898 (5.898)	Data 5.167 (5.167)	Loss 0.7763 (0.7763)	Prec@1 71.875 (71.875)	Prec@5 93.750 (93.750)
Epoch: [27][20/50], lr: 0.00010	Time 0.529 (0.822)	Data 0.000 (0.246)	Loss 0.7200 (0.5812)	Prec@1 78.125 (79.315)	Prec@5 93.750 (95.536)
Epoch: [27][40/50], lr: 0.00010	Time 0.528 (0.679)	Data 0.000 (0.126)	Loss 0.6156 (0.5741)	Prec@1 75.000 (78.506)	Prec@5 100.000 (96.723)
Test: [0/18]	Time 4.650 (4.650)	Loss 0.2373 (0.2373)	Prec@1 90.625 (90.625)	Prec@5 100.000 (100.000)
Testing Results: Prec@1 76.224 Prec@5 98.951 Loss 0.64790
Best Prec@1: 76.923

Epoch: [28][0/50], lr: 0.00010	Time 5.628 (5.628)	Data 4.860 (4.860)	Loss 0.5822 (0.5822)	Prec@1 84.375 (84.375)	Prec@5 100.000 (100.000)
Epoch: [28][20/50], lr: 0.00010	Time 0.527 (0.806)	Data 0.000 (0.232)	Loss 0.6343 (0.5413)	Prec@1 71.875 (80.208)	Prec@5 93.750 (96.429)
Epoch: [28][40/50], lr: 0.00010	Time 0.529 (0.670)	Data 0.000 (0.119)	Loss 0.5750 (0.5609)	Prec@1 75.000 (79.345)	Prec@5 96.875 (96.494)
Epoch: [29][0/50], lr: 0.00010	Time 5.683 (5.683)	Data 4.944 (4.944)	Loss 0.6035 (0.6035)	Prec@1 75.000 (75.000)	Prec@5 96.875 (96.875)
Epoch: [29][20/50], lr: 0.00010	Time 0.523 (0.813)	Data 0.000 (0.236)	Loss 0.3361 (0.5631)	Prec@1 87.500 (80.060)	Prec@5 100.000 (96.429)
Epoch: [29][40/50], lr: 0.00010	Time 0.531 (0.674)	Data 0.000 (0.121)	Loss 0.5523 (0.5535)	Prec@1 81.250 (79.497)	Prec@5 90.625 (96.570)
Test: [0/18]	Time 4.816 (4.816)	Loss 0.2334 (0.2334)	Prec@1 87.500 (87.500)	Prec@5 100.000 (100.000)
Testing Results: Prec@1 77.098 Prec@5 99.126 Loss 0.63008
Best Prec@1: 77.098

Epoch: [30][0/50], lr: 0.00010	Time 4.860 (4.860)	Data 4.147 (4.147)	Loss 0.4691 (0.4691)	Prec@1 84.375 (84.375)	Prec@5 96.875 (96.875)
Epoch: [30][20/50], lr: 0.00010	Time 0.527 (0.801)	Data 0.000 (0.218)	Loss 0.5184 (0.5593)	Prec@1 87.500 (79.762)	Prec@5 96.875 (97.173)
Epoch: [30][40/50], lr: 0.00010	Time 0.526 (0.668)	Data 0.000 (0.112)	Loss 0.6178 (0.5250)	Prec@1 68.750 (81.250)	Prec@5 93.750 (97.180)
Epoch: [31][0/50], lr: 0.00010	Time 5.630 (5.630)	Data 4.875 (4.875)	Loss 0.4060 (0.4060)	Prec@1 90.625 (90.625)	Prec@5 96.875 (96.875)
Epoch: [31][20/50], lr: 0.00010	Time 0.527 (0.817)	Data 0.000 (0.232)	Loss 0.4919 (0.6033)	Prec@1 84.375 (78.571)	Prec@5 96.875 (96.131)
Epoch: [31][40/50], lr: 0.00010	Time 0.530 (0.677)	Data 0.000 (0.119)	Loss 0.5981 (0.5512)	Prec@1 75.000 (80.183)	Prec@5 96.875 (96.875)
Test: [0/18]	Time 4.236 (4.236)	Loss 0.2330 (0.2330)	Prec@1 90.625 (90.625)	Prec@5 100.000 (100.000)
Testing Results: Prec@1 77.448 Prec@5 99.126 Loss 0.63646
Best Prec@1: 77.448

Epoch: [32][0/50], lr: 0.00010	Time 4.993 (4.993)	Data 4.142 (4.142)	Loss 0.3934 (0.3934)	Prec@1 81.250 (81.250)	Prec@5 100.000 (100.000)
Epoch: [32][20/50], lr: 0.00010	Time 0.526 (0.799)	Data 0.000 (0.210)	Loss 0.5617 (0.5283)	Prec@1 78.125 (80.208)	Prec@5 96.875 (97.024)
Epoch: [32][40/50], lr: 0.00010	Time 0.525 (0.667)	Data 0.000 (0.108)	Loss 0.5491 (0.5230)	Prec@1 75.000 (80.716)	Prec@5 96.875 (97.104)
Epoch: [33][0/50], lr: 0.00010	Time 5.536 (5.536)	Data 4.765 (4.765)	Loss 0.4605 (0.4605)	Prec@1 90.625 (90.625)	Prec@5 100.000 (100.000)
Epoch: [33][20/50], lr: 0.00010	Time 0.530 (0.809)	Data 0.000 (0.228)	Loss 0.4928 (0.5224)	Prec@1 81.250 (80.655)	Prec@5 96.875 (96.726)
Epoch: [33][40/50], lr: 0.00010	Time 0.527 (0.672)	Data 0.000 (0.117)	Loss 0.5740 (0.5349)	Prec@1 81.250 (80.259)	Prec@5 96.875 (96.646)
Test: [0/18]	Time 4.414 (4.414)	Loss 0.2533 (0.2533)	Prec@1 90.625 (90.625)	Prec@5 100.000 (100.000)
Testing Results: Prec@1 76.049 Prec@5 98.951 Loss 0.70444
Best Prec@1: 77.448

Epoch: [34][0/50], lr: 0.00010	Time 4.627 (4.627)	Data 3.936 (3.936)	Loss 0.6330 (0.6330)	Prec@1 71.875 (71.875)	Prec@5 96.875 (96.875)
Epoch: [34][20/50], lr: 0.00010	Time 0.527 (0.788)	Data 0.000 (0.189)	Loss 0.4243 (0.5262)	Prec@1 81.250 (78.274)	Prec@5 96.875 (97.321)
Epoch: [34][40/50], lr: 0.00010	Time 0.528 (0.661)	Data 0.000 (0.097)	Loss 0.4349 (0.5501)	Prec@1 84.375 (77.744)	Prec@5 96.875 (96.799)
Epoch: [35][0/50], lr: 0.00010	Time 4.331 (4.331)	Data 3.537 (3.537)	Loss 0.4428 (0.4428)	Prec@1 84.375 (84.375)	Prec@5 100.000 (100.000)
Epoch: [35][20/50], lr: 0.00010	Time 0.528 (0.798)	Data 0.000 (0.207)	Loss 0.5980 (0.5112)	Prec@1 78.125 (80.952)	Prec@5 96.875 (97.321)
Epoch: [35][40/50], lr: 0.00010	Time 0.531 (0.667)	Data 0.000 (0.106)	Loss 0.6058 (0.5323)	Prec@1 78.125 (80.030)	Prec@5 93.750 (96.875)
Test: [0/18]	Time 4.657 (4.657)	Loss 0.2588 (0.2588)	Prec@1 84.375 (84.375)	Prec@5 100.000 (100.000)
Testing Results: Prec@1 74.126 Prec@5 98.601 Loss 0.69143
Best Prec@1: 77.448

Epoch: [36][0/50], lr: 0.00010	Time 5.186 (5.186)	Data 4.474 (4.474)	Loss 0.6498 (0.6498)	Prec@1 68.750 (68.750)	Prec@5 90.625 (90.625)
Epoch: [36][20/50], lr: 0.00010	Time 0.525 (0.796)	Data 0.000 (0.213)	Loss 0.5993 (0.5507)	Prec@1 84.375 (80.060)	Prec@5 96.875 (96.726)
Epoch: [36][40/50], lr: 0.00010	Time 0.527 (0.665)	Data 0.000 (0.109)	Loss 0.3244 (0.5240)	Prec@1 93.750 (80.183)	Prec@5 100.000 (97.180)
Epoch: [37][0/50], lr: 0.00010	Time 5.557 (5.557)	Data 4.701 (4.701)	Loss 0.2974 (0.2974)	Prec@1 93.750 (93.750)	Prec@5 96.875 (96.875)
Epoch: [37][20/50], lr: 0.00010	Time 0.532 (0.819)	Data 0.000 (0.230)	Loss 0.4129 (0.5260)	Prec@1 87.500 (80.357)	Prec@5 100.000 (96.577)
Epoch: [37][40/50], lr: 0.00010	Time 0.530 (0.677)	Data 0.000 (0.118)	Loss 0.4701 (0.5175)	Prec@1 84.375 (80.945)	Prec@5 96.875 (96.570)
Test: [0/18]	Time 4.182 (4.182)	Loss 0.2349 (0.2349)	Prec@1 90.625 (90.625)	Prec@5 100.000 (100.000)
Testing Results: Prec@1 76.748 Prec@5 98.951 Loss 0.66229
Best Prec@1: 77.448

Epoch: [38][0/50], lr: 0.00010	Time 4.446 (4.446)	Data 3.837 (3.837)	Loss 0.3335 (0.3335)	Prec@1 90.625 (90.625)	Prec@5 100.000 (100.000)
Epoch: [38][20/50], lr: 0.00010	Time 0.529 (0.781)	Data 0.000 (0.183)	Loss 0.6204 (0.4984)	Prec@1 75.000 (80.952)	Prec@5 93.750 (96.726)
Epoch: [38][40/50], lr: 0.00010	Time 0.531 (0.658)	Data 0.000 (0.094)	Loss 0.5113 (0.5055)	Prec@1 87.500 (80.869)	Prec@5 93.750 (96.799)
Epoch: [39][0/50], lr: 0.00010	Time 4.647 (4.647)	Data 3.832 (3.832)	Loss 0.4008 (0.4008)	Prec@1 84.375 (84.375)	Prec@5 100.000 (100.000)
Epoch: [39][20/50], lr: 0.00010	Time 0.530 (0.793)	Data 0.000 (0.183)	Loss 0.6224 (0.4893)	Prec@1 75.000 (81.548)	Prec@5 93.750 (97.917)
Epoch: [39][40/50], lr: 0.00010	Time 0.525 (0.664)	Data 0.000 (0.094)	Loss 0.5455 (0.5014)	Prec@1 78.125 (81.402)	Prec@5 100.000 (97.485)
Test: [0/18]	Time 4.650 (4.650)	Loss 0.2579 (0.2579)	Prec@1 87.500 (87.500)	Prec@5 100.000 (100.000)
Testing Results: Prec@1 77.273 Prec@5 98.951 Loss 0.62309
Best Prec@1: 77.448

Epoch: [40][0/50], lr: 0.00001	Time 5.999 (5.999)	Data 5.285 (5.285)	Loss 0.4126 (0.4126)	Prec@1 90.625 (90.625)	Prec@5 100.000 (100.000)
Epoch: [40][20/50], lr: 0.00001	Time 0.528 (0.830)	Data 0.000 (0.253)	Loss 0.4900 (0.5171)	Prec@1 81.250 (80.804)	Prec@5 96.875 (97.321)
Epoch: [40][40/50], lr: 0.00001	Time 0.527 (0.682)	Data 0.000 (0.130)	Loss 0.5457 (0.5131)	Prec@1 81.250 (80.793)	Prec@5 96.875 (96.875)
Epoch: [41][0/50], lr: 0.00001	Time 5.222 (5.222)	Data 4.405 (4.405)	Loss 0.6469 (0.6469)	Prec@1 68.750 (68.750)	Prec@5 93.750 (93.750)
Epoch: [41][20/50], lr: 0.00001	Time 0.525 (0.805)	Data 0.000 (0.211)	Loss 0.6741 (0.5143)	Prec@1 68.750 (80.655)	Prec@5 96.875 (96.726)
Epoch: [41][40/50], lr: 0.00001	Time 0.526 (0.670)	Data 0.000 (0.108)	Loss 0.4027 (0.5176)	Prec@1 90.625 (80.488)	Prec@5 93.750 (96.646)
Test: [0/18]	Time 4.640 (4.640)	Loss 0.2460 (0.2460)	Prec@1 90.625 (90.625)	Prec@5 100.000 (100.000)
Testing Results: Prec@1 75.699 Prec@5 98.951 Loss 0.67953
Best Prec@1: 77.448

Epoch: [42][0/50], lr: 0.00001	Time 5.906 (5.906)	Data 5.283 (5.283)	Loss 0.4862 (0.4862)	Prec@1 84.375 (84.375)	Prec@5 96.875 (96.875)
Epoch: [42][20/50], lr: 0.00001	Time 0.528 (0.818)	Data 0.000 (0.252)	Loss 0.4189 (0.5082)	Prec@1 84.375 (82.143)	Prec@5 96.875 (97.173)
Epoch: [42][40/50], lr: 0.00001	Time 0.530 (0.677)	Data 0.000 (0.129)	Loss 0.6099 (0.5039)	Prec@1 78.125 (82.546)	Prec@5 96.875 (97.180)
Epoch: [43][0/50], lr: 0.00001	Time 5.339 (5.339)	Data 4.613 (4.613)	Loss 0.6975 (0.6975)	Prec@1 78.125 (78.125)	Prec@5 100.000 (100.000)
Epoch: [43][20/50], lr: 0.00001	Time 0.529 (0.809)	Data 0.000 (0.220)	Loss 0.5715 (0.5177)	Prec@1 81.250 (81.696)	Prec@5 93.750 (97.619)
Epoch: [43][40/50], lr: 0.00001	Time 0.527 (0.672)	Data 0.000 (0.113)	Loss 0.4236 (0.4941)	Prec@1 75.000 (82.622)	Prec@5 100.000 (97.180)
Test: [0/18]	Time 4.318 (4.318)	Loss 0.2551 (0.2551)	Prec@1 87.500 (87.500)	Prec@5 100.000 (100.000)
Testing Results: Prec@1 76.049 Prec@5 98.951 Loss 0.64977
Best Prec@1: 77.448

Epoch: [44][0/50], lr: 0.00001	Time 4.334 (4.334)	Data 3.540 (3.540)	Loss 0.5586 (0.5586)	Prec@1 71.875 (71.875)	Prec@5 100.000 (100.000)
Epoch: [44][20/50], lr: 0.00001	Time 0.528 (0.787)	Data 0.000 (0.192)	Loss 0.7267 (0.5113)	Prec@1 71.875 (80.952)	Prec@5 96.875 (97.619)
Epoch: [44][40/50], lr: 0.00001	Time 0.527 (0.661)	Data 0.000 (0.098)	Loss 0.5235 (0.4832)	Prec@1 87.500 (82.774)	Prec@5 93.750 (97.561)
Epoch: [45][0/50], lr: 0.00001	Time 5.762 (5.762)	Data 5.159 (5.159)	Loss 0.4433 (0.4433)	Prec@1 81.250 (81.250)	Prec@5 100.000 (100.000)
Epoch: [45][20/50], lr: 0.00001	Time 0.529 (0.815)	Data 0.000 (0.246)	Loss 0.9668 (0.5252)	Prec@1 53.125 (80.804)	Prec@5 90.625 (95.685)
Epoch: [45][40/50], lr: 0.00001	Time 0.528 (0.676)	Data 0.000 (0.126)	Loss 0.3901 (0.5227)	Prec@1 81.250 (80.412)	Prec@5 100.000 (95.884)
Test: [0/18]	Time 4.520 (4.520)	Loss 0.2360 (0.2360)	Prec@1 87.500 (87.500)	Prec@5 100.000 (100.000)
Testing Results: Prec@1 76.224 Prec@5 98.776 Loss 0.65912
Best Prec@1: 77.448

Epoch: [46][0/50], lr: 0.00001	Time 5.744 (5.744)	Data 5.121 (5.121)	Loss 0.9219 (0.9219)	Prec@1 65.625 (65.625)	Prec@5 84.375 (84.375)
Epoch: [46][20/50], lr: 0.00001	Time 0.528 (0.819)	Data 0.000 (0.245)	Loss 0.5415 (0.5605)	Prec@1 81.250 (79.613)	Prec@5 96.875 (96.280)
Epoch: [46][40/50], lr: 0.00001	Time 0.528 (0.677)	Data 0.000 (0.125)	Loss 0.6693 (0.5205)	Prec@1 81.250 (81.326)	Prec@5 90.625 (96.494)
Epoch: [47][0/50], lr: 0.00001	Time 5.078 (5.078)	Data 4.386 (4.386)	Loss 0.6436 (0.6436)	Prec@1 65.625 (65.625)	Prec@5 93.750 (93.750)
Epoch: [47][20/50], lr: 0.00001	Time 0.530 (0.810)	Data 0.000 (0.229)	Loss 0.3119 (0.4930)	Prec@1 87.500 (84.524)	Prec@5 100.000 (97.173)
Epoch: [47][40/50], lr: 0.00001	Time 0.527 (0.672)	Data 0.000 (0.117)	Loss 0.2794 (0.4892)	Prec@1 90.625 (83.384)	Prec@5 100.000 (96.951)
Test: [0/18]	Time 4.170 (4.170)	Loss 0.2325 (0.2325)	Prec@1 84.375 (84.375)	Prec@5 100.000 (100.000)
Testing Results: Prec@1 76.748 Prec@5 98.252 Loss 0.65200
Best Prec@1: 77.448

Epoch: [48][0/50], lr: 0.00001	Time 5.182 (5.182)	Data 4.353 (4.353)	Loss 0.5154 (0.5154)	Prec@1 75.000 (75.000)	Prec@5 96.875 (96.875)
Epoch: [48][20/50], lr: 0.00001	Time 0.527 (0.804)	Data 0.000 (0.222)	Loss 0.4767 (0.5102)	Prec@1 84.375 (81.994)	Prec@5 93.750 (96.280)
Epoch: [48][40/50], lr: 0.00001	Time 0.528 (0.669)	Data 0.000 (0.114)	Loss 0.3993 (0.5227)	Prec@1 87.500 (81.326)	Prec@5 100.000 (96.494)
Epoch: [49][0/50], lr: 0.00001	Time 5.124 (5.124)	Data 4.278 (4.278)	Loss 0.5422 (0.5422)	Prec@1 81.250 (81.250)	Prec@5 96.875 (96.875)
Epoch: [49][20/50], lr: 0.00001	Time 0.528 (0.791)	Data 0.000 (0.205)	Loss 0.6016 (0.4687)	Prec@1 81.250 (83.482)	Prec@5 96.875 (96.875)
Epoch: [49][40/50], lr: 0.00001	Time 0.528 (0.663)	Data 0.000 (0.105)	Loss 0.7051 (0.4738)	Prec@1 62.500 (83.155)	Prec@5 100.000 (97.332)
Test: [0/18]	Time 4.735 (4.735)	Loss 0.2607 (0.2607)	Prec@1 81.250 (81.250)	Prec@5 100.000 (100.000)
Testing Results: Prec@1 76.049 Prec@5 98.252 Loss 0.66869
Best Prec@1: 77.448

