ipn: 14 classes
storing name: TSM_ipn14_RGB-flo_resnet50_shift8_blockres_avg_segment8_e40_lr5e-04_tuned_gp30
creating folder log/TSM_ipn14_RGB-flo_resnet50_shift8_blockres_avg_segment8_e40_lr5e-04_tuned_gp30
creating folder checkpoint/TSM_ipn14_RGB-flo_resnet50_shift8_blockres_avg_segment8_e40_lr5e-04_tuned_gp30

    Initializing TSN with base model: resnet50.
    TSN Configurations:
        input_modality:     RGB-flo
        num_segments:       8
        new_length:         5
        consensus_module:   avg
        dropout_ratio:      0.5
        img_feature_dim:    256

=> base model: resnet50
Adding temporal shift...
=> n_segment per stage: [8, 8, 8, 8]
=> Processing stage with 3 blocks residual
=> Using fold div: 8
=> Using fold div: 8
=> Using fold div: 8
=> Processing stage with 4 blocks residual
=> Using fold div: 8
=> Using fold div: 8
=> Using fold div: 8
=> Using fold div: 8
=> Processing stage with 6 blocks residual
=> Using fold div: 8
=> Using fold div: 8
=> Using fold div: 8
=> Using fold div: 8
=> Using fold div: 8
=> Using fold div: 8
=> Processing stage with 3 blocks residual
=> Using fold div: 8
=> Using fold div: 8
=> Using fold div: 8
#################### NO FLIP!!!
=> fine-tuning from 'checkpoint/TSM_jester_RGB_resnet50_shift8_blockres_avg_segment8_e50/ckpt.best.pth.tar'
#### Notice: keys that failed to load: set()
=> New dataset, do not load fc weights
Converting the ImageNet model to a RGB-flo init model
Done. New model ready...
video clips:4039
video clips:1610
group: first_conv_weight has 1 params, lr_mult: 1, decay_mult: 1
group: first_conv_bias has 0 params, lr_mult: 2, decay_mult: 0
group: normal_weight has 52 params, lr_mult: 1, decay_mult: 1
group: normal_bias has 0 params, lr_mult: 2, decay_mult: 0
group: BN scale/shift has 2 params, lr_mult: 1, decay_mult: 0
group: custom_ops has 0 params, lr_mult: 1, decay_mult: 1
group: lr5_weight has 1 params, lr_mult: 5, decay_mult: 1
group: lr10_bias has 1 params, lr_mult: 10, decay_mult: 0
Freezing BatchNorm2D except the first one.
Epoch: [0][0/126], lr: 0.00050  Time 17.958 (17.958)    Data 6.589 (6.589)      Loss 2.6357 (2.6357)    Prec@1 3.125 (3.125)    Prec@5 40.625 (40.625)
Epoch: [0][20/126], lr: 0.00050 Time 0.578 (1.370)      Data 0.000 (0.314)      Loss 1.7909 (2.1525)    Prec@1 50.000 (34.524)  Prec@5 68.750 (71.280)
Epoch: [0][40/126], lr: 0.00050 Time 0.515 (0.974)      Data 0.000 (0.161)      Loss 1.0849 (1.8339)    Prec@1 71.875 (43.750)  Prec@5 87.500 (76.753)
Epoch: [0][60/126], lr: 0.00050 Time 0.536 (0.841)      Data 0.000 (0.108)      Loss 1.0030 (1.5938)    Prec@1 62.500 (51.332)  Prec@5 100.000 (82.275)
Epoch: [0][80/126], lr: 0.00050 Time 0.593 (0.775)      Data 0.000 (0.082)      Loss 0.4391 (1.3825)    Prec@1 78.125 (57.253)  Prec@5 96.875 (85.918)
Epoch: [0][100/126], lr: 0.00050        Time 0.523 (0.731)      Data 0.000 (0.065)      Loss 0.6100 (1.2378)    Prec@1 87.500 (61.231)  Prec@5 96.875 (87.933)
Epoch: [0][120/126], lr: 0.00050        Time 0.525 (0.697)      Data 0.000 (0.055)      Loss 0.7905 (1.1377)    Prec@1 68.750 (64.050)  Prec@5 96.875 (89.153)
Freezing BatchNorm2D except the first one.
Epoch: [1][0/126], lr: 0.00050  Time 8.388 (8.388)      Data 7.894 (7.894)      Loss 0.4719 (0.4719)    Prec@1 87.500 (87.500)  Prec@5 100.000 (100.000)
Epoch: [1][20/126], lr: 0.00050 Time 0.705 (0.985)      Data 0.000 (0.376)      Loss 0.5491 (0.4921)    Prec@1 87.500 (82.440)  Prec@5 96.875 (98.065)
Epoch: [1][40/126], lr: 0.00050 Time 0.620 (0.795)      Data 0.000 (0.193)      Loss 0.4042 (0.5479)    Prec@1 90.625 (81.555)  Prec@5 96.875 (97.637)
Epoch: [1][60/126], lr: 0.00050 Time 0.628 (0.722)      Data 0.000 (0.130)      Loss 0.3763 (0.5235)    Prec@1 90.625 (82.377)  Prec@5 96.875 (97.746)
Epoch: [1][80/126], lr: 0.00050 Time 0.586 (0.683)      Data 0.000 (0.098)      Loss 0.4007 (0.5284)    Prec@1 87.500 (82.948)  Prec@5 100.000 (97.608)
Epoch: [1][100/126], lr: 0.00050        Time 0.523 (0.659)      Data 0.000 (0.078)      Loss 0.5793 (0.5054)    Prec@1 71.875 (83.601)  Prec@5 96.875 (97.741)
Epoch: [1][120/126], lr: 0.00050        Time 0.525 (0.637)      Data 0.000 (0.065)      Loss 0.5424 (0.4845)    Prec@1 84.375 (84.427)  Prec@5 100.000 (97.831)
Test: [0/51]    Time 8.455 (8.455)      Loss 0.0770 (0.0770)    Prec@1 100.000 (100.000)        Prec@5 100.000 (100.000)
Test: [20/51]   Time 0.275 (0.863)      Loss 0.1151 (0.3291)    Prec@1 100.000 (91.369) Prec@5 100.000 (98.958)
Test: [40/51]   Time 0.184 (0.618)      Loss 0.1738 (0.2736)    Prec@1 90.625 (92.683)  Prec@5 100.000 (99.314)
Testing Results: Prec@1 92.112 Prec@5 99.317 Loss 0.28883
Best Prec@1: 92.112
Freezing BatchNorm2D except the first one.
Epoch: [2][0/126], lr: 0.00050  Time 8.873 (8.873)      Data 7.867 (7.867)      Loss 0.3226 (0.3226)    Prec@1 90.625 (90.625)  Prec@5 100.000 (100.000)
Epoch: [2][20/126], lr: 0.00050 Time 0.786 (1.012)      Data 0.000 (0.375)      Loss 0.3500 (0.4511)    Prec@1 84.375 (84.077)  Prec@5 100.000 (97.917)
Epoch: [2][40/126], lr: 0.00050 Time 0.552 (0.801)      Data 0.000 (0.192)      Loss 0.5095 (0.4260)    Prec@1 81.250 (85.290)  Prec@5 100.000 (98.018)
Epoch: [2][60/126], lr: 0.00050 Time 0.560 (0.724)      Data 0.000 (0.129)      Loss 0.5208 (0.4181)    Prec@1 81.250 (85.605)  Prec@5 100.000 (98.105)
Epoch: [2][80/126], lr: 0.00050 Time 0.664 (0.689)      Data 0.000 (0.097)      Loss 0.3309 (0.4179)    Prec@1 84.375 (85.610)  Prec@5 96.875 (98.032)
Epoch: [2][100/126], lr: 0.00050        Time 0.525 (0.664)      Data 0.000 (0.078)      Loss 0.6687 (0.4337)    Prec@1 78.125 (85.025)  Prec@5 96.875 (98.113)
Epoch: [2][120/126], lr: 0.00050        Time 0.525 (0.641)      Data 0.000 (0.065)      Loss 0.2471 (0.4363)    Prec@1 87.500 (85.072)  Prec@5 100.000 (98.166)
Freezing BatchNorm2D except the first one.
Epoch: [3][0/126], lr: 0.00050  Time 8.639 (8.639)      Data 7.956 (7.956)      Loss 0.3432 (0.3432)    Prec@1 87.500 (87.500)  Prec@5 100.000 (100.000)
Epoch: [3][20/126], lr: 0.00050 Time 0.693 (0.991)      Data 0.000 (0.379)      Loss 0.2736 (0.3945)    Prec@1 87.500 (86.161)  Prec@5 96.875 (98.363)
Epoch: [3][40/126], lr: 0.00050 Time 0.623 (0.803)      Data 0.000 (0.195)      Loss 0.4634 (0.4346)    Prec@1 81.250 (84.756)  Prec@5 100.000 (98.171)
Epoch: [3][60/126], lr: 0.00050 Time 0.554 (0.727)      Data 0.000 (0.131)      Loss 0.2487 (0.4064)    Prec@1 90.625 (85.809)  Prec@5 100.000 (98.361)
Epoch: [3][80/126], lr: 0.00050 Time 0.593 (0.689)      Data 0.000 (0.099)      Loss 0.3788 (0.4061)    Prec@1 87.500 (85.494)  Prec@5 96.875 (98.264)
Epoch: [3][100/126], lr: 0.00050        Time 0.528 (0.663)      Data 0.000 (0.079)      Loss 0.4269 (0.3990)    Prec@1 90.625 (85.644)  Prec@5 100.000 (98.329)
Epoch: [3][120/126], lr: 0.00050        Time 0.526 (0.640)      Data 0.000 (0.066)      Loss 0.4345 (0.4053)    Prec@1 84.375 (85.666)  Prec@5 96.875 (98.347)
Test: [0/51]    Time 9.273 (9.273)      Loss 0.0573 (0.0573)    Prec@1 96.875 (96.875)  Prec@5 100.000 (100.000)
Test: [20/51]   Time 0.184 (0.861)      Loss 0.1735 (0.3205)    Prec@1 90.625 (91.071)  Prec@5 100.000 (98.810)
Test: [40/51]   Time 0.182 (0.624)      Loss 0.2153 (0.2880)    Prec@1 87.500 (91.692)  Prec@5 100.000 (99.314)
Testing Results: Prec@1 91.056 Prec@5 99.379 Loss 0.30674
Best Prec@1: 92.112
Freezing BatchNorm2D except the first one.
Epoch: [4][0/126], lr: 0.00050  Time 6.976 (6.976)      Data 6.233 (6.233)      Loss 0.2482 (0.2482)    Prec@1 87.500 (87.500)  Prec@5 100.000 (100.000)
Epoch: [4][20/126], lr: 0.00050 Time 0.647 (0.981)      Data 0.000 (0.346)      Loss 0.2011 (0.2961)    Prec@1 96.875 (89.583)  Prec@5 96.875 (98.661)
Epoch: [4][40/126], lr: 0.00050 Time 0.486 (0.788)      Data 0.000 (0.178)      Loss 0.1430 (0.3040)    Prec@1 100.000 (90.168) Prec@5 100.000 (98.399)
Epoch: [4][60/126], lr: 0.00050 Time 0.601 (0.717)      Data 0.000 (0.119)      Loss 0.3402 (0.3190)    Prec@1 93.750 (90.061)  Prec@5 96.875 (98.361)
Epoch: [4][80/126], lr: 0.00050 Time 0.550 (0.679)      Data 0.000 (0.090)      Loss 0.6096 (0.3265)    Prec@1 75.000 (89.506)  Prec@5 93.750 (98.457)
Epoch: [4][100/126], lr: 0.00050        Time 0.528 (0.654)      Data 0.000 (0.072)      Loss 0.3089 (0.3350)    Prec@1 93.750 (88.861)  Prec@5 96.875 (98.453)
Epoch: [4][120/126], lr: 0.00050        Time 0.526 (0.633)      Data 0.000 (0.060)      Loss 0.3304 (0.3330)    Prec@1 93.750 (88.920)  Prec@5 100.000 (98.502)
Freezing BatchNorm2D except the first one.
Epoch: [5][0/126], lr: 0.00050  Time 8.341 (8.341)      Data 7.654 (7.654)      Loss 0.1417 (0.1417)    Prec@1 96.875 (96.875)  Prec@5 100.000 (100.000)
Epoch: [5][20/126], lr: 0.00050 Time 0.727 (0.998)      Data 0.000 (0.378)      Loss 0.4085 (0.3121)    Prec@1 93.750 (89.732)  Prec@5 93.750 (98.512)
Epoch: [5][40/126], lr: 0.00050 Time 0.556 (0.806)      Data 0.000 (0.194)      Loss 0.2517 (0.3106)    Prec@1 87.500 (89.710)  Prec@5 100.000 (98.704)
Epoch: [5][60/126], lr: 0.00050 Time 0.686 (0.734)      Data 0.000 (0.130)      Loss 0.1145 (0.3285)    Prec@1 93.750 (88.986)  Prec@5 100.000 (98.514)
Epoch: [5][80/126], lr: 0.00050 Time 0.565 (0.691)      Data 0.000 (0.098)      Loss 0.1603 (0.3283)    Prec@1 90.625 (89.043)  Prec@5 100.000 (98.534)
Epoch: [5][100/126], lr: 0.00050        Time 0.525 (0.666)      Data 0.000 (0.079)      Loss 0.4305 (0.3196)    Prec@1 81.250 (89.016)  Prec@5 96.875 (98.639)
Epoch: [5][120/126], lr: 0.00050        Time 0.527 (0.643)      Data 0.000 (0.066)      Loss 0.4981 (0.3089)    Prec@1 87.500 (89.385)  Prec@5 96.875 (98.580)
Test: [0/51]    Time 7.738 (7.738)      Loss 0.1343 (0.1343)    Prec@1 93.750 (93.750)  Prec@5 100.000 (100.000)
Test: [20/51]   Time 0.322 (0.860)      Loss 0.2438 (0.4093)    Prec@1 93.750 (89.435)  Prec@5 100.000 (97.470)
Test: [40/51]   Time 0.184 (0.603)      Loss 0.1535 (0.4169)    Prec@1 93.750 (87.805)  Prec@5 100.000 (98.018)
Testing Results: Prec@1 86.522 Prec@5 98.261 Loss 0.43096
Best Prec@1: 92.112
Freezing BatchNorm2D except the first one.
Epoch: [6][0/126], lr: 0.00050  Time 8.954 (8.954)      Data 8.338 (8.338)      Loss 0.5222 (0.5222)    Prec@1 84.375 (84.375)  Prec@5 93.750 (93.750)
Epoch: [6][20/126], lr: 0.00050 Time 0.630 (1.022)      Data 0.000 (0.397)      Loss 0.0967 (0.2493)    Prec@1 100.000 (91.964) Prec@5 100.000 (99.107)
Epoch: [6][40/126], lr: 0.00050 Time 0.608 (0.813)      Data 0.000 (0.204)      Loss 0.2836 (0.2551)    Prec@1 93.750 (91.387)  Prec@5 100.000 (98.857)
Epoch: [6][60/126], lr: 0.00050 Time 0.563 (0.733)      Data 0.000 (0.137)      Loss 0.3028 (0.2802)    Prec@1 90.625 (91.035)  Prec@5 96.875 (98.822)
Epoch: [6][80/126], lr: 0.00050 Time 0.562 (0.692)      Data 0.000 (0.103)      Loss 0.0704 (0.2897)    Prec@1 96.875 (90.779)  Prec@5 100.000 (98.650)
Epoch: [6][100/126], lr: 0.00050        Time 0.528 (0.668)      Data 0.000 (0.083)      Loss 0.4612 (0.2977)    Prec@1 90.625 (90.470)  Prec@5 100.000 (98.577)
Epoch: [6][120/126], lr: 0.00050        Time 0.526 (0.645)      Data 0.000 (0.069)      Loss 0.2237 (0.3015)    Prec@1 90.625 (90.212)  Prec@5 96.875 (98.502)
Freezing BatchNorm2D except the first one.
Epoch: [7][0/126], lr: 0.00050  Time 7.941 (7.941)      Data 7.449 (7.449)      Loss 0.3128 (0.3128)    Prec@1 87.500 (87.500)  Prec@5 100.000 (100.000)
Epoch: [7][20/126], lr: 0.00050 Time 0.750 (0.981)      Data 0.000 (0.376)      Loss 0.2229 (0.2774)    Prec@1 90.625 (90.179)  Prec@5 100.000 (99.256)
Epoch: [7][40/126], lr: 0.00050 Time 0.587 (0.798)      Data 0.000 (0.193)      Loss 0.4201 (0.3083)    Prec@1 87.500 (88.720)  Prec@5 93.750 (98.552)
Epoch: [7][60/126], lr: 0.00050 Time 0.704 (0.728)      Data 0.000 (0.130)      Loss 0.2027 (0.2902)    Prec@1 93.750 (89.754)  Prec@5 100.000 (98.668)
Epoch: [7][80/126], lr: 0.00050 Time 0.441 (0.690)      Data 0.000 (0.098)      Loss 0.2636 (0.2792)    Prec@1 90.625 (90.123)  Prec@5 96.875 (98.765)
Epoch: [7][100/126], lr: 0.00050        Time 0.527 (0.663)      Data 0.000 (0.078)      Loss 0.5643 (0.2834)    Prec@1 81.250 (90.099)  Prec@5 96.875 (98.608)
Epoch: [7][120/126], lr: 0.00050        Time 0.528 (0.641)      Data 0.000 (0.065)      Loss 0.0853 (0.2758)    Prec@1 100.000 (90.470) Prec@5 100.000 (98.631)
Test: [0/51]    Time 7.954 (7.954)      Loss 0.0941 (0.0941)    Prec@1 93.750 (93.750)  Prec@5 100.000 (100.000)
Test: [20/51]   Time 0.293 (0.830)      Loss 0.1432 (0.3450)    Prec@1 93.750 (91.518)  Prec@5 100.000 (98.363)
Test: [40/51]   Time 0.185 (0.614)      Loss 0.1322 (0.3022)    Prec@1 96.875 (91.616)  Prec@5 100.000 (99.009)
Testing Results: Prec@1 90.807 Prec@5 99.130 Loss 0.32203
Best Prec@1: 92.112
Freezing BatchNorm2D except the first one.
Epoch: [8][0/126], lr: 0.00050  Time 7.378 (7.378)      Data 6.862 (6.862)      Loss 0.4094 (0.4094)    Prec@1 84.375 (84.375)  Prec@5 100.000 (100.000)
Epoch: [8][20/126], lr: 0.00050 Time 0.672 (0.972)      Data 0.000 (0.360)      Loss 0.2587 (0.3207)    Prec@1 93.750 (90.030)  Prec@5 100.000 (98.810)
Epoch: [8][40/126], lr: 0.00050 Time 0.582 (0.798)      Data 0.000 (0.184)      Loss 0.3127 (0.2970)    Prec@1 87.500 (91.082)  Prec@5 96.875 (98.704)
Epoch: [8][60/126], lr: 0.00050 Time 0.683 (0.726)      Data 0.000 (0.124)      Loss 0.3734 (0.2893)    Prec@1 93.750 (91.035)  Prec@5 100.000 (98.668)
Epoch: [8][80/126], lr: 0.00050 Time 0.554 (0.690)      Data 0.000 (0.093)      Loss 0.3529 (0.2823)    Prec@1 93.750 (91.011)  Prec@5 100.000 (98.688)
Epoch: [8][100/126], lr: 0.00050        Time 0.532 (0.664)      Data 0.000 (0.075)      Loss 0.4156 (0.2704)    Prec@1 87.500 (91.399)  Prec@5 96.875 (98.731)
Epoch: [8][120/126], lr: 0.00050        Time 0.527 (0.641)      Data 0.000 (0.063)      Loss 0.2193 (0.2695)    Prec@1 90.625 (91.219)  Prec@5 100.000 (98.709)
Freezing BatchNorm2D except the first one.
Epoch: [9][0/126], lr: 0.00050  Time 8.554 (8.554)      Data 7.838 (7.838)      Loss 0.1556 (0.1556)    Prec@1 93.750 (93.750)  Prec@5 100.000 (100.000)
Epoch: [9][20/126], lr: 0.00050 Time 0.883 (1.008)      Data 0.000 (0.373)      Loss 0.1724 (0.2539)    Prec@1 96.875 (91.220)  Prec@5 100.000 (98.958)
Epoch: [9][40/126], lr: 0.00050 Time 0.641 (0.810)      Data 0.000 (0.191)      Loss 0.3663 (0.3001)    Prec@1 87.500 (89.939)  Prec@5 100.000 (98.628)
Epoch: [9][60/126], lr: 0.00050 Time 0.581 (0.734)      Data 0.000 (0.129)      Loss 0.1362 (0.2786)    Prec@1 96.875 (90.779)  Prec@5 100.000 (98.668)
Epoch: [9][80/126], lr: 0.00050 Time 0.651 (0.696)      Data 0.000 (0.097)      Loss 0.0608 (0.2677)    Prec@1 96.875 (91.088)  Prec@5 100.000 (98.881)
Epoch: [9][100/126], lr: 0.00050        Time 0.527 (0.668)      Data 0.000 (0.078)      Loss 0.6272 (0.2702)    Prec@1 78.125 (90.780)  Prec@5 96.875 (98.824)
Epoch: [9][120/126], lr: 0.00050        Time 0.526 (0.645)      Data 0.000 (0.065)      Loss 0.2535 (0.2620)    Prec@1 87.500 (91.142)  Prec@5 100.000 (98.760)
Test: [0/51]    Time 7.984 (7.984)      Loss 0.1076 (0.1076)    Prec@1 93.750 (93.750)  Prec@5 100.000 (100.000)
Test: [20/51]   Time 0.226 (0.864)      Loss 0.1088 (0.3585)    Prec@1 96.875 (91.667)  Prec@5 100.000 (97.917)
Test: [40/51]   Time 0.184 (0.609)      Loss 0.1436 (0.3540)    Prec@1 90.625 (89.863)  Prec@5 100.000 (98.476)
Testing Results: Prec@1 89.006 Prec@5 98.696 Loss 0.37301
Best Prec@1: 92.112
Freezing BatchNorm2D except the first one.
Epoch: [10][0/126], lr: 0.00050 Time 7.021 (7.021)      Data 6.527 (6.527)      Loss 0.3638 (0.3638)    Prec@1 81.250 (81.250)  Prec@5 100.000 (100.000)
Epoch: [10][20/126], lr: 0.00050        Time 0.713 (1.014)      Data 0.007 (0.385)      Loss 0.0710 (0.2251)    Prec@1 96.875 (92.560)  Prec@5 100.000 (99.554)
Epoch: [10][40/126], lr: 0.00050        Time 0.592 (0.807)      Data 0.000 (0.198)      Loss 0.3336 (0.2659)    Prec@1 87.500 (91.159)  Prec@5 100.000 (99.162)
Epoch: [10][60/126], lr: 0.00050        Time 0.627 (0.735)      Data 0.000 (0.133)      Loss 0.1500 (0.2612)    Prec@1 96.875 (91.496)  Prec@5 100.000 (99.027)
Epoch: [10][80/126], lr: 0.00050        Time 0.515 (0.693)      Data 0.000 (0.100)      Loss 0.0883 (0.2524)    Prec@1 96.875 (91.435)  Prec@5 100.000 (99.190)
Epoch: [10][100/126], lr: 0.00050       Time 0.528 (0.667)      Data 0.000 (0.080)      Loss 0.5236 (0.2538)    Prec@1 78.125 (91.275)  Prec@5 96.875 (99.103)
Epoch: [10][120/126], lr: 0.00050       Time 0.526 (0.644)      Data 0.000 (0.067)      Loss 0.3668 (0.2614)    Prec@1 90.625 (91.090)  Prec@5 96.875 (99.044)
Freezing BatchNorm2D except the first one.
Epoch: [11][0/126], lr: 0.00050 Time 9.206 (9.206)      Data 8.875 (8.875)      Loss 0.1930 (0.1930)    Prec@1 90.625 (90.625)  Prec@5 100.000 (100.000)
Epoch: [11][20/126], lr: 0.00050        Time 0.834 (1.033)      Data 0.001 (0.423)      Loss 0.1117 (0.2186)    Prec@1 96.875 (93.006)  Prec@5 96.875 (98.661)
Epoch: [11][40/126], lr: 0.00050        Time 0.566 (0.815)      Data 0.000 (0.217)      Loss 0.3382 (0.2319)    Prec@1 90.625 (92.149)  Prec@5 100.000 (98.780)
Epoch: [11][60/126], lr: 0.00050        Time 0.586 (0.733)      Data 0.000 (0.146)      Loss 0.5001 (0.2471)    Prec@1 84.375 (91.393)  Prec@5 93.750 (98.566)
Epoch: [11][80/126], lr: 0.00050        Time 0.544 (0.690)      Data 0.000 (0.110)      Loss 0.2326 (0.2593)    Prec@1 93.750 (91.049)  Prec@5 96.875 (98.611)
Epoch: [11][100/126], lr: 0.00050       Time 0.527 (0.667)      Data 0.000 (0.088)      Loss 0.3637 (0.2673)    Prec@1 90.625 (90.903)  Prec@5 100.000 (98.762)
Epoch: [11][120/126], lr: 0.00050       Time 0.528 (0.644)      Data 0.000 (0.074)      Loss 0.0869 (0.2618)    Prec@1 100.000 (91.142) Prec@5 100.000 (98.838)
Test: [0/51]    Time 9.377 (9.377)      Loss 0.0329 (0.0329)    Prec@1 100.000 (100.000)        Prec@5 100.000 (100.000)
Test: [20/51]   Time 0.267 (0.837)      Loss 0.1619 (0.2757)    Prec@1 96.875 (94.048)  Prec@5 96.875 (98.810)
Test: [40/51]   Time 0.183 (0.603)      Loss 0.1163 (0.2752)    Prec@1 96.875 (93.293)  Prec@5 100.000 (99.390)
Testing Results: Prec@1 92.484 Prec@5 99.503 Loss 0.27925
Best Prec@1: 92.484
Freezing BatchNorm2D except the first one.
Epoch: [12][0/126], lr: 0.00050 Time 7.950 (7.950)      Data 7.457 (7.457)      Loss 0.3523 (0.3523)    Prec@1 87.500 (87.500)  Prec@5 96.875 (96.875)
Epoch: [12][20/126], lr: 0.00050        Time 0.766 (0.971)      Data 0.000 (0.355)      Loss 0.1243 (0.1735)    Prec@1 93.750 (94.345)  Prec@5 100.000 (99.405)
Epoch: [12][40/126], lr: 0.00050        Time 0.472 (0.790)      Data 0.000 (0.182)      Loss 0.1731 (0.2061)    Prec@1 93.750 (93.598)  Prec@5 100.000 (99.085)
Epoch: [12][60/126], lr: 0.00050        Time 0.649 (0.725)      Data 0.000 (0.122)      Loss 0.3867 (0.2121)    Prec@1 90.625 (93.186)  Prec@5 96.875 (99.027)
Epoch: [12][80/126], lr: 0.00050        Time 0.576 (0.684)      Data 0.000 (0.092)      Loss 0.4065 (0.2080)    Prec@1 90.625 (93.133)  Prec@5 100.000 (99.074)
Epoch: [12][100/126], lr: 0.00050       Time 0.526 (0.661)      Data 0.000 (0.074)      Loss 0.2941 (0.2253)    Prec@1 90.625 (92.605)  Prec@5 96.875 (99.072)
Epoch: [12][120/126], lr: 0.00050       Time 0.531 (0.639)      Data 0.000 (0.062)      Loss 0.0494 (0.2270)    Prec@1 96.875 (92.510)  Prec@5 100.000 (99.044)
Freezing BatchNorm2D except the first one.
Epoch: [13][0/126], lr: 0.00050 Time 6.731 (6.731)      Data 6.172 (6.172)      Loss 0.1570 (0.1570)    Prec@1 93.750 (93.750)  Prec@5 100.000 (100.000)
Epoch: [13][20/126], lr: 0.00050        Time 0.646 (0.997)      Data 0.000 (0.375)      Loss 0.2289 (0.2247)    Prec@1 87.500 (93.006)  Prec@5 100.000 (98.661)
Epoch: [13][40/126], lr: 0.00050        Time 0.587 (0.806)      Data 0.000 (0.192)      Loss 0.2205 (0.2507)    Prec@1 90.625 (92.454)  Prec@5 96.875 (98.399)
Epoch: [13][60/126], lr: 0.00050        Time 0.553 (0.729)      Data 0.000 (0.129)      Loss 0.1517 (0.2496)    Prec@1 93.750 (92.777)  Prec@5 100.000 (98.617)
Epoch: [13][80/126], lr: 0.00050        Time 0.625 (0.691)      Data 0.000 (0.097)      Loss 0.2097 (0.2535)    Prec@1 93.750 (92.477)  Prec@5 96.875 (98.302)
Epoch: [13][100/126], lr: 0.00050       Time 0.526 (0.664)      Data 0.000 (0.078)      Loss 0.0769 (0.2465)    Prec@1 96.875 (92.574)  Prec@5 100.000 (98.484)
Epoch: [13][120/126], lr: 0.00050       Time 0.526 (0.641)      Data 0.000 (0.065)      Loss 0.0405 (0.2368)    Prec@1 100.000 (92.769) Prec@5 100.000 (98.683)
Test: [0/51]    Time 7.676 (7.676)      Loss 0.1013 (0.1013)    Prec@1 96.875 (96.875)  Prec@5 100.000 (100.000)
Test: [20/51]   Time 0.602 (0.865)      Loss 0.0981 (0.3171)    Prec@1 96.875 (93.304)  Prec@5 100.000 (98.363)
Test: [40/51]   Time 0.183 (0.608)      Loss 0.1149 (0.2854)    Prec@1 93.750 (92.454)  Prec@5 100.000 (99.162)
Testing Results: Prec@1 90.870 Prec@5 99.317 Loss 0.31318
Best Prec@1: 92.484
Freezing BatchNorm2D except the first one.
Epoch: [14][0/126], lr: 0.00050 Time 6.703 (6.703)      Data 6.135 (6.135)      Loss 0.2322 (0.2322)    Prec@1 90.625 (90.625)  Prec@5 96.875 (96.875)
Epoch: [14][20/126], lr: 0.00050        Time 0.863 (0.990)      Data 0.000 (0.380)      Loss 0.3302 (0.2111)    Prec@1 84.375 (92.411)  Prec@5 100.000 (98.810)
Epoch: [14][40/126], lr: 0.00050        Time 0.483 (0.797)      Data 0.000 (0.195)      Loss 0.0777 (0.1950)    Prec@1 96.875 (93.064)  Prec@5 100.000 (99.009)
Epoch: [14][60/126], lr: 0.00050        Time 0.545 (0.720)      Data 0.000 (0.131)      Loss 0.0326 (0.2041)    Prec@1 100.000 (92.725) Prec@5 100.000 (99.078)
Epoch: [14][80/126], lr: 0.00050        Time 0.600 (0.684)      Data 0.000 (0.099)      Loss 0.1666 (0.2155)    Prec@1 90.625 (92.207)  Prec@5 100.000 (98.958)
Epoch: [14][100/126], lr: 0.00050       Time 0.528 (0.660)      Data 0.000 (0.079)      Loss 0.2198 (0.2213)    Prec@1 90.625 (92.048)  Prec@5 96.875 (98.979)
Epoch: [14][120/126], lr: 0.00050       Time 0.526 (0.638)      Data 0.000 (0.066)      Loss 0.3989 (0.2165)    Prec@1 84.375 (92.330)  Prec@5 96.875 (99.044)
Freezing BatchNorm2D except the first one.
Epoch: [15][0/126], lr: 0.00005 Time 6.864 (6.864)      Data 6.257 (6.257)      Loss 0.1572 (0.1572)    Prec@1 93.750 (93.750)  Prec@5 100.000 (100.000)
Epoch: [15][20/126], lr: 0.00005        Time 0.629 (0.970)      Data 0.000 (0.335)      Loss 0.4653 (0.1793)    Prec@1 81.250 (93.452)  Prec@5 100.000 (99.405)
Epoch: [15][40/126], lr: 0.00005        Time 0.598 (0.808)      Data 0.000 (0.172)      Loss 0.2534 (0.1708)    Prec@1 87.500 (93.521)  Prec@5 100.000 (99.390)
Epoch: [15][60/126], lr: 0.00005        Time 0.557 (0.733)      Data 0.000 (0.116)      Loss 0.4800 (0.1804)    Prec@1 81.250 (93.494)  Prec@5 100.000 (99.180)
Epoch: [15][80/126], lr: 0.00005        Time 0.572 (0.693)      Data 0.000 (0.087)      Loss 0.3460 (0.1703)    Prec@1 87.500 (93.904)  Prec@5 96.875 (99.306)
Epoch: [15][100/126], lr: 0.00005       Time 0.526 (0.667)      Data 0.000 (0.070)      Loss 0.0272 (0.1685)    Prec@1 100.000 (93.874) Prec@5 100.000 (99.350)
Epoch: [15][120/126], lr: 0.00005       Time 0.526 (0.644)      Data 0.000 (0.058)      Loss 0.3052 (0.1804)    Prec@1 87.500 (93.543)  Prec@5 96.875 (99.174)
Test: [0/51]    Time 7.739 (7.739)      Loss 0.0451 (0.0451)    Prec@1 96.875 (96.875)  Prec@5 100.000 (100.000)
Test: [20/51]   Time 0.250 (0.855)      Loss 0.0981 (0.3589)    Prec@1 96.875 (91.518)  Prec@5 100.000 (97.917)
Test: [40/51]   Time 0.183 (0.606)      Loss 0.0928 (0.3651)    Prec@1 93.750 (90.320)  Prec@5 100.000 (98.095)
Testing Results: Prec@1 88.199 Prec@5 98.323 Loss 0.39635
Best Prec@1: 92.484
Freezing BatchNorm2D except the first one.
Epoch: [16][0/126], lr: 0.00005 Time 8.434 (8.434)      Data 7.879 (7.879)      Loss 0.3063 (0.3063)    Prec@1 90.625 (90.625)  Prec@5 96.875 (96.875)
Epoch: [16][20/126], lr: 0.00005        Time 0.572 (1.005)      Data 0.000 (0.376)      Loss 0.1785 (0.2309)    Prec@1 90.625 (92.113)  Prec@5 100.000 (98.512)
Epoch: [16][40/126], lr: 0.00005        Time 0.642 (0.807)      Data 0.000 (0.193)      Loss 0.1834 (0.2151)    Prec@1 90.625 (92.759)  Prec@5 96.875 (98.552)
Epoch: [16][60/126], lr: 0.00005        Time 0.573 (0.730)      Data 0.000 (0.130)      Loss 0.2597 (0.2036)    Prec@1 87.500 (93.033)  Prec@5 96.875 (98.719)
Epoch: [16][80/126], lr: 0.00005        Time 0.551 (0.691)      Data 0.000 (0.098)      Loss 0.1299 (0.1949)    Prec@1 96.875 (93.364)  Prec@5 100.000 (98.765)
Epoch: [16][100/126], lr: 0.00005       Time 0.530 (0.665)      Data 0.000 (0.078)      Loss 0.3152 (0.1896)    Prec@1 84.375 (93.502)  Prec@5 96.875 (98.824)
Epoch: [16][120/126], lr: 0.00005       Time 0.526 (0.642)      Data 0.000 (0.066)      Loss 0.1191 (0.1940)    Prec@1 93.750 (93.259)  Prec@5 100.000 (98.838)
Freezing BatchNorm2D except the first one.
Epoch: [17][0/126], lr: 0.00005 Time 8.747 (8.747)      Data 8.248 (8.248)      Loss 0.2080 (0.2080)    Prec@1 90.625 (90.625)  Prec@5 100.000 (100.000)
Epoch: [17][20/126], lr: 0.00005        Time 0.660 (1.011)      Data 0.000 (0.393)      Loss 0.1466 (0.1280)    Prec@1 90.625 (95.089)  Prec@5 100.000 (99.405)
Epoch: [17][40/126], lr: 0.00005        Time 0.629 (0.809)      Data 0.000 (0.201)      Loss 0.1854 (0.1583)    Prec@1 90.625 (93.979)  Prec@5 100.000 (99.314)
Epoch: [17][60/126], lr: 0.00005        Time 0.624 (0.733)      Data 0.000 (0.135)      Loss 0.1397 (0.1706)    Prec@1 93.750 (93.852)  Prec@5 100.000 (99.078)
Epoch: [17][80/126], lr: 0.00005        Time 0.509 (0.694)      Data 0.000 (0.102)      Loss 0.3591 (0.1880)    Prec@1 87.500 (93.210)  Prec@5 96.875 (98.920)
Epoch: [17][100/126], lr: 0.00005       Time 0.526 (0.667)      Data 0.000 (0.082)      Loss 0.0426 (0.1875)    Prec@1 96.875 (93.224)  Prec@5 100.000 (98.886)
Epoch: [17][120/126], lr: 0.00005       Time 0.530 (0.644)      Data 0.000 (0.068)      Loss 0.1861 (0.1832)    Prec@1 90.625 (93.285)  Prec@5 100.000 (98.941)
Test: [0/51]    Time 9.076 (9.076)      Loss 0.0815 (0.0815)    Prec@1 96.875 (96.875)  Prec@5 100.000 (100.000)
Test: [20/51]   Time 0.275 (0.835)      Loss 0.0936 (0.3126)    Prec@1 96.875 (93.452)  Prec@5 100.000 (98.661)
Test: [40/51]   Time 0.187 (0.609)      Loss 0.0970 (0.2900)    Prec@1 93.750 (91.768)  Prec@5 100.000 (99.314)
Testing Results: Prec@1 90.932 Prec@5 99.441 Loss 0.30222
Best Prec@1: 92.484
Freezing BatchNorm2D except the first one.
Epoch: [18][0/126], lr: 0.00005 Time 8.281 (8.281)      Data 7.668 (7.668)      Loss 0.0928 (0.0928)    Prec@1 96.875 (96.875)  Prec@5 100.000 (100.000)
Epoch: [18][20/126], lr: 0.00005        Time 0.778 (1.013)      Data 0.000 (0.388)      Loss 0.0592 (0.2102)    Prec@1 100.000 (93.155) Prec@5 100.000 (98.661)
Epoch: [18][40/126], lr: 0.00005        Time 0.539 (0.812)      Data 0.000 (0.199)      Loss 0.1802 (0.1972)    Prec@1 96.875 (93.674)  Prec@5 96.875 (98.704)
Epoch: [18][60/126], lr: 0.00005        Time 0.715 (0.736)      Data 0.000 (0.134)      Loss 0.0635 (0.1756)    Prec@1 96.875 (94.160)  Prec@5 100.000 (99.027)
Epoch: [18][80/126], lr: 0.00005        Time 0.582 (0.695)      Data 0.000 (0.101)      Loss 0.1017 (0.1640)    Prec@1 93.750 (94.444)  Prec@5 100.000 (99.190)
Epoch: [18][100/126], lr: 0.00005       Time 0.531 (0.669)      Data 0.000 (0.081)      Loss 0.1170 (0.1629)    Prec@1 93.750 (94.431)  Prec@5 100.000 (99.288)
Epoch: [18][120/126], lr: 0.00005       Time 0.527 (0.646)      Data 0.000 (0.068)      Loss 0.1723 (0.1639)    Prec@1 90.625 (94.344)  Prec@5 100.000 (99.251)
Freezing BatchNorm2D except the first one.
Epoch: [19][0/126], lr: 0.00005 Time 8.552 (8.552)      Data 7.753 (7.753)      Loss 0.2135 (0.2135)    Prec@1 93.750 (93.750)  Prec@5 93.750 (93.750)
Epoch: [19][20/126], lr: 0.00005        Time 0.746 (1.001)      Data 0.000 (0.369)      Loss 0.4508 (0.2084)    Prec@1 84.375 (92.262)  Prec@5 96.875 (98.958)
Epoch: [19][40/126], lr: 0.00005        Time 0.551 (0.808)      Data 0.000 (0.189)      Loss 0.1787 (0.1673)    Prec@1 93.750 (93.674)  Prec@5 100.000 (99.238)
Epoch: [19][60/126], lr: 0.00005        Time 0.476 (0.732)      Data 0.000 (0.127)      Loss 0.0691 (0.1657)    Prec@1 100.000 (93.648) Prec@5 100.000 (99.078)
Epoch: [19][80/126], lr: 0.00005        Time 0.595 (0.694)      Data 0.000 (0.096)      Loss 0.0200 (0.1656)    Prec@1 100.000 (93.827) Prec@5 100.000 (99.113)
Epoch: [19][100/126], lr: 0.00005       Time 0.524 (0.667)      Data 0.000 (0.077)      Loss 0.0798 (0.1687)    Prec@1 96.875 (93.874)  Prec@5 100.000 (99.103)
Epoch: [19][120/126], lr: 0.00005       Time 0.527 (0.644)      Data 0.000 (0.064)      Loss 0.0926 (0.1717)    Prec@1 93.750 (93.802)  Prec@5 100.000 (99.096)
Test: [0/51]    Time 7.944 (7.944)      Loss 0.1033 (0.1033)    Prec@1 96.875 (96.875)  Prec@5 100.000 (100.000)
Test: [20/51]   Time 0.232 (0.856)      Loss 0.0956 (0.3473)    Prec@1 96.875 (92.560)  Prec@5 100.000 (98.065)
Test: [40/51]   Time 0.185 (0.609)      Loss 0.1000 (0.3319)    Prec@1 93.750 (91.235)  Prec@5 100.000 (98.628)
Testing Results: Prec@1 89.379 Prec@5 98.758 Loss 0.35653
Best Prec@1: 92.484
Freezing BatchNorm2D except the first one.
Epoch: [20][0/126], lr: 0.00005 Time 7.665 (7.665)      Data 7.044 (7.044)      Loss 0.0885 (0.0885)    Prec@1 96.875 (96.875)  Prec@5 100.000 (100.000)
Epoch: [20][20/126], lr: 0.00005        Time 0.617 (0.966)      Data 0.000 (0.356)      Loss 0.0907 (0.1480)    Prec@1 96.875 (94.940)  Prec@5 96.875 (98.512)
Epoch: [20][40/126], lr: 0.00005        Time 0.654 (0.796)      Data 0.000 (0.183)      Loss 0.2211 (0.1440)    Prec@1 96.875 (94.741)  Prec@5 100.000 (98.933)
Epoch: [20][60/126], lr: 0.00005        Time 0.517 (0.725)      Data 0.000 (0.123)      Loss 0.1346 (0.1542)    Prec@1 96.875 (94.365)  Prec@5 100.000 (98.924)
Epoch: [20][80/126], lr: 0.00005        Time 0.477 (0.683)      Data 0.000 (0.093)      Loss 0.0807 (0.1552)    Prec@1 96.875 (94.406)  Prec@5 100.000 (99.035)
Epoch: [20][100/126], lr: 0.00005       Time 0.529 (0.659)      Data 0.000 (0.074)      Loss 0.1346 (0.1681)    Prec@1 93.750 (93.967)  Prec@5 100.000 (98.855)
Epoch: [20][120/126], lr: 0.00005       Time 0.529 (0.637)      Data 0.000 (0.062)      Loss 0.2605 (0.1735)    Prec@1 90.625 (93.827)  Prec@5 96.875 (98.864)
Freezing BatchNorm2D except the first one.
Epoch: [21][0/126], lr: 0.00005 Time 7.127 (7.127)      Data 6.570 (6.570)      Loss 0.1416 (0.1416)    Prec@1 93.750 (93.750)  Prec@5 100.000 (100.000)
Epoch: [21][20/126], lr: 0.00005        Time 0.796 (0.970)      Data 0.000 (0.348)      Loss 0.1853 (0.1802)    Prec@1 93.750 (93.750)  Prec@5 100.000 (99.107)
Epoch: [21][40/126], lr: 0.00005        Time 0.509 (0.786)      Data 0.000 (0.178)      Loss 0.1139 (0.1715)    Prec@1 96.875 (94.665)  Prec@5 100.000 (99.314)
Epoch: [21][60/126], lr: 0.00005        Time 0.620 (0.717)      Data 0.000 (0.120)      Loss 0.1419 (0.1752)    Prec@1 93.750 (94.160)  Prec@5 100.000 (99.232)
Epoch: [21][80/126], lr: 0.00005        Time 0.563 (0.683)      Data 0.000 (0.090)      Loss 0.1557 (0.1749)    Prec@1 96.875 (93.904)  Prec@5 96.875 (99.113)
Epoch: [21][100/126], lr: 0.00005       Time 0.526 (0.658)      Data 0.000 (0.072)      Loss 0.1370 (0.1750)    Prec@1 93.750 (93.812)  Prec@5 100.000 (99.134)
Epoch: [21][120/126], lr: 0.00005       Time 0.527 (0.636)      Data 0.000 (0.061)      Loss 0.1087 (0.1796)    Prec@1 96.875 (93.673)  Prec@5 96.875 (98.967)
Test: [0/51]    Time 7.467 (7.467)      Loss 0.0651 (0.0651)    Prec@1 96.875 (96.875)  Prec@5 100.000 (100.000)
Test: [20/51]   Time 0.348 (0.848)      Loss 0.0862 (0.3236)    Prec@1 96.875 (92.857)  Prec@5 100.000 (98.065)
Test: [40/51]   Time 0.185 (0.606)      Loss 0.0956 (0.3125)    Prec@1 93.750 (91.921)  Prec@5 100.000 (98.780)
Testing Results: Prec@1 90.621 Prec@5 99.006 Loss 0.32460
Best Prec@1: 92.484
Freezing BatchNorm2D except the first one.
Epoch: [22][0/126], lr: 0.00005 Time 8.755 (8.755)      Data 8.219 (8.219)      Loss 0.3246 (0.3246)    Prec@1 87.500 (87.500)  Prec@5 96.875 (96.875)
Epoch: [22][20/126], lr: 0.00005        Time 0.538 (1.006)      Data 0.000 (0.392)      Loss 0.2058 (0.1620)    Prec@1 84.375 (93.601)  Prec@5 100.000 (99.107)
Epoch: [22][40/126], lr: 0.00005        Time 0.556 (0.803)      Data 0.000 (0.201)      Loss 0.0587 (0.1511)    Prec@1 100.000 (94.588) Prec@5 100.000 (99.314)
Epoch: [22][60/126], lr: 0.00005        Time 0.542 (0.728)      Data 0.000 (0.135)      Loss 0.1437 (0.1452)    Prec@1 93.750 (94.416)  Prec@5 96.875 (99.385)
Epoch: [22][80/126], lr: 0.00005        Time 0.547 (0.690)      Data 0.000 (0.102)      Loss 0.2834 (0.1467)    Prec@1 90.625 (94.290)  Prec@5 96.875 (99.383)
Epoch: [22][100/126], lr: 0.00005       Time 0.526 (0.663)      Data 0.000 (0.082)      Loss 0.0470 (0.1623)    Prec@1 100.000 (93.967) Prec@5 100.000 (99.196)
Epoch: [22][120/126], lr: 0.00005       Time 0.533 (0.641)      Data 0.000 (0.068)      Loss 0.1583 (0.1577)    Prec@1 90.625 (94.137)  Prec@5 100.000 (99.199)
Freezing BatchNorm2D except the first one.
Epoch: [23][0/126], lr: 0.00005 Time 8.099 (8.099)      Data 7.427 (7.427)      Loss 0.3398 (0.3398)    Prec@1 90.625 (90.625)  Prec@5 100.000 (100.000)
Epoch: [23][20/126], lr: 0.00005        Time 0.597 (0.982)      Data 0.000 (0.365)      Loss 0.1966 (0.2115)    Prec@1 93.750 (92.411)  Prec@5 96.875 (99.405)
Epoch: [23][40/126], lr: 0.00005        Time 0.641 (0.811)      Data 0.000 (0.187)      Loss 0.0720 (0.1890)    Prec@1 96.875 (93.140)  Prec@5 100.000 (99.390)
Epoch: [23][60/126], lr: 0.00005        Time 0.569 (0.731)      Data 0.000 (0.126)      Loss 0.1189 (0.1734)    Prec@1 93.750 (93.391)  Prec@5 100.000 (99.385)
Epoch: [23][80/126], lr: 0.00005        Time 0.635 (0.693)      Data 0.000 (0.095)      Loss 0.0742 (0.1751)    Prec@1 96.875 (93.403)  Prec@5 100.000 (99.306)
Epoch: [23][100/126], lr: 0.00005       Time 0.531 (0.665)      Data 0.000 (0.076)      Loss 0.1999 (0.1761)    Prec@1 96.875 (93.348)  Prec@5 100.000 (99.288)
Epoch: [23][120/126], lr: 0.00005       Time 0.527 (0.642)      Data 0.000 (0.063)      Loss 0.0728 (0.1733)    Prec@1 96.875 (93.595)  Prec@5 100.000 (99.303)
Test: [0/51]    Time 7.395 (7.395)      Loss 0.0943 (0.0943)    Prec@1 96.875 (96.875)  Prec@5 100.000 (100.000)
Test: [20/51]   Time 0.194 (0.832)      Loss 0.0995 (0.3238)    Prec@1 96.875 (93.006)  Prec@5 100.000 (98.363)
Test: [40/51]   Time 0.185 (0.611)      Loss 0.0935 (0.3055)    Prec@1 93.750 (91.845)  Prec@5 100.000 (99.085)
Testing Results: Prec@1 90.497 Prec@5 99.255 Loss 0.31947
Best Prec@1: 92.484
Freezing BatchNorm2D except the first one.
Epoch: [24][0/126], lr: 0.00005 Time 6.903 (6.903)      Data 6.299 (6.299)      Loss 0.1339 (0.1339)    Prec@1 93.750 (93.750)  Prec@5 100.000 (100.000)
Epoch: [24][20/126], lr: 0.00005        Time 0.573 (0.975)      Data 0.000 (0.348)      Loss 0.1734 (0.1720)    Prec@1 93.750 (93.899)  Prec@5 96.875 (99.405)
Epoch: [24][40/126], lr: 0.00005        Time 0.550 (0.803)      Data 0.000 (0.178)      Loss 0.0572 (0.1549)    Prec@1 100.000 (94.360) Prec@5 100.000 (99.466)
Epoch: [24][60/126], lr: 0.00005        Time 0.475 (0.726)      Data 0.000 (0.120)      Loss 0.0631 (0.1492)    Prec@1 96.875 (94.467)  Prec@5 100.000 (99.488)
Epoch: [24][80/126], lr: 0.00005        Time 0.583 (0.689)      Data 0.000 (0.090)      Loss 0.0551 (0.1560)    Prec@1 96.875 (94.329)  Prec@5 100.000 (99.383)
Epoch: [24][100/126], lr: 0.00005       Time 0.526 (0.663)      Data 0.000 (0.073)      Loss 0.0395 (0.1603)    Prec@1 96.875 (94.183)  Prec@5 100.000 (99.474)
Epoch: [24][120/126], lr: 0.00005       Time 0.525 (0.641)      Data 0.000 (0.061)      Loss 0.2331 (0.1559)    Prec@1 96.875 (94.396)  Prec@5 96.875 (99.432)
Freezing BatchNorm2D except the first one.
Epoch: [25][0/126], lr: 0.00005 Time 7.238 (7.238)      Data 6.603 (6.603)      Loss 0.3825 (0.3825)    Prec@1 84.375 (84.375)  Prec@5 100.000 (100.000)
Epoch: [25][20/126], lr: 0.00005        Time 0.733 (1.006)      Data 0.000 (0.368)      Loss 0.2154 (0.1666)    Prec@1 90.625 (93.750)  Prec@5 100.000 (99.702)
Epoch: [25][40/126], lr: 0.00005        Time 0.473 (0.802)      Data 0.000 (0.189)      Loss 0.2184 (0.1645)    Prec@1 90.625 (93.902)  Prec@5 96.875 (99.314)
Epoch: [25][60/126], lr: 0.00005        Time 0.604 (0.729)      Data 0.000 (0.127)      Loss 0.0968 (0.1559)    Prec@1 96.875 (94.211)  Prec@5 100.000 (99.385)
Epoch: [25][80/126], lr: 0.00005        Time 0.641 (0.692)      Data 0.000 (0.096)      Loss 0.1213 (0.1458)    Prec@1 93.750 (94.483)  Prec@5 100.000 (99.421)
Epoch: [25][100/126], lr: 0.00005       Time 0.526 (0.665)      Data 0.000 (0.077)      Loss 0.0765 (0.1411)    Prec@1 100.000 (94.524) Prec@5 100.000 (99.381)
Epoch: [25][120/126], lr: 0.00005       Time 0.528 (0.642)      Data 0.000 (0.064)      Loss 0.2617 (0.1473)    Prec@1 90.625 (94.396)  Prec@5 100.000 (99.354)
Test: [0/51]    Time 9.404 (9.404)      Loss 0.0807 (0.0807)    Prec@1 96.875 (96.875)  Prec@5 100.000 (100.000)
Test: [20/51]   Time 0.287 (0.841)      Loss 0.1364 (0.3276)    Prec@1 96.875 (92.411)  Prec@5 100.000 (98.214)
Test: [40/51]   Time 0.182 (0.612)      Loss 0.0867 (0.3114)    Prec@1 93.750 (91.463)  Prec@5 100.000 (98.933)
Testing Results: Prec@1 90.683 Prec@5 99.130 Loss 0.31781
Best Prec@1: 92.484
Freezing BatchNorm2D except the first one.
Epoch: [26][0/126], lr: 0.00005 Time 9.061 (9.061)      Data 8.719 (8.719)      Loss 0.1096 (0.1096)    Prec@1 96.875 (96.875)  Prec@5 100.000 (100.000)
Epoch: [26][20/126], lr: 0.00005        Time 0.852 (1.045)      Data 0.000 (0.415)      Loss 0.0719 (0.1659)    Prec@1 96.875 (94.345)  Prec@5 100.000 (98.958)
Epoch: [26][40/126], lr: 0.00005        Time 0.599 (0.828)      Data 0.000 (0.213)      Loss 0.0364 (0.1414)    Prec@1 96.875 (95.046)  Prec@5 100.000 (99.085)
Epoch: [26][60/126], lr: 0.00005        Time 0.498 (0.745)      Data 0.000 (0.143)      Loss 0.1008 (0.1485)    Prec@1 93.750 (94.775)  Prec@5 100.000 (99.027)
Epoch: [26][80/126], lr: 0.00005        Time 0.555 (0.699)      Data 0.000 (0.108)      Loss 0.5540 (0.1512)    Prec@1 87.500 (94.560)  Prec@5 93.750 (98.958)
Epoch: [26][100/126], lr: 0.00005       Time 0.528 (0.671)      Data 0.000 (0.087)      Loss 0.1009 (0.1477)    Prec@1 96.875 (94.678)  Prec@5 100.000 (98.979)
Epoch: [26][120/126], lr: 0.00005       Time 0.529 (0.647)      Data 0.000 (0.072)      Loss 0.1755 (0.1487)    Prec@1 93.750 (94.551)  Prec@5 100.000 (99.070)
Freezing BatchNorm2D except the first one.
Epoch: [27][0/126], lr: 0.00005 Time 8.536 (8.536)      Data 8.098 (8.098)      Loss 0.2075 (0.2075)    Prec@1 93.750 (93.750)  Prec@5 100.000 (100.000)
Epoch: [27][20/126], lr: 0.00005        Time 0.661 (1.010)      Data 0.000 (0.386)      Loss 0.2277 (0.1737)    Prec@1 90.625 (93.601)  Prec@5 100.000 (99.256)
Epoch: [27][40/126], lr: 0.00005        Time 0.619 (0.804)      Data 0.000 (0.198)      Loss 0.0642 (0.1839)    Prec@1 100.000 (93.064) Prec@5 100.000 (99.314)
Epoch: [27][60/126], lr: 0.00005        Time 0.553 (0.723)      Data 0.000 (0.133)      Loss 0.3124 (0.1814)    Prec@1 90.625 (93.391)  Prec@5 100.000 (99.180)
Epoch: [27][80/126], lr: 0.00005        Time 0.650 (0.686)      Data 0.000 (0.100)      Loss 0.2962 (0.1813)    Prec@1 90.625 (93.866)  Prec@5 93.750 (98.881)
Epoch: [27][100/126], lr: 0.00005       Time 0.528 (0.659)      Data 0.000 (0.080)      Loss 0.2997 (0.1759)    Prec@1 87.500 (93.967)  Prec@5 100.000 (98.979)
Epoch: [27][120/126], lr: 0.00005       Time 0.530 (0.637)      Data 0.000 (0.067)      Loss 0.3152 (0.1696)    Prec@1 87.500 (94.163)  Prec@5 100.000 (99.070)
Test: [0/51]    Time 7.143 (7.143)      Loss 0.0948 (0.0948)    Prec@1 96.875 (96.875)  Prec@5 100.000 (100.000)
Test: [20/51]   Time 0.306 (0.796)      Loss 0.1271 (0.3243)    Prec@1 96.875 (93.304)  Prec@5 100.000 (98.065)
Test: [40/51]   Time 0.185 (0.607)      Loss 0.0874 (0.2893)    Prec@1 93.750 (92.530)  Prec@5 100.000 (98.933)
Testing Results: Prec@1 91.180 Prec@5 99.068 Loss 0.30653
Best Prec@1: 92.484
Freezing BatchNorm2D except the first one.
Epoch: [28][0/126], lr: 0.00005 Time 7.248 (7.248)      Data 6.731 (6.731)      Loss 0.1072 (0.1072)    Prec@1 96.875 (96.875)  Prec@5 100.000 (100.000)
Epoch: [28][20/126], lr: 0.00005        Time 0.957 (1.013)      Data 0.000 (0.382)      Loss 0.2235 (0.1686)    Prec@1 90.625 (93.452)  Prec@5 100.000 (99.256)
Epoch: [28][40/126], lr: 0.00005        Time 0.521 (0.819)      Data 0.000 (0.196)      Loss 0.2598 (0.1494)    Prec@1 90.625 (94.284)  Prec@5 96.875 (99.162)
Epoch: [28][60/126], lr: 0.00005        Time 0.595 (0.735)      Data 0.000 (0.132)      Loss 0.0773 (0.1458)    Prec@1 93.750 (94.314)  Prec@5 100.000 (99.283)
Epoch: [28][80/126], lr: 0.00005        Time 0.551 (0.692)      Data 0.000 (0.099)      Loss 0.0596 (0.1434)    Prec@1 96.875 (94.329)  Prec@5 100.000 (99.228)
Epoch: [28][100/126], lr: 0.00005       Time 0.525 (0.668)      Data 0.000 (0.080)      Loss 0.1281 (0.1500)    Prec@1 93.750 (94.059)  Prec@5 100.000 (99.319)
Epoch: [28][120/126], lr: 0.00005       Time 0.528 (0.645)      Data 0.000 (0.066)      Loss 0.0747 (0.1543)    Prec@1 96.875 (93.957)  Prec@5 100.000 (99.303)
Freezing BatchNorm2D except the first one.
Epoch: [29][0/126], lr: 0.00005 Time 9.011 (9.011)      Data 8.436 (8.436)      Loss 0.0699 (0.0699)    Prec@1 100.000 (100.000)        Prec@5 100.000 (100.000)
Epoch: [29][20/126], lr: 0.00005        Time 0.722 (1.017)      Data 0.000 (0.402)      Loss 0.2692 (0.1654)    Prec@1 90.625 (94.792)  Prec@5 100.000 (98.810)
Epoch: [29][40/126], lr: 0.00005        Time 0.636 (0.810)      Data 0.000 (0.206)      Loss 0.1017 (0.1599)    Prec@1 96.875 (94.817)  Prec@5 100.000 (98.780)
Epoch: [29][60/126], lr: 0.00005        Time 0.474 (0.730)      Data 0.000 (0.139)      Loss 0.1141 (0.1624)    Prec@1 93.750 (94.365)  Prec@5 100.000 (98.873)
Epoch: [29][80/126], lr: 0.00005        Time 0.530 (0.689)      Data 0.000 (0.104)      Loss 0.2594 (0.1576)    Prec@1 90.625 (94.406)  Prec@5 96.875 (99.035)
Epoch: [29][100/126], lr: 0.00005       Time 0.525 (0.663)      Data 0.000 (0.084)      Loss 0.1168 (0.1523)    Prec@1 96.875 (94.678)  Prec@5 100.000 (99.041)
Epoch: [29][120/126], lr: 0.00005       Time 0.526 (0.640)      Data 0.000 (0.070)      Loss 0.0584 (0.1533)    Prec@1 96.875 (94.525)  Prec@5 100.000 (99.044)
Test: [0/51]    Time 7.770 (7.770)      Loss 0.0862 (0.0862)    Prec@1 96.875 (96.875)  Prec@5 100.000 (100.000)
Test: [20/51]   Time 0.440 (0.838)      Loss 0.1455 (0.3210)    Prec@1 96.875 (93.452)  Prec@5 100.000 (98.363)
Test: [40/51]   Time 0.182 (0.601)      Loss 0.0922 (0.3062)    Prec@1 93.750 (91.921)  Prec@5 100.000 (99.009)
Testing Results: Prec@1 90.807 Prec@5 99.130 Loss 0.31526
Best Prec@1: 92.484
Freezing BatchNorm2D except the first one.
Epoch: [30][0/126], lr: 0.00001 Time 8.066 (8.066)      Data 7.555 (7.555)      Loss 0.0391 (0.0391)    Prec@1 100.000 (100.000)        Prec@5 100.000 (100.000)
Epoch: [30][20/126], lr: 0.00001        Time 0.591 (1.018)      Data 0.000 (0.409)      Loss 0.1976 (0.1717)    Prec@1 90.625 (93.304)  Prec@5 100.000 (98.958)
Epoch: [30][40/126], lr: 0.00001        Time 0.607 (0.826)      Data 0.000 (0.210)      Loss 0.1735 (0.1532)    Prec@1 93.750 (93.902)  Prec@5 100.000 (99.390)
Epoch: [30][60/126], lr: 0.00001        Time 0.567 (0.744)      Data 0.000 (0.141)      Loss 0.1251 (0.1566)    Prec@1 93.750 (94.006)  Prec@5 100.000 (98.975)
Epoch: [30][80/126], lr: 0.00001        Time 0.572 (0.705)      Data 0.000 (0.106)      Loss 0.0616 (0.1582)    Prec@1 96.875 (94.136)  Prec@5 100.000 (98.958)
Epoch: [30][100/126], lr: 0.00001       Time 0.527 (0.677)      Data 0.000 (0.085)      Loss 0.1254 (0.1672)    Prec@1 93.750 (93.843)  Prec@5 100.000 (99.041)
Epoch: [30][120/126], lr: 0.00001       Time 0.527 (0.652)      Data 0.000 (0.071)      Loss 0.0601 (0.1657)    Prec@1 100.000 (94.060) Prec@5 100.000 (99.122)
Freezing BatchNorm2D except the first one.
Epoch: [31][0/126], lr: 0.00001 Time 8.785 (8.785)      Data 8.288 (8.288)      Loss 0.0799 (0.0799)    Prec@1 93.750 (93.750)  Prec@5 100.000 (100.000)
Epoch: [31][20/126], lr: 0.00001        Time 0.619 (1.027)      Data 0.000 (0.395)      Loss 0.0402 (0.1373)    Prec@1 96.875 (95.089)  Prec@5 100.000 (99.256)
Epoch: [31][40/126], lr: 0.00001        Time 0.543 (0.811)      Data 0.000 (0.202)      Loss 0.0739 (0.1284)    Prec@1 96.875 (95.427)  Prec@5 100.000 (99.314)
Epoch: [31][60/126], lr: 0.00001        Time 0.492 (0.733)      Data 0.000 (0.136)      Loss 0.1586 (0.1332)    Prec@1 96.875 (95.236)  Prec@5 96.875 (99.385)
Epoch: [31][80/126], lr: 0.00001        Time 0.532 (0.691)      Data 0.000 (0.103)      Loss 0.0669 (0.1357)    Prec@1 96.875 (95.139)  Prec@5 100.000 (99.421)
Epoch: [31][100/126], lr: 0.00001       Time 0.527 (0.664)      Data 0.000 (0.082)      Loss 0.0288 (0.1297)    Prec@1 96.875 (95.328)  Prec@5 100.000 (99.536)
Epoch: [31][120/126], lr: 0.00001       Time 0.528 (0.641)      Data 0.000 (0.069)      Loss 0.0278 (0.1361)    Prec@1 100.000 (95.170) Prec@5 100.000 (99.458)
Test: [0/51]    Time 7.769 (7.769)      Loss 0.1055 (0.1055)    Prec@1 96.875 (96.875)  Prec@5 100.000 (100.000)
Test: [20/51]   Time 0.280 (0.830)      Loss 0.1434 (0.3348)    Prec@1 96.875 (93.006)  Prec@5 100.000 (98.363)
Test: [40/51]   Time 0.184 (0.609)      Loss 0.0905 (0.3199)    Prec@1 93.750 (91.540)  Prec@5 100.000 (99.009)
Testing Results: Prec@1 89.938 Prec@5 99.068 Loss 0.33288
Best Prec@1: 92.484
Freezing BatchNorm2D except the first one.
Epoch: [32][0/126], lr: 0.00001 Time 7.010 (7.010)      Data 6.479 (6.479)      Loss 0.1550 (0.1550)    Prec@1 93.750 (93.750)  Prec@5 100.000 (100.000)
Epoch: [32][20/126], lr: 0.00001        Time 0.607 (0.959)      Data 0.000 (0.344)      Loss 0.1698 (0.1212)    Prec@1 90.625 (95.238)  Prec@5 100.000 (99.702)
Epoch: [32][40/126], lr: 0.00001        Time 0.515 (0.792)      Data 0.000 (0.176)      Loss 0.1506 (0.1350)    Prec@1 96.875 (95.274)  Prec@5 100.000 (99.543)
Epoch: [32][60/126], lr: 0.00001        Time 0.683 (0.727)      Data 0.000 (0.118)      Loss 0.1867 (0.1389)    Prec@1 90.625 (94.826)  Prec@5 100.000 (99.436)
Epoch: [32][80/126], lr: 0.00001        Time 0.589 (0.687)      Data 0.000 (0.089)      Loss 0.2653 (0.1513)    Prec@1 96.875 (94.560)  Prec@5 96.875 (99.383)
Epoch: [32][100/126], lr: 0.00001       Time 0.526 (0.663)      Data 0.000 (0.072)      Loss 0.1368 (0.1466)    Prec@1 93.750 (94.740)  Prec@5 100.000 (99.412)
Epoch: [32][120/126], lr: 0.00001       Time 0.527 (0.641)      Data 0.000 (0.060)      Loss 0.2297 (0.1489)    Prec@1 96.875 (94.654)  Prec@5 96.875 (99.406)
Freezing BatchNorm2D except the first one.
Epoch: [33][0/126], lr: 0.00001 Time 6.983 (6.983)      Data 6.201 (6.201)      Loss 0.2675 (0.2675)    Prec@1 90.625 (90.625)  Prec@5 100.000 (100.000)
Epoch: [33][20/126], lr: 0.00001        Time 0.650 (0.969)      Data 0.000 (0.328)      Loss 0.0660 (0.1355)    Prec@1 96.875 (95.089)  Prec@5 100.000 (99.256)
Epoch: [33][40/126], lr: 0.00001        Time 0.565 (0.796)      Data 0.000 (0.168)      Loss 0.2109 (0.1475)    Prec@1 90.625 (94.817)  Prec@5 96.875 (99.162)
Epoch: [33][60/126], lr: 0.00001        Time 0.560 (0.721)      Data 0.000 (0.113)      Loss 0.1731 (0.1625)    Prec@1 90.625 (94.211)  Prec@5 100.000 (99.180)
Epoch: [33][80/126], lr: 0.00001        Time 0.566 (0.685)      Data 0.000 (0.085)      Loss 0.0495 (0.1519)    Prec@1 96.875 (94.560)  Prec@5 100.000 (99.267)
Epoch: [33][100/126], lr: 0.00001       Time 0.529 (0.659)      Data 0.000 (0.068)      Loss 0.0744 (0.1519)    Prec@1 96.875 (94.524)  Prec@5 100.000 (99.226)
Epoch: [33][120/126], lr: 0.00001       Time 0.526 (0.638)      Data 0.000 (0.057)      Loss 0.1178 (0.1535)    Prec@1 96.875 (94.628)  Prec@5 96.875 (99.225)
Test: [0/51]    Time 8.916 (8.916)      Loss 0.0968 (0.0968)    Prec@1 96.875 (96.875)  Prec@5 100.000 (100.000)
Test: [20/51]   Time 0.203 (0.865)      Loss 0.1383 (0.3317)    Prec@1 96.875 (92.857)  Prec@5 100.000 (98.363)
Test: [40/51]   Time 0.185 (0.613)      Loss 0.0908 (0.3150)    Prec@1 93.750 (91.540)  Prec@5 100.000 (99.009)
Testing Results: Prec@1 90.248 Prec@5 99.130 Loss 0.32557
Best Prec@1: 92.484
Freezing BatchNorm2D except the first one.
Epoch: [34][0/126], lr: 0.00001 Time 6.858 (6.858)      Data 6.301 (6.301)      Loss 0.1210 (0.1210)    Prec@1 96.875 (96.875)  Prec@5 100.000 (100.000)
Epoch: [34][20/126], lr: 0.00001        Time 0.835 (1.017)      Data 0.000 (0.388)      Loss 0.2415 (0.1535)    Prec@1 93.750 (94.643)  Prec@5 100.000 (99.702)
Epoch: [34][40/126], lr: 0.00001        Time 0.733 (0.811)      Data 0.000 (0.199)      Loss 0.1023 (0.1549)    Prec@1 96.875 (94.284)  Prec@5 100.000 (99.238)
Epoch: [34][60/126], lr: 0.00001        Time 0.616 (0.729)      Data 0.000 (0.134)      Loss 0.2321 (0.1527)    Prec@1 90.625 (94.314)  Prec@5 96.875 (99.232)
Epoch: [34][80/126], lr: 0.00001        Time 0.543 (0.689)      Data 0.000 (0.101)      Loss 0.2414 (0.1543)    Prec@1 90.625 (94.329)  Prec@5 100.000 (99.228)
Epoch: [34][100/126], lr: 0.00001       Time 0.530 (0.662)      Data 0.000 (0.081)      Loss 0.0090 (0.1496)    Prec@1 100.000 (94.616) Prec@5 100.000 (99.257)
Epoch: [34][120/126], lr: 0.00001       Time 0.526 (0.640)      Data 0.000 (0.068)      Loss 0.1530 (0.1554)    Prec@1 96.875 (94.628)  Prec@5 96.875 (99.122)
Freezing BatchNorm2D except the first one.
Epoch: [35][0/126], lr: 0.00001 Time 7.834 (7.834)      Data 7.202 (7.202)      Loss 0.1916 (0.1916)    Prec@1 93.750 (93.750)  Prec@5 100.000 (100.000)
Epoch: [35][20/126], lr: 0.00001        Time 0.715 (0.997)      Data 0.000 (0.375)      Loss 0.0931 (0.1107)    Prec@1 96.875 (95.238)  Prec@5 100.000 (99.851)
Epoch: [35][40/126], lr: 0.00001        Time 0.695 (0.804)      Data 0.000 (0.192)      Loss 0.1858 (0.1160)    Prec@1 96.875 (95.655)  Prec@5 100.000 (99.619)
Epoch: [35][60/126], lr: 0.00001        Time 0.519 (0.727)      Data 0.000 (0.129)      Loss 0.1890 (0.1146)    Prec@1 90.625 (95.748)  Prec@5 100.000 (99.641)
Epoch: [35][80/126], lr: 0.00001        Time 0.522 (0.689)      Data 0.000 (0.097)      Loss 0.0550 (0.1260)    Prec@1 96.875 (95.448)  Prec@5 100.000 (99.498)
Epoch: [35][100/126], lr: 0.00001       Time 0.527 (0.664)      Data 0.000 (0.078)      Loss 0.1703 (0.1429)    Prec@1 93.750 (94.802)  Prec@5 100.000 (99.443)
Epoch: [35][120/126], lr: 0.00001       Time 0.528 (0.642)      Data 0.000 (0.065)      Loss 0.1040 (0.1442)    Prec@1 96.875 (94.757)  Prec@5 100.000 (99.354)
Test: [0/51]    Time 7.439 (7.439)      Loss 0.0976 (0.0976)    Prec@1 96.875 (96.875)  Prec@5 100.000 (100.000)
Test: [20/51]   Time 0.292 (0.860)      Loss 0.1305 (0.3337)    Prec@1 96.875 (92.857)  Prec@5 100.000 (98.363)
Test: [40/51]   Time 0.185 (0.618)      Loss 0.0895 (0.3165)    Prec@1 93.750 (91.692)  Prec@5 100.000 (99.009)
Testing Results: Prec@1 90.373 Prec@5 99.130 Loss 0.32687
Best Prec@1: 92.484
Freezing BatchNorm2D except the first one.
Epoch: [36][0/126], lr: 0.00001 Time 7.609 (7.609)      Data 7.100 (7.100)      Loss 0.1549 (0.1549)    Prec@1 96.875 (96.875)  Prec@5 100.000 (100.000)
Epoch: [36][20/126], lr: 0.00001        Time 0.553 (0.965)      Data 0.000 (0.338)      Loss 0.0850 (0.1842)    Prec@1 96.875 (93.304)  Prec@5 100.000 (99.554)
Epoch: [36][40/126], lr: 0.00001        Time 0.566 (0.796)      Data 0.000 (0.173)      Loss 0.1340 (0.1683)    Prec@1 93.750 (93.674)  Prec@5 100.000 (99.314)
Epoch: [36][60/126], lr: 0.00001        Time 0.550 (0.723)      Data 0.000 (0.117)      Loss 0.1460 (0.1645)    Prec@1 93.750 (94.109)  Prec@5 100.000 (99.027)
Epoch: [36][80/126], lr: 0.00001        Time 0.481 (0.686)      Data 0.000 (0.088)      Loss 0.1939 (0.1667)    Prec@1 93.750 (93.981)  Prec@5 96.875 (98.920)
Epoch: [36][100/126], lr: 0.00001       Time 0.525 (0.660)      Data 0.000 (0.071)      Loss 0.1049 (0.1568)    Prec@1 96.875 (94.338)  Prec@5 100.000 (99.072)
Epoch: [36][120/126], lr: 0.00001       Time 0.525 (0.638)      Data 0.000 (0.059)      Loss 0.0142 (0.1548)    Prec@1 100.000 (94.473) Prec@5 100.000 (99.070)
Freezing BatchNorm2D except the first one.
Epoch: [37][0/126], lr: 0.00001 Time 7.164 (7.164)      Data 6.536 (6.536)      Loss 0.2153 (0.2153)    Prec@1 90.625 (90.625)  Prec@5 100.000 (100.000)
Epoch: [37][20/126], lr: 0.00001        Time 0.716 (0.989)      Data 0.000 (0.377)      Loss 0.2193 (0.1552)    Prec@1 90.625 (94.940)  Prec@5 96.875 (98.661)
Epoch: [37][40/126], lr: 0.00001        Time 0.575 (0.798)      Data 0.000 (0.193)      Loss 0.0286 (0.1333)    Prec@1 100.000 (95.503) Prec@5 100.000 (99.009)
Epoch: [37][60/126], lr: 0.00001        Time 0.627 (0.725)      Data 0.000 (0.130)      Loss 0.0644 (0.1415)    Prec@1 100.000 (94.980) Prec@5 100.000 (99.180)
Epoch: [37][80/126], lr: 0.00001        Time 0.618 (0.688)      Data 0.000 (0.098)      Loss 0.0815 (0.1497)    Prec@1 93.750 (94.599)  Prec@5 100.000 (99.074)
Epoch: [37][100/126], lr: 0.00001       Time 0.527 (0.662)      Data 0.000 (0.078)      Loss 0.0868 (0.1583)    Prec@1 96.875 (94.400)  Prec@5 100.000 (99.072)
Epoch: [37][120/126], lr: 0.00001       Time 0.529 (0.640)      Data 0.000 (0.066)      Loss 0.2477 (0.1593)    Prec@1 93.750 (94.370)  Prec@5 100.000 (99.070)
Test: [0/51]    Time 9.150 (9.150)      Loss 0.0926 (0.0926)    Prec@1 96.875 (96.875)  Prec@5 100.000 (100.000)
Test: [20/51]   Time 0.216 (0.846)      Loss 0.1265 (0.3321)    Prec@1 96.875 (93.006)  Prec@5 100.000 (98.363)
Test: [40/51]   Time 0.182 (0.610)      Loss 0.0889 (0.3233)    Prec@1 93.750 (91.540)  Prec@5 100.000 (99.009)
Testing Results: Prec@1 90.248 Prec@5 99.130 Loss 0.33415
Best Prec@1: 92.484
Freezing BatchNorm2D except the first one.
Epoch: [38][0/126], lr: 0.00001 Time 7.781 (7.781)      Data 7.209 (7.209)      Loss 0.1795 (0.1795)    Prec@1 90.625 (90.625)  Prec@5 100.000 (100.000)
Epoch: [38][20/126], lr: 0.00001        Time 0.684 (0.997)      Data 0.000 (0.382)      Loss 0.4969 (0.1498)    Prec@1 84.375 (94.643)  Prec@5 93.750 (99.107)
Epoch: [38][40/126], lr: 0.00001        Time 0.454 (0.808)      Data 0.000 (0.196)      Loss 0.1682 (0.1602)    Prec@1 93.750 (93.979)  Prec@5 100.000 (99.238)
Epoch: [38][60/126], lr: 0.00001        Time 0.557 (0.730)      Data 0.000 (0.132)      Loss 0.0624 (0.1460)    Prec@1 93.750 (94.570)  Prec@5 100.000 (99.488)
Epoch: [38][80/126], lr: 0.00001        Time 0.615 (0.692)      Data 0.000 (0.099)      Loss 0.0942 (0.1366)    Prec@1 93.750 (94.753)  Prec@5 100.000 (99.576)
Epoch: [38][100/126], lr: 0.00001       Time 0.532 (0.665)      Data 0.000 (0.080)      Loss 0.1421 (0.1403)    Prec@1 93.750 (94.678)  Prec@5 100.000 (99.567)
Epoch: [38][120/126], lr: 0.00001       Time 0.526 (0.643)      Data 0.000 (0.067)      Loss 0.1642 (0.1429)    Prec@1 93.750 (94.783)  Prec@5 96.875 (99.509)
Freezing BatchNorm2D except the first one.
Epoch: [39][0/126], lr: 0.00001 Time 8.776 (8.776)      Data 8.302 (8.302)      Loss 0.2741 (0.2741)    Prec@1 90.625 (90.625)  Prec@5 96.875 (96.875)
Epoch: [39][20/126], lr: 0.00001        Time 0.572 (1.016)      Data 0.000 (0.396)      Loss 0.1264 (0.1666)    Prec@1 96.875 (94.048)  Prec@5 96.875 (99.554)
Epoch: [39][40/126], lr: 0.00001        Time 0.513 (0.806)      Data 0.000 (0.203)      Loss 0.0727 (0.1487)    Prec@1 96.875 (94.893)  Prec@5 100.000 (99.543)
Epoch: [39][60/126], lr: 0.00001        Time 0.531 (0.726)      Data 0.000 (0.136)      Loss 0.2155 (0.1618)    Prec@1 90.625 (94.314)  Prec@5 100.000 (99.283)
Epoch: [39][80/126], lr: 0.00001        Time 0.636 (0.689)      Data 0.000 (0.103)      Loss 0.0723 (0.1561)    Prec@1 96.875 (94.406)  Prec@5 100.000 (99.190)
Epoch: [39][100/126], lr: 0.00001       Time 0.526 (0.664)      Data 0.000 (0.082)      Loss 0.2386 (0.1608)    Prec@1 87.500 (94.307)  Prec@5 100.000 (99.165)
Epoch: [39][120/126], lr: 0.00001       Time 0.528 (0.642)      Data 0.000 (0.069)      Loss 0.1592 (0.1599)    Prec@1 96.875 (94.344)  Prec@5 100.000 (99.251)
Test: [0/51]    Time 9.783 (9.783)      Loss 0.0999 (0.0999)    Prec@1 96.875 (96.875)  Prec@5 100.000 (100.000)
Test: [20/51]   Time 0.462 (0.832)      Loss 0.1269 (0.3423)    Prec@1 96.875 (92.708)  Prec@5 100.000 (98.065)
Test: [40/51]   Time 0.187 (0.608)      Loss 0.0890 (0.3371)    Prec@1 93.750 (91.387)  Prec@5 100.000 (98.780)
Testing Results: Prec@1 89.876 Prec@5 98.944 Loss 0.35196
Best Prec@1: 92.484
