ipn: 14 classes
storing name: TSM_ipn14_RGB-seg_resnet50_shift8_blockres_avg_segment8_e50_lr1e-03_gp30

    Initializing TSN with base model: resnet50.
    TSN Configurations:
        input_modality:     RGB-seg
        num_segments:       8
        new_length:         5
        consensus_module:   avg
        dropout_ratio:      0.5
        img_feature_dim:    256

=> base model: resnet50
Adding temporal shift...
=> n_segment per stage: [8, 8, 8, 8]
=> Processing stage with 3 blocks residual
=> Using fold div: 8
=> Using fold div: 8
=> Using fold div: 8
=> Processing stage with 4 blocks residual
=> Using fold div: 8
=> Using fold div: 8
=> Using fold div: 8
=> Using fold div: 8
=> Processing stage with 6 blocks residual
=> Using fold div: 8
=> Using fold div: 8
=> Using fold div: 8
=> Using fold div: 8
=> Using fold div: 8
=> Using fold div: 8
=> Processing stage with 3 blocks residual
=> Using fold div: 8
=> Using fold div: 8
=> Using fold div: 8
Converting the ImageNet model to a flow init model
Done. Flow model ready...
#################### NO FLIP!!!
video clips:4039
video clips:1610
group: first_conv_weight has 1 params, lr_mult: 1, decay_mult: 1
group: first_conv_bias has 0 params, lr_mult: 2, decay_mult: 0
group: normal_weight has 52 params, lr_mult: 1, decay_mult: 1
group: normal_bias has 0 params, lr_mult: 2, decay_mult: 0
group: BN scale/shift has 2 params, lr_mult: 1, decay_mult: 0
group: custom_ops has 0 params, lr_mult: 1, decay_mult: 1
group: lr5_weight has 1 params, lr_mult: 5, decay_mult: 1
group: lr10_bias has 1 params, lr_mult: 10, decay_mult: 0
Freezing BatchNorm2D except the first one.
Epoch: [0][0/126], lr: 0.00100  Time 36.240 (36.240)    Data 27.876 (27.876)    Loss 2.6419 (2.6419)    Prec@1 3.125 (3.125)    Prec@5 18.750 (18.750)
Epoch: [0][20/126], lr: 0.00100 Time 0.528 (2.664)      Data 0.000 (1.798)      Loss 2.1095 (2.3715)    Prec@1 28.125 (21.429)  Prec@5 78.125 (65.476)
Epoch: [0][40/126], lr: 0.00100 Time 0.528 (1.982)      Data 0.000 (1.294)      Loss 2.4679 (2.3600)    Prec@1 15.625 (22.027)  Prec@5 59.375 (64.405)
Epoch: [0][60/126], lr: 0.00100 Time 0.524 (1.696)      Data 0.000 (1.069)      Loss 2.4273 (2.3184)    Prec@1 28.125 (23.822)  Prec@5 59.375 (64.857)
Epoch: [0][80/126], lr: 0.00100 Time 7.253 (1.637)      Data 6.990 (1.045)      Loss 1.7908 (2.2476)    Prec@1 37.500 (25.733)  Prec@5 75.000 (65.702)
Epoch: [0][100/126], lr: 0.00100        Time 1.343 (1.545)      Data 1.097 (0.978)      Loss 2.1766 (2.1729)    Prec@1 28.125 (27.970)  Prec@5 68.750 (66.832)
Epoch: [0][120/126], lr: 0.00100        Time 0.524 (1.441)      Data 0.000 (0.886)      Loss 1.6063 (2.0885)    Prec@1 40.625 (29.959)  Prec@5 65.625 (68.363)
Freezing BatchNorm2D except the first one.
Epoch: [1][0/126], lr: 0.00100  Time 14.132 (14.132)    Data 13.796 (13.796)    Loss 1.7329 (1.7329)    Prec@1 28.125 (28.125)  Prec@5 75.000 (75.000)
Epoch: [1][20/126], lr: 0.00100 Time 0.532 (1.360)      Data 0.000 (0.840)      Loss 2.0101 (1.7773)    Prec@1 43.750 (38.393)  Prec@5 68.750 (74.554)
Epoch: [1][40/126], lr: 0.00100 Time 0.524 (1.079)      Data 0.000 (0.556)      Loss 1.5717 (1.6563)    Prec@1 34.375 (41.997)  Prec@5 87.500 (76.677)
Epoch: [1][60/126], lr: 0.00100 Time 0.534 (0.981)      Data 0.000 (0.457)      Loss 1.8303 (1.6900)    Prec@1 34.375 (41.445)  Prec@5 84.375 (76.383)
Epoch: [1][80/126], lr: 0.00100 Time 4.934 (0.988)      Data 4.581 (0.464)      Loss 1.4379 (1.6653)    Prec@1 50.000 (41.127)  Prec@5 81.250 (76.736)
Epoch: [1][100/126], lr: 0.00100        Time 0.639 (0.947)      Data 0.000 (0.423)      Loss 1.4448 (1.6442)    Prec@1 56.250 (41.368)  Prec@5 81.250 (77.506)
Epoch: [1][120/126], lr: 0.00100        Time 0.527 (0.903)      Data 0.000 (0.380)      Loss 1.5600 (1.6192)    Prec@1 34.375 (41.787)  Prec@5 84.375 (78.332)
Test: [0/51]    Time 17.162 (17.162)    Loss 1.1335 (1.1335)    Prec@1 59.375 (59.375)  Prec@5 93.750 (93.750)
Test: [20/51]   Time 0.631 (1.568)      Loss 1.3867 (1.7882)    Prec@1 50.000 (41.518)  Prec@5 81.250 (77.827)
Test: [40/51]   Time 0.210 (1.179)      Loss 1.1480 (1.7272)    Prec@1 65.625 (42.302)  Prec@5 87.500 (76.677)
Testing Results: Prec@1 41.491 Prec@5 74.596 Loss 1.75030
Best Prec@1: 41.491
Freezing BatchNorm2D except the first one.
Epoch: [2][0/126], lr: 0.00100  Time 13.119 (13.119)    Data 12.786 (12.786)    Loss 1.3339 (1.3339)    Prec@1 53.125 (53.125)  Prec@5 78.125 (78.125)
Epoch: [2][20/126], lr: 0.00100 Time 0.525 (1.249)      Data 0.000 (0.734)      Loss 1.4502 (1.4090)    Prec@1 37.500 (47.619)  Prec@5 90.625 (84.375)
Epoch: [2][40/126], lr: 0.00100 Time 0.543 (0.966)      Data 0.000 (0.457)      Loss 1.4105 (1.4142)    Prec@1 43.750 (48.018)  Prec@5 81.250 (84.223)
Epoch: [2][60/126], lr: 0.00100 Time 0.535 (0.869)      Data 0.000 (0.361)      Loss 1.1161 (1.4025)    Prec@1 56.250 (48.617)  Prec@5 96.875 (84.836)
Epoch: [2][80/126], lr: 0.00100 Time 0.791 (0.841)      Data 0.525 (0.333)      Loss 1.1837 (1.3653)    Prec@1 65.625 (50.000)  Prec@5 90.625 (86.188)
Epoch: [2][100/126], lr: 0.00100        Time 0.536 (0.835)      Data 0.000 (0.324)      Loss 1.4772 (1.3509)    Prec@1 46.875 (51.330)  Prec@5 84.375 (86.788)
Epoch: [2][120/126], lr: 0.00100        Time 0.524 (0.795)      Data 0.000 (0.282)      Loss 1.0747 (1.3246)    Prec@1 65.625 (52.505)  Prec@5 93.750 (87.216)
Freezing BatchNorm2D except the first one.
Epoch: [3][0/126], lr: 0.00100  Time 10.845 (10.845)    Data 10.527 (10.527)    Loss 1.2527 (1.2527)    Prec@1 62.500 (62.500)  Prec@5 84.375 (84.375)
Epoch: [3][20/126], lr: 0.00100 Time 0.529 (1.123)      Data 0.000 (0.604)      Loss 0.8765 (1.0595)    Prec@1 71.875 (65.476)  Prec@5 93.750 (92.411)
Epoch: [3][40/126], lr: 0.00100 Time 0.544 (0.890)      Data 0.000 (0.364)      Loss 1.1845 (1.0650)    Prec@1 59.375 (63.491)  Prec@5 90.625 (92.759)
Epoch: [3][60/126], lr: 0.00100 Time 0.602 (0.815)      Data 0.000 (0.282)      Loss 0.9095 (1.0669)    Prec@1 68.750 (63.576)  Prec@5 96.875 (92.264)
Epoch: [3][80/126], lr: 0.00100 Time 3.042 (0.798)      Data 2.620 (0.264)      Loss 1.3345 (1.0681)    Prec@1 53.125 (63.927)  Prec@5 87.500 (92.130)
Epoch: [3][100/126], lr: 0.00100        Time 0.543 (0.761)      Data 0.000 (0.228)      Loss 1.3369 (1.0876)    Prec@1 56.250 (63.243)  Prec@5 93.750 (92.048)
Epoch: [3][120/126], lr: 0.00100        Time 0.524 (0.730)      Data 0.000 (0.198)      Loss 0.4180 (1.0648)    Prec@1 90.625 (64.205)  Prec@5 100.000 (92.459)
Test: [0/51]    Time 8.838 (8.838)      Loss 0.5925 (0.5925)    Prec@1 78.125 (78.125)  Prec@5 93.750 (93.750)
Test: [20/51]   Time 0.196 (0.834)      Loss 0.7913 (1.0349)    Prec@1 78.125 (69.196)  Prec@5 90.625 (91.964)
Test: [40/51]   Time 0.182 (0.593)      Loss 0.6919 (0.9740)    Prec@1 75.000 (70.732)  Prec@5 100.000 (94.817)
Testing Results: Prec@1 70.745 Prec@5 95.155 Loss 0.95629
Best Prec@1: 70.745
Freezing BatchNorm2D except the first one.
Epoch: [4][0/126], lr: 0.00100  Time 9.877 (9.877)      Data 9.435 (9.435)      Loss 0.9488 (0.9488)    Prec@1 65.625 (65.625)  Prec@5 96.875 (96.875)
Epoch: [4][20/126], lr: 0.00100 Time 0.527 (1.055)      Data 0.000 (0.525)      Loss 0.8553 (0.9045)    Prec@1 71.875 (69.494)  Prec@5 93.750 (94.048)
Epoch: [4][40/126], lr: 0.00100 Time 0.518 (0.847)      Data 0.000 (0.306)      Loss 0.9959 (0.9050)    Prec@1 71.875 (67.607)  Prec@5 96.875 (94.055)
Epoch: [4][60/126], lr: 0.00100 Time 0.549 (0.767)      Data 0.000 (0.225)      Loss 1.0487 (0.9610)    Prec@1 65.625 (66.086)  Prec@5 96.875 (94.109)
Epoch: [4][80/126], lr: 0.00100 Time 1.656 (0.745)      Data 1.343 (0.205)      Loss 0.8042 (0.9359)    Prec@1 78.125 (67.091)  Prec@5 96.875 (94.444)
Epoch: [4][100/126], lr: 0.00100        Time 0.607 (0.725)      Data 0.000 (0.186)      Loss 1.0784 (0.9234)    Prec@1 59.375 (67.853)  Prec@5 96.875 (94.524)
Epoch: [4][120/126], lr: 0.00100        Time 0.523 (0.696)      Data 0.000 (0.160)      Loss 0.5408 (0.9099)    Prec@1 81.250 (68.569)  Prec@5 96.875 (94.680)
Freezing BatchNorm2D except the first one.
Epoch: [5][0/126], lr: 0.00100  Time 9.791 (9.791)      Data 9.310 (9.310)      Loss 0.9846 (0.9846)    Prec@1 71.875 (71.875)  Prec@5 93.750 (93.750)
Epoch: [5][20/126], lr: 0.00100 Time 0.542 (1.032)      Data 0.000 (0.496)      Loss 0.5788 (0.7641)    Prec@1 81.250 (75.446)  Prec@5 96.875 (94.345)
Epoch: [5][40/126], lr: 0.00100 Time 0.545 (0.809)      Data 0.000 (0.259)      Loss 0.2453 (0.7544)    Prec@1 90.625 (74.924)  Prec@5 96.875 (94.893)
Epoch: [5][60/126], lr: 0.00100 Time 0.527 (0.733)      Data 0.000 (0.180)      Loss 0.9028 (0.7990)    Prec@1 68.750 (73.053)  Prec@5 87.500 (94.826)
Epoch: [5][80/126], lr: 0.00100 Time 0.551 (0.700)      Data 0.000 (0.153)      Loss 0.9111 (0.8070)    Prec@1 78.125 (73.110)  Prec@5 90.625 (94.676)
Epoch: [5][100/126], lr: 0.00100        Time 0.699 (0.684)      Data 0.000 (0.139)      Loss 0.6907 (0.7971)    Prec@1 71.875 (73.144)  Prec@5 96.875 (95.080)
Epoch: [5][120/126], lr: 0.00100        Time 0.524 (0.662)      Data 0.000 (0.120)      Loss 0.5136 (0.7825)    Prec@1 81.250 (73.192)  Prec@5 96.875 (95.300)
Test: [0/51]    Time 9.320 (9.320)      Loss 0.3384 (0.3384)    Prec@1 84.375 (84.375)  Prec@5 100.000 (100.000)
Test: [20/51]   Time 0.283 (0.834)      Loss 0.7248 (0.9071)    Prec@1 81.250 (73.958)  Prec@5 96.875 (92.262)
Test: [40/51]   Time 0.182 (0.597)      Loss 0.5139 (0.8818)    Prec@1 75.000 (73.780)  Prec@5 100.000 (94.665)
Testing Results: Prec@1 71.677 Prec@5 94.410 Loss 0.91121
Best Prec@1: 71.677
Freezing BatchNorm2D except the first one.
Epoch: [6][0/126], lr: 0.00100  Time 9.839 (9.839)      Data 9.498 (9.498)      Loss 0.7993 (0.7993)    Prec@1 65.625 (65.625)  Prec@5 90.625 (90.625)
Epoch: [6][20/126], lr: 0.00100 Time 0.542 (1.018)      Data 0.000 (0.453)      Loss 0.4012 (0.7144)    Prec@1 84.375 (75.000)  Prec@5 100.000 (94.792)
Epoch: [6][40/126], lr: 0.00100 Time 0.578 (0.800)      Data 0.000 (0.232)      Loss 0.8876 (0.6775)    Prec@1 75.000 (76.982)  Prec@5 93.750 (95.579)
Epoch: [6][60/126], lr: 0.00100 Time 0.539 (0.728)      Data 0.000 (0.156)      Loss 0.8652 (0.6884)    Prec@1 75.000 (76.486)  Prec@5 93.750 (95.902)
Epoch: [6][80/126], lr: 0.00100 Time 0.556 (0.693)      Data 0.000 (0.118)      Loss 0.5582 (0.7107)    Prec@1 78.125 (75.231)  Prec@5 93.750 (95.718)
Epoch: [6][100/126], lr: 0.00100        Time 0.627 (0.671)      Data 0.000 (0.096)      Loss 0.5775 (0.7247)    Prec@1 81.250 (74.783)  Prec@5 90.625 (95.761)
Epoch: [6][120/126], lr: 0.00100        Time 0.523 (0.649)      Data 0.000 (0.082)      Loss 0.5138 (0.7114)    Prec@1 84.375 (74.974)  Prec@5 100.000 (95.868)
Freezing BatchNorm2D except the first one.
Epoch: [7][0/126], lr: 0.00100  Time 8.142 (8.142)      Data 7.737 (7.737)      Loss 0.4906 (0.4906)    Prec@1 87.500 (87.500)  Prec@5 96.875 (96.875)
Epoch: [7][20/126], lr: 0.00100 Time 0.557 (0.954)      Data 0.000 (0.377)      Loss 1.2482 (0.6711)    Prec@1 59.375 (76.786)  Prec@5 84.375 (95.387)
Epoch: [7][40/126], lr: 0.00100 Time 0.574 (0.778)      Data 0.000 (0.193)      Loss 0.6635 (0.6904)    Prec@1 78.125 (76.982)  Prec@5 96.875 (95.503)
Epoch: [7][60/126], lr: 0.00100 Time 0.674 (0.724)      Data 0.000 (0.130)      Loss 0.9529 (0.7092)    Prec@1 71.875 (76.076)  Prec@5 93.750 (95.697)
Epoch: [7][80/126], lr: 0.00100 Time 0.476 (0.693)      Data 0.000 (0.098)      Loss 0.6005 (0.6934)    Prec@1 78.125 (76.389)  Prec@5 93.750 (95.833)
Epoch: [7][100/126], lr: 0.00100        Time 0.546 (0.670)      Data 0.000 (0.079)      Loss 0.8364 (0.6709)    Prec@1 65.625 (76.640)  Prec@5 87.500 (96.256)
Epoch: [7][120/126], lr: 0.00100        Time 0.524 (0.648)      Data 0.000 (0.066)      Loss 0.6997 (0.6742)    Prec@1 78.125 (76.550)  Prec@5 96.875 (96.152)
Test: [0/51]    Time 8.551 (8.551)      Loss 0.2063 (0.2063)    Prec@1 93.750 (93.750)  Prec@5 100.000 (100.000)
Test: [20/51]   Time 0.523 (0.820)      Loss 0.7876 (0.8773)    Prec@1 75.000 (73.810)  Prec@5 93.750 (90.774)
Test: [40/51]   Time 0.183 (0.585)      Loss 0.2648 (0.9464)    Prec@1 84.375 (74.466)  Prec@5 100.000 (91.616)
Testing Results: Prec@1 73.168 Prec@5 92.547 Loss 0.92783
Best Prec@1: 73.168
Freezing BatchNorm2D except the first one.
Epoch: [8][0/126], lr: 0.00100  Time 9.685 (9.685)      Data 9.295 (9.295)      Loss 0.6658 (0.6658)    Prec@1 81.250 (81.250)  Prec@5 93.750 (93.750)
Epoch: [8][20/126], lr: 0.00100 Time 0.511 (1.023)      Data 0.000 (0.443)      Loss 0.9263 (0.6621)    Prec@1 75.000 (77.232)  Prec@5 87.500 (96.577)
Epoch: [8][40/126], lr: 0.00100 Time 0.656 (0.806)      Data 0.000 (0.227)      Loss 0.5031 (0.6596)    Prec@1 87.500 (76.372)  Prec@5 100.000 (96.265)
Epoch: [8][60/126], lr: 0.00100 Time 0.592 (0.739)      Data 0.000 (0.153)      Loss 0.5512 (0.6185)    Prec@1 87.500 (77.971)  Prec@5 100.000 (96.619)
Epoch: [8][80/126], lr: 0.00100 Time 0.563 (0.698)      Data 0.000 (0.115)      Loss 0.4506 (0.5948)    Prec@1 78.125 (79.012)  Prec@5 96.875 (96.798)
Epoch: [8][100/126], lr: 0.00100        Time 0.609 (0.675)      Data 0.000 (0.092)      Loss 0.6332 (0.5984)    Prec@1 81.250 (78.868)  Prec@5 93.750 (96.473)
Epoch: [8][120/126], lr: 0.00100        Time 0.526 (0.651)      Data 0.000 (0.077)      Loss 0.3039 (0.5922)    Prec@1 90.625 (79.261)  Prec@5 100.000 (96.462)
Freezing BatchNorm2D except the first one.
Epoch: [9][0/126], lr: 0.00100  Time 7.731 (7.731)      Data 7.191 (7.191)      Loss 0.7790 (0.7790)    Prec@1 75.000 (75.000)  Prec@5 96.875 (96.875)
Epoch: [9][20/126], lr: 0.00100 Time 0.479 (0.943)      Data 0.000 (0.371)      Loss 0.6009 (0.6154)    Prec@1 78.125 (78.571)  Prec@5 96.875 (96.875)
Epoch: [9][40/126], lr: 0.00100 Time 0.695 (0.777)      Data 0.000 (0.190)      Loss 0.3302 (0.5839)    Prec@1 84.375 (79.726)  Prec@5 100.000 (97.256)
Epoch: [9][60/126], lr: 0.00100 Time 0.566 (0.720)      Data 0.000 (0.128)      Loss 0.4937 (0.5588)    Prec@1 78.125 (80.277)  Prec@5 96.875 (97.387)
Epoch: [9][80/126], lr: 0.00100 Time 0.579 (0.687)      Data 0.000 (0.096)      Loss 0.3367 (0.5580)    Prec@1 87.500 (80.401)  Prec@5 96.875 (97.106)
Epoch: [9][100/126], lr: 0.00100        Time 0.484 (0.668)      Data 0.000 (0.077)      Loss 0.4532 (0.5692)    Prec@1 81.250 (79.920)  Prec@5 100.000 (96.937)
Epoch: [9][120/126], lr: 0.00100        Time 0.524 (0.644)      Data 0.000 (0.065)      Loss 0.7933 (0.5815)    Prec@1 68.750 (79.520)  Prec@5 100.000 (96.952)
Test: [0/51]    Time 8.410 (8.410)      Loss 0.2152 (0.2152)    Prec@1 90.625 (90.625)  Prec@5 100.000 (100.000)
Test: [20/51]   Time 0.212 (0.836)      Loss 0.5926 (0.6214)    Prec@1 78.125 (77.976)  Prec@5 96.875 (97.917)
Test: [40/51]   Time 0.183 (0.581)      Loss 0.3268 (0.6535)    Prec@1 87.500 (76.296)  Prec@5 100.000 (98.857)
Testing Results: Prec@1 75.776 Prec@5 98.882 Loss 0.66138
Best Prec@1: 75.776
Freezing BatchNorm2D except the first one.
Epoch: [10][0/126], lr: 0.00100 Time 8.201 (8.201)      Data 7.633 (7.633)      Loss 0.6129 (0.6129)    Prec@1 78.125 (78.125)  Prec@5 93.750 (93.750)
Epoch: [10][20/126], lr: 0.00100        Time 0.563 (0.959)      Data 0.000 (0.364)      Loss 0.3122 (0.5846)    Prec@1 90.625 (80.952)  Prec@5 100.000 (96.726)
Epoch: [10][40/126], lr: 0.00100        Time 0.550 (0.784)      Data 0.000 (0.186)      Loss 0.7072 (0.5491)    Prec@1 71.875 (80.945)  Prec@5 100.000 (96.875)
Epoch: [10][60/126], lr: 0.00100        Time 0.609 (0.721)      Data 0.000 (0.125)      Loss 0.5579 (0.5406)    Prec@1 78.125 (82.018)  Prec@5 100.000 (96.926)
Epoch: [10][80/126], lr: 0.00100        Time 0.720 (0.687)      Data 0.000 (0.094)      Loss 0.7037 (0.5325)    Prec@1 78.125 (82.137)  Prec@5 96.875 (96.914)
Epoch: [10][100/126], lr: 0.00100       Time 0.545 (0.663)      Data 0.000 (0.076)      Loss 0.7140 (0.5219)    Prec@1 81.250 (82.116)  Prec@5 96.875 (97.092)
Epoch: [10][120/126], lr: 0.00100       Time 0.534 (0.640)      Data 0.000 (0.063)      Loss 0.5806 (0.5212)    Prec@1 87.500 (81.896)  Prec@5 100.000 (97.262)
Freezing BatchNorm2D except the first one.
Epoch: [11][0/126], lr: 0.00100 Time 7.806 (7.806)      Data 7.322 (7.322)      Loss 0.6618 (0.6618)    Prec@1 75.000 (75.000)  Prec@5 93.750 (93.750)
Epoch: [11][20/126], lr: 0.00100        Time 0.592 (0.947)      Data 0.000 (0.349)      Loss 0.4658 (0.5024)    Prec@1 84.375 (82.440)  Prec@5 96.875 (97.619)
Epoch: [11][40/126], lr: 0.00100        Time 0.714 (0.779)      Data 0.000 (0.179)      Loss 0.3472 (0.4887)    Prec@1 87.500 (82.012)  Prec@5 100.000 (97.637)
Epoch: [11][60/126], lr: 0.00100        Time 0.455 (0.716)      Data 0.000 (0.120)      Loss 0.6299 (0.5039)    Prec@1 75.000 (81.762)  Prec@5 93.750 (97.490)
Epoch: [11][80/126], lr: 0.00100        Time 0.656 (0.682)      Data 0.000 (0.091)      Loss 0.6068 (0.5181)    Prec@1 81.250 (81.559)  Prec@5 96.875 (97.029)
Epoch: [11][100/126], lr: 0.00100       Time 0.580 (0.659)      Data 0.000 (0.073)      Loss 0.3795 (0.5209)    Prec@1 87.500 (81.436)  Prec@5 96.875 (97.153)
Epoch: [11][120/126], lr: 0.00100       Time 0.525 (0.637)      Data 0.000 (0.061)      Loss 0.6411 (0.5159)    Prec@1 78.125 (81.482)  Prec@5 96.875 (97.133)
Test: [0/51]    Time 8.774 (8.774)      Loss 0.2748 (0.2748)    Prec@1 81.250 (81.250)  Prec@5 100.000 (100.000)
Test: [20/51]   Time 0.679 (0.840)      Loss 0.7503 (0.8393)    Prec@1 87.500 (77.083)  Prec@5 96.875 (93.601)
Test: [40/51]   Time 0.181 (0.590)      Loss 0.2948 (0.9782)    Prec@1 81.250 (74.162)  Prec@5 100.000 (94.360)
Testing Results: Prec@1 72.360 Prec@5 95.093 Loss 1.00063
Best Prec@1: 75.776
Freezing BatchNorm2D except the first one.
Epoch: [12][0/126], lr: 0.00100 Time 8.432 (8.432)      Data 7.964 (7.964)      Loss 0.3052 (0.3052)    Prec@1 84.375 (84.375)  Prec@5 100.000 (100.000)
Epoch: [12][20/126], lr: 0.00100        Time 0.597 (0.957)      Data 0.000 (0.380)      Loss 0.7899 (0.5263)    Prec@1 71.875 (81.994)  Prec@5 96.875 (97.917)
Epoch: [12][40/126], lr: 0.00100        Time 0.484 (0.782)      Data 0.000 (0.195)      Loss 0.4505 (0.5281)    Prec@1 81.250 (81.098)  Prec@5 100.000 (97.942)
Epoch: [12][60/126], lr: 0.00100        Time 0.503 (0.718)      Data 0.000 (0.131)      Loss 0.5918 (0.5521)    Prec@1 81.250 (80.277)  Prec@5 96.875 (97.285)
Epoch: [12][80/126], lr: 0.00100        Time 0.544 (0.680)      Data 0.000 (0.099)      Loss 0.5590 (0.5398)    Prec@1 84.375 (80.941)  Prec@5 93.750 (96.914)
Epoch: [12][100/126], lr: 0.00100       Time 0.561 (0.657)      Data 0.000 (0.079)      Loss 0.7881 (0.5368)    Prec@1 81.250 (81.157)  Prec@5 87.500 (96.813)
Epoch: [12][120/126], lr: 0.00100       Time 0.527 (0.635)      Data 0.000 (0.066)      Loss 0.4076 (0.5247)    Prec@1 78.125 (81.586)  Prec@5 96.875 (96.901)
Freezing BatchNorm2D except the first one.
Epoch: [13][0/126], lr: 0.00100 Time 8.072 (8.072)      Data 7.570 (7.570)      Loss 0.6206 (0.6206)    Prec@1 78.125 (78.125)  Prec@5 93.750 (93.750)
Epoch: [13][20/126], lr: 0.00100        Time 0.596 (0.941)      Data 0.000 (0.361)      Loss 0.2699 (0.4391)    Prec@1 90.625 (84.524)  Prec@5 100.000 (97.321)
Epoch: [13][40/126], lr: 0.00100        Time 0.634 (0.774)      Data 0.000 (0.185)      Loss 0.5310 (0.4439)    Prec@1 78.125 (83.918)  Prec@5 100.000 (98.095)
Epoch: [13][60/126], lr: 0.00100        Time 0.653 (0.708)      Data 0.000 (0.124)      Loss 0.5927 (0.4438)    Prec@1 78.125 (83.453)  Prec@5 96.875 (98.309)
Epoch: [13][80/126], lr: 0.00100        Time 0.508 (0.673)      Data 0.000 (0.094)      Loss 0.6654 (0.4411)    Prec@1 78.125 (83.681)  Prec@5 93.750 (98.225)
Epoch: [13][100/126], lr: 0.00100       Time 0.539 (0.654)      Data 0.000 (0.075)      Loss 0.4275 (0.4442)    Prec@1 75.000 (83.447)  Prec@5 100.000 (98.298)
Epoch: [13][120/126], lr: 0.00100       Time 0.524 (0.633)      Data 0.000 (0.063)      Loss 0.6466 (0.4542)    Prec@1 84.375 (83.368)  Prec@5 96.875 (98.140)
Test: [0/51]    Time 9.227 (9.227)      Loss 0.1119 (0.1119)    Prec@1 93.750 (93.750)  Prec@5 100.000 (100.000)
Test: [20/51]   Time 0.213 (0.849)      Loss 0.8114 (0.6560)    Prec@1 78.125 (80.208)  Prec@5 96.875 (96.280)
Test: [40/51]   Time 0.186 (0.596)      Loss 0.1473 (0.6646)    Prec@1 90.625 (81.860)  Prec@5 100.000 (97.713)
Testing Results: Prec@1 82.981 Prec@5 98.012 Loss 0.64734
Best Prec@1: 82.981
Freezing BatchNorm2D except the first one.
Epoch: [14][0/126], lr: 0.00100 Time 7.607 (7.607)      Data 6.999 (6.999)      Loss 0.4170 (0.4170)    Prec@1 81.250 (81.250)  Prec@5 96.875 (96.875)
Epoch: [14][20/126], lr: 0.00100        Time 0.608 (0.931)      Data 0.000 (0.343)      Loss 0.3380 (0.4942)    Prec@1 90.625 (82.589)  Prec@5 100.000 (97.321)
Epoch: [14][40/126], lr: 0.00100        Time 0.669 (0.780)      Data 0.000 (0.176)      Loss 0.3445 (0.4517)    Prec@1 93.750 (84.527)  Prec@5 100.000 (97.637)
Epoch: [14][60/126], lr: 0.00100        Time 0.564 (0.717)      Data 0.000 (0.118)      Loss 0.5683 (0.4593)    Prec@1 81.250 (83.914)  Prec@5 96.875 (97.746)
Epoch: [14][80/126], lr: 0.00100        Time 0.644 (0.687)      Data 0.000 (0.089)      Loss 0.2948 (0.4622)    Prec@1 84.375 (83.642)  Prec@5 100.000 (97.531)
Epoch: [14][100/126], lr: 0.00100       Time 0.534 (0.663)      Data 0.000 (0.072)      Loss 0.2871 (0.4509)    Prec@1 87.500 (84.066)  Prec@5 100.000 (97.649)
Epoch: [14][120/126], lr: 0.00100       Time 0.527 (0.640)      Data 0.000 (0.060)      Loss 0.1159 (0.4537)    Prec@1 93.750 (84.013)  Prec@5 100.000 (97.650)
Freezing BatchNorm2D except the first one.
Epoch: [15][0/126], lr: 0.00100 Time 8.768 (8.768)      Data 8.386 (8.386)      Loss 0.2168 (0.2168)    Prec@1 93.750 (93.750)  Prec@5 96.875 (96.875)
Epoch: [15][20/126], lr: 0.00100        Time 0.592 (1.000)      Data 0.000 (0.400)      Loss 0.3586 (0.3780)    Prec@1 87.500 (85.268)  Prec@5 96.875 (98.810)
Epoch: [15][40/126], lr: 0.00100        Time 0.622 (0.808)      Data 0.000 (0.205)      Loss 0.2454 (0.3639)    Prec@1 87.500 (86.128)  Prec@5 100.000 (98.628)
Epoch: [15][60/126], lr: 0.00100        Time 0.582 (0.733)      Data 0.000 (0.138)      Loss 0.6649 (0.3919)    Prec@1 78.125 (85.809)  Prec@5 96.875 (98.258)
Epoch: [15][80/126], lr: 0.00100        Time 0.454 (0.694)      Data 0.000 (0.104)      Loss 0.2386 (0.4090)    Prec@1 87.500 (85.301)  Prec@5 100.000 (97.994)
Epoch: [15][100/126], lr: 0.00100       Time 0.491 (0.667)      Data 0.000 (0.083)      Loss 0.4957 (0.4181)    Prec@1 75.000 (85.118)  Prec@5 100.000 (97.958)
Epoch: [15][120/126], lr: 0.00100       Time 0.524 (0.643)      Data 0.000 (0.069)      Loss 0.6506 (0.4208)    Prec@1 75.000 (84.814)  Prec@5 93.750 (97.934)
Test: [0/51]    Time 6.991 (6.991)      Loss 0.1456 (0.1456)    Prec@1 93.750 (93.750)  Prec@5 100.000 (100.000)
Test: [20/51]   Time 0.193 (0.820)      Loss 0.3982 (0.4529)    Prec@1 87.500 (84.673)  Prec@5 100.000 (97.917)
Test: [40/51]   Time 0.184 (0.588)      Loss 0.2282 (0.4559)    Prec@1 90.625 (82.546)  Prec@5 100.000 (98.780)
Testing Results: Prec@1 82.609 Prec@5 98.820 Loss 0.46063
Best Prec@1: 82.981
Freezing BatchNorm2D except the first one.
Epoch: [16][0/126], lr: 0.00100 Time 7.607 (7.607)      Data 7.077 (7.077)      Loss 0.6470 (0.6470)    Prec@1 78.125 (78.125)  Prec@5 96.875 (96.875)
Epoch: [16][20/126], lr: 0.00100        Time 0.532 (0.947)      Data 0.000 (0.337)      Loss 0.1355 (0.4326)    Prec@1 93.750 (82.738)  Prec@5 100.000 (98.065)
Epoch: [16][40/126], lr: 0.00100        Time 0.589 (0.784)      Data 0.000 (0.173)      Loss 0.3845 (0.4422)    Prec@1 90.625 (83.003)  Prec@5 96.875 (97.561)
Epoch: [16][60/126], lr: 0.00100        Time 0.516 (0.717)      Data 0.000 (0.116)      Loss 0.4752 (0.4206)    Prec@1 84.375 (84.221)  Prec@5 100.000 (97.848)
Epoch: [16][80/126], lr: 0.00100        Time 0.548 (0.681)      Data 0.000 (0.088)      Loss 0.5021 (0.4103)    Prec@1 78.125 (84.414)  Prec@5 100.000 (98.071)
Epoch: [16][100/126], lr: 0.00100       Time 0.533 (0.658)      Data 0.000 (0.070)      Loss 0.4160 (0.4132)    Prec@1 81.250 (84.437)  Prec@5 96.875 (98.020)
Epoch: [16][120/126], lr: 0.00100       Time 0.524 (0.636)      Data 0.000 (0.059)      Loss 0.3125 (0.4140)    Prec@1 84.375 (84.478)  Prec@5 100.000 (98.011)
Freezing BatchNorm2D except the first one.
Epoch: [17][0/126], lr: 0.00100 Time 7.412 (7.412)      Data 7.026 (7.026)      Loss 0.5929 (0.5929)    Prec@1 75.000 (75.000)  Prec@5 100.000 (100.000)
Epoch: [17][20/126], lr: 0.00100        Time 0.526 (0.940)      Data 0.000 (0.348)      Loss 0.3949 (0.3988)    Prec@1 90.625 (87.649)  Prec@5 96.875 (98.065)
Epoch: [17][40/126], lr: 0.00100        Time 0.550 (0.782)      Data 0.000 (0.178)      Loss 0.6517 (0.4131)    Prec@1 81.250 (86.052)  Prec@5 96.875 (97.713)
Epoch: [17][60/126], lr: 0.00100        Time 0.596 (0.716)      Data 0.000 (0.120)      Loss 0.1311 (0.3889)    Prec@1 93.750 (85.912)  Prec@5 100.000 (97.951)
Epoch: [17][80/126], lr: 0.00100        Time 0.555 (0.682)      Data 0.000 (0.090)      Loss 0.2497 (0.4144)    Prec@1 87.500 (84.529)  Prec@5 100.000 (97.878)
Epoch: [17][100/126], lr: 0.00100       Time 0.526 (0.659)      Data 0.000 (0.072)      Loss 0.4498 (0.4178)    Prec@1 84.375 (84.808)  Prec@5 100.000 (97.834)
Epoch: [17][120/126], lr: 0.00100       Time 0.525 (0.637)      Data 0.000 (0.060)      Loss 0.4069 (0.4319)    Prec@1 84.375 (84.375)  Prec@5 100.000 (97.753)
Test: [0/51]    Time 8.065 (8.065)      Loss 0.0944 (0.0944)    Prec@1 96.875 (96.875)  Prec@5 100.000 (100.000)
Test: [20/51]   Time 0.379 (0.810)      Loss 0.8163 (0.7645)    Prec@1 84.375 (81.250)  Prec@5 96.875 (94.196)
Test: [40/51]   Time 0.182 (0.582)      Loss 0.1518 (0.7942)    Prec@1 90.625 (80.412)  Prec@5 100.000 (95.655)
Testing Results: Prec@1 78.696 Prec@5 95.342 Loss 0.81566
Best Prec@1: 82.981
Freezing BatchNorm2D except the first one.
Epoch: [18][0/126], lr: 0.00100 Time 8.741 (8.741)      Data 8.417 (8.417)      Loss 0.6419 (0.6419)    Prec@1 75.000 (75.000)  Prec@5 96.875 (96.875)
Epoch: [18][20/126], lr: 0.00100        Time 0.753 (0.989)      Data 0.000 (0.401)      Loss 0.1879 (0.4641)    Prec@1 96.875 (85.119)  Prec@5 100.000 (98.214)
Epoch: [18][40/126], lr: 0.00100        Time 0.516 (0.798)      Data 0.000 (0.206)      Loss 0.2627 (0.4390)    Prec@1 87.500 (85.290)  Prec@5 100.000 (98.247)
Epoch: [18][60/126], lr: 0.00100        Time 0.544 (0.728)      Data 0.000 (0.138)      Loss 0.5286 (0.4263)    Prec@1 84.375 (85.553)  Prec@5 96.875 (98.207)
Epoch: [18][80/126], lr: 0.00100        Time 0.620 (0.693)      Data 0.000 (0.104)      Loss 0.4827 (0.4329)    Prec@1 81.250 (84.954)  Prec@5 100.000 (98.110)
Epoch: [18][100/126], lr: 0.00100       Time 0.518 (0.669)      Data 0.000 (0.084)      Loss 0.3191 (0.4281)    Prec@1 87.500 (84.963)  Prec@5 100.000 (98.175)
Epoch: [18][120/126], lr: 0.00100       Time 0.525 (0.646)      Data 0.000 (0.070)      Loss 0.3895 (0.4338)    Prec@1 84.375 (84.711)  Prec@5 100.000 (98.037)
Freezing BatchNorm2D except the first one.
Epoch: [19][0/126], lr: 0.00100 Time 7.376 (7.376)      Data 6.885 (6.885)      Loss 0.4697 (0.4697)    Prec@1 84.375 (84.375)  Prec@5 96.875 (96.875)
Epoch: [19][20/126], lr: 0.00100        Time 0.555 (0.939)      Data 0.000 (0.341)      Loss 0.3706 (0.3935)    Prec@1 84.375 (85.417)  Prec@5 93.750 (97.024)
Epoch: [19][40/126], lr: 0.00100        Time 0.521 (0.789)      Data 0.000 (0.174)      Loss 0.2394 (0.3739)    Prec@1 96.875 (86.280)  Prec@5 96.875 (97.332)
Epoch: [19][60/126], lr: 0.00100        Time 0.545 (0.720)      Data 0.000 (0.117)      Loss 0.5833 (0.3850)    Prec@1 84.375 (86.117)  Prec@5 96.875 (97.490)
Epoch: [19][80/126], lr: 0.00100        Time 0.493 (0.684)      Data 0.000 (0.088)      Loss 0.5817 (0.3928)    Prec@1 87.500 (85.764)  Prec@5 93.750 (97.454)
Epoch: [19][100/126], lr: 0.00100       Time 0.557 (0.663)      Data 0.000 (0.071)      Loss 0.2877 (0.3832)    Prec@1 90.625 (86.139)  Prec@5 96.875 (97.618)
Epoch: [19][120/126], lr: 0.00100       Time 0.525 (0.641)      Data 0.000 (0.059)      Loss 0.5261 (0.3854)    Prec@1 78.125 (85.976)  Prec@5 100.000 (97.779)
Test: [0/51]    Time 9.153 (9.153)      Loss 0.1917 (0.1917)    Prec@1 84.375 (84.375)  Prec@5 100.000 (100.000)
Test: [20/51]   Time 0.348 (0.799)      Loss 0.6619 (0.4298)    Prec@1 84.375 (86.756)  Prec@5 96.875 (97.917)
Test: [40/51]   Time 0.183 (0.593)      Loss 0.1125 (0.4240)    Prec@1 96.875 (87.500)  Prec@5 100.000 (98.552)
Testing Results: Prec@1 87.764 Prec@5 98.323 Loss 0.42706
Best Prec@1: 87.764
Freezing BatchNorm2D except the first one.
Epoch: [20][0/126], lr: 0.00010 Time 6.623 (6.623)      Data 5.995 (5.995)      Loss 0.3694 (0.3694)    Prec@1 90.625 (90.625)  Prec@5 93.750 (93.750)
Epoch: [20][20/126], lr: 0.00010        Time 0.546 (0.922)      Data 0.000 (0.313)      Loss 0.2743 (0.3629)    Prec@1 90.625 (88.393)  Prec@5 100.000 (98.065)
Epoch: [20][40/126], lr: 0.00010        Time 0.636 (0.776)      Data 0.000 (0.160)      Loss 0.3028 (0.3528)    Prec@1 87.500 (87.805)  Prec@5 100.000 (98.323)
Epoch: [20][60/126], lr: 0.00010        Time 0.731 (0.716)      Data 0.000 (0.108)      Loss 0.4378 (0.3294)    Prec@1 84.375 (88.422)  Prec@5 93.750 (98.566)
Epoch: [20][80/126], lr: 0.00010        Time 0.615 (0.678)      Data 0.000 (0.081)      Loss 0.6075 (0.3240)    Prec@1 81.250 (88.773)  Prec@5 96.875 (98.688)
Epoch: [20][100/126], lr: 0.00010       Time 0.527 (0.658)      Data 0.000 (0.065)      Loss 0.2274 (0.3181)    Prec@1 93.750 (88.830)  Prec@5 96.875 (98.700)
Epoch: [20][120/126], lr: 0.00010       Time 0.528 (0.636)      Data 0.000 (0.054)      Loss 0.3011 (0.3237)    Prec@1 90.625 (88.404)  Prec@5 96.875 (98.631)
Freezing BatchNorm2D except the first one.
Epoch: [21][0/126], lr: 0.00010 Time 6.666 (6.666)      Data 5.996 (5.996)      Loss 0.3563 (0.3563)    Prec@1 84.375 (84.375)  Prec@5 100.000 (100.000)
Epoch: [21][20/126], lr: 0.00010        Time 0.578 (0.930)      Data 0.000 (0.327)      Loss 0.5140 (0.3077)    Prec@1 84.375 (88.839)  Prec@5 100.000 (98.363)
Epoch: [21][40/126], lr: 0.00010        Time 0.577 (0.782)      Data 0.000 (0.167)      Loss 0.4554 (0.3319)    Prec@1 93.750 (88.567)  Prec@5 96.875 (98.323)
Epoch: [21][60/126], lr: 0.00010        Time 0.508 (0.713)      Data 0.000 (0.113)      Loss 0.1953 (0.3194)    Prec@1 93.750 (88.832)  Prec@5 100.000 (98.566)
Epoch: [21][80/126], lr: 0.00010        Time 0.542 (0.680)      Data 0.000 (0.085)      Loss 0.2322 (0.3059)    Prec@1 93.750 (88.966)  Prec@5 100.000 (98.804)
Epoch: [21][100/126], lr: 0.00010       Time 0.494 (0.656)      Data 0.000 (0.068)      Loss 0.0942 (0.3062)    Prec@1 96.875 (89.171)  Prec@5 100.000 (98.639)
Epoch: [21][120/126], lr: 0.00010       Time 0.524 (0.634)      Data 0.000 (0.057)      Loss 0.4623 (0.3038)    Prec@1 81.250 (89.334)  Prec@5 96.875 (98.580)
Test: [0/51]    Time 7.104 (7.104)      Loss 0.0958 (0.0958)    Prec@1 96.875 (96.875)  Prec@5 100.000 (100.000)
Test: [20/51]   Time 0.477 (0.821)      Loss 0.7089 (0.4495)    Prec@1 90.625 (89.137)  Prec@5 96.875 (98.065)
Test: [40/51]   Time 0.186 (0.591)      Loss 0.0956 (0.4636)    Prec@1 93.750 (89.405)  Prec@5 100.000 (98.857)
Testing Results: Prec@1 89.565 Prec@5 98.944 Loss 0.44644
Best Prec@1: 89.565
Freezing BatchNorm2D except the first one.
Epoch: [22][0/126], lr: 0.00010 Time 8.502 (8.502)      Data 8.224 (8.224)      Loss 0.0823 (0.0823)    Prec@1 96.875 (96.875)  Prec@5 100.000 (100.000)
Epoch: [22][20/126], lr: 0.00010        Time 0.684 (0.998)      Data 0.000 (0.392)      Loss 0.1542 (0.2910)    Prec@1 93.750 (89.583)  Prec@5 100.000 (97.917)
Epoch: [22][40/126], lr: 0.00010        Time 0.590 (0.796)      Data 0.000 (0.201)      Loss 0.1586 (0.2726)    Prec@1 93.750 (90.244)  Prec@5 100.000 (98.323)
Epoch: [22][60/126], lr: 0.00010        Time 0.639 (0.725)      Data 0.000 (0.135)      Loss 0.3435 (0.2788)    Prec@1 87.500 (90.010)  Prec@5 100.000 (98.361)
Epoch: [22][80/126], lr: 0.00010        Time 0.626 (0.688)      Data 0.000 (0.102)      Loss 0.3615 (0.2866)    Prec@1 84.375 (89.622)  Prec@5 96.875 (98.418)
Epoch: [22][100/126], lr: 0.00010       Time 0.527 (0.663)      Data 0.000 (0.082)      Loss 0.1414 (0.2876)    Prec@1 93.750 (89.573)  Prec@5 100.000 (98.515)
Epoch: [22][120/126], lr: 0.00010       Time 0.527 (0.641)      Data 0.000 (0.068)      Loss 0.4777 (0.2939)    Prec@1 78.125 (89.308)  Prec@5 96.875 (98.476)
Freezing BatchNorm2D except the first one.
Epoch: [23][0/126], lr: 0.00010 Time 6.800 (6.800)      Data 6.280 (6.280)      Loss 0.3335 (0.3335)    Prec@1 84.375 (84.375)  Prec@5 96.875 (96.875)
Epoch: [23][20/126], lr: 0.00010        Time 0.600 (0.920)      Data 0.000 (0.307)      Loss 0.2279 (0.3187)    Prec@1 93.750 (88.244)  Prec@5 96.875 (98.363)
Epoch: [23][40/126], lr: 0.00010        Time 0.663 (0.775)      Data 0.000 (0.157)      Loss 0.1398 (0.2848)    Prec@1 93.750 (89.634)  Prec@5 100.000 (98.552)
Epoch: [23][60/126], lr: 0.00010        Time 0.550 (0.705)      Data 0.000 (0.106)      Loss 0.3078 (0.2921)    Prec@1 87.500 (89.805)  Prec@5 96.875 (98.309)
Epoch: [23][80/126], lr: 0.00010        Time 0.571 (0.671)      Data 0.000 (0.080)      Loss 0.2961 (0.3010)    Prec@1 90.625 (89.159)  Prec@5 100.000 (98.380)
Epoch: [23][100/126], lr: 0.00010       Time 0.557 (0.649)      Data 0.000 (0.064)      Loss 0.3009 (0.2918)    Prec@1 93.750 (89.233)  Prec@5 93.750 (98.484)
Epoch: [23][120/126], lr: 0.00010       Time 0.525 (0.629)      Data 0.000 (0.053)      Loss 0.5355 (0.2929)    Prec@1 81.250 (89.334)  Prec@5 90.625 (98.450)
Test: [0/51]    Time 8.728 (8.728)      Loss 0.0927 (0.0927)    Prec@1 93.750 (93.750)  Prec@5 100.000 (100.000)
Test: [20/51]   Time 0.281 (0.830)      Loss 0.6774 (0.4717)    Prec@1 87.500 (86.905)  Prec@5 96.875 (97.768)
Test: [40/51]   Time 0.182 (0.590)      Loss 0.1053 (0.4586)    Prec@1 96.875 (88.567)  Prec@5 100.000 (98.704)
Testing Results: Prec@1 88.820 Prec@5 98.758 Loss 0.44434
Best Prec@1: 89.565
Freezing BatchNorm2D except the first one.
Epoch: [24][0/126], lr: 0.00010 Time 7.022 (7.022)      Data 6.443 (6.443)      Loss 0.2077 (0.2077)    Prec@1 93.750 (93.750)  Prec@5 100.000 (100.000)
Epoch: [24][20/126], lr: 0.00010        Time 0.510 (0.956)      Data 0.000 (0.349)      Loss 0.3297 (0.2942)    Prec@1 84.375 (88.988)  Prec@5 100.000 (98.661)
Epoch: [24][40/126], lr: 0.00010        Time 0.581 (0.784)      Data 0.000 (0.179)      Loss 0.1588 (0.2843)    Prec@1 90.625 (89.634)  Prec@5 100.000 (98.780)
Epoch: [24][60/126], lr: 0.00010        Time 0.554 (0.715)      Data 0.000 (0.120)      Loss 0.4386 (0.2995)    Prec@1 81.250 (88.934)  Prec@5 93.750 (98.463)
Epoch: [24][80/126], lr: 0.00010        Time 0.501 (0.680)      Data 0.000 (0.091)      Loss 0.2270 (0.2994)    Prec@1 90.625 (88.850)  Prec@5 100.000 (98.380)
Epoch: [24][100/126], lr: 0.00010       Time 0.541 (0.658)      Data 0.000 (0.073)      Loss 0.3189 (0.3037)    Prec@1 84.375 (88.614)  Prec@5 100.000 (98.205)
Epoch: [24][120/126], lr: 0.00010       Time 0.525 (0.636)      Data 0.000 (0.061)      Loss 0.2698 (0.3037)    Prec@1 90.625 (88.765)  Prec@5 100.000 (98.244)
Freezing BatchNorm2D except the first one.
Epoch: [25][0/126], lr: 0.00010 Time 6.427 (6.427)      Data 5.863 (5.863)      Loss 0.2642 (0.2642)    Prec@1 90.625 (90.625)  Prec@5 100.000 (100.000)
Epoch: [25][20/126], lr: 0.00010        Time 0.572 (0.913)      Data 0.000 (0.280)      Loss 0.4842 (0.2632)    Prec@1 81.250 (89.286)  Prec@5 100.000 (99.554)
Epoch: [25][40/126], lr: 0.00010        Time 0.588 (0.762)      Data 0.000 (0.144)      Loss 0.4088 (0.2765)    Prec@1 90.625 (89.024)  Prec@5 93.750 (99.009)
Epoch: [25][60/126], lr: 0.00010        Time 0.510 (0.702)      Data 0.000 (0.097)      Loss 0.3204 (0.2715)    Prec@1 90.625 (89.395)  Prec@5 96.875 (99.129)
Epoch: [25][80/126], lr: 0.00010        Time 0.513 (0.671)      Data 0.000 (0.073)      Loss 0.2658 (0.2665)    Prec@1 87.500 (89.699)  Prec@5 100.000 (99.074)
Epoch: [25][100/126], lr: 0.00010       Time 0.527 (0.649)      Data 0.000 (0.058)      Loss 0.4046 (0.2686)    Prec@1 93.750 (89.790)  Prec@5 100.000 (99.041)
Epoch: [25][120/126], lr: 0.00010       Time 0.527 (0.628)      Data 0.000 (0.049)      Loss 0.2187 (0.2663)    Prec@1 93.750 (90.186)  Prec@5 100.000 (99.044)
Test: [0/51]    Time 7.661 (7.661)      Loss 0.0752 (0.0752)    Prec@1 96.875 (96.875)  Prec@5 100.000 (100.000)
Test: [20/51]   Time 0.332 (0.828)      Loss 0.6028 (0.4356)    Prec@1 87.500 (87.649)  Prec@5 96.875 (98.512)
Test: [40/51]   Time 0.181 (0.593)      Loss 0.1085 (0.4321)    Prec@1 96.875 (88.872)  Prec@5 100.000 (99.085)
Testing Results: Prec@1 89.317 Prec@5 99.130 Loss 0.41454
Best Prec@1: 89.565
Freezing BatchNorm2D except the first one.
Epoch: [26][0/126], lr: 0.00010 Time 7.645 (7.645)      Data 7.108 (7.108)      Loss 0.1881 (0.1881)    Prec@1 90.625 (90.625)  Prec@5 96.875 (96.875)
Epoch: [26][20/126], lr: 0.00010        Time 0.663 (0.948)      Data 0.000 (0.355)      Loss 0.1511 (0.2705)    Prec@1 96.875 (90.327)  Prec@5 100.000 (98.214)
Epoch: [26][40/126], lr: 0.00010        Time 0.613 (0.779)      Data 0.000 (0.182)      Loss 0.1009 (0.2585)    Prec@1 96.875 (90.473)  Prec@5 100.000 (98.857)
Epoch: [26][60/126], lr: 0.00010        Time 0.608 (0.718)      Data 0.000 (0.122)      Loss 0.2687 (0.2669)    Prec@1 93.750 (90.369)  Prec@5 93.750 (98.668)
Epoch: [26][80/126], lr: 0.00010        Time 0.679 (0.683)      Data 0.000 (0.092)      Loss 0.4956 (0.2606)    Prec@1 78.125 (90.625)  Prec@5 96.875 (98.804)
Epoch: [26][100/126], lr: 0.00010       Time 0.527 (0.657)      Data 0.000 (0.074)      Loss 0.2793 (0.2631)    Prec@1 93.750 (90.223)  Prec@5 100.000 (98.731)
Epoch: [26][120/126], lr: 0.00010       Time 0.525 (0.636)      Data 0.000 (0.062)      Loss 0.1365 (0.2703)    Prec@1 90.625 (89.928)  Prec@5 100.000 (98.735)
Freezing BatchNorm2D except the first one.
Epoch: [27][0/126], lr: 0.00010 Time 7.670 (7.670)      Data 6.985 (6.985)      Loss 0.4823 (0.4823)    Prec@1 87.500 (87.500)  Prec@5 100.000 (100.000)
Epoch: [27][20/126], lr: 0.00010        Time 0.524 (0.952)      Data 0.000 (0.333)      Loss 0.6538 (0.2607)    Prec@1 84.375 (90.476)  Prec@5 96.875 (98.958)
Epoch: [27][40/126], lr: 0.00010        Time 0.622 (0.787)      Data 0.000 (0.171)      Loss 0.2929 (0.2924)    Prec@1 87.500 (89.329)  Prec@5 100.000 (98.857)
Epoch: [27][60/126], lr: 0.00010        Time 0.579 (0.718)      Data 0.000 (0.115)      Loss 0.1838 (0.2827)    Prec@1 90.625 (89.498)  Prec@5 100.000 (98.719)
Epoch: [27][80/126], lr: 0.00010        Time 0.541 (0.682)      Data 0.000 (0.086)      Loss 0.1398 (0.2797)    Prec@1 93.750 (89.622)  Prec@5 100.000 (98.611)
Epoch: [27][100/126], lr: 0.00010       Time 0.523 (0.660)      Data 0.000 (0.069)      Loss 0.2039 (0.2777)    Prec@1 90.625 (89.913)  Prec@5 100.000 (98.639)
Epoch: [27][120/126], lr: 0.00010       Time 0.534 (0.638)      Data 0.000 (0.058)      Loss 0.2588 (0.2793)    Prec@1 90.625 (89.799)  Prec@5 96.875 (98.554)
Test: [0/51]    Time 7.866 (7.866)      Loss 0.0918 (0.0918)    Prec@1 93.750 (93.750)  Prec@5 100.000 (100.000)
Test: [20/51]   Time 0.269 (0.825)      Loss 0.7101 (0.4856)    Prec@1 87.500 (86.905)  Prec@5 96.875 (97.768)
Test: [40/51]   Time 0.183 (0.589)      Loss 0.1035 (0.5054)    Prec@1 96.875 (88.034)  Prec@5 100.000 (98.704)
Testing Results: Prec@1 88.385 Prec@5 98.820 Loss 0.47576
Best Prec@1: 89.565
Freezing BatchNorm2D except the first one.
Epoch: [28][0/126], lr: 0.00010 Time 7.687 (7.687)      Data 7.146 (7.146)      Loss 0.1620 (0.1620)    Prec@1 90.625 (90.625)  Prec@5 100.000 (100.000)
Epoch: [28][20/126], lr: 0.00010        Time 0.604 (0.958)      Data 0.000 (0.341)      Loss 0.5355 (0.2294)    Prec@1 78.125 (90.774)  Prec@5 100.000 (98.661)
Epoch: [28][40/126], lr: 0.00010        Time 0.585 (0.795)      Data 0.000 (0.175)      Loss 0.1199 (0.2656)    Prec@1 96.875 (89.253)  Prec@5 100.000 (98.399)
Epoch: [28][60/126], lr: 0.00010        Time 0.557 (0.722)      Data 0.000 (0.117)      Loss 0.3786 (0.2616)    Prec@1 90.625 (89.754)  Prec@5 100.000 (98.514)
Epoch: [28][80/126], lr: 0.00010        Time 0.559 (0.684)      Data 0.000 (0.089)      Loss 0.2273 (0.2698)    Prec@1 90.625 (89.275)  Prec@5 100.000 (98.688)
Epoch: [28][100/126], lr: 0.00010       Time 0.524 (0.662)      Data 0.000 (0.071)      Loss 0.1501 (0.2672)    Prec@1 93.750 (89.356)  Prec@5 100.000 (98.670)
Epoch: [28][120/126], lr: 0.00010       Time 0.526 (0.639)      Data 0.000 (0.059)      Loss 0.1431 (0.2619)    Prec@1 93.750 (89.644)  Prec@5 100.000 (98.709)
Freezing BatchNorm2D except the first one.
Epoch: [29][0/126], lr: 0.00010 Time 7.780 (7.780)      Data 7.230 (7.230)      Loss 0.1821 (0.1821)    Prec@1 93.750 (93.750)  Prec@5 96.875 (96.875)
Epoch: [29][20/126], lr: 0.00010        Time 0.842 (0.981)      Data 0.000 (0.345)      Loss 0.0638 (0.2768)    Prec@1 96.875 (91.369)  Prec@5 100.000 (98.363)
Epoch: [29][40/126], lr: 0.00010        Time 0.705 (0.796)      Data 0.000 (0.177)      Loss 0.1585 (0.2863)    Prec@1 93.750 (89.787)  Prec@5 100.000 (98.323)
Epoch: [29][60/126], lr: 0.00010        Time 0.447 (0.720)      Data 0.000 (0.119)      Loss 0.2917 (0.2848)    Prec@1 84.375 (89.908)  Prec@5 96.875 (98.207)
Epoch: [29][80/126], lr: 0.00010        Time 0.674 (0.686)      Data 0.000 (0.090)      Loss 0.2020 (0.2823)    Prec@1 90.625 (90.162)  Prec@5 100.000 (98.418)
Epoch: [29][100/126], lr: 0.00010       Time 0.525 (0.660)      Data 0.000 (0.072)      Loss 0.2396 (0.2841)    Prec@1 93.750 (89.882)  Prec@5 100.000 (98.515)
Epoch: [29][120/126], lr: 0.00010       Time 0.527 (0.638)      Data 0.000 (0.060)      Loss 0.1313 (0.2764)    Prec@1 96.875 (90.057)  Prec@5 100.000 (98.554)
Test: [0/51]    Time 7.339 (7.339)      Loss 0.1096 (0.1096)    Prec@1 93.750 (93.750)  Prec@5 100.000 (100.000)
Test: [20/51]   Time 0.424 (0.821)      Loss 0.7681 (0.5177)    Prec@1 84.375 (86.458)  Prec@5 96.875 (97.768)
Test: [40/51]   Time 0.184 (0.590)      Loss 0.1084 (0.5220)    Prec@1 96.875 (87.729)  Prec@5 100.000 (98.704)
Testing Results: Prec@1 87.516 Prec@5 98.820 Loss 0.50434
Best Prec@1: 89.565
Freezing BatchNorm2D except the first one.
Epoch: [30][0/126], lr: 0.00010 Time 8.514 (8.514)      Data 7.975 (7.975)      Loss 0.3509 (0.3509)    Prec@1 84.375 (84.375)  Prec@5 96.875 (96.875)
Epoch: [30][20/126], lr: 0.00010        Time 0.734 (1.016)      Data 0.000 (0.380)      Loss 0.2766 (0.2751)    Prec@1 90.625 (90.774)  Prec@5 96.875 (98.661)
Epoch: [30][40/126], lr: 0.00010        Time 0.593 (0.806)      Data 0.000 (0.195)      Loss 0.1777 (0.2829)    Prec@1 93.750 (89.482)  Prec@5 100.000 (98.628)
Epoch: [30][60/126], lr: 0.00010        Time 0.558 (0.730)      Data 0.000 (0.131)      Loss 0.4663 (0.2785)    Prec@1 84.375 (89.549)  Prec@5 93.750 (98.566)
Epoch: [30][80/126], lr: 0.00010        Time 0.540 (0.690)      Data 0.000 (0.099)      Loss 0.2190 (0.2688)    Prec@1 93.750 (89.622)  Prec@5 100.000 (98.765)
Epoch: [30][100/126], lr: 0.00010       Time 0.521 (0.665)      Data 0.000 (0.079)      Loss 0.0875 (0.2690)    Prec@1 100.000 (89.913) Prec@5 100.000 (98.793)
Epoch: [30][120/126], lr: 0.00010       Time 0.525 (0.642)      Data 0.000 (0.066)      Loss 0.3943 (0.2697)    Prec@1 84.375 (89.747)  Prec@5 96.875 (98.786)
Freezing BatchNorm2D except the first one.
Epoch: [31][0/126], lr: 0.00010 Time 7.067 (7.067)      Data 6.296 (6.296)      Loss 0.4123 (0.4123)    Prec@1 84.375 (84.375)  Prec@5 93.750 (93.750)
Epoch: [31][20/126], lr: 0.00010        Time 0.630 (0.957)      Data 0.000 (0.330)      Loss 0.1883 (0.2928)    Prec@1 93.750 (88.988)  Prec@5 100.000 (98.065)
Epoch: [31][40/126], lr: 0.00010        Time 0.509 (0.795)      Data 0.000 (0.169)      Loss 0.1867 (0.2764)    Prec@1 93.750 (89.939)  Prec@5 100.000 (98.323)
Epoch: [31][60/126], lr: 0.00010        Time 0.556 (0.726)      Data 0.000 (0.114)      Loss 0.1460 (0.2612)    Prec@1 93.750 (90.471)  Prec@5 100.000 (98.412)
Epoch: [31][80/126], lr: 0.00010        Time 0.461 (0.688)      Data 0.001 (0.086)      Loss 0.4632 (0.2629)    Prec@1 84.375 (90.355)  Prec@5 96.875 (98.534)
Epoch: [31][100/126], lr: 0.00010       Time 0.530 (0.664)      Data 0.000 (0.069)      Loss 0.7037 (0.2612)    Prec@1 75.000 (90.470)  Prec@5 93.750 (98.577)
Epoch: [31][120/126], lr: 0.00010       Time 0.525 (0.641)      Data 0.000 (0.057)      Loss 0.2640 (0.2568)    Prec@1 90.625 (90.573)  Prec@5 100.000 (98.605)
Test: [0/51]    Time 8.309 (8.309)      Loss 0.1014 (0.1014)    Prec@1 93.750 (93.750)  Prec@5 100.000 (100.000)
Test: [20/51]   Time 0.375 (0.818)      Loss 0.7014 (0.5119)    Prec@1 87.500 (85.714)  Prec@5 96.875 (97.917)
Test: [40/51]   Time 0.183 (0.583)      Loss 0.1060 (0.5152)    Prec@1 96.875 (87.195)  Prec@5 100.000 (98.780)
Testing Results: Prec@1 87.764 Prec@5 98.882 Loss 0.48528
Best Prec@1: 89.565
Freezing BatchNorm2D except the first one.
Epoch: [32][0/126], lr: 0.00010 Time 8.648 (8.648)      Data 8.223 (8.223)      Loss 0.2492 (0.2492)    Prec@1 93.750 (93.750)  Prec@5 100.000 (100.000)
Epoch: [32][20/126], lr: 0.00010        Time 0.705 (1.019)      Data 0.000 (0.392)      Loss 0.1800 (0.2691)    Prec@1 93.750 (89.286)  Prec@5 100.000 (98.810)
Epoch: [32][40/126], lr: 0.00010        Time 0.425 (0.812)      Data 0.000 (0.201)      Loss 0.1491 (0.2301)    Prec@1 93.750 (91.159)  Prec@5 100.000 (99.009)
Epoch: [32][60/126], lr: 0.00010        Time 0.564 (0.735)      Data 0.000 (0.135)      Loss 0.3607 (0.2344)    Prec@1 93.750 (91.240)  Prec@5 96.875 (98.873)
Epoch: [32][80/126], lr: 0.00010        Time 0.645 (0.698)      Data 0.000 (0.102)      Loss 0.3560 (0.2461)    Prec@1 84.375 (90.779)  Prec@5 96.875 (98.727)
Epoch: [32][100/126], lr: 0.00010       Time 0.524 (0.669)      Data 0.000 (0.082)      Loss 0.4549 (0.2483)    Prec@1 84.375 (90.532)  Prec@5 93.750 (98.639)
Epoch: [32][120/126], lr: 0.00010       Time 0.524 (0.645)      Data 0.000 (0.068)      Loss 0.1163 (0.2491)    Prec@1 96.875 (90.522)  Prec@5 100.000 (98.735)
Freezing BatchNorm2D except the first one.
Epoch: [33][0/126], lr: 0.00010 Time 7.036 (7.036)      Data 6.385 (6.385)      Loss 0.3724 (0.3724)    Prec@1 87.500 (87.500)  Prec@5 100.000 (100.000)
Epoch: [33][20/126], lr: 0.00010        Time 0.731 (0.946)      Data 0.000 (0.334)      Loss 0.4557 (0.2638)    Prec@1 84.375 (91.369)  Prec@5 96.875 (98.810)
Epoch: [33][40/126], lr: 0.00010        Time 0.540 (0.777)      Data 0.000 (0.172)      Loss 0.1643 (0.2511)    Prec@1 93.750 (91.692)  Prec@5 100.000 (98.704)
Epoch: [33][60/126], lr: 0.00010        Time 0.442 (0.713)      Data 0.000 (0.115)      Loss 0.2342 (0.2599)    Prec@1 90.625 (91.137)  Prec@5 100.000 (98.566)
Epoch: [33][80/126], lr: 0.00010        Time 0.625 (0.681)      Data 0.000 (0.087)      Loss 0.1757 (0.2662)    Prec@1 90.625 (90.586)  Prec@5 100.000 (98.457)
Epoch: [33][100/126], lr: 0.00010       Time 0.487 (0.658)      Data 0.000 (0.070)      Loss 0.1359 (0.2608)    Prec@1 96.875 (90.811)  Prec@5 100.000 (98.546)
Epoch: [33][120/126], lr: 0.00010       Time 0.525 (0.636)      Data 0.000 (0.058)      Loss 0.2610 (0.2687)    Prec@1 93.750 (90.341)  Prec@5 96.875 (98.476)
Test: [0/51]    Time 8.563 (8.563)      Loss 0.1025 (0.1025)    Prec@1 90.625 (90.625)  Prec@5 100.000 (100.000)
Test: [20/51]   Time 0.220 (0.815)      Loss 0.8190 (0.5114)    Prec@1 87.500 (85.268)  Prec@5 96.875 (97.768)
Test: [40/51]   Time 0.184 (0.588)      Loss 0.1254 (0.5075)    Prec@1 96.875 (87.195)  Prec@5 100.000 (98.628)
Testing Results: Prec@1 87.391 Prec@5 98.820 Loss 0.47339
Best Prec@1: 89.565
Freezing BatchNorm2D except the first one.
Epoch: [34][0/126], lr: 0.00010 Time 7.332 (7.332)      Data 6.804 (6.804)      Loss 0.0984 (0.0984)    Prec@1 96.875 (96.875)  Prec@5 100.000 (100.000)
Epoch: [34][20/126], lr: 0.00010        Time 0.745 (0.958)      Data 0.000 (0.324)      Loss 0.2516 (0.2502)    Prec@1 87.500 (90.774)  Prec@5 100.000 (98.810)
Epoch: [34][40/126], lr: 0.00010        Time 0.632 (0.782)      Data 0.000 (0.166)      Loss 0.4377 (0.2606)    Prec@1 84.375 (89.863)  Prec@5 93.750 (98.780)
Epoch: [34][60/126], lr: 0.00010        Time 0.596 (0.718)      Data 0.000 (0.112)      Loss 0.1008 (0.2693)    Prec@1 100.000 (89.549) Prec@5 100.000 (98.566)
Epoch: [34][80/126], lr: 0.00010        Time 0.527 (0.682)      Data 0.000 (0.084)      Loss 0.2162 (0.2746)    Prec@1 93.750 (89.545)  Prec@5 96.875 (98.495)
Epoch: [34][100/126], lr: 0.00010       Time 0.522 (0.660)      Data 0.000 (0.068)      Loss 0.2823 (0.2692)    Prec@1 90.625 (89.944)  Prec@5 96.875 (98.422)
Epoch: [34][120/126], lr: 0.00010       Time 0.526 (0.637)      Data 0.000 (0.056)      Loss 0.3059 (0.2749)    Prec@1 87.500 (89.747)  Prec@5 100.000 (98.347)
Freezing BatchNorm2D except the first one.
Epoch: [35][0/126], lr: 0.00010 Time 7.409 (7.409)      Data 6.887 (6.887)      Loss 0.3428 (0.3428)    Prec@1 90.625 (90.625)  Prec@5 100.000 (100.000)
Epoch: [35][20/126], lr: 0.00010        Time 0.861 (0.960)      Data 0.000 (0.328)      Loss 0.1276 (0.3069)    Prec@1 96.875 (89.881)  Prec@5 96.875 (98.363)
Epoch: [35][40/126], lr: 0.00010        Time 0.400 (0.785)      Data 0.000 (0.169)      Loss 0.4316 (0.2877)    Prec@1 84.375 (89.787)  Prec@5 100.000 (98.780)
Epoch: [35][60/126], lr: 0.00010        Time 0.532 (0.715)      Data 0.000 (0.114)      Loss 0.2358 (0.2777)    Prec@1 90.625 (90.010)  Prec@5 100.000 (98.719)
Epoch: [35][80/126], lr: 0.00010        Time 0.517 (0.682)      Data 0.000 (0.086)      Loss 0.2481 (0.2691)    Prec@1 93.750 (90.162)  Prec@5 100.000 (98.534)
Epoch: [35][100/126], lr: 0.00010       Time 0.534 (0.657)      Data 0.000 (0.069)      Loss 0.1778 (0.2665)    Prec@1 90.625 (90.316)  Prec@5 100.000 (98.546)
Epoch: [35][120/126], lr: 0.00010       Time 0.525 (0.635)      Data 0.000 (0.057)      Loss 0.3204 (0.2708)    Prec@1 90.625 (90.186)  Prec@5 93.750 (98.425)
Test: [0/51]    Time 8.543 (8.543)      Loss 0.1153 (0.1153)    Prec@1 93.750 (93.750)  Prec@5 100.000 (100.000)
Test: [20/51]   Time 0.366 (0.827)      Loss 0.7470 (0.5591)    Prec@1 87.500 (83.333)  Prec@5 96.875 (97.917)
Test: [40/51]   Time 0.184 (0.592)      Loss 0.1035 (0.5379)    Prec@1 96.875 (86.509)  Prec@5 100.000 (98.628)
Testing Results: Prec@1 87.578 Prec@5 98.696 Loss 0.49486
Best Prec@1: 89.565
Freezing BatchNorm2D except the first one.
Epoch: [36][0/126], lr: 0.00010 Time 8.462 (8.462)      Data 8.085 (8.085)      Loss 0.4046 (0.4046)    Prec@1 87.500 (87.500)  Prec@5 100.000 (100.000)
Epoch: [36][20/126], lr: 0.00010        Time 0.597 (1.003)      Data 0.000 (0.385)      Loss 0.4632 (0.2626)    Prec@1 84.375 (89.881)  Prec@5 100.000 (99.256)
Epoch: [36][40/126], lr: 0.00010        Time 0.620 (0.799)      Data 0.000 (0.197)      Loss 0.3268 (0.2833)    Prec@1 84.375 (88.567)  Prec@5 96.875 (98.780)
Epoch: [36][60/126], lr: 0.00010        Time 0.499 (0.726)      Data 0.000 (0.133)      Loss 0.1314 (0.2560)    Prec@1 93.750 (89.805)  Prec@5 100.000 (98.822)
Epoch: [36][80/126], lr: 0.00010        Time 0.623 (0.690)      Data 0.000 (0.100)      Loss 0.2934 (0.2673)    Prec@1 90.625 (89.506)  Prec@5 100.000 (98.804)
Epoch: [36][100/126], lr: 0.00010       Time 0.527 (0.665)      Data 0.000 (0.080)      Loss 0.0994 (0.2649)    Prec@1 93.750 (89.759)  Prec@5 100.000 (98.855)
Epoch: [36][120/126], lr: 0.00010       Time 0.526 (0.642)      Data 0.000 (0.067)      Loss 0.1106 (0.2566)    Prec@1 96.875 (90.367)  Prec@5 100.000 (98.915)
Freezing BatchNorm2D except the first one.
Epoch: [37][0/126], lr: 0.00010 Time 8.298 (8.298)      Data 7.820 (7.820)      Loss 0.3299 (0.3299)    Prec@1 87.500 (87.500)  Prec@5 96.875 (96.875)
Epoch: [37][20/126], lr: 0.00010        Time 0.638 (0.992)      Data 0.001 (0.379)      Loss 0.2010 (0.2621)    Prec@1 93.750 (90.476)  Prec@5 100.000 (98.661)
Epoch: [37][40/126], lr: 0.00010        Time 0.550 (0.799)      Data 0.000 (0.194)      Loss 0.3054 (0.2374)    Prec@1 84.375 (91.006)  Prec@5 93.750 (98.704)
Epoch: [37][60/126], lr: 0.00010        Time 0.605 (0.728)      Data 0.000 (0.130)      Loss 0.1411 (0.2187)    Prec@1 93.750 (91.445)  Prec@5 96.875 (98.873)
Epoch: [37][80/126], lr: 0.00010        Time 0.554 (0.693)      Data 0.000 (0.098)      Loss 0.3413 (0.2429)    Prec@1 90.625 (90.818)  Prec@5 100.000 (98.611)
Epoch: [37][100/126], lr: 0.00010       Time 0.524 (0.667)      Data 0.000 (0.079)      Loss 0.3798 (0.2444)    Prec@1 84.375 (90.811)  Prec@5 100.000 (98.608)
Epoch: [37][120/126], lr: 0.00010       Time 0.530 (0.644)      Data 0.000 (0.066)      Loss 0.1439 (0.2507)    Prec@1 96.875 (90.625)  Prec@5 100.000 (98.554)
Test: [0/51]    Time 8.756 (8.756)      Loss 0.1110 (0.1110)    Prec@1 90.625 (90.625)  Prec@5 100.000 (100.000)
Test: [20/51]   Time 0.199 (0.849)      Loss 0.7879 (0.5759)    Prec@1 84.375 (83.482)  Prec@5 96.875 (97.470)
Test: [40/51]   Time 0.184 (0.595)      Loss 0.1232 (0.6044)    Prec@1 96.875 (85.290)  Prec@5 100.000 (98.476)
Testing Results: Prec@1 85.901 Prec@5 98.571 Loss 0.55995
Best Prec@1: 89.565
Freezing BatchNorm2D except the first one.
Epoch: [38][0/126], lr: 0.00010 Time 7.273 (7.273)      Data 6.662 (6.662)      Loss 0.3538 (0.3538)    Prec@1 90.625 (90.625)  Prec@5 96.875 (96.875)
Epoch: [38][20/126], lr: 0.00010        Time 0.566 (0.951)      Data 0.000 (0.318)      Loss 0.2157 (0.2757)    Prec@1 87.500 (88.690)  Prec@5 96.875 (98.065)
Epoch: [38][40/126], lr: 0.00010        Time 0.648 (0.792)      Data 0.000 (0.163)      Loss 0.2282 (0.2706)    Prec@1 93.750 (89.863)  Prec@5 100.000 (98.476)
Epoch: [38][60/126], lr: 0.00010        Time 0.524 (0.724)      Data 0.000 (0.110)      Loss 0.2003 (0.2629)    Prec@1 90.625 (90.266)  Prec@5 100.000 (98.514)
Epoch: [38][80/126], lr: 0.00010        Time 0.558 (0.687)      Data 0.000 (0.083)      Loss 0.2220 (0.2590)    Prec@1 90.625 (90.008)  Prec@5 100.000 (98.611)
Epoch: [38][100/126], lr: 0.00010       Time 0.508 (0.662)      Data 0.000 (0.066)      Loss 0.4601 (0.2583)    Prec@1 84.375 (90.068)  Prec@5 96.875 (98.515)
Epoch: [38][120/126], lr: 0.00010       Time 0.524 (0.639)      Data 0.000 (0.055)      Loss 0.1840 (0.2704)    Prec@1 90.625 (89.954)  Prec@5 96.875 (98.166)
Freezing BatchNorm2D except the first one.
Epoch: [39][0/126], lr: 0.00010 Time 7.626 (7.626)      Data 6.994 (6.994)      Loss 0.2726 (0.2726)    Prec@1 90.625 (90.625)  Prec@5 96.875 (96.875)
Epoch: [39][20/126], lr: 0.00010        Time 0.818 (1.017)      Data 0.000 (0.399)      Loss 0.2609 (0.2818)    Prec@1 90.625 (89.583)  Prec@5 100.000 (98.214)
Epoch: [39][40/126], lr: 0.00010        Time 0.597 (0.806)      Data 0.000 (0.204)      Loss 0.2854 (0.2583)    Prec@1 93.750 (90.244)  Prec@5 96.875 (98.323)
Epoch: [39][60/126], lr: 0.00010        Time 0.548 (0.733)      Data 0.000 (0.137)      Loss 0.4191 (0.2602)    Prec@1 87.500 (90.318)  Prec@5 100.000 (98.309)
Epoch: [39][80/126], lr: 0.00010        Time 0.563 (0.694)      Data 0.000 (0.104)      Loss 0.3417 (0.2543)    Prec@1 84.375 (90.509)  Prec@5 100.000 (98.380)
Epoch: [39][100/126], lr: 0.00010       Time 0.499 (0.666)      Data 0.000 (0.083)      Loss 0.5257 (0.2641)    Prec@1 93.750 (90.285)  Prec@5 100.000 (98.298)
Epoch: [39][120/126], lr: 0.00010       Time 0.524 (0.643)      Data 0.000 (0.069)      Loss 0.1178 (0.2573)    Prec@1 93.750 (90.393)  Prec@5 100.000 (98.450)
Test: [0/51]    Time 8.697 (8.697)      Loss 0.0666 (0.0666)    Prec@1 96.875 (96.875)  Prec@5 100.000 (100.000)
Test: [20/51]   Time 0.197 (0.838)      Loss 0.6440 (0.5326)    Prec@1 87.500 (83.631)  Prec@5 96.875 (98.065)
Test: [40/51]   Time 0.185 (0.598)      Loss 0.1043 (0.5581)    Prec@1 96.875 (85.976)  Prec@5 100.000 (98.780)
Testing Results: Prec@1 86.522 Prec@5 98.820 Loss 0.52104
Best Prec@1: 89.565
Freezing BatchNorm2D except the first one.
Epoch: [40][0/126], lr: 0.00001 Time 7.004 (7.004)      Data 6.450 (6.450)      Loss 0.2252 (0.2252)    Prec@1 90.625 (90.625)  Prec@5 100.000 (100.000)
Epoch: [40][20/126], lr: 0.00001        Time 0.893 (0.957)      Data 0.000 (0.322)      Loss 0.3656 (0.2456)    Prec@1 81.250 (91.071)  Prec@5 100.000 (98.958)
Epoch: [40][40/126], lr: 0.00001        Time 0.618 (0.787)      Data 0.000 (0.165)      Loss 0.2707 (0.2683)    Prec@1 87.500 (90.473)  Prec@5 96.875 (98.704)
Epoch: [40][60/126], lr: 0.00001        Time 0.598 (0.713)      Data 0.000 (0.111)      Loss 0.0752 (0.2403)    Prec@1 100.000 (91.496) Prec@5 100.000 (98.873)
Epoch: [40][80/126], lr: 0.00001        Time 0.702 (0.681)      Data 0.000 (0.084)      Loss 0.1902 (0.2360)    Prec@1 93.750 (91.512)  Prec@5 100.000 (98.958)
Epoch: [40][100/126], lr: 0.00001       Time 0.524 (0.657)      Data 0.000 (0.067)      Loss 0.4040 (0.2432)    Prec@1 84.375 (91.306)  Prec@5 93.750 (98.886)
Epoch: [40][120/126], lr: 0.00001       Time 0.524 (0.635)      Data 0.000 (0.056)      Loss 0.3526 (0.2493)    Prec@1 84.375 (91.090)  Prec@5 96.875 (98.889)
Freezing BatchNorm2D except the first one.
Epoch: [41][0/126], lr: 0.00001 Time 7.151 (7.151)      Data 6.673 (6.673)      Loss 0.1086 (0.1086)    Prec@1 96.875 (96.875)  Prec@5 100.000 (100.000)
Epoch: [41][20/126], lr: 0.00001        Time 0.866 (0.975)      Data 0.000 (0.322)      Loss 0.3075 (0.2499)    Prec@1 90.625 (91.667)  Prec@5 96.875 (98.363)
Epoch: [41][40/126], lr: 0.00001        Time 0.547 (0.790)      Data 0.000 (0.165)      Loss 0.2071 (0.2638)    Prec@1 87.500 (90.777)  Prec@5 96.875 (98.399)
Epoch: [41][60/126], lr: 0.00001        Time 0.582 (0.718)      Data 0.001 (0.111)      Loss 0.3283 (0.2614)    Prec@1 90.625 (90.574)  Prec@5 100.000 (98.617)
Epoch: [41][80/126], lr: 0.00001        Time 0.495 (0.681)      Data 0.000 (0.084)      Loss 0.2319 (0.2516)    Prec@1 90.625 (90.471)  Prec@5 100.000 (98.688)
Epoch: [41][100/126], lr: 0.00001       Time 0.524 (0.659)      Data 0.000 (0.067)      Loss 0.0962 (0.2489)    Prec@1 96.875 (90.656)  Prec@5 100.000 (98.700)
Epoch: [41][120/126], lr: 0.00001       Time 0.526 (0.637)      Data 0.000 (0.056)      Loss 0.2062 (0.2514)    Prec@1 93.750 (90.702)  Prec@5 100.000 (98.631)
Test: [0/51]    Time 7.759 (7.759)      Loss 0.0915 (0.0915)    Prec@1 93.750 (93.750)  Prec@5 100.000 (100.000)
Test: [20/51]   Time 0.310 (0.820)      Loss 0.6633 (0.5448)    Prec@1 87.500 (84.375)  Prec@5 96.875 (97.917)
Test: [40/51]   Time 0.183 (0.591)      Loss 0.1031 (0.5630)    Prec@1 96.875 (86.204)  Prec@5 100.000 (98.628)
Testing Results: Prec@1 86.894 Prec@5 98.696 Loss 0.52732
Best Prec@1: 89.565
Freezing BatchNorm2D except the first one.
Epoch: [42][0/126], lr: 0.00001 Time 8.003 (8.003)      Data 7.607 (7.607)      Loss 0.1744 (0.1744)    Prec@1 93.750 (93.750)  Prec@5 100.000 (100.000)
Epoch: [42][20/126], lr: 0.00001        Time 0.637 (0.995)      Data 0.000 (0.362)      Loss 0.4312 (0.2780)    Prec@1 87.500 (89.732)  Prec@5 100.000 (99.107)
Epoch: [42][40/126], lr: 0.00001        Time 0.540 (0.802)      Data 0.000 (0.186)      Loss 0.1197 (0.2506)    Prec@1 96.875 (91.159)  Prec@5 100.000 (98.780)
Epoch: [42][60/126], lr: 0.00001        Time 0.617 (0.728)      Data 0.000 (0.125)      Loss 0.1156 (0.2452)    Prec@1 96.875 (91.342)  Prec@5 100.000 (98.770)
Epoch: [42][80/126], lr: 0.00001        Time 0.567 (0.690)      Data 0.000 (0.094)      Loss 0.1231 (0.2412)    Prec@1 90.625 (91.474)  Prec@5 100.000 (98.765)
Epoch: [42][100/126], lr: 0.00001       Time 0.524 (0.666)      Data 0.000 (0.076)      Loss 0.4148 (0.2526)    Prec@1 84.375 (91.027)  Prec@5 96.875 (98.639)
Epoch: [42][120/126], lr: 0.00001       Time 0.526 (0.642)      Data 0.000 (0.063)      Loss 0.0554 (0.2453)    Prec@1 100.000 (91.322) Prec@5 100.000 (98.735)
Freezing BatchNorm2D except the first one.
Epoch: [43][0/126], lr: 0.00001 Time 8.072 (8.072)      Data 7.549 (7.549)      Loss 0.3647 (0.3647)    Prec@1 84.375 (84.375)  Prec@5 96.875 (96.875)
Epoch: [43][20/126], lr: 0.00001        Time 0.708 (1.001)      Data 0.000 (0.360)      Loss 0.2211 (0.2405)    Prec@1 90.625 (91.667)  Prec@5 100.000 (98.661)
Epoch: [43][40/126], lr: 0.00001        Time 0.558 (0.803)      Data 0.000 (0.184)      Loss 0.1341 (0.2159)    Prec@1 96.875 (92.454)  Prec@5 96.875 (98.933)
Epoch: [43][60/126], lr: 0.00001        Time 0.569 (0.727)      Data 0.000 (0.124)      Loss 0.1606 (0.2273)    Prec@1 93.750 (92.008)  Prec@5 100.000 (98.924)
Epoch: [43][80/126], lr: 0.00001        Time 0.569 (0.692)      Data 0.000 (0.093)      Loss 0.2979 (0.2385)    Prec@1 84.375 (91.281)  Prec@5 100.000 (98.688)
Epoch: [43][100/126], lr: 0.00001       Time 0.525 (0.665)      Data 0.000 (0.075)      Loss 0.2315 (0.2370)    Prec@1 90.625 (91.306)  Prec@5 100.000 (98.639)
Epoch: [43][120/126], lr: 0.00001       Time 0.525 (0.642)      Data 0.000 (0.063)      Loss 0.3151 (0.2291)    Prec@1 93.750 (91.684)  Prec@5 100.000 (98.657)
Test: [0/51]    Time 9.004 (9.004)      Loss 0.0879 (0.0879)    Prec@1 93.750 (93.750)  Prec@5 100.000 (100.000)
Test: [20/51]   Time 0.237 (0.839)      Loss 0.6960 (0.5454)    Prec@1 87.500 (83.929)  Prec@5 96.875 (98.065)
Test: [40/51]   Time 0.185 (0.602)      Loss 0.1050 (0.5598)    Prec@1 96.875 (86.128)  Prec@5 100.000 (98.780)
Testing Results: Prec@1 86.957 Prec@5 98.820 Loss 0.51745
Best Prec@1: 89.565
Freezing BatchNorm2D except the first one.
Epoch: [44][0/126], lr: 0.00001 Time 7.578 (7.578)      Data 7.019 (7.019)      Loss 0.4333 (0.4333)    Prec@1 75.000 (75.000)  Prec@5 93.750 (93.750)
Epoch: [44][20/126], lr: 0.00001        Time 0.857 (0.991)      Data 0.000 (0.363)      Loss 0.4348 (0.2548)    Prec@1 87.500 (90.179)  Prec@5 93.750 (97.917)
Epoch: [44][40/126], lr: 0.00001        Time 0.498 (0.805)      Data 0.000 (0.186)      Loss 0.2425 (0.2392)    Prec@1 87.500 (90.473)  Prec@5 96.875 (98.476)
Epoch: [44][60/126], lr: 0.00001        Time 0.561 (0.730)      Data 0.000 (0.125)      Loss 0.3398 (0.2303)    Prec@1 81.250 (90.676)  Prec@5 96.875 (98.668)
Epoch: [44][80/126], lr: 0.00001        Time 0.553 (0.691)      Data 0.000 (0.094)      Loss 0.2247 (0.2322)    Prec@1 90.625 (90.471)  Prec@5 100.000 (98.534)
Epoch: [44][100/126], lr: 0.00001       Time 0.524 (0.666)      Data 0.000 (0.076)      Loss 0.2554 (0.2283)    Prec@1 90.625 (90.965)  Prec@5 96.875 (98.515)
Epoch: [44][120/126], lr: 0.00001       Time 0.527 (0.643)      Data 0.000 (0.063)      Loss 0.4162 (0.2314)    Prec@1 90.625 (90.935)  Prec@5 96.875 (98.580)
Freezing BatchNorm2D except the first one.
Epoch: [45][0/126], lr: 0.00001 Time 8.665 (8.665)      Data 7.876 (7.876)      Loss 0.2892 (0.2892)    Prec@1 87.500 (87.500)  Prec@5 100.000 (100.000)
Epoch: [45][20/126], lr: 0.00001        Time 0.531 (1.014)      Data 0.000 (0.375)      Loss 0.3223 (0.2385)    Prec@1 81.250 (90.774)  Prec@5 96.875 (98.661)
Epoch: [45][40/126], lr: 0.00001        Time 0.549 (0.807)      Data 0.000 (0.192)      Loss 0.4922 (0.2393)    Prec@1 84.375 (90.777)  Prec@5 93.750 (98.552)
Epoch: [45][60/126], lr: 0.00001        Time 0.736 (0.731)      Data 0.000 (0.129)      Loss 0.2324 (0.2459)    Prec@1 93.750 (90.574)  Prec@5 96.875 (98.617)
Epoch: [45][80/126], lr: 0.00001        Time 0.503 (0.691)      Data 0.000 (0.097)      Loss 0.3579 (0.2399)    Prec@1 84.375 (90.895)  Prec@5 96.875 (98.688)
Epoch: [45][100/126], lr: 0.00001       Time 0.522 (0.664)      Data 0.000 (0.078)      Loss 0.3567 (0.2419)    Prec@1 87.500 (90.873)  Prec@5 93.750 (98.670)
Epoch: [45][120/126], lr: 0.00001       Time 0.525 (0.641)      Data 0.000 (0.065)      Loss 0.3325 (0.2381)    Prec@1 84.375 (91.219)  Prec@5 100.000 (98.709)
Test: [0/51]    Time 7.599 (7.599)      Loss 0.0879 (0.0879)    Prec@1 93.750 (93.750)  Prec@5 100.000 (100.000)
Test: [20/51]   Time 0.340 (0.825)      Loss 0.6753 (0.5126)    Prec@1 87.500 (85.863)  Prec@5 96.875 (98.065)
Test: [40/51]   Time 0.185 (0.596)      Loss 0.1015 (0.5416)    Prec@1 96.875 (87.195)  Prec@5 100.000 (98.704)
Testing Results: Prec@1 87.826 Prec@5 98.758 Loss 0.50331
Best Prec@1: 89.565
Freezing BatchNorm2D except the first one.
Epoch: [46][0/126], lr: 0.00001 Time 8.171 (8.171)      Data 7.706 (7.706)      Loss 0.1242 (0.1242)    Prec@1 96.875 (96.875)  Prec@5 100.000 (100.000)
Epoch: [46][20/126], lr: 0.00001        Time 0.704 (0.987)      Data 0.000 (0.367)      Loss 0.1576 (0.2539)    Prec@1 96.875 (91.071)  Prec@5 100.000 (98.512)
Epoch: [46][40/126], lr: 0.00001        Time 0.581 (0.794)      Data 0.000 (0.188)      Loss 0.1406 (0.2258)    Prec@1 96.875 (92.073)  Prec@5 100.000 (98.628)
Epoch: [46][60/126], lr: 0.00001        Time 0.585 (0.722)      Data 0.000 (0.127)      Loss 0.1868 (0.2306)    Prec@1 93.750 (92.213)  Prec@5 100.000 (98.617)
Epoch: [46][80/126], lr: 0.00001        Time 0.611 (0.688)      Data 0.000 (0.095)      Loss 0.2072 (0.2356)    Prec@1 84.375 (91.821)  Prec@5 100.000 (98.727)
Epoch: [46][100/126], lr: 0.00001       Time 0.530 (0.663)      Data 0.000 (0.077)      Loss 0.2790 (0.2443)    Prec@1 87.500 (91.460)  Prec@5 100.000 (98.670)
Epoch: [46][120/126], lr: 0.00001       Time 0.528 (0.640)      Data 0.000 (0.064)      Loss 0.2399 (0.2403)    Prec@1 90.625 (91.658)  Prec@5 100.000 (98.735)
Freezing BatchNorm2D except the first one.
Epoch: [47][0/126], lr: 0.00001 Time 8.241 (8.241)      Data 7.819 (7.819)      Loss 0.1340 (0.1340)    Prec@1 93.750 (93.750)  Prec@5 100.000 (100.000)
Epoch: [47][20/126], lr: 0.00001        Time 0.685 (0.997)      Data 0.000 (0.373)      Loss 0.1915 (0.2444)    Prec@1 93.750 (92.411)  Prec@5 100.000 (98.512)
Epoch: [47][40/126], lr: 0.00001        Time 0.554 (0.798)      Data 0.000 (0.191)      Loss 0.2926 (0.2225)    Prec@1 84.375 (92.607)  Prec@5 100.000 (98.857)
Epoch: [47][60/126], lr: 0.00001        Time 0.494 (0.725)      Data 0.000 (0.128)      Loss 0.2951 (0.2274)    Prec@1 90.625 (91.701)  Prec@5 93.750 (98.719)
Epoch: [47][80/126], lr: 0.00001        Time 0.540 (0.688)      Data 0.000 (0.097)      Loss 0.2412 (0.2273)    Prec@1 90.625 (91.628)  Prec@5 96.875 (98.727)
Epoch: [47][100/126], lr: 0.00001       Time 0.525 (0.663)      Data 0.000 (0.078)      Loss 0.1760 (0.2314)    Prec@1 93.750 (91.522)  Prec@5 100.000 (98.700)
Epoch: [47][120/126], lr: 0.00001       Time 0.525 (0.640)      Data 0.000 (0.065)      Loss 0.3133 (0.2366)    Prec@1 90.625 (91.374)  Prec@5 96.875 (98.605)
Test: [0/51]    Time 9.712 (9.712)      Loss 0.0839 (0.0839)    Prec@1 93.750 (93.750)  Prec@5 100.000 (100.000)
Test: [20/51]   Time 0.448 (0.858)      Loss 0.6943 (0.5379)    Prec@1 87.500 (84.673)  Prec@5 96.875 (98.065)
Test: [40/51]   Time 0.183 (0.597)      Loss 0.1051 (0.5572)    Prec@1 96.875 (86.433)  Prec@5 100.000 (98.704)
Testing Results: Prec@1 87.143 Prec@5 98.758 Loss 0.51883
Best Prec@1: 89.565
Freezing BatchNorm2D except the first one.
Epoch: [48][0/126], lr: 0.00001 Time 7.529 (7.529)      Data 6.854 (6.854)      Loss 0.1121 (0.1121)    Prec@1 100.000 (100.000)        Prec@5 100.000 (100.000)
Epoch: [48][20/126], lr: 0.00001        Time 0.825 (0.966)      Data 0.000 (0.328)      Loss 0.4468 (0.1847)    Prec@1 87.500 (94.345)  Prec@5 96.875 (99.107)
Epoch: [48][40/126], lr: 0.00001        Time 0.544 (0.791)      Data 0.000 (0.168)      Loss 0.1485 (0.2142)    Prec@1 90.625 (93.064)  Prec@5 100.000 (99.085)
Epoch: [48][60/126], lr: 0.00001        Time 0.546 (0.720)      Data 0.000 (0.113)      Loss 0.2780 (0.2213)    Prec@1 90.625 (92.418)  Prec@5 100.000 (99.027)
Epoch: [48][80/126], lr: 0.00001        Time 0.493 (0.680)      Data 0.000 (0.085)      Loss 0.2651 (0.2239)    Prec@1 90.625 (92.130)  Prec@5 96.875 (98.881)
Epoch: [48][100/126], lr: 0.00001       Time 0.526 (0.656)      Data 0.000 (0.068)      Loss 0.1269 (0.2246)    Prec@1 93.750 (91.801)  Prec@5 100.000 (98.917)
Epoch: [48][120/126], lr: 0.00001       Time 0.528 (0.634)      Data 0.000 (0.057)      Loss 0.1859 (0.2328)    Prec@1 93.750 (91.684)  Prec@5 100.000 (98.967)
Freezing BatchNorm2D except the first one.
Epoch: [49][0/126], lr: 0.00001 Time 8.122 (8.122)      Data 7.643 (7.643)      Loss 0.1081 (0.1081)    Prec@1 96.875 (96.875)  Prec@5 100.000 (100.000)
Epoch: [49][20/126], lr: 0.00001        Time 0.617 (0.975)      Data 0.000 (0.364)      Loss 0.1691 (0.2065)    Prec@1 93.750 (93.006)  Prec@5 100.000 (99.405)
Epoch: [49][40/126], lr: 0.00001        Time 0.552 (0.786)      Data 0.000 (0.187)      Loss 0.0911 (0.2147)    Prec@1 93.750 (92.378)  Prec@5 100.000 (99.085)
Epoch: [49][60/126], lr: 0.00001        Time 0.529 (0.717)      Data 0.000 (0.126)      Loss 0.2900 (0.2077)    Prec@1 93.750 (92.572)  Prec@5 100.000 (99.180)
Epoch: [49][80/126], lr: 0.00001        Time 0.521 (0.680)      Data 0.000 (0.095)      Loss 0.4943 (0.2220)    Prec@1 84.375 (92.014)  Prec@5 100.000 (98.997)
Epoch: [49][100/126], lr: 0.00001       Time 0.524 (0.657)      Data 0.000 (0.076)      Loss 0.2077 (0.2340)    Prec@1 93.750 (91.522)  Prec@5 96.875 (98.762)
Epoch: [49][120/126], lr: 0.00001       Time 0.525 (0.635)      Data 0.000 (0.063)      Loss 0.3309 (0.2325)    Prec@1 90.625 (91.529)  Prec@5 96.875 (98.709)
Test: [0/51]    Time 8.116 (8.116)      Loss 0.0728 (0.0728)    Prec@1 96.875 (96.875)  Prec@5 100.000 (100.000)
Test: [20/51]   Time 0.334 (0.804)      Loss 0.6995 (0.5293)    Prec@1 87.500 (85.268)  Prec@5 96.875 (98.065)
Test: [40/51]   Time 0.182 (0.580)      Loss 0.1028 (0.5467)    Prec@1 96.875 (87.271)  Prec@5 100.000 (98.704)
Testing Results: Prec@1 87.826 Prec@5 98.758 Loss 0.50845
Best Prec@1: 89.565
